TpTrace Verbose: 0 : 10336, 1, 2022/12/05, 02:01:41.400, 5743301448532, vstest.console.dll, Version: 17.4.0-release-20221019-01 Current process architecture: X64
TpTrace Verbose: 0 : 10336, 1, 2022/12/05, 02:01:41.402, 5743301471919, vstest.console.dll, Runtime location: C:\Program Files\dotnet\shared\Microsoft.NETCore.App\7.0.0
TpTrace Verbose: 0 : 10336, 1, 2022/12/05, 02:01:41.405, 5743301501024, vstest.console.dll, ArtifactProcessingPostProcessModeProcessorExecutor.Initialize: ArtifactProcessingMode.Collect
TpTrace Verbose: 0 : 10336, 1, 2022/12/05, 02:01:41.405, 5743301502503, vstest.console.dll, TestSessionCorrelationIdProcessorModeProcessorExecutor.Initialize: TestSessionCorrelationId '21208_54d0cba2-e4a8-4dc3-83b1-7bd1c447b326'
TpTrace Information: 0 : 10336, 1, 2022/12/05, 02:01:41.413, 5743301583675, vstest.console.dll, FilePatternParser: The given file D:\AN3_SEM1\DotNet\ProjectVETClone\VetAppointment_.NET\VetAppointment\VetAppointment.Business.Test\bin\Debug\net7.0\fine-code-coverage\build-output\VetAppointment.Business.Test.dll is a full path.
TpTrace Verbose: 0 : 10336, 1, 2022/12/05, 02:01:41.418, 5743301631557, vstest.console.dll, TestPluginCache.DiscoverTestExtensions: finding test extensions in assemblies ends with: RuntimeProvider.dll TPluginInfo: Microsoft.VisualStudio.TestPlatform.Common.ExtensionFramework.Utilities.TestRuntimePluginInformation TExtension: Microsoft.VisualStudio.TestPlatform.ObjectModel.Host.ITestRuntimeProvider
TpTrace Verbose: 0 : 10336, 1, 2022/12/05, 02:01:41.418, 5743301633509, vstest.console.dll, TestPluginCache.GetExtensionPaths: Filtered extension paths: 
TpTrace Verbose: 0 : 10336, 1, 2022/12/05, 02:01:41.418, 5743301634290, vstest.console.dll, TestPluginCache.GetExtensionPaths: Added default extension paths: C:\Program Files\dotnet\sdk\7.0.100\Extensions\Microsoft.Diagnostics.NETCore.Client.dll
C:\Program Files\dotnet\sdk\7.0.100\Extensions\Microsoft.TestPlatform.Extensions.BlameDataCollector.dll
C:\Program Files\dotnet\sdk\7.0.100\Extensions\Microsoft.TestPlatform.Extensions.EventLogCollector.dll
C:\Program Files\dotnet\sdk\7.0.100\Extensions\Microsoft.TestPlatform.TestHostRuntimeProvider.dll
C:\Program Files\dotnet\sdk\7.0.100\Extensions\Microsoft.VisualStudio.TestPlatform.Extensions.Html.TestLogger.dll
C:\Program Files\dotnet\sdk\7.0.100\Extensions\Microsoft.VisualStudio.TestPlatform.Extensions.Trx.TestLogger.dll
TpTrace Verbose: 0 : 10336, 1, 2022/12/05, 02:01:41.418, 5743301634923, vstest.console.dll, TestPluginCache.GetExtensionPaths: Added unfilterableExtensionPaths: 
TpTrace Information: 0 : 10336, 1, 2022/12/05, 02:01:41.419, 5743301641046, vstest.console.dll, AssemblyResolver.ctor: Creating AssemblyResolver with searchDirectories C:\Program Files\dotnet\sdk\7.0.100\Extensions,C:\Program Files\dotnet\sdk\7.0.100
TpTrace Verbose: 0 : 10336, 1, 2022/12/05, 02:01:41.420, 5743301652061, vstest.console.dll, TestPluginCache.DiscoverTestExtensions: Discovering the extensions using extension path.
TpTrace Verbose: 0 : 10336, 1, 2022/12/05, 02:01:41.420, 5743301653288, vstest.console.dll, TestPluginCache.GetExtensionPaths: Filtered extension paths: 
TpTrace Verbose: 0 : 10336, 1, 2022/12/05, 02:01:41.420, 5743301653724, vstest.console.dll, TestPluginCache.GetExtensionPaths: Added default extension paths: C:\Program Files\dotnet\sdk\7.0.100\Extensions\Microsoft.Diagnostics.NETCore.Client.dll
C:\Program Files\dotnet\sdk\7.0.100\Extensions\Microsoft.TestPlatform.Extensions.BlameDataCollector.dll
C:\Program Files\dotnet\sdk\7.0.100\Extensions\Microsoft.TestPlatform.Extensions.EventLogCollector.dll
C:\Program Files\dotnet\sdk\7.0.100\Extensions\Microsoft.TestPlatform.TestHostRuntimeProvider.dll
C:\Program Files\dotnet\sdk\7.0.100\Extensions\Microsoft.VisualStudio.TestPlatform.Extensions.Html.TestLogger.dll
C:\Program Files\dotnet\sdk\7.0.100\Extensions\Microsoft.VisualStudio.TestPlatform.Extensions.Trx.TestLogger.dll
TpTrace Verbose: 0 : 10336, 1, 2022/12/05, 02:01:41.420, 5743301653991, vstest.console.dll, TestPluginCache.GetExtensionPaths: Added unfilterableExtensionPaths: 
TpTrace Verbose: 0 : 10336, 1, 2022/12/05, 02:01:41.420, 5743301655245, vstest.console.dll, TestPluginCache.DiscoverTestExtensions: Discovering the extensions using allExtensionPaths: C:\Program Files\dotnet\sdk\7.0.100\Extensions\Microsoft.Diagnostics.NETCore.Client.dll
C:\Program Files\dotnet\sdk\7.0.100\Extensions\Microsoft.TestPlatform.Extensions.BlameDataCollector.dll
C:\Program Files\dotnet\sdk\7.0.100\Extensions\Microsoft.TestPlatform.Extensions.EventLogCollector.dll
C:\Program Files\dotnet\sdk\7.0.100\Extensions\Microsoft.TestPlatform.TestHostRuntimeProvider.dll
C:\Program Files\dotnet\sdk\7.0.100\Extensions\Microsoft.VisualStudio.TestPlatform.Extensions.Html.TestLogger.dll
C:\Program Files\dotnet\sdk\7.0.100\Extensions\Microsoft.VisualStudio.TestPlatform.Extensions.Trx.TestLogger.dll
TpTrace Information: 0 : 10336, 1, 2022/12/05, 02:01:41.421, 5743301656359, vstest.console.dll, AssemblyResolver.AddSearchDirectories: Adding more searchDirectories C:\Program Files\dotnet\sdk\7.0.100\Extensions,C:\Program Files\dotnet\sdk\7.0.100
TpTrace Information: 0 : 10336, 1, 2022/12/05, 02:01:41.421, 5743301656832, vstest.console.dll, AssemblyResolver.AddSearchDirectories: Adding more searchDirectories C:\Program Files\dotnet\sdk\7.0.100\Extensions,C:\Program Files\dotnet\sdk\7.0.100
TpTrace Information: 0 : 10336, 1, 2022/12/05, 02:01:41.421, 5743301657102, vstest.console.dll, AssemblyResolver.AddSearchDirectories: Adding more searchDirectories C:\Program Files\dotnet\sdk\7.0.100\Extensions,C:\Program Files\dotnet\sdk\7.0.100
TpTrace Information: 0 : 10336, 1, 2022/12/05, 02:01:41.421, 5743301657326, vstest.console.dll, AssemblyResolver.AddSearchDirectories: Adding more searchDirectories C:\Program Files\dotnet\sdk\7.0.100\Extensions,C:\Program Files\dotnet\sdk\7.0.100
TpTrace Information: 0 : 10336, 1, 2022/12/05, 02:01:41.421, 5743301657541, vstest.console.dll, AssemblyResolver.AddSearchDirectories: Adding more searchDirectories C:\Program Files\dotnet\sdk\7.0.100\Extensions,C:\Program Files\dotnet\sdk\7.0.100
TpTrace Information: 0 : 10336, 1, 2022/12/05, 02:01:41.421, 5743301657787, vstest.console.dll, AssemblyResolver.AddSearchDirectories: Adding more searchDirectories C:\Program Files\dotnet\sdk\7.0.100\Extensions,C:\Program Files\dotnet\sdk\7.0.100
TpTrace Information: 0 : 10336, 1, 2022/12/05, 02:01:41.421, 5743301661174, vstest.console.dll, AssemblyResolver.OnResolve: Microsoft.Diagnostics.NETCore.Client: Resolving assembly.
TpTrace Information: 0 : 10336, 1, 2022/12/05, 02:01:41.421, 5743301661748, vstest.console.dll, AssemblyResolver.OnResolve: Microsoft.Diagnostics.NETCore.Client: Searching in: 'C:\Program Files\dotnet\sdk\7.0.100\Extensions'.
TpTrace Information: 0 : 10336, 1, 2022/12/05, 02:01:41.429, 5743301741365, vstest.console.dll, AssemblyResolver.OnResolve: Microsoft.Diagnostics.NETCore.Client: Loading assembly 'C:\Program Files\dotnet\sdk\7.0.100\Extensions\Microsoft.Diagnostics.NETCore.Client.dll'.
TpTrace Information: 0 : 10336, 1, 2022/12/05, 02:01:41.430, 5743301750156, vstest.console.dll, AssemblyResolver.OnResolve: Resolved assembly: Microsoft.Diagnostics.NETCore.Client, from path: C:\Program Files\dotnet\sdk\7.0.100\Extensions\Microsoft.Diagnostics.NETCore.Client.dll
TpTrace Verbose: 0 : 10336, 1, 2022/12/05, 02:01:41.431, 5743301759952, vstest.console.dll, MetadataReaderExtensionsHelper: Discovering extensions inside assembly 'Microsoft.Diagnostics.NETCore.Client, Version=0.2.6.42401, Culture=neutral, PublicKeyToken=31bf3856ad364e35' file path 'C:\Program Files\dotnet\sdk\7.0.100\Extensions\Microsoft.Diagnostics.NETCore.Client.dll'
TpTrace Information: 0 : 10336, 1, 2022/12/05, 02:01:41.435, 5743301803831, vstest.console.dll, AssemblyResolver.OnResolve: Microsoft.Bcl.AsyncInterfaces: Resolving assembly.
TpTrace Information: 0 : 10336, 1, 2022/12/05, 02:01:41.435, 5743301804773, vstest.console.dll, AssemblyResolver.OnResolve: Microsoft.Bcl.AsyncInterfaces: Searching in: 'C:\Program Files\dotnet\sdk\7.0.100\Extensions'.
TpTrace Information: 0 : 10336, 1, 2022/12/05, 02:01:41.435, 5743301805653, vstest.console.dll, AssemblyResolver.OnResolve: Microsoft.Bcl.AsyncInterfaces: Assembly path does not exist: 'C:\Program Files\dotnet\sdk\7.0.100\Extensions\Microsoft.Bcl.AsyncInterfaces.dll', returning.
TpTrace Information: 0 : 10336, 1, 2022/12/05, 02:01:41.436, 5743301806955, vstest.console.dll, AssemblyResolver.OnResolve: Microsoft.Bcl.AsyncInterfaces: Assembly path does not exist: 'C:\Program Files\dotnet\sdk\7.0.100\Extensions\Microsoft.Bcl.AsyncInterfaces.exe', returning.
TpTrace Information: 0 : 10336, 1, 2022/12/05, 02:01:41.436, 5743301807288, vstest.console.dll, AssemblyResolver.OnResolve: Microsoft.Bcl.AsyncInterfaces: Searching in: 'C:\Program Files\dotnet\sdk\7.0.100'.
TpTrace Information: 0 : 10336, 1, 2022/12/05, 02:01:41.436, 5743301808013, vstest.console.dll, AssemblyResolver.OnResolve: Microsoft.Bcl.AsyncInterfaces: Assembly path does not exist: 'C:\Program Files\dotnet\sdk\7.0.100\Microsoft.Bcl.AsyncInterfaces.dll', returning.
TpTrace Information: 0 : 10336, 1, 2022/12/05, 02:01:41.436, 5743301808731, vstest.console.dll, AssemblyResolver.OnResolve: Microsoft.Bcl.AsyncInterfaces: Assembly path does not exist: 'C:\Program Files\dotnet\sdk\7.0.100\Microsoft.Bcl.AsyncInterfaces.exe', returning.
TpTrace Information: 0 : 10336, 1, 2022/12/05, 02:01:41.436, 5743301809011, vstest.console.dll, AssemblyResolver.OnResolve: Microsoft.Bcl.AsyncInterfaces: Failed to load assembly.
TpTrace Verbose: 0 : 10336, 1, 2022/12/05, 02:01:41.436, 5743301809310, vstest.console.dll, CurrentDomainAssemblyResolve: Resolving assembly 'Microsoft.Bcl.AsyncInterfaces'.
TpTrace Information: 0 : 10336, 1, 2022/12/05, 02:01:41.436, 5743301809967, vstest.console.dll, AssemblyResolver.OnResolve: Microsoft.Bcl.AsyncInterfaces: Resolving assembly.
TpTrace Information: 0 : 10336, 1, 2022/12/05, 02:01:41.436, 5743301810302, vstest.console.dll, AssemblyResolver.OnResolve: Microsoft.Bcl.AsyncInterfaces: Resolved from cache.
TpTrace Verbose: 0 : 10336, 1, 2022/12/05, 02:01:41.436, 5743301810592, vstest.console.dll, CurrentDomainAssemblyResolve: Resolving assembly 'Microsoft.Bcl.AsyncInterfaces'.
TpTrace Verbose: 0 : 10336, 1, 2022/12/05, 02:01:41.436, 5743301810878, vstest.console.dll, CurrentDomainAssemblyResolve: Failed to resolve assembly 'Microsoft.Bcl.AsyncInterfaces'.
TpTrace Verbose: 0 : 10336, 1, 2022/12/05, 02:01:41.437, 5743301818869, vstest.console.dll, CurrentDomainAssemblyResolve: Failed to resolve assembly 'Microsoft.Bcl.AsyncInterfaces'.
TpTrace Warning: 0 : 10336, 1, 2022/12/05, 02:01:41.444, 5743301888431, vstest.console.dll, TestPluginDiscoverer: Failed to get types from assembly 'Microsoft.Diagnostics.NETCore.Client, Version=0.2.6.42401, Culture=neutral, PublicKeyToken=31bf3856ad364e35'. Error: System.Reflection.ReflectionTypeLoadException: Unable to load one or more of the requested types.
Could not load file or assembly 'Microsoft.Bcl.AsyncInterfaces, Version=1.0.0.0, Culture=neutral, PublicKeyToken=cc7b13ffcd2ddd51'. The system cannot find the file specified.
   at System.Reflection.RuntimeModule.GetTypes(RuntimeModule module)
   at System.Reflection.Assembly.GetTypes()
   at Microsoft.VisualStudio.TestPlatform.Common.ExtensionFramework.TestPluginDiscoverer.GetTestExtensionsFromAssembly[TPluginInfo,TExtension](Assembly assembly, Dictionary`2 pluginInfos, String filePath)
System.IO.FileNotFoundException: Could not load file or assembly 'Microsoft.Bcl.AsyncInterfaces, Version=1.0.0.0, Culture=neutral, PublicKeyToken=cc7b13ffcd2ddd51'. The system cannot find the file specified.
File name: 'Microsoft.Bcl.AsyncInterfaces, Version=1.0.0.0, Culture=neutral, PublicKeyToken=cc7b13ffcd2ddd51'
 ---> System.IO.FileNotFoundException: Could not load file or assembly 'Microsoft.Bcl.AsyncInterfaces, Culture=neutral, PublicKeyToken=null'. The system cannot find the file specified.
File name: 'Microsoft.Bcl.AsyncInterfaces, Culture=neutral, PublicKeyToken=null'
   at System.Reflection.RuntimeAssembly.InternalLoad(AssemblyName assemblyName, StackCrawlMark& stackMark, AssemblyLoadContext assemblyLoadContext, RuntimeAssembly requestingAssembly, Boolean throwOnFileNotFound)
   at System.Reflection.Assembly.Load(AssemblyName assemblyRef)
   at Microsoft.VisualStudio.TestPlatform.Common.ExtensionFramework.TestPluginCache.CurrentDomainAssemblyResolve(Object sender, AssemblyResolveEventArgs args)
   at System.Runtime.Loader.AssemblyLoadContext.GetFirstResolvedAssemblyFromResolvingEvent(AssemblyName assemblyName)
   at System.Runtime.Loader.AssemblyLoadContext.ResolveUsingEvent(AssemblyName assemblyName)
   at System.Runtime.Loader.AssemblyLoadContext.ResolveUsingResolvingEvent(IntPtr gchManagedAssemblyLoadContext, AssemblyName assemblyName)
TpTrace Warning: 0 : 10336, 1, 2022/12/05, 02:01:41.444, 5743301891853, vstest.console.dll, LoaderExceptions: System.IO.FileNotFoundException: Could not load file or assembly 'Microsoft.Bcl.AsyncInterfaces, Version=1.0.0.0, Culture=neutral, PublicKeyToken=cc7b13ffcd2ddd51'. The system cannot find the file specified.
File name: 'Microsoft.Bcl.AsyncInterfaces, Version=1.0.0.0, Culture=neutral, PublicKeyToken=cc7b13ffcd2ddd51'
 ---> System.IO.FileNotFoundException: Could not load file or assembly 'Microsoft.Bcl.AsyncInterfaces, Culture=neutral, PublicKeyToken=null'. The system cannot find the file specified.
File name: 'Microsoft.Bcl.AsyncInterfaces, Culture=neutral, PublicKeyToken=null'
   at System.Reflection.RuntimeAssembly.InternalLoad(AssemblyName assemblyName, StackCrawlMark& stackMark, AssemblyLoadContext assemblyLoadContext, RuntimeAssembly requestingAssembly, Boolean throwOnFileNotFound)
   at System.Reflection.Assembly.Load(AssemblyName assemblyRef)
   at Microsoft.VisualStudio.TestPlatform.Common.ExtensionFramework.TestPluginCache.CurrentDomainAssemblyResolve(Object sender, AssemblyResolveEventArgs args)
   at System.Runtime.Loader.AssemblyLoadContext.GetFirstResolvedAssemblyFromResolvingEvent(AssemblyName assemblyName)
   at System.Runtime.Loader.AssemblyLoadContext.ResolveUsingEvent(AssemblyName assemblyName)
   at System.Runtime.Loader.AssemblyLoadContext.ResolveUsingResolvingEvent(IntPtr gchManagedAssemblyLoadContext, AssemblyName assemblyName)
TpTrace Information: 0 : 10336, 1, 2022/12/05, 02:01:41.444, 5743301893383, vstest.console.dll, AssemblyResolver.OnResolve: Microsoft.TestPlatform.Extensions.BlameDataCollector: Resolving assembly.
TpTrace Information: 0 : 10336, 1, 2022/12/05, 02:01:41.444, 5743301893772, vstest.console.dll, AssemblyResolver.OnResolve: Microsoft.TestPlatform.Extensions.BlameDataCollector: Searching in: 'C:\Program Files\dotnet\sdk\7.0.100\Extensions'.
TpTrace Information: 0 : 10336, 1, 2022/12/05, 02:01:41.445, 5743301897136, vstest.console.dll, AssemblyResolver.OnResolve: Microsoft.TestPlatform.Extensions.BlameDataCollector: Loading assembly 'C:\Program Files\dotnet\sdk\7.0.100\Extensions\Microsoft.TestPlatform.Extensions.BlameDataCollector.dll'.
TpTrace Information: 0 : 10336, 1, 2022/12/05, 02:01:41.445, 5743301905120, vstest.console.dll, AssemblyResolver.OnResolve: Resolved assembly: Microsoft.TestPlatform.Extensions.BlameDataCollector, from path: C:\Program Files\dotnet\sdk\7.0.100\Extensions\Microsoft.TestPlatform.Extensions.BlameDataCollector.dll
TpTrace Verbose: 0 : 10336, 1, 2022/12/05, 02:01:41.446, 5743301905926, vstest.console.dll, MetadataReaderExtensionsHelper: Discovering extensions inside assembly 'Microsoft.TestPlatform.Extensions.BlameDataCollector, Version=15.0.0.0, Culture=neutral, PublicKeyToken=b03f5f7f11d50a3a' file path 'C:\Program Files\dotnet\sdk\7.0.100\Extensions\Microsoft.TestPlatform.Extensions.BlameDataCollector.dll'
TpTrace Information: 0 : 10336, 1, 2022/12/05, 02:01:41.448, 5743301932652, vstest.console.dll, AssemblyResolver.OnResolve: Microsoft.TestPlatform.Extensions.EventLogCollector: Resolving assembly.
TpTrace Information: 0 : 10336, 1, 2022/12/05, 02:01:41.448, 5743301934129, vstest.console.dll, AssemblyResolver.OnResolve: Microsoft.TestPlatform.Extensions.EventLogCollector: Searching in: 'C:\Program Files\dotnet\sdk\7.0.100\Extensions'.
TpTrace Information: 0 : 10336, 1, 2022/12/05, 02:01:41.449, 5743301941425, vstest.console.dll, AssemblyResolver.OnResolve: Microsoft.TestPlatform.Extensions.EventLogCollector: Loading assembly 'C:\Program Files\dotnet\sdk\7.0.100\Extensions\Microsoft.TestPlatform.Extensions.EventLogCollector.dll'.
TpTrace Information: 0 : 10336, 1, 2022/12/05, 02:01:41.450, 5743301947177, vstest.console.dll, AssemblyResolver.OnResolve: Resolved assembly: Microsoft.TestPlatform.Extensions.EventLogCollector, from path: C:\Program Files\dotnet\sdk\7.0.100\Extensions\Microsoft.TestPlatform.Extensions.EventLogCollector.dll
TpTrace Verbose: 0 : 10336, 1, 2022/12/05, 02:01:41.450, 5743301948223, vstest.console.dll, MetadataReaderExtensionsHelper: Discovering extensions inside assembly 'Microsoft.TestPlatform.Extensions.EventLogCollector, Version=15.0.0.0, Culture=neutral, PublicKeyToken=b03f5f7f11d50a3a' file path 'C:\Program Files\dotnet\sdk\7.0.100\Extensions\Microsoft.TestPlatform.Extensions.EventLogCollector.dll'
TpTrace Information: 0 : 10336, 1, 2022/12/05, 02:01:41.452, 5743301973377, vstest.console.dll, AssemblyResolver.OnResolve: Microsoft.TestPlatform.TestHostRuntimeProvider: Resolving assembly.
TpTrace Information: 0 : 10336, 1, 2022/12/05, 02:01:41.452, 5743301974212, vstest.console.dll, AssemblyResolver.OnResolve: Microsoft.TestPlatform.TestHostRuntimeProvider: Searching in: 'C:\Program Files\dotnet\sdk\7.0.100\Extensions'.
TpTrace Information: 0 : 10336, 1, 2022/12/05, 02:01:41.453, 5743301977165, vstest.console.dll, AssemblyResolver.OnResolve: Microsoft.TestPlatform.TestHostRuntimeProvider: Loading assembly 'C:\Program Files\dotnet\sdk\7.0.100\Extensions\Microsoft.TestPlatform.TestHostRuntimeProvider.dll'.
TpTrace Information: 0 : 10336, 1, 2022/12/05, 02:01:41.453, 5743301983996, vstest.console.dll, AssemblyResolver.OnResolve: Resolved assembly: Microsoft.TestPlatform.TestHostRuntimeProvider, from path: C:\Program Files\dotnet\sdk\7.0.100\Extensions\Microsoft.TestPlatform.TestHostRuntimeProvider.dll
TpTrace Verbose: 0 : 10336, 1, 2022/12/05, 02:01:41.453, 5743301984676, vstest.console.dll, MetadataReaderExtensionsHelper: Discovering extensions inside assembly 'Microsoft.TestPlatform.TestHostRuntimeProvider, Version=15.0.0.0, Culture=neutral, PublicKeyToken=b03f5f7f11d50a3a' file path 'C:\Program Files\dotnet\sdk\7.0.100\Extensions\Microsoft.TestPlatform.TestHostRuntimeProvider.dll'
TpTrace Information: 0 : 10336, 1, 2022/12/05, 02:01:41.456, 5743302010118, vstest.console.dll, GetTestExtensionFromType: Register extension with identifier data 'HostProvider://DefaultTestHost' and type 'Microsoft.VisualStudio.TestPlatform.CrossPlatEngine.Hosting.DefaultTestHostManager, Microsoft.TestPlatform.TestHostRuntimeProvider, Version=15.0.0.0, Culture=neutral, PublicKeyToken=b03f5f7f11d50a3a' inside file 'C:\Program Files\dotnet\sdk\7.0.100\Extensions\Microsoft.TestPlatform.TestHostRuntimeProvider.dll'
TpTrace Information: 0 : 10336, 1, 2022/12/05, 02:01:41.457, 5743302017070, vstest.console.dll, GetTestExtensionFromType: Register extension with identifier data 'HostProvider://DotnetTestHost' and type 'Microsoft.VisualStudio.TestPlatform.CrossPlatEngine.Hosting.DotnetTestHostManager, Microsoft.TestPlatform.TestHostRuntimeProvider, Version=15.0.0.0, Culture=neutral, PublicKeyToken=b03f5f7f11d50a3a' inside file 'C:\Program Files\dotnet\sdk\7.0.100\Extensions\Microsoft.TestPlatform.TestHostRuntimeProvider.dll'
TpTrace Information: 0 : 10336, 1, 2022/12/05, 02:01:41.457, 5743302018659, vstest.console.dll, AssemblyResolver.OnResolve: Microsoft.VisualStudio.TestPlatform.Extensions.Html.TestLogger: Resolving assembly.
TpTrace Information: 0 : 10336, 1, 2022/12/05, 02:01:41.457, 5743302019121, vstest.console.dll, AssemblyResolver.OnResolve: Microsoft.VisualStudio.TestPlatform.Extensions.Html.TestLogger: Searching in: 'C:\Program Files\dotnet\sdk\7.0.100\Extensions'.
TpTrace Information: 0 : 10336, 1, 2022/12/05, 02:01:41.457, 5743302024408, vstest.console.dll, AssemblyResolver.OnResolve: Microsoft.VisualStudio.TestPlatform.Extensions.Html.TestLogger: Loading assembly 'C:\Program Files\dotnet\sdk\7.0.100\Extensions\Microsoft.VisualStudio.TestPlatform.Extensions.Html.TestLogger.dll'.
TpTrace Information: 0 : 10336, 1, 2022/12/05, 02:01:41.458, 5743302032337, vstest.console.dll, AssemblyResolver.OnResolve: Resolved assembly: Microsoft.VisualStudio.TestPlatform.Extensions.Html.TestLogger, from path: C:\Program Files\dotnet\sdk\7.0.100\Extensions\Microsoft.VisualStudio.TestPlatform.Extensions.Html.TestLogger.dll
TpTrace Verbose: 0 : 10336, 1, 2022/12/05, 02:01:41.458, 5743302033662, vstest.console.dll, MetadataReaderExtensionsHelper: Discovering extensions inside assembly 'Microsoft.VisualStudio.TestPlatform.Extensions.Html.TestLogger, Version=15.0.0.0, Culture=neutral, PublicKeyToken=b03f5f7f11d50a3a' file path 'C:\Program Files\dotnet\sdk\7.0.100\Extensions\Microsoft.VisualStudio.TestPlatform.Extensions.Html.TestLogger.dll'
TpTrace Information: 0 : 10336, 1, 2022/12/05, 02:01:41.459, 5743302045622, vstest.console.dll, AssemblyResolver.OnResolve: Microsoft.VisualStudio.TestPlatform.Extensions.Trx.TestLogger: Resolving assembly.
TpTrace Information: 0 : 10336, 1, 2022/12/05, 02:01:41.460, 5743302046238, vstest.console.dll, AssemblyResolver.OnResolve: Microsoft.VisualStudio.TestPlatform.Extensions.Trx.TestLogger: Searching in: 'C:\Program Files\dotnet\sdk\7.0.100\Extensions'.
TpTrace Information: 0 : 10336, 1, 2022/12/05, 02:01:41.460, 5743302048790, vstest.console.dll, AssemblyResolver.OnResolve: Microsoft.VisualStudio.TestPlatform.Extensions.Trx.TestLogger: Loading assembly 'C:\Program Files\dotnet\sdk\7.0.100\Extensions\Microsoft.VisualStudio.TestPlatform.Extensions.Trx.TestLogger.dll'.
TpTrace Information: 0 : 10336, 1, 2022/12/05, 02:01:41.460, 5743302054960, vstest.console.dll, AssemblyResolver.OnResolve: Resolved assembly: Microsoft.VisualStudio.TestPlatform.Extensions.Trx.TestLogger, from path: C:\Program Files\dotnet\sdk\7.0.100\Extensions\Microsoft.VisualStudio.TestPlatform.Extensions.Trx.TestLogger.dll
TpTrace Verbose: 0 : 10336, 1, 2022/12/05, 02:01:41.461, 5743302056243, vstest.console.dll, MetadataReaderExtensionsHelper: Discovering extensions inside assembly 'Microsoft.VisualStudio.TestPlatform.Extensions.Trx.TestLogger, Version=15.0.0.0, Culture=neutral, PublicKeyToken=b03f5f7f11d50a3a' file path 'C:\Program Files\dotnet\sdk\7.0.100\Extensions\Microsoft.VisualStudio.TestPlatform.Extensions.Trx.TestLogger.dll'
TpTrace Verbose: 0 : 10336, 1, 2022/12/05, 02:01:41.462, 5743302068533, vstest.console.dll, TestPluginCache: Discovered the extensions using extension path ''.
TpTrace Verbose: 0 : 10336, 1, 2022/12/05, 02:01:41.462, 5743302069306, vstest.console.dll, TestPluginCache: Discoverers are ''.
TpTrace Verbose: 0 : 10336, 1, 2022/12/05, 02:01:41.462, 5743302069542, vstest.console.dll, TestPluginCache: Executors are ''.
TpTrace Verbose: 0 : 10336, 1, 2022/12/05, 02:01:41.462, 5743302069732, vstest.console.dll, TestPluginCache: Executors2 are ''.
TpTrace Verbose: 0 : 10336, 1, 2022/12/05, 02:01:41.462, 5743302069918, vstest.console.dll, TestPluginCache: Setting providers are ''.
TpTrace Verbose: 0 : 10336, 1, 2022/12/05, 02:01:41.462, 5743302070105, vstest.console.dll, TestPluginCache: Loggers are ''.
TpTrace Verbose: 0 : 10336, 1, 2022/12/05, 02:01:41.462, 5743302071107, vstest.console.dll, TestPluginCache: TestHosts are 'HostProvider://DefaultTestHost,HostProvider://DotnetTestHost'.
TpTrace Verbose: 0 : 10336, 1, 2022/12/05, 02:01:41.462, 5743302071455, vstest.console.dll, TestPluginCache: DataCollectors are ''.
TpTrace Information: 0 : 10336, 1, 2022/12/05, 02:01:41.473, 5743302181125, vstest.console.dll, RunTestsArgumentProcessor:Execute: Test run is starting.
TpTrace Verbose: 0 : 10336, 1, 2022/12/05, 02:01:41.473, 5743302182276, vstest.console.dll, RunTestsArgumentProcessor:Execute: Queuing Test run.
TpTrace Information: 0 : 10336, 1, 2022/12/05, 02:01:41.473, 5743302185601, vstest.console.dll, TestRequestManager.RunTests: run tests started.
TpTrace Information: 0 : 10336, 1, 2022/12/05, 02:01:41.475, 5743302202474, vstest.console.dll, AssemblyMetadataProvider.GetFrameworkName: Determined framework:'.NETCoreApp,Version=v7.0' for source: 'D:\AN3_SEM1\DotNet\ProjectVETClone\VetAppointment_.NET\VetAppointment\VetAppointment.Business.Test\bin\Debug\net7.0\fine-code-coverage\build-output\VetAppointment.Business.Test.dll'
TpTrace Information: 0 : 10336, 1, 2022/12/05, 02:01:41.476, 5743302205962, vstest.console.dll, Determined framework for all sources: .NETCoreApp,Version=v7.0
TpTrace Verbose: 0 : 10336, 1, 2022/12/05, 02:01:41.476, 5743302209103, vstest.console.dll, TestRequestManager.UpdateRunSettingsIfRequired: Default architecture: X64 IsDefaultTargetArchitecture: True, Current process architecture: X64 OperatingSystem: Windows.
TpTrace Information: 0 : 10336, 1, 2022/12/05, 02:01:41.478, 5743302232216, vstest.console.dll, AssemblyMetadataProvider.GetArchitecture: Determined architecture:AnyCPU info for assembly: D:\AN3_SEM1\DotNet\ProjectVETClone\VetAppointment_.NET\VetAppointment\VetAppointment.Business.Test\bin\Debug\net7.0\fine-code-coverage\build-output\VetAppointment.Business.Test.dll
TpTrace Information: 0 : 10336, 1, 2022/12/05, 02:01:41.478, 5743302233052, vstest.console.dll, Determined platform for source 'D:\AN3_SEM1\DotNet\ProjectVETClone\VetAppointment_.NET\VetAppointment\VetAppointment.Business.Test\bin\Debug\net7.0\fine-code-coverage\build-output\VetAppointment.Business.Test.dll' was AnyCPU and it will use the default plaform X64.
TpTrace Information: 0 : 10336, 1, 2022/12/05, 02:01:41.478, 5743302233319, vstest.console.dll, None of the sources provided any runnable platform, using the default platform: X64
TpTrace Information: 0 : 10336, 1, 2022/12/05, 02:01:41.478, 5743302234246, vstest.console.dll, Platform was updated to 'X64'.
TpTrace Information: 0 : 10336, 1, 2022/12/05, 02:01:41.481, 5743302260644, vstest.console.dll, InferRunSettingsHelper.IsTestSettingsEnabled: Unable to navigate to RunSettings/MSTest. Current node: RunSettings
TpTrace Information: 0 : 10336, 1, 2022/12/05, 02:01:41.482, 5743302266112, vstest.console.dll, AssemblyResolver.OnResolve: Microsoft.VisualStudio.TestPlatform.Fakes: Resolving assembly.
TpTrace Information: 0 : 10336, 1, 2022/12/05, 02:01:41.482, 5743302266660, vstest.console.dll, AssemblyResolver.OnResolve: Microsoft.VisualStudio.TestPlatform.Fakes: Searching in: 'C:\Program Files\dotnet\sdk\7.0.100\Extensions'.
TpTrace Information: 0 : 10336, 1, 2022/12/05, 02:01:41.482, 5743302267769, vstest.console.dll, AssemblyResolver.OnResolve: Microsoft.VisualStudio.TestPlatform.Fakes: Assembly path does not exist: 'C:\Program Files\dotnet\sdk\7.0.100\Extensions\Microsoft.VisualStudio.TestPlatform.Fakes.dll', returning.
TpTrace Information: 0 : 10336, 1, 2022/12/05, 02:01:41.482, 5743302268662, vstest.console.dll, AssemblyResolver.OnResolve: Microsoft.VisualStudio.TestPlatform.Fakes: Assembly path does not exist: 'C:\Program Files\dotnet\sdk\7.0.100\Extensions\Microsoft.VisualStudio.TestPlatform.Fakes.exe', returning.
TpTrace Information: 0 : 10336, 1, 2022/12/05, 02:01:41.482, 5743302269534, vstest.console.dll, AssemblyResolver.OnResolve: Microsoft.VisualStudio.TestPlatform.Fakes: Searching in: 'C:\Program Files\dotnet\sdk\7.0.100'.
TpTrace Information: 0 : 10336, 1, 2022/12/05, 02:01:41.482, 5743302270350, vstest.console.dll, AssemblyResolver.OnResolve: Microsoft.VisualStudio.TestPlatform.Fakes: Assembly path does not exist: 'C:\Program Files\dotnet\sdk\7.0.100\Microsoft.VisualStudio.TestPlatform.Fakes.dll', returning.
TpTrace Information: 0 : 10336, 1, 2022/12/05, 02:01:41.482, 5743302271123, vstest.console.dll, AssemblyResolver.OnResolve: Microsoft.VisualStudio.TestPlatform.Fakes: Assembly path does not exist: 'C:\Program Files\dotnet\sdk\7.0.100\Microsoft.VisualStudio.TestPlatform.Fakes.exe', returning.
TpTrace Information: 0 : 10336, 1, 2022/12/05, 02:01:41.482, 5743302271390, vstest.console.dll, AssemblyResolver.OnResolve: Microsoft.VisualStudio.TestPlatform.Fakes: Failed to load assembly.
TpTrace Information: 0 : 10336, 1, 2022/12/05, 02:01:41.483, 5743302277353, vstest.console.dll, Failed to load assembly Microsoft.VisualStudio.TestPlatform.Fakes, Version=17.0.0.0, Culture=neutral. Reason:System.IO.FileNotFoundException: Could not load file or assembly 'Microsoft.VisualStudio.TestPlatform.Fakes, Version=17.0.0.0, Culture=neutral, PublicKeyToken=null'. The system cannot find the file specified.
File name: 'Microsoft.VisualStudio.TestPlatform.Fakes, Version=17.0.0.0, Culture=neutral, PublicKeyToken=null'
   at System.Reflection.RuntimeAssembly.InternalLoad(AssemblyName assemblyName, StackCrawlMark& stackMark, AssemblyLoadContext assemblyLoadContext, RuntimeAssembly requestingAssembly, Boolean throwOnFileNotFound)
   at System.Reflection.Assembly.Load(AssemblyName assemblyRef)
   at Microsoft.VisualStudio.TestPlatform.Common.Utilities.FakesUtilities.LoadTestPlatformAssembly()
TpTrace Verbose: 0 : 10336, 1, 2022/12/05, 02:01:41.487, 5743302315894, vstest.console.dll, TestPluginCache.DiscoverTestExtensions: finding test extensions in assemblies ends with: TestLogger.dll TPluginInfo: Microsoft.VisualStudio.TestPlatform.Common.ExtensionFramework.Utilities.TestLoggerPluginInformation TExtension: Microsoft.VisualStudio.TestPlatform.ObjectModel.Client.ITestLogger
TpTrace Verbose: 0 : 10336, 1, 2022/12/05, 02:01:41.487, 5743302318557, vstest.console.dll, TestPluginCache.GetExtensionPaths: Filtered extension paths: 
TpTrace Verbose: 0 : 10336, 1, 2022/12/05, 02:01:41.487, 5743302319285, vstest.console.dll, TestPluginCache.GetExtensionPaths: Added default extension paths: C:\Program Files\dotnet\sdk\7.0.100\Extensions\Microsoft.Diagnostics.NETCore.Client.dll
C:\Program Files\dotnet\sdk\7.0.100\Extensions\Microsoft.TestPlatform.Extensions.BlameDataCollector.dll
C:\Program Files\dotnet\sdk\7.0.100\Extensions\Microsoft.TestPlatform.Extensions.EventLogCollector.dll
C:\Program Files\dotnet\sdk\7.0.100\Extensions\Microsoft.TestPlatform.TestHostRuntimeProvider.dll
C:\Program Files\dotnet\sdk\7.0.100\Extensions\Microsoft.VisualStudio.TestPlatform.Extensions.Html.TestLogger.dll
C:\Program Files\dotnet\sdk\7.0.100\Extensions\Microsoft.VisualStudio.TestPlatform.Extensions.Trx.TestLogger.dll
TpTrace Verbose: 0 : 10336, 1, 2022/12/05, 02:01:41.487, 5743302319726, vstest.console.dll, TestPluginCache.GetExtensionPaths: Added unfilterableExtensionPaths: 
TpTrace Information: 0 : 10336, 1, 2022/12/05, 02:01:41.487, 5743302321862, vstest.console.dll, AssemblyResolver.AddSearchDirectories: Adding more searchDirectories C:\Program Files\dotnet\sdk\7.0.100\Extensions,C:\Program Files\dotnet\sdk\7.0.100
TpTrace Verbose: 0 : 10336, 1, 2022/12/05, 02:01:41.487, 5743302322910, vstest.console.dll, TestPluginCache.DiscoverTestExtensions: Discovering the extensions using extension path.
TpTrace Verbose: 0 : 10336, 1, 2022/12/05, 02:01:41.487, 5743302323337, vstest.console.dll, TestPluginCache.GetExtensionPaths: Filtered extension paths: 
TpTrace Verbose: 0 : 10336, 1, 2022/12/05, 02:01:41.487, 5743302323651, vstest.console.dll, TestPluginCache.GetExtensionPaths: Added default extension paths: C:\Program Files\dotnet\sdk\7.0.100\Extensions\Microsoft.Diagnostics.NETCore.Client.dll
C:\Program Files\dotnet\sdk\7.0.100\Extensions\Microsoft.TestPlatform.Extensions.BlameDataCollector.dll
C:\Program Files\dotnet\sdk\7.0.100\Extensions\Microsoft.TestPlatform.Extensions.EventLogCollector.dll
C:\Program Files\dotnet\sdk\7.0.100\Extensions\Microsoft.TestPlatform.TestHostRuntimeProvider.dll
C:\Program Files\dotnet\sdk\7.0.100\Extensions\Microsoft.VisualStudio.TestPlatform.Extensions.Html.TestLogger.dll
C:\Program Files\dotnet\sdk\7.0.100\Extensions\Microsoft.VisualStudio.TestPlatform.Extensions.Trx.TestLogger.dll
TpTrace Verbose: 0 : 10336, 1, 2022/12/05, 02:01:41.487, 5743302323956, vstest.console.dll, TestPluginCache.GetExtensionPaths: Added unfilterableExtensionPaths: 
TpTrace Verbose: 0 : 10336, 1, 2022/12/05, 02:01:41.487, 5743302324298, vstest.console.dll, TestPluginCache.DiscoverTestExtensions: Discovering the extensions using allExtensionPaths: C:\Program Files\dotnet\sdk\7.0.100\Extensions\Microsoft.Diagnostics.NETCore.Client.dll
C:\Program Files\dotnet\sdk\7.0.100\Extensions\Microsoft.TestPlatform.Extensions.BlameDataCollector.dll
C:\Program Files\dotnet\sdk\7.0.100\Extensions\Microsoft.TestPlatform.Extensions.EventLogCollector.dll
C:\Program Files\dotnet\sdk\7.0.100\Extensions\Microsoft.TestPlatform.TestHostRuntimeProvider.dll
C:\Program Files\dotnet\sdk\7.0.100\Extensions\Microsoft.VisualStudio.TestPlatform.Extensions.Html.TestLogger.dll
C:\Program Files\dotnet\sdk\7.0.100\Extensions\Microsoft.VisualStudio.TestPlatform.Extensions.Trx.TestLogger.dll
TpTrace Information: 0 : 10336, 1, 2022/12/05, 02:01:41.487, 5743302325551, vstest.console.dll, AssemblyResolver.AddSearchDirectories: Adding more searchDirectories C:\Program Files\dotnet\sdk\7.0.100\Extensions,C:\Program Files\dotnet\sdk\7.0.100
TpTrace Information: 0 : 10336, 1, 2022/12/05, 02:01:41.488, 5743302326060, vstest.console.dll, AssemblyResolver.AddSearchDirectories: Adding more searchDirectories C:\Program Files\dotnet\sdk\7.0.100\Extensions,C:\Program Files\dotnet\sdk\7.0.100
TpTrace Information: 0 : 10336, 1, 2022/12/05, 02:01:41.488, 5743302326402, vstest.console.dll, AssemblyResolver.AddSearchDirectories: Adding more searchDirectories C:\Program Files\dotnet\sdk\7.0.100\Extensions,C:\Program Files\dotnet\sdk\7.0.100
TpTrace Information: 0 : 10336, 1, 2022/12/05, 02:01:41.488, 5743302327098, vstest.console.dll, AssemblyResolver.AddSearchDirectories: Adding more searchDirectories C:\Program Files\dotnet\sdk\7.0.100\Extensions,C:\Program Files\dotnet\sdk\7.0.100
TpTrace Information: 0 : 10336, 1, 2022/12/05, 02:01:41.488, 5743302327454, vstest.console.dll, AssemblyResolver.AddSearchDirectories: Adding more searchDirectories C:\Program Files\dotnet\sdk\7.0.100\Extensions,C:\Program Files\dotnet\sdk\7.0.100
TpTrace Information: 0 : 10336, 1, 2022/12/05, 02:01:41.488, 5743302327763, vstest.console.dll, AssemblyResolver.AddSearchDirectories: Adding more searchDirectories C:\Program Files\dotnet\sdk\7.0.100\Extensions,C:\Program Files\dotnet\sdk\7.0.100
TpTrace Verbose: 0 : 10336, 1, 2022/12/05, 02:01:41.488, 5743302329004, vstest.console.dll, MetadataReaderExtensionsHelper: Discovering extensions inside assembly 'Microsoft.Diagnostics.NETCore.Client, Version=0.2.6.42401, Culture=neutral, PublicKeyToken=31bf3856ad364e35' file path 'C:\Program Files\dotnet\sdk\7.0.100\Extensions\Microsoft.Diagnostics.NETCore.Client.dll'
TpTrace Information: 0 : 10336, 1, 2022/12/05, 02:01:41.489, 5743302337567, vstest.console.dll, AssemblyResolver.OnResolve: Microsoft.Bcl.AsyncInterfaces: Resolving assembly.
TpTrace Information: 0 : 10336, 1, 2022/12/05, 02:01:41.489, 5743302338112, vstest.console.dll, AssemblyResolver.OnResolve: Microsoft.Bcl.AsyncInterfaces: Resolved from cache.
TpTrace Verbose: 0 : 10336, 1, 2022/12/05, 02:01:41.489, 5743302338353, vstest.console.dll, CurrentDomainAssemblyResolve: Resolving assembly 'Microsoft.Bcl.AsyncInterfaces'.
TpTrace Information: 0 : 10336, 1, 2022/12/05, 02:01:41.489, 5743302338709, vstest.console.dll, AssemblyResolver.OnResolve: Microsoft.Bcl.AsyncInterfaces: Resolving assembly.
TpTrace Information: 0 : 10336, 1, 2022/12/05, 02:01:41.489, 5743302338938, vstest.console.dll, AssemblyResolver.OnResolve: Microsoft.Bcl.AsyncInterfaces: Resolved from cache.
TpTrace Verbose: 0 : 10336, 1, 2022/12/05, 02:01:41.489, 5743302339179, vstest.console.dll, CurrentDomainAssemblyResolve: Resolving assembly 'Microsoft.Bcl.AsyncInterfaces'.
TpTrace Verbose: 0 : 10336, 1, 2022/12/05, 02:01:41.489, 5743302339373, vstest.console.dll, CurrentDomainAssemblyResolve: Failed to resolve assembly 'Microsoft.Bcl.AsyncInterfaces'.
TpTrace Verbose: 0 : 10336, 1, 2022/12/05, 02:01:41.489, 5743302340482, vstest.console.dll, CurrentDomainAssemblyResolve: Failed to resolve assembly 'Microsoft.Bcl.AsyncInterfaces'.
TpTrace Warning: 0 : 10336, 1, 2022/12/05, 02:01:41.489, 5743302342875, vstest.console.dll, TestPluginDiscoverer: Failed to get types from assembly 'Microsoft.Diagnostics.NETCore.Client, Version=0.2.6.42401, Culture=neutral, PublicKeyToken=31bf3856ad364e35'. Error: System.Reflection.ReflectionTypeLoadException: Unable to load one or more of the requested types.
Could not load file or assembly 'Microsoft.Bcl.AsyncInterfaces, Version=1.0.0.0, Culture=neutral, PublicKeyToken=cc7b13ffcd2ddd51'. The system cannot find the file specified.
   at System.Reflection.RuntimeModule.GetTypes(RuntimeModule module)
   at System.Reflection.Assembly.GetTypes()
   at Microsoft.VisualStudio.TestPlatform.Common.ExtensionFramework.TestPluginDiscoverer.GetTestExtensionsFromAssembly[TPluginInfo,TExtension](Assembly assembly, Dictionary`2 pluginInfos, String filePath)
System.IO.FileNotFoundException: Could not load file or assembly 'Microsoft.Bcl.AsyncInterfaces, Version=1.0.0.0, Culture=neutral, PublicKeyToken=cc7b13ffcd2ddd51'. The system cannot find the file specified.
File name: 'Microsoft.Bcl.AsyncInterfaces, Version=1.0.0.0, Culture=neutral, PublicKeyToken=cc7b13ffcd2ddd51'
 ---> System.IO.FileNotFoundException: Could not load file or assembly 'Microsoft.Bcl.AsyncInterfaces, Culture=neutral, PublicKeyToken=null'. The system cannot find the file specified.
File name: 'Microsoft.Bcl.AsyncInterfaces, Culture=neutral, PublicKeyToken=null'
   at System.Reflection.RuntimeAssembly.InternalLoad(AssemblyName assemblyName, StackCrawlMark& stackMark, AssemblyLoadContext assemblyLoadContext, RuntimeAssembly requestingAssembly, Boolean throwOnFileNotFound)
   at System.Reflection.Assembly.Load(AssemblyName assemblyRef)
   at Microsoft.VisualStudio.TestPlatform.Common.ExtensionFramework.TestPluginCache.CurrentDomainAssemblyResolve(Object sender, AssemblyResolveEventArgs args)
   at System.Runtime.Loader.AssemblyLoadContext.GetFirstResolvedAssemblyFromResolvingEvent(AssemblyName assemblyName)
   at System.Runtime.Loader.AssemblyLoadContext.ResolveUsingEvent(AssemblyName assemblyName)
   at System.Runtime.Loader.AssemblyLoadContext.ResolveUsingResolvingEvent(IntPtr gchManagedAssemblyLoadContext, AssemblyName assemblyName)
TpTrace Warning: 0 : 10336, 1, 2022/12/05, 02:01:41.489, 5743302344058, vstest.console.dll, LoaderExceptions: System.IO.FileNotFoundException: Could not load file or assembly 'Microsoft.Bcl.AsyncInterfaces, Version=1.0.0.0, Culture=neutral, PublicKeyToken=cc7b13ffcd2ddd51'. The system cannot find the file specified.
File name: 'Microsoft.Bcl.AsyncInterfaces, Version=1.0.0.0, Culture=neutral, PublicKeyToken=cc7b13ffcd2ddd51'
 ---> System.IO.FileNotFoundException: Could not load file or assembly 'Microsoft.Bcl.AsyncInterfaces, Culture=neutral, PublicKeyToken=null'. The system cannot find the file specified.
File name: 'Microsoft.Bcl.AsyncInterfaces, Culture=neutral, PublicKeyToken=null'
   at System.Reflection.RuntimeAssembly.InternalLoad(AssemblyName assemblyName, StackCrawlMark& stackMark, AssemblyLoadContext assemblyLoadContext, RuntimeAssembly requestingAssembly, Boolean throwOnFileNotFound)
   at System.Reflection.Assembly.Load(AssemblyName assemblyRef)
   at Microsoft.VisualStudio.TestPlatform.Common.ExtensionFramework.TestPluginCache.CurrentDomainAssemblyResolve(Object sender, AssemblyResolveEventArgs args)
   at System.Runtime.Loader.AssemblyLoadContext.GetFirstResolvedAssemblyFromResolvingEvent(AssemblyName assemblyName)
   at System.Runtime.Loader.AssemblyLoadContext.ResolveUsingEvent(AssemblyName assemblyName)
   at System.Runtime.Loader.AssemblyLoadContext.ResolveUsingResolvingEvent(IntPtr gchManagedAssemblyLoadContext, AssemblyName assemblyName)
TpTrace Verbose: 0 : 10336, 1, 2022/12/05, 02:01:41.489, 5743302344702, vstest.console.dll, MetadataReaderExtensionsHelper: Discovering extensions inside assembly 'Microsoft.TestPlatform.Extensions.BlameDataCollector, Version=15.0.0.0, Culture=neutral, PublicKeyToken=b03f5f7f11d50a3a' file path 'C:\Program Files\dotnet\sdk\7.0.100\Extensions\Microsoft.TestPlatform.Extensions.BlameDataCollector.dll'
TpTrace Information: 0 : 10336, 1, 2022/12/05, 02:01:41.490, 5743302349922, vstest.console.dll, GetTestExtensionFromType: Register extension with identifier data 'logger://Microsoft/TestPlatform/Extensions/Blame/v1' and type 'Microsoft.TestPlatform.Extensions.BlameDataCollector.BlameLogger, Microsoft.TestPlatform.Extensions.BlameDataCollector, Version=15.0.0.0, Culture=neutral, PublicKeyToken=b03f5f7f11d50a3a' inside file 'C:\Program Files\dotnet\sdk\7.0.100\Extensions\Microsoft.TestPlatform.Extensions.BlameDataCollector.dll'
TpTrace Verbose: 0 : 10336, 1, 2022/12/05, 02:01:41.490, 5743302350574, vstest.console.dll, MetadataReaderExtensionsHelper: Discovering extensions inside assembly 'Microsoft.TestPlatform.Extensions.EventLogCollector, Version=15.0.0.0, Culture=neutral, PublicKeyToken=b03f5f7f11d50a3a' file path 'C:\Program Files\dotnet\sdk\7.0.100\Extensions\Microsoft.TestPlatform.Extensions.EventLogCollector.dll'
TpTrace Verbose: 0 : 10336, 1, 2022/12/05, 02:01:41.490, 5743302353766, vstest.console.dll, MetadataReaderExtensionsHelper: Discovering extensions inside assembly 'Microsoft.TestPlatform.TestHostRuntimeProvider, Version=15.0.0.0, Culture=neutral, PublicKeyToken=b03f5f7f11d50a3a' file path 'C:\Program Files\dotnet\sdk\7.0.100\Extensions\Microsoft.TestPlatform.TestHostRuntimeProvider.dll'
TpTrace Verbose: 0 : 10336, 1, 2022/12/05, 02:01:41.491, 5743302358118, vstest.console.dll, MetadataReaderExtensionsHelper: Discovering extensions inside assembly 'Microsoft.VisualStudio.TestPlatform.Extensions.Html.TestLogger, Version=15.0.0.0, Culture=neutral, PublicKeyToken=b03f5f7f11d50a3a' file path 'C:\Program Files\dotnet\sdk\7.0.100\Extensions\Microsoft.VisualStudio.TestPlatform.Extensions.Html.TestLogger.dll'
TpTrace Information: 0 : 10336, 1, 2022/12/05, 02:01:41.491, 5743302362653, vstest.console.dll, GetTestExtensionFromType: Register extension with identifier data 'logger://Microsoft/TestPlatform/HtmlLogger/v1' and type 'Microsoft.VisualStudio.TestPlatform.Extensions.HtmlLogger.HtmlLogger, Microsoft.VisualStudio.TestPlatform.Extensions.Html.TestLogger, Version=15.0.0.0, Culture=neutral, PublicKeyToken=b03f5f7f11d50a3a' inside file 'C:\Program Files\dotnet\sdk\7.0.100\Extensions\Microsoft.VisualStudio.TestPlatform.Extensions.Html.TestLogger.dll'
TpTrace Verbose: 0 : 10336, 1, 2022/12/05, 02:01:41.491, 5743302363235, vstest.console.dll, MetadataReaderExtensionsHelper: Discovering extensions inside assembly 'Microsoft.VisualStudio.TestPlatform.Extensions.Trx.TestLogger, Version=15.0.0.0, Culture=neutral, PublicKeyToken=b03f5f7f11d50a3a' file path 'C:\Program Files\dotnet\sdk\7.0.100\Extensions\Microsoft.VisualStudio.TestPlatform.Extensions.Trx.TestLogger.dll'
TpTrace Information: 0 : 10336, 1, 2022/12/05, 02:01:41.492, 5743302366905, vstest.console.dll, GetTestExtensionFromType: Register extension with identifier data 'logger://Microsoft/TestPlatform/TrxLogger/v1' and type 'Microsoft.VisualStudio.TestPlatform.Extensions.TrxLogger.TrxLogger, Microsoft.VisualStudio.TestPlatform.Extensions.Trx.TestLogger, Version=15.0.0.0, Culture=neutral, PublicKeyToken=b03f5f7f11d50a3a' inside file 'C:\Program Files\dotnet\sdk\7.0.100\Extensions\Microsoft.VisualStudio.TestPlatform.Extensions.Trx.TestLogger.dll'
TpTrace Verbose: 0 : 10336, 1, 2022/12/05, 02:01:41.492, 5743302368481, vstest.console.dll, TestPluginCache: Discovered the extensions using extension path ''.
TpTrace Verbose: 0 : 10336, 1, 2022/12/05, 02:01:41.492, 5743302369130, vstest.console.dll, TestPluginCache: Discoverers are ''.
TpTrace Verbose: 0 : 10336, 1, 2022/12/05, 02:01:41.492, 5743302369357, vstest.console.dll, TestPluginCache: Executors are ''.
TpTrace Verbose: 0 : 10336, 1, 2022/12/05, 02:01:41.492, 5743302369567, vstest.console.dll, TestPluginCache: Executors2 are ''.
TpTrace Verbose: 0 : 10336, 1, 2022/12/05, 02:01:41.492, 5743302369901, vstest.console.dll, TestPluginCache: Setting providers are ''.
TpTrace Verbose: 0 : 10336, 1, 2022/12/05, 02:01:41.492, 5743302371218, vstest.console.dll, TestPluginCache: Loggers are 'logger://Microsoft/TestPlatform/Extensions/Blame/v1,logger://Microsoft/TestPlatform/HtmlLogger/v1,logger://Microsoft/TestPlatform/TrxLogger/v1'.
TpTrace Verbose: 0 : 10336, 1, 2022/12/05, 02:01:41.492, 5743302372097, vstest.console.dll, TestPluginCache: TestHosts are 'HostProvider://DefaultTestHost,HostProvider://DotnetTestHost'.
TpTrace Verbose: 0 : 10336, 1, 2022/12/05, 02:01:41.492, 5743302372407, vstest.console.dll, TestPluginCache: DataCollectors are ''.
TpTrace Information: 0 : 10336, 1, 2022/12/05, 02:01:41.493, 5743302382363, vstest.console.dll, TestPluginManager.CreateTestExtension: Attempting to load test extension: Microsoft.TestPlatform.Extensions.BlameDataCollector.BlameLogger
TpTrace Verbose: 0 : 10336, 1, 2022/12/05, 02:01:41.500, 5743302450180, vstest.console.dll, TestEngine: Initializing Parallel Execution as MaxCpuCount is set to: 1
TpTrace Information: 0 : 10336, 1, 2022/12/05, 02:01:41.501, 5743302464966, vstest.console.dll, TestPluginManager.CreateTestExtension: Attempting to load test extension: Microsoft.VisualStudio.TestPlatform.CrossPlatEngine.Hosting.DefaultTestHostManager
TpTrace Information: 0 : 10336, 1, 2022/12/05, 02:01:41.503, 5743302478298, vstest.console.dll, TestPluginManager.CreateTestExtension: Attempting to load test extension: Microsoft.VisualStudio.TestPlatform.CrossPlatEngine.Hosting.DotnetTestHostManager
TpTrace Information: 0 : 10336, 1, 2022/12/05, 02:01:41.503, 5743302483888, vstest.console.dll, InferRunSettingsHelper.IsTestSettingsEnabled: Unable to navigate to RunSettings/MSTest. Current node: RunSettings
TpTrace Verbose: 0 : 10336, 1, 2022/12/05, 02:01:41.508, 5743302527093, vstest.console.dll, TestEngine.GetExecutionManager: Chosen execution manager 'Microsoft.VisualStudio.TestPlatform.CrossPlatEngine.Client.Parallel.ParallelProxyExecutionManager, Microsoft.TestPlatform.CrossPlatEngine, Version=15.0.0.0, Culture=neutral, PublicKeyToken=b03f5f7f11d50a3a' ParallelLevel '1'.
TpTrace Verbose: 0 : 10336, 1, 2022/12/05, 02:01:41.508, 5743302529009, vstest.console.dll, TestRunRequest.ExecuteAsync: Creating test run request.
TpTrace Verbose: 0 : 10336, 1, 2022/12/05, 02:01:41.508, 5743302531184, vstest.console.dll, TestRunRequest.ExecuteAsync: Starting.
TpTrace Information: 0 : 10336, 1, 2022/12/05, 02:01:41.508, 5743302533638, vstest.console.dll, TestRunRequest.ExecuteAsync: Starting run with settings:TestRunCriteria:
   KeepAlive=False,FrequencyOfRunStatsChangeEvent=10,RunStatsChangeEventTimeout=00:00:01.5000000,TestCaseFilter=,TestExecutorLauncher=
   Settingsxml=<RunSettings>
  <RunConfiguration>
    <ResultsDirectory>D:\AN3_SEM1\DotNet\ProjectVETClone\VetAppointment_.NET\VetAppointment\VetAppointment.Business.Test\bin\Debug\net7.0\fine-code-coverage\coverage-tool-output</ResultsDirectory>
    <TargetPlatform>X64</TargetPlatform>
    <TargetFrameworkVersion>.NETCoreApp,Version=v7.0</TargetFrameworkVersion>
    <DesignMode>False</DesignMode>
    <CollectSourceInformation>False</CollectSourceInformation>
  </RunConfiguration>
  <LoggerRunSettings>
    <Loggers>
      <Logger friendlyName="blame" enabled="True" />
      <Logger friendlyName="Console" uri="logger://microsoft/TestPlatform/ConsoleLogger/v1" assemblyQualifiedName="Microsoft.VisualStudio.TestPlatform.CommandLine.Internal.ConsoleLogger, vstest.console, Version=15.0.0.0, Culture=neutral, PublicKeyToken=b03f5f7f11d50a3a" codeBase="C:\Program Files\dotnet\sdk\7.0.100\vstest.console.dll" enabled="True" />
    </Loggers>
  </LoggerRunSettings>
  <DataCollectionRunSettings>
    <DataCollectors>
      <DataCollector friendlyName="blame" enabled="True">
        <Configuration>
          <ResultsDirectory>D:\AN3_SEM1\DotNet\ProjectVETClone\VetAppointment_.NET\VetAppointment\VetAppointment.Business.Test\bin\Debug\net7.0\fine-code-coverage\coverage-tool-output</ResultsDirectory>
        </Configuration>
      </DataCollector>
    </DataCollectors>
  </DataCollectionRunSettings>
</RunSettings>

TpTrace Verbose: 0 : 10336, 1, 2022/12/05, 02:01:41.508, 5743302534117, vstest.console.dll, TestRunRequest.ExecuteAsync: Wait for the first run request is over.
TpTrace Verbose: 0 : 10336, 1, 2022/12/05, 02:01:41.509, 5743302537008, vstest.console.dll, MulticastDelegateUtilities.SafeInvoke: TestRun.TestRunStart: Invoking callbacks was skipped because there are no subscribers.
TpTrace Verbose: 0 : 10336, 4, 2022/12/05, 02:01:41.509, 5743302540085, vstest.console.dll, MulticastDelegateUtilities.SafeInvoke: InternalTestLoggerEvents.SendTestRunStart: Invoking callback 1/1 for Microsoft.VisualStudio.TestPlatform.CommandLine.Internal.ConsoleLogger., took 0 ms.
TpTrace Verbose: 0 : 10336, 1, 2022/12/05, 02:01:41.510, 5743302548595, vstest.console.dll, ParallelProxyExecutionManager: Start execution. Total sources: 1
TpTrace Verbose: 0 : 10336, 1, 2022/12/05, 02:01:41.511, 5743302560792, vstest.console.dll, TestRequestSender is acting as server.
TpTrace Verbose: 0 : 10336, 1, 2022/12/05, 02:01:41.512, 5743302570801, vstest.console.dll, DataCollectionRequestSender.InitializeCommunication : Initialize communication. 
TpTrace Information: 0 : 10336, 1, 2022/12/05, 02:01:41.517, 5743302622995, vstest.console.dll, Listening on Endpoint : 127.0.0.1:63242
TpTrace Verbose: 0 : 10336, 1, 2022/12/05, 02:01:41.526, 5743302708370, vstest.console.dll, DotnetDataCollectionLauncher: Adding  --runtimeconfig "C:\Program Files\dotnet\sdk\7.0.100\datacollector.runtimeconfig.json" in args
TpTrace Verbose: 0 : 10336, 1, 2022/12/05, 02:01:41.526, 5743302710005, vstest.console.dll, DotnetDataCollectionLauncher: Adding  --depsfile "C:\Program Files\dotnet\sdk\7.0.100\datacollector.deps.json" in args
TpTrace Verbose: 0 : 10336, 1, 2022/12/05, 02:01:41.526, 5743302711293, vstest.console.dll, DotnetDataCollectionLauncher: Full path of dotnet.exe is C:\Program Files\dotnet\dotnet.exe
TpTrace Information: 0 : 10336, 1, 2022/12/05, 02:01:41.542, 5743302873021, vstest.console.dll, ProxyDataCollectionManager.Initialize: Launched datacollector processId: 24300 port: 63242
TpTrace Information: 0 : 10336, 1, 2022/12/05, 02:01:41.542, 5743302874995, vstest.console.dll, ProxyDataCollectionManager.Initialize: waiting for connection with timeout: 90 seconds
TpTrace Verbose: 0 : 10336, 1, 2022/12/05, 02:01:41.543, 5743302875858, vstest.console.dll, DataCollectionRequestSender.WaitForRequestHandlerConnection : Waiting for connection with timeout: 90000
TpTrace Information: 0 : 10336, 7, 2022/12/05, 02:01:41.702, 5743304473697, vstest.console.dll, Using the buffer size of 16384 bytes
TpTrace Verbose: 0 : 10336, 1, 2022/12/05, 02:01:41.702, 5743304473865, vstest.console.dll, SocketCommunicationManager.WaitForClientConnection took: 159 ms, with 90000 ms timeout, and finished with True.
TpTrace Information: 0 : 10336, 7, 2022/12/05, 02:01:41.702, 5743304475160, vstest.console.dll, Accepted Client request and set the flag
TpTrace Verbose: 0 : 10336, 1, 2022/12/05, 02:01:41.703, 5743304476491, vstest.console.dll, ProxyDataCollectionManager.InvokeDataCollectionServiceAction: Starting.
TpTrace Information: 0 : 10336, 1, 2022/12/05, 02:01:41.703, 5743304477464, vstest.console.dll, ProxyDataCollectionManager.BeforeTestRunStart: Get environment variable and port for datacollector processId: 24300 port: 63242
TpTrace Verbose: 0 : 10336, 1, 2022/12/05, 02:01:41.703, 5743304478687, vstest.console.dll, DataCollectionRequestSender.SendBeforeTestRunStartAndGetResult: Send BeforeTestRunStart message with settingsXml <RunSettings><RunConfiguration><ResultsDirectory>D:\AN3_SEM1\DotNet\ProjectVETClone\VetAppointment_.NET\VetAppointment\VetAppointment.Business.Test\bin\Debug\net7.0\fine-code-coverage\coverage-tool-output</ResultsDirectory><TargetPlatform>X64</TargetPlatform><TargetFrameworkVersion>.NETCoreApp,Version=v7.0</TargetFrameworkVersion><DesignMode>False</DesignMode><CollectSourceInformation>False</CollectSourceInformation><TestAdaptersPaths>C:\Program Files\dotnet\sdk\7.0.100\Extensions</TestAdaptersPaths></RunConfiguration><LoggerRunSettings><Loggers><Logger friendlyName="blame" enabled="True" /><Logger friendlyName="Console" uri="logger://microsoft/TestPlatform/ConsoleLogger/v1" assemblyQualifiedName="Microsoft.VisualStudio.TestPlatform.CommandLine.Internal.ConsoleLogger, vstest.console, Version=15.0.0.0, Culture=neutral, PublicKeyToken=b03f5f7f11d50a3a" codeBase="C:\Program Files\dotnet\sdk\7.0.100\vstest.console.dll" enabled="True" /></Loggers></LoggerRunSettings><DataCollectionRunSettings><DataCollectors><DataCollector friendlyName="blame" enabled="True"><Configuration><ResultsDirectory>D:\AN3_SEM1\DotNet\ProjectVETClone\VetAppointment_.NET\VetAppointment\VetAppointment.Business.Test\bin\Debug\net7.0\fine-code-coverage\coverage-tool-output</ResultsDirectory></Configuration></DataCollector></DataCollectors></DataCollectionRunSettings></RunSettings> and sources System.Collections.Generic.List`1[System.String]: 
TpTrace Verbose: 0 : 10336, 1, 2022/12/05, 02:01:41.780, 5743305250313, vstest.console.dll, DataCollectionRequestSender.SendBeforeTestRunStartAndGetResult: Received message: (DataCollection.SendMessage) -> {"MessageType":"DataCollection.SendMessage","Payload":{"FriendlyName":null,"Uri":null,"TestCaseId":"00000000-0000-0000-0000-000000000000","Message":"Logging DataCollector Diagnostics in file: D:\\AN3_SEM1\\DotNet\\ProjectVETClone\\VetAppointment_.NET\\VetAppointment\\VetAppointment.Business.Test\\bin\\Debug\\net7.0\\fine-code-coverage\\coverage-tool-output\\diagnostics.datacollector.22-12-05_02-01-41_52598_1.log","Level":0}}
TpTrace Verbose: 0 : 10336, 1, 2022/12/05, 02:01:41.854, 5743305987561, vstest.console.dll, DataCollectionRequestSender.SendBeforeTestRunStartAndGetResult: Received message: (DataCollection.BeforeTestRunStartResult) -> {"MessageType":"DataCollection.BeforeTestRunStartResult","Payload":{"EnvironmentVariables":{},"DataCollectionEventsPort":63244}}
TpTrace Information: 0 : 10336, 1, 2022/12/05, 02:01:41.859, 5743306037496, vstest.console.dll, ProxyDataCollectionManager.BeforeTestRunStart: SendBeforeTestRunStartAndGetResult successful, env variable from datacollector:   and testhost port: 63244
TpTrace Information: 0 : 10336, 1, 2022/12/05, 02:01:41.859, 5743306038535, vstest.console.dll, ProxyDataCollectionManager.InvokeDataCollectionServiceAction: Completed.
TpTrace Verbose: 0 : 10336, 1, 2022/12/05, 02:01:41.859, 5743306039696, vstest.console.dll, ProxyParallelExecutionManager: No sources available for execution.
TpTrace Verbose: 0 : 10336, 7, 2022/12/05, 02:01:41.859, 5743306040292, vstest.console.dll, ParallelProxyExecutionManager: Execution started. Started clients: 1
TpTrace Information: 0 : 10336, 1, 2022/12/05, 02:01:41.859, 5743306040570, vstest.console.dll, TestRunRequest.ExecuteAsync: Started.
TpTrace Verbose: 0 : 10336, 1, 2022/12/05, 02:01:41.859, 5743306041566, vstest.console.dll, TestRunRequest.WaitForCompletion: Waiting with timeout -1.
TpTrace Verbose: 0 : 10336, 7, 2022/12/05, 02:01:41.859, 5743306043005, vstest.console.dll, TestRunRequest:SendTestRunMessage: Starting.
TpTrace Verbose: 0 : 10336, 7, 2022/12/05, 02:01:41.859, 5743306044214, vstest.console.dll, MulticastDelegateUtilities.SafeInvoke: TestRun.LogMessages: Invoking callback 1/1 for Microsoft.VisualStudio.TestPlatform.CommandLine.TestRunResultAggregator., took 0 ms.
TpTrace Information: 0 : 10336, 7, 2022/12/05, 02:01:41.859, 5743306044541, vstest.console.dll, TestRunRequest:SendTestRunMessage: Completed.
TpTrace Verbose: 0 : 10336, 7, 2022/12/05, 02:01:41.860, 5743306045924, vstest.console.dll, ProxyExecutionManager: Test host is always Lazy initialize.
TpTrace Verbose: 0 : 10336, 4, 2022/12/05, 02:01:41.860, 5743306046523, vstest.console.dll, MulticastDelegateUtilities.SafeInvoke: InternalTestLoggerEvents.SendTestRunMessage: Invoking callback 1/1 for Microsoft.VisualStudio.TestPlatform.CommandLine.Internal.ConsoleLogger., took 0 ms.
TpTrace Verbose: 0 : 10336, 7, 2022/12/05, 02:01:41.860, 5743306048142, vstest.console.dll, TestRequestSender.InitializeCommunication: initialize communication. 
TpTrace Information: 0 : 10336, 7, 2022/12/05, 02:01:41.860, 5743306051972, vstest.console.dll, SocketServer.Start: Listening on endpoint : 127.0.0.1:63245
TpTrace Verbose: 0 : 10336, 7, 2022/12/05, 02:01:41.861, 5743306057630, vstest.console.dll, DotnetTestHostmanager.GetTestHostProcessStartInfo: Platform environment 'X64' target architecture 'X64' framework '.NETCoreApp,Version=v7.0' OS 'Windows'
TpTrace Verbose: 0 : 10336, 7, 2022/12/05, 02:01:41.861, 5743306058831, vstest.console.dll, DotnetTestHostmanager: Adding  --runtimeconfig "D:\AN3_SEM1\DotNet\ProjectVETClone\VetAppointment_.NET\VetAppointment\VetAppointment.Business.Test\bin\Debug\net7.0\fine-code-coverage\build-output\VetAppointment.Business.Test.runtimeconfig.json" in args
TpTrace Verbose: 0 : 10336, 7, 2022/12/05, 02:01:41.861, 5743306059378, vstest.console.dll, DotnetTestHostmanager: Adding  --depsfile "D:\AN3_SEM1\DotNet\ProjectVETClone\VetAppointment_.NET\VetAppointment\VetAppointment.Business.Test\bin\Debug\net7.0\fine-code-coverage\build-output\VetAppointment.Business.Test.deps.json" in args
TpTrace Verbose: 0 : 10336, 7, 2022/12/05, 02:01:41.861, 5743306060891, vstest.console.dll, DotnetTestHostmanager.IsWinOnArm: Current PROCESSOR_ARCHITECTURE from environment variable 'AMD64'
TpTrace Verbose: 0 : 10336, 7, 2022/12/05, 02:01:41.861, 5743306061358, vstest.console.dll, DotnetTestHostmanager.IsWinOnArm: Is Windows on ARM 'False'
TpTrace Verbose: 0 : 10336, 7, 2022/12/05, 02:01:41.861, 5743306061738, vstest.console.dll, DotnetTestHostManager: testhost.exe found at path: D:\AN3_SEM1\DotNet\ProjectVETClone\VetAppointment_.NET\VetAppointment\VetAppointment.Business.Test\bin\Debug\net7.0\fine-code-coverage\build-output\testhost.exe
TpTrace Verbose: 0 : 10336, 7, 2022/12/05, 02:01:41.861, 5743306062027, vstest.console.dll, DotnetTestHostmanager: Full path of host exe is D:\AN3_SEM1\DotNet\ProjectVETClone\VetAppointment_.NET\VetAppointment\VetAppointment.Business.Test\bin\Debug\net7.0\fine-code-coverage\build-output\testhost.exe
TpTrace Verbose: 0 : 10336, 7, 2022/12/05, 02:01:41.861, 5743306062953, vstest.console.dll, DotnetTestHostmanager.LaunchTestHostAsync: Found 'VSTEST_WINAPPHOST_DOTNET_ROOT' in env variables, value 'C:\Program Files\dotnet', forwarding to 'DOTNET_ROOT'
TpTrace Verbose: 0 : 10336, 7, 2022/12/05, 02:01:41.861, 5743306064207, vstest.console.dll, DotnetTestHostManager: Starting process 'D:\AN3_SEM1\DotNet\ProjectVETClone\VetAppointment_.NET\VetAppointment\VetAppointment.Business.Test\bin\Debug\net7.0\fine-code-coverage\build-output\testhost.exe' with command line ' --runtimeconfig "D:\AN3_SEM1\DotNet\ProjectVETClone\VetAppointment_.NET\VetAppointment\VetAppointment.Business.Test\bin\Debug\net7.0\fine-code-coverage\build-output\VetAppointment.Business.Test.runtimeconfig.json" --depsfile "D:\AN3_SEM1\DotNet\ProjectVETClone\VetAppointment_.NET\VetAppointment\VetAppointment.Business.Test\bin\Debug\net7.0\fine-code-coverage\build-output\VetAppointment.Business.Test.deps.json" --port 63245 --endpoint 127.0.0.1:063245 --role client --parentprocessid 10336 --diag "D:\AN3_SEM1\DotNet\ProjectVETClone\VetAppointment_.NET\VetAppointment\VetAppointment.Business.Test\bin\Debug\net7.0\fine-code-coverage\coverage-tool-output\diagnostics.host.22-12-05_02-01-41_86089_7.log" --tracelevel 4 --datacollectionport 63244 --telemetryoptedin false'
TpTrace Verbose: 0 : 10336, 7, 2022/12/05, 02:01:41.882, 5743306269823, vstest.console.dll, MulticastDelegateUtilities.SafeInvoke: HostProviderEvents.OnHostLaunched: Invoking callback 1/2 for Microsoft.VisualStudio.TestPlatform.CrossPlatEngine.Client.ProxyExecutionManagerWithDataCollection., took 1 ms.
TpTrace Verbose: 0 : 10336, 7, 2022/12/05, 02:01:41.882, 5743306272775, vstest.console.dll, Test Runtime launched
TpTrace Verbose: 0 : 10336, 7, 2022/12/05, 02:01:41.882, 5743306273477, vstest.console.dll, MulticastDelegateUtilities.SafeInvoke: HostProviderEvents.OnHostLaunched: Invoking callback 2/2 for Microsoft.VisualStudio.TestPlatform.CrossPlatEngine.Client.ProxyOperationManager., took 0 ms.
TpTrace Verbose: 0 : 10336, 7, 2022/12/05, 02:01:41.882, 5743306274902, vstest.console.dll, TestRequestSender.WaitForRequestHandlerConnection: waiting for connection with timeout: 90000.
TpTrace Verbose: 0 : 10336, 7, 2022/12/05, 02:01:42.043, 5743307883131, vstest.console.dll, TestRequestSender.WaitForRequestHandlerConnection: waiting took 160 ms, with timeout 90000 ms, and result 0, which is success.
TpTrace Verbose: 0 : 10336, 12, 2022/12/05, 02:01:42.043, 5743307883166, vstest.console.dll, MulticastDelegateUtilities.SafeInvoke: SocketServer: ClientConnected: Invoking callback 1/1 for Microsoft.VisualStudio.TestPlatform.CommunicationUtilities.TestRequestSender., took 0 ms.
TpTrace Verbose: 0 : 10336, 12, 2022/12/05, 02:01:42.043, 5743307885337, vstest.console.dll, SocketServer.OnClientConnected: Client connected for endPoint: 127.0.0.1:63245, starting MessageLoopAsync:
TpTrace Verbose: 0 : 10336, 12, 2022/12/05, 02:01:42.044, 5743307888916, vstest.console.dll, TcpClientExtensions.MessageLoopAsync: Polling on remoteEndPoint: 127.0.0.1:63246 localEndPoint: 127.0.0.1:63245
TpTrace Verbose: 0 : 10336, 7, 2022/12/05, 02:01:42.044, 5743307892459, vstest.console.dll, TestRequestSender.CheckVersionWithTestHost: Sending check version message: {"MessageType":"ProtocolVersion","Payload":7}
TpTrace Verbose: 0 : 10336, 12, 2022/12/05, 02:01:42.161, 5743309056883, vstest.console.dll, TcpClientExtensions.MessageLoopAsync: NotifyDataAvailable remoteEndPoint: 127.0.0.1:63246 localEndPoint: 127.0.0.1:63245
TpTrace Verbose: 0 : 10336, 12, 2022/12/05, 02:01:42.161, 5743309059300, vstest.console.dll, TestRequestSender.CheckVersionWithTestHost: onMessageReceived received message: (ProtocolVersion) -> {"MessageType":"ProtocolVersion","Payload":7}
TpTrace Verbose: 0 : 10336, 12, 2022/12/05, 02:01:42.161, 5743309065192, vstest.console.dll, MulticastDelegateUtilities.SafeInvoke: LengthPrefixCommunicationChannel: MessageReceived: Invoking callback 1/1 for Microsoft.VisualStudio.TestPlatform.CommunicationUtilities.TestRequestSender+<>c__DisplayClass26_0., took 0 ms.
TpTrace Verbose: 0 : 10336, 12, 2022/12/05, 02:01:42.162, 5743309066425, vstest.console.dll, TcpClientExtensions.MessageLoopAsync: Polling on remoteEndPoint: 127.0.0.1:63246 localEndPoint: 127.0.0.1:63245
TpTrace Verbose: 0 : 10336, 7, 2022/12/05, 02:01:42.162, 5743309066466, vstest.console.dll, TestPluginCache.GetExtensionPaths: Filtered extension paths: 
TpTrace Verbose: 0 : 10336, 7, 2022/12/05, 02:01:42.162, 5743309067629, vstest.console.dll, TestPluginCache.GetExtensionPaths: Added default extension paths: C:\Program Files\dotnet\sdk\7.0.100\Extensions\Microsoft.Diagnostics.NETCore.Client.dll
C:\Program Files\dotnet\sdk\7.0.100\Extensions\Microsoft.TestPlatform.Extensions.BlameDataCollector.dll
C:\Program Files\dotnet\sdk\7.0.100\Extensions\Microsoft.TestPlatform.Extensions.EventLogCollector.dll
C:\Program Files\dotnet\sdk\7.0.100\Extensions\Microsoft.TestPlatform.TestHostRuntimeProvider.dll
C:\Program Files\dotnet\sdk\7.0.100\Extensions\Microsoft.VisualStudio.TestPlatform.Extensions.Html.TestLogger.dll
C:\Program Files\dotnet\sdk\7.0.100\Extensions\Microsoft.VisualStudio.TestPlatform.Extensions.Trx.TestLogger.dll
TpTrace Verbose: 0 : 10336, 7, 2022/12/05, 02:01:42.162, 5743309067936, vstest.console.dll, TestPluginCache.GetExtensionPaths: Added unfilterableExtensionPaths: 
TpTrace Verbose: 0 : 10336, 7, 2022/12/05, 02:01:42.167, 5743309117587, vstest.console.dll, TestRequestSender.InitializeExecution: Sending initialize execution with message: {"Version":7,"MessageType":"TestExecution.Initialize","Payload":["D:\\AN3_SEM1\\DotNet\\ProjectVETClone\\VetAppointment_.NET\\VetAppointment\\VetAppointment.Business.Test\\bin\\Debug\\net7.0\\fine-code-coverage\\build-output\\xunit.runner.visualstudio.dotnetcore.testadapter.dll"]}
TpTrace Warning: 0 : 10336, 7, 2022/12/05, 02:01:42.167, 5743309124308, vstest.console.dll, InferRunSettingsHelper.MakeRunsettingsCompatible: Removing the following settings: TargetPlatform from RunSettings file. To use those settings please move to latest version of Microsoft.NET.Test.Sdk
TpTrace Verbose: 0 : 10336, 12, 2022/12/05, 02:01:42.169, 5743309142145, vstest.console.dll, TcpClientExtensions.MessageLoopAsync: NotifyDataAvailable remoteEndPoint: 127.0.0.1:63246 localEndPoint: 127.0.0.1:63245
TpTrace Verbose: 0 : 10336, 12, 2022/12/05, 02:01:42.170, 5743309148058, vstest.console.dll, TestRequestSender.OnExecutionMessageReceived: Received message: {"Version":7,"MessageType":"TestSession.Message","Payload":{"MessageLevel":0,"Message":"Logging TestHost Diagnostics in file: D:\\AN3_SEM1\\DotNet\\ProjectVETClone\\VetAppointment_.NET\\VetAppointment\\VetAppointment.Business.Test\\bin\\Debug\\net7.0\\fine-code-coverage\\coverage-tool-output\\diagnostics.host.22-12-05_02-01-41_86089_7.log"}}
TpTrace Verbose: 0 : 10336, 12, 2022/12/05, 02:01:42.172, 5743309172971, vstest.console.dll, TestRunRequest:SendTestRunMessage: Starting.
TpTrace Verbose: 0 : 10336, 12, 2022/12/05, 02:01:42.172, 5743309175053, vstest.console.dll, MulticastDelegateUtilities.SafeInvoke: TestRun.LogMessages: Invoking callback 1/1 for Microsoft.VisualStudio.TestPlatform.CommandLine.TestRunResultAggregator., took 0 ms.
TpTrace Information: 0 : 10336, 12, 2022/12/05, 02:01:42.172, 5743309175484, vstest.console.dll, TestRunRequest:SendTestRunMessage: Completed.
TpTrace Verbose: 0 : 10336, 4, 2022/12/05, 02:01:42.172, 5743309175511, vstest.console.dll, MulticastDelegateUtilities.SafeInvoke: InternalTestLoggerEvents.SendTestRunMessage: Invoking callback 1/1 for Microsoft.VisualStudio.TestPlatform.CommandLine.Internal.ConsoleLogger., took 0 ms.
TpTrace Verbose: 0 : 10336, 12, 2022/12/05, 02:01:42.173, 5743309175846, vstest.console.dll, MulticastDelegateUtilities.SafeInvoke: LengthPrefixCommunicationChannel: MessageReceived: Invoking callback 1/1 for Microsoft.VisualStudio.TestPlatform.CommunicationUtilities.TestRequestSender+<>c__DisplayClass31_0., took 3 ms.
TpTrace Verbose: 0 : 10336, 12, 2022/12/05, 02:01:42.173, 5743309177680, vstest.console.dll, TcpClientExtensions.MessageLoopAsync: Polling on remoteEndPoint: 127.0.0.1:63246 localEndPoint: 127.0.0.1:63245
TpTrace Verbose: 0 : 10336, 7, 2022/12/05, 02:01:42.179, 5743309238347, vstest.console.dll, TestRequestSender.StartTestRun: Sending test run with message: {"Version":7,"MessageType":"TestExecution.StartWithSources","Payload":{"AdapterSourceMap":{"_none_":["D:\\AN3_SEM1\\DotNet\\ProjectVETClone\\VetAppointment_.NET\\VetAppointment\\VetAppointment.Business.Test\\bin\\Debug\\net7.0\\fine-code-coverage\\build-output\\VetAppointment.Business.Test.dll"]},"RunSettings":"<RunSettings>\r\n  <RunConfiguration>\r\n    <ResultsDirectory>D:\\AN3_SEM1\\DotNet\\ProjectVETClone\\VetAppointment_.NET\\VetAppointment\\VetAppointment.Business.Test\\bin\\Debug\\net7.0\\fine-code-coverage\\coverage-tool-output</ResultsDirectory>\r\n    <TargetFrameworkVersion>.NETCoreApp,Version=v7.0</TargetFrameworkVersion>\r\n    <DesignMode>False</DesignMode>\r\n    <CollectSourceInformation>False</CollectSourceInformation>\r\n  </RunConfiguration>\r\n  <LoggerRunSettings>\r\n    <Loggers>\r\n      <Logger friendlyName=\"blame\" enabled=\"True\" />\r\n      <Logger friendlyName=\"Console\" uri=\"logger://microsoft/TestPlatform/ConsoleLogger/v1\" assemblyQualifiedName=\"Microsoft.VisualStudio.TestPlatform.CommandLine.Internal.ConsoleLogger, vstest.console, Version=15.0.0.0, Culture=neutral, PublicKeyToken=b03f5f7f11d50a3a\" codeBase=\"C:\\Program Files\\dotnet\\sdk\\7.0.100\\vstest.console.dll\" enabled=\"True\" />\r\n    </Loggers>\r\n  </LoggerRunSettings>\r\n  <DataCollectionRunSettings>\r\n    <DataCollectors>\r\n      <DataCollector friendlyName=\"blame\" enabled=\"True\">\r\n        <Configuration>\r\n          <ResultsDirectory>D:\\AN3_SEM1\\DotNet\\ProjectVETClone\\VetAppointment_.NET\\VetAppointment\\VetAppointment.Business.Test\\bin\\Debug\\net7.0\\fine-code-coverage\\coverage-tool-output</ResultsDirectory>\r\n        </Configuration>\r\n      </DataCollector>\r\n    </DataCollectors>\r\n  </DataCollectionRunSettings>\r\n</RunSettings>","TestExecutionContext":{"FrequencyOfRunStatsChangeEvent":10,"RunStatsChangeEventTimeout":"00:00:01.5000000","InIsolation":false,"KeepAlive":false,"AreTestCaseLevelEventsRequired":false,"IsDebug":false,"TestCaseFilter":null,"FilterOptions":null},"Package":null}}
TpTrace Verbose: 0 : 10336, 12, 2022/12/05, 02:01:42.304, 5743310493604, vstest.console.dll, TcpClientExtensions.MessageLoopAsync: NotifyDataAvailable remoteEndPoint: 127.0.0.1:63246 localEndPoint: 127.0.0.1:63245
TpTrace Verbose: 0 : 10336, 12, 2022/12/05, 02:01:42.305, 5743310496251, vstest.console.dll, TestRequestSender.OnExecutionMessageReceived: Received message: {"Version":7,"MessageType":"TestSession.Message","Payload":{"MessageLevel":0,"Message":"[xUnit.net 00:00:00.00] xUnit.net VSTest Adapter v2.4.5+1caef2f33e (64-bit .NET 7.0.0)"}}
TpTrace Verbose: 0 : 10336, 12, 2022/12/05, 02:01:42.305, 5743310498663, vstest.console.dll, TestRunRequest:SendTestRunMessage: Starting.
TpTrace Verbose: 0 : 10336, 12, 2022/12/05, 02:01:42.305, 5743310499426, vstest.console.dll, MulticastDelegateUtilities.SafeInvoke: TestRun.LogMessages: Invoking callback 1/1 for Microsoft.VisualStudio.TestPlatform.CommandLine.TestRunResultAggregator., took 0 ms.
TpTrace Information: 0 : 10336, 12, 2022/12/05, 02:01:42.305, 5743310499758, vstest.console.dll, TestRunRequest:SendTestRunMessage: Completed.
TpTrace Verbose: 0 : 10336, 12, 2022/12/05, 02:01:42.305, 5743310500057, vstest.console.dll, MulticastDelegateUtilities.SafeInvoke: LengthPrefixCommunicationChannel: MessageReceived: Invoking callback 1/1 for Microsoft.VisualStudio.TestPlatform.CommunicationUtilities.TestRequestSender+<>c__DisplayClass31_0., took 0 ms.
TpTrace Verbose: 0 : 10336, 4, 2022/12/05, 02:01:42.305, 5743310500149, vstest.console.dll, MulticastDelegateUtilities.SafeInvoke: InternalTestLoggerEvents.SendTestRunMessage: Invoking callback 1/1 for Microsoft.VisualStudio.TestPlatform.CommandLine.Internal.ConsoleLogger., took 0 ms.
TpTrace Verbose: 0 : 10336, 12, 2022/12/05, 02:01:42.305, 5743310500881, vstest.console.dll, TcpClientExtensions.MessageLoopAsync: Polling on remoteEndPoint: 127.0.0.1:63246 localEndPoint: 127.0.0.1:63245
TpTrace Verbose: 0 : 10336, 12, 2022/12/05, 02:01:42.784, 5743315287531, vstest.console.dll, TcpClientExtensions.MessageLoopAsync: NotifyDataAvailable remoteEndPoint: 127.0.0.1:63246 localEndPoint: 127.0.0.1:63245
TpTrace Verbose: 0 : 10336, 12, 2022/12/05, 02:01:42.784, 5743315289469, vstest.console.dll, TestRequestSender.OnExecutionMessageReceived: Received message: {"Version":7,"MessageType":"TestSession.Message","Payload":{"MessageLevel":0,"Message":"[xUnit.net 00:00:00.48]   Discovering: VetAppointment.Business.Test"}}
TpTrace Verbose: 0 : 10336, 12, 2022/12/05, 02:01:42.784, 5743315291257, vstest.console.dll, TestRunRequest:SendTestRunMessage: Starting.
TpTrace Verbose: 0 : 10336, 12, 2022/12/05, 02:01:42.784, 5743315292098, vstest.console.dll, MulticastDelegateUtilities.SafeInvoke: TestRun.LogMessages: Invoking callback 1/1 for Microsoft.VisualStudio.TestPlatform.CommandLine.TestRunResultAggregator., took 0 ms.
TpTrace Information: 0 : 10336, 12, 2022/12/05, 02:01:42.784, 5743315292483, vstest.console.dll, TestRunRequest:SendTestRunMessage: Completed.
TpTrace Verbose: 0 : 10336, 4, 2022/12/05, 02:01:42.784, 5743315292418, vstest.console.dll, MulticastDelegateUtilities.SafeInvoke: InternalTestLoggerEvents.SendTestRunMessage: Invoking callback 1/1 for Microsoft.VisualStudio.TestPlatform.CommandLine.Internal.ConsoleLogger., took 0 ms.
TpTrace Verbose: 0 : 10336, 12, 2022/12/05, 02:01:42.784, 5743315292855, vstest.console.dll, MulticastDelegateUtilities.SafeInvoke: LengthPrefixCommunicationChannel: MessageReceived: Invoking callback 1/1 for Microsoft.VisualStudio.TestPlatform.CommunicationUtilities.TestRequestSender+<>c__DisplayClass31_0., took 0 ms.
TpTrace Verbose: 0 : 10336, 12, 2022/12/05, 02:01:42.784, 5743315294420, vstest.console.dll, TcpClientExtensions.MessageLoopAsync: Polling on remoteEndPoint: 127.0.0.1:63246 localEndPoint: 127.0.0.1:63245
TpTrace Verbose: 0 : 10336, 12, 2022/12/05, 02:01:42.827, 5743315723056, vstest.console.dll, TcpClientExtensions.MessageLoopAsync: NotifyDataAvailable remoteEndPoint: 127.0.0.1:63246 localEndPoint: 127.0.0.1:63245
TpTrace Verbose: 0 : 10336, 12, 2022/12/05, 02:01:42.827, 5743315725593, vstest.console.dll, TestRequestSender.OnExecutionMessageReceived: Received message: {"Version":7,"MessageType":"TestSession.Message","Payload":{"MessageLevel":0,"Message":"[xUnit.net 00:00:00.52]   Discovered:  VetAppointment.Business.Test"}}
TpTrace Verbose: 0 : 10336, 12, 2022/12/05, 02:01:42.828, 5743315727787, vstest.console.dll, TestRunRequest:SendTestRunMessage: Starting.
TpTrace Verbose: 0 : 10336, 12, 2022/12/05, 02:01:42.828, 5743315728525, vstest.console.dll, MulticastDelegateUtilities.SafeInvoke: TestRun.LogMessages: Invoking callback 1/1 for Microsoft.VisualStudio.TestPlatform.CommandLine.TestRunResultAggregator., took 0 ms.
TpTrace Information: 0 : 10336, 12, 2022/12/05, 02:01:42.828, 5743315728831, vstest.console.dll, TestRunRequest:SendTestRunMessage: Completed.
TpTrace Verbose: 0 : 10336, 4, 2022/12/05, 02:01:42.828, 5743315728851, vstest.console.dll, MulticastDelegateUtilities.SafeInvoke: InternalTestLoggerEvents.SendTestRunMessage: Invoking callback 1/1 for Microsoft.VisualStudio.TestPlatform.CommandLine.Internal.ConsoleLogger., took 0 ms.
TpTrace Verbose: 0 : 10336, 12, 2022/12/05, 02:01:42.828, 5743315729973, vstest.console.dll, MulticastDelegateUtilities.SafeInvoke: LengthPrefixCommunicationChannel: MessageReceived: Invoking callback 1/1 for Microsoft.VisualStudio.TestPlatform.CommunicationUtilities.TestRequestSender+<>c__DisplayClass31_0., took 0 ms.
TpTrace Verbose: 0 : 10336, 12, 2022/12/05, 02:01:42.828, 5743315730668, vstest.console.dll, TcpClientExtensions.MessageLoopAsync: Polling on remoteEndPoint: 127.0.0.1:63246 localEndPoint: 127.0.0.1:63245
TpTrace Verbose: 0 : 10336, 12, 2022/12/05, 02:01:42.830, 5743315751829, vstest.console.dll, TcpClientExtensions.MessageLoopAsync: NotifyDataAvailable remoteEndPoint: 127.0.0.1:63246 localEndPoint: 127.0.0.1:63245
TpTrace Verbose: 0 : 10336, 12, 2022/12/05, 02:01:42.830, 5743315753161, vstest.console.dll, TestRequestSender.OnExecutionMessageReceived: Received message: {"Version":7,"MessageType":"TestSession.Message","Payload":{"MessageLevel":0,"Message":"[xUnit.net 00:00:00.52]   Starting:    VetAppointment.Business.Test"}}
TpTrace Verbose: 0 : 10336, 12, 2022/12/05, 02:01:42.830, 5743315754309, vstest.console.dll, TestRunRequest:SendTestRunMessage: Starting.
TpTrace Verbose: 0 : 10336, 12, 2022/12/05, 02:01:42.830, 5743315754866, vstest.console.dll, MulticastDelegateUtilities.SafeInvoke: TestRun.LogMessages: Invoking callback 1/1 for Microsoft.VisualStudio.TestPlatform.CommandLine.TestRunResultAggregator., took 0 ms.
TpTrace Information: 0 : 10336, 12, 2022/12/05, 02:01:42.830, 5743315755145, vstest.console.dll, TestRunRequest:SendTestRunMessage: Completed.
TpTrace Verbose: 0 : 10336, 4, 2022/12/05, 02:01:42.830, 5743315755110, vstest.console.dll, MulticastDelegateUtilities.SafeInvoke: InternalTestLoggerEvents.SendTestRunMessage: Invoking callback 1/1 for Microsoft.VisualStudio.TestPlatform.CommandLine.Internal.ConsoleLogger., took 0 ms.
TpTrace Verbose: 0 : 10336, 12, 2022/12/05, 02:01:42.830, 5743315755418, vstest.console.dll, MulticastDelegateUtilities.SafeInvoke: LengthPrefixCommunicationChannel: MessageReceived: Invoking callback 1/1 for Microsoft.VisualStudio.TestPlatform.CommunicationUtilities.TestRequestSender+<>c__DisplayClass31_0., took 0 ms.
TpTrace Verbose: 0 : 10336, 12, 2022/12/05, 02:01:42.831, 5743315756786, vstest.console.dll, TcpClientExtensions.MessageLoopAsync: Polling on remoteEndPoint: 127.0.0.1:63246 localEndPoint: 127.0.0.1:63245
TpTrace Verbose: 0 : 10336, 12, 2022/12/05, 02:01:42.998, 5743317432445, vstest.console.dll, TcpClientExtensions.MessageLoopAsync: NotifyDataAvailable remoteEndPoint: 127.0.0.1:63246 localEndPoint: 127.0.0.1:63245
TpTrace Verbose: 0 : 10336, 12, 2022/12/05, 02:01:42.998, 5743317435769, vstest.console.dll, TestRequestSender.OnExecutionMessageReceived: Received message: {"Version":7,"MessageType":"TestExecution.StatsChange","Payload":{"NewTestResults":[{"TestCase":{"Id":"b246fe9b-9963-88d9-6c9a-9d61b0c22926","FullyQualifiedName":"VetAppointment.Business.Test.PetTests.When_CreatePetWithInvalidBirthdate_Then_ShouldReturnFailure","DisplayName":"VetAppointment.Business.Test.PetTests.When_CreatePetWithInvalidBirthdate_Then_ShouldReturnFailure","ExecutorUri":"executor://xunit/VsTestRunner2/netcoreapp","Source":"D:\\AN3_SEM1\\DotNet\\ProjectVETClone\\VetAppointment_.NET\\VetAppointment\\VetAppointment.Business.Test\\bin\\Debug\\net7.0\\fine-code-coverage\\build-output\\VetAppointment.Business.Test.dll","CodeFilePath":null,"LineNumber":0,"Properties":[]},"Attachments":[],"Outcome":1,"ErrorMessage":null,"ErrorStackTrace":null,"DisplayName":"VetAppointment.Business.Test.PetTests.When_CreatePetWithInvalidBirthdate_Then_ShouldReturnFailure","Messages":[],"ComputerName":"DESKTOP-14IIL05","Duration":"00:00:00.0103132","StartTime":"2022-12-05T00:01:42.9224892+00:00","EndTime":"2022-12-05T00:01:42.9225157+00:00","Properties":[]},{"TestCase":{"Id":"55c6a5e6-3e63-aa9d-df3c-7041df703ec8","FullyQualifiedName":"VetAppointment.Business.Test.ValidationTest.When_EmailIsNotValid_Then_ShouldReturnFalse","DisplayName":"VetAppointment.Business.Test.ValidationTest.When_EmailIsNotValid_Then_ShouldReturnFalse","ExecutorUri":"executor://xunit/VsTestRunner2/netcoreapp","Source":"D:\\AN3_SEM1\\DotNet\\ProjectVETClone\\VetAppointment_.NET\\VetAppointment\\VetAppointment.Business.Test\\bin\\Debug\\net7.0\\fine-code-coverage\\build-output\\VetAppointment.Business.Test.dll","CodeFilePath":null,"LineNumber":0,"Properties":[]},"Attachments":[],"Outcome":1,"ErrorMessage":null,"ErrorStackTrace":null,"DisplayName":"VetAppointment.Business.Test.ValidationTest.When_EmailIsNotValid_Then_ShouldReturnFalse","Messages":[],"ComputerName":"DESKTOP-14IIL05","Duration":"00:00:00.0102062","StartTime":"2022-12-05T00:01:42.9399133+00:00","EndTime":"2022-12-05T00:01:42.9399135+00:00","Properties":[]},{"TestCase":{"Id":"686718bb-21c5-6d66-9b43-636337765c09","FullyQualifiedName":"VetAppointment.Business.Test.PetOwnerTests.When_CreatePetOwnerWithInvalidPhoneNumber_Then_ShouldReturnFailure","DisplayName":"VetAppointment.Business.Test.PetOwnerTests.When_CreatePetOwnerWithInvalidPhoneNumber_Then_ShouldReturnFailure","ExecutorUri":"executor://xunit/VsTestRunner2/netcoreapp","Source":"D:\\AN3_SEM1\\DotNet\\ProjectVETClone\\VetAppointment_.NET\\VetAppointment\\VetAppointment.Business.Test\\bin\\Debug\\net7.0\\fine-code-coverage\\build-output\\VetAppointment.Business.Test.dll","CodeFilePath":null,"LineNumber":0,"Properties":[]},"Attachments":[],"Outcome":1,"ErrorMessage":null,"ErrorStackTrace":null,"DisplayName":"VetAppointment.Business.Test.PetOwnerTests.When_CreatePetOwnerWithInvalidPhoneNumber_Then_ShouldReturnFailure","Messages":[],"ComputerName":"DESKTOP-14IIL05","Duration":"00:00:00.0100961","StartTime":"2022-12-05T00:01:42.9429283+00:00","EndTime":"2022-12-05T00:01:42.9429283+00:00","Properties":[]},{"TestCase":{"Id":"26f68f1e-86c5-5f75-7b0b-2b5039010846","FullyQualifiedName":"VetAppointment.Business.Test.VetClinicTests.When_CreateVetClinicWithValidData_Then_ShouldReturnSucceed","DisplayName":"VetAppointment.Business.Test.VetClinicTests.When_CreateVetClinicWithValidData_Then_ShouldReturnSucceed","ExecutorUri":"executor://xunit/VsTestRunner2/netcoreapp","Source":"D:\\AN3_SEM1\\DotNet\\ProjectVETClone\\VetAppointment_.NET\\VetAppointment\\VetAppointment.Business.Test\\bin\\Debug\\net7.0\\fine-code-coverage\\build-output\\VetAppointment.Business.Test.dll","CodeFilePath":null,"LineNumber":0,"Properties":[]},"Attachments":[],"Outcome":1,"ErrorMessage":null,"ErrorStackTrace":null,"DisplayName":"VetAppointment.Business.Test.VetClinicTests.When_CreateVetClinicWithValidData_Then_ShouldReturnSucceed","Messages":[],"ComputerName":"DESKTOP-14IIL05","Duration":"00:00:00.0138342","StartTime":"2022-12-05T00:01:42.9458605+00:00","EndTime":"2022-12-05T00:01:42.9458606+00:00","Properties":[]},{"TestCase":{"Id":"f159bb94-aba9-fe10-cf0b-4f873529e6c8","FullyQualifiedName":"VetAppointment.Business.Test.ValidationTest.When_PhoneNumberIsValid_Then_ShouldReturnTrue","DisplayName":"VetAppointment.Business.Test.ValidationTest.When_PhoneNumberIsValid_Then_ShouldReturnTrue","ExecutorUri":"executor://xunit/VsTestRunner2/netcoreapp","Source":"D:\\AN3_SEM1\\DotNet\\ProjectVETClone\\VetAppointment_.NET\\VetAppointment\\VetAppointment.Business.Test\\bin\\Debug\\net7.0\\fine-code-coverage\\build-output\\VetAppointment.Business.Test.dll","CodeFilePath":null,"LineNumber":0,"Properties":[]},"Attachments":[],"Outcome":1,"ErrorMessage":null,"ErrorStackTrace":null,"DisplayName":"VetAppointment.Business.Test.ValidationTest.When_PhoneNumberIsValid_Then_ShouldReturnTrue","Messages":[],"ComputerName":"DESKTOP-14IIL05","Duration":"00:00:00.0002160","StartTime":"2022-12-05T00:01:42.957706+00:00","EndTime":"2022-12-05T00:01:42.9577063+00:00","Properties":[]},{"TestCase":{"Id":"d17eae1a-0a6e-0a7b-9149-817c1ef65666","FullyQualifiedName":"VetAppointment.Business.Test.VetTets.When_CreateVetWithValidData_Then_ShouldReturnSuccess","DisplayName":"VetAppointment.Business.Test.VetTets.When_CreateVetWithValidData_Then_ShouldReturnSuccess","ExecutorUri":"executor://xunit/VsTestRunner2/netcoreapp","Source":"D:\\AN3_SEM1\\DotNet\\ProjectVETClone\\VetAppointment_.NET\\VetAppointment\\VetAppointment.Business.Test\\bin\\Debug\\net7.0\\fine-code-coverage\\build-output\\VetAppointment.Business.Test.dll","CodeFilePath":null,"LineNumber":0,"Properties":[]},"Attachments":[],"Outcome":1,"ErrorMessage":null,"ErrorStackTrace":null,"DisplayName":"VetAppointment.Business.Test.VetTets.When_CreateVetWithValidData_Then_ShouldReturnSuccess","Messages":[],"ComputerName":"DESKTOP-14IIL05","Duration":"00:00:00.0147632","StartTime":"2022-12-05T00:01:42.9600557+00:00","EndTime":"2022-12-05T00:01:42.9600558+00:00","Properties":[]}],"TestRunStatistics":{"ExecutedTests":6,"Stats":{"Passed":6}},"ActiveTests":[{"Id":"ee610909-1e99-a659-b11c-ea38bc43dfd4","FullyQualifiedName":"VetAppointment.Business.Test.VetClinicTests.When_CreateVetClinicWithInvalidEmail_Then_ShouldReturnFailure","DisplayName":"VetAppointment.Business.Test.VetClinicTests.When_CreateVetClinicWithInvalidEmail_Then_ShouldReturnFailure","ExecutorUri":"executor://xunit/VsTestRunner2/netcoreapp","Source":"D:\\AN3_SEM1\\DotNet\\ProjectVETClone\\VetAppointment_.NET\\VetAppointment\\VetAppointment.Business.Test\\bin\\Debug\\net7.0\\fine-code-coverage\\build-output\\VetAppointment.Business.Test.dll","CodeFilePath":null,"LineNumber":0,"Properties":[]},{"Id":"c72d8da2-22ac-ec62-1f9d-1e6348699c7f","FullyQualifiedName":"VetAppointment.Business.Test.PetTests.When_CreatePetWithInvalidGender_Then_ShouldReturnFailure","DisplayName":"VetAppointment.Business.Test.PetTests.When_CreatePetWithInvalidGender_Then_ShouldReturnFailure","ExecutorUri":"executor://xunit/VsTestRunner2/netcoreapp","Source":"D:\\AN3_SEM1\\DotNet\\ProjectVETClone\\VetAppointment_.NET\\VetAppointment\\VetAppointment.Business.Test\\bin\\Debug\\net7.0\\fine-code-coverage\\build-output\\VetAppointment.Business.Test.dll","CodeFilePath":null,"LineNumber":0,"Properties":[]},{"Id":"5d8da508-8f62-b5a8-70a2-61bb0826dd05","FullyQualifiedName":"VetAppointment.Business.Test.PetOwnerTests.When_RegisterNoPetsToOwner_Then_ShouldReturnFailure","DisplayName":"VetAppointment.Business.Test.PetOwnerTests.When_RegisterNoPetsToOwner_Then_ShouldReturnFailure","ExecutorUri":"executor://xunit/VsTestRunner2/netcoreapp","Source":"D:\\AN3_SEM1\\DotNet\\ProjectVETClone\\VetAppointment_.NET\\VetAppointment\\VetAppointment.Business.Test\\bin\\Debug\\net7.0\\fine-code-coverage\\build-output\\VetAppointment.Business.Test.dll","CodeFilePath":null,"LineNumber":0,"Properties":[]},{"Id":"2dd25af3-2743-74c7-e58a-9dea46da5eb5","FullyQualifiedName":"VetAppointment.Business.Test.VetTets.When_CreateVetWithInvalidGender_Then_ShouldReturnFailure","DisplayName":"VetAppointment.Business.Test.VetTets.When_CreateVetWithInvalidGender_Then_ShouldReturnFailure","ExecutorUri":"executor://xunit/VsTestRunner2/netcoreapp","Source":"D:\\AN3_SEM1\\DotNet\\ProjectVETClone\\VetAppointment_.NET\\VetAppointment\\VetAppointment.Business.Test\\bin\\Debug\\net7.0\\fine-code-coverage\\build-output\\VetAppointment.Business.Test.dll","CodeFilePath":null,"LineNumber":0,"Properties":[]}]}}
TpTrace Verbose: 0 : 10336, 12, 2022/12/05, 02:01:43.031, 5743317762776, vstest.console.dll, TestRunRequest:SendTestRunStatsChange: Starting.
TpTrace Verbose: 0 : 10336, 12, 2022/12/05, 02:01:43.031, 5743317765438, vstest.console.dll, InProgress is VetAppointment.Business.Test.VetClinicTests.When_CreateVetClinicWithInvalidEmail_Then_ShouldReturnFailure
TpTrace Verbose: 0 : 10336, 12, 2022/12/05, 02:01:43.032, 5743317766100, vstest.console.dll, InProgress is VetAppointment.Business.Test.PetTests.When_CreatePetWithInvalidGender_Then_ShouldReturnFailure
TpTrace Verbose: 0 : 10336, 12, 2022/12/05, 02:01:43.032, 5743317766478, vstest.console.dll, InProgress is VetAppointment.Business.Test.PetOwnerTests.When_RegisterNoPetsToOwner_Then_ShouldReturnFailure
TpTrace Verbose: 0 : 10336, 12, 2022/12/05, 02:01:43.032, 5743317766881, vstest.console.dll, InProgress is VetAppointment.Business.Test.VetTets.When_CreateVetWithInvalidGender_Then_ShouldReturnFailure
TpTrace Verbose: 0 : 10336, 12, 2022/12/05, 02:01:43.032, 5743317770406, vstest.console.dll, MulticastDelegateUtilities.SafeInvoke: TestRun.RunStatsChanged: Invoking callbacks was skipped because there are no subscribers.
TpTrace Information: 0 : 10336, 12, 2022/12/05, 02:01:43.032, 5743317771284, vstest.console.dll, TestRunRequest:SendTestRunStatsChange: Completed.
TpTrace Verbose: 0 : 10336, 12, 2022/12/05, 02:01:43.032, 5743317771765, vstest.console.dll, MulticastDelegateUtilities.SafeInvoke: LengthPrefixCommunicationChannel: MessageReceived: Invoking callback 1/1 for Microsoft.VisualStudio.TestPlatform.CommunicationUtilities.TestRequestSender+<>c__DisplayClass31_0., took 33 ms.
TpTrace Verbose: 0 : 10336, 12, 2022/12/05, 02:01:43.032, 5743317772196, vstest.console.dll, TcpClientExtensions.MessageLoopAsync: Polling on remoteEndPoint: 127.0.0.1:63246 localEndPoint: 127.0.0.1:63245
TpTrace Verbose: 0 : 10336, 12, 2022/12/05, 02:01:43.032, 5743317772790, vstest.console.dll, TcpClientExtensions.MessageLoopAsync: NotifyDataAvailable remoteEndPoint: 127.0.0.1:63246 localEndPoint: 127.0.0.1:63245
TpTrace Verbose: 0 : 10336, 12, 2022/12/05, 02:01:43.032, 5743317774637, vstest.console.dll, TestRequestSender.OnExecutionMessageReceived: Received message: {"Version":7,"MessageType":"TestExecution.StatsChange","Payload":{"NewTestResults":[{"TestCase":{"Id":"c72d8da2-22ac-ec62-1f9d-1e6348699c7f","FullyQualifiedName":"VetAppointment.Business.Test.PetTests.When_CreatePetWithInvalidGender_Then_ShouldReturnFailure","DisplayName":"VetAppointment.Business.Test.PetTests.When_CreatePetWithInvalidGender_Then_ShouldReturnFailure","ExecutorUri":"executor://xunit/VsTestRunner2/netcoreapp","Source":"D:\\AN3_SEM1\\DotNet\\ProjectVETClone\\VetAppointment_.NET\\VetAppointment\\VetAppointment.Business.Test\\bin\\Debug\\net7.0\\fine-code-coverage\\build-output\\VetAppointment.Business.Test.dll","CodeFilePath":null,"LineNumber":0,"Properties":[]},"Attachments":[],"Outcome":1,"ErrorMessage":null,"ErrorStackTrace":null,"DisplayName":"VetAppointment.Business.Test.PetTests.When_CreatePetWithInvalidGender_Then_ShouldReturnFailure","Messages":[],"ComputerName":"DESKTOP-14IIL05","Duration":"00:00:00.0004414","StartTime":"2022-12-05T00:01:43.0018006+00:00","EndTime":"2022-12-05T00:01:43.0018011+00:00","Properties":[]},{"TestCase":{"Id":"4839305c-fbee-89ca-f6f8-1d3d407b01e1","FullyQualifiedName":"VetAppointment.Business.Test.ValidationTest.When_EmailIsValid_Then_ShouldReturnTrue","DisplayName":"VetAppointment.Business.Test.ValidationTest.When_EmailIsValid_Then_ShouldReturnTrue","ExecutorUri":"executor://xunit/VsTestRunner2/netcoreapp","Source":"D:\\AN3_SEM1\\DotNet\\ProjectVETClone\\VetAppointment_.NET\\VetAppointment\\VetAppointment.Business.Test\\bin\\Debug\\net7.0\\fine-code-coverage\\build-output\\VetAppointment.Business.Test.dll","CodeFilePath":null,"LineNumber":0,"Properties":[]},"Attachments":[],"Outcome":1,"ErrorMessage":null,"ErrorStackTrace":null,"DisplayName":"VetAppointment.Business.Test.ValidationTest.When_EmailIsValid_Then_ShouldReturnTrue","Messages":[],"ComputerName":"DESKTOP-14IIL05","Duration":"00:00:00.0001887","StartTime":"2022-12-05T00:01:43.0057537+00:00","EndTime":"2022-12-05T00:01:43.0057538+00:00","Properties":[]},{"TestCase":{"Id":"44743009-356c-c59a-e500-1df3373de8d8","FullyQualifiedName":"VetAppointment.Business.Test.ValidationTest.When_PhoneNumberIsNotValid_Then_ShouldReturnFalse","DisplayName":"VetAppointment.Business.Test.ValidationTest.When_PhoneNumberIsNotValid_Then_ShouldReturnFalse","ExecutorUri":"executor://xunit/VsTestRunner2/netcoreapp","Source":"D:\\AN3_SEM1\\DotNet\\ProjectVETClone\\VetAppointment_.NET\\VetAppointment\\VetAppointment.Business.Test\\bin\\Debug\\net7.0\\fine-code-coverage\\build-output\\VetAppointment.Business.Test.dll","CodeFilePath":null,"LineNumber":0,"Properties":[]},"Attachments":[],"Outcome":1,"ErrorMessage":null,"ErrorStackTrace":null,"DisplayName":"VetAppointment.Business.Test.ValidationTest.When_PhoneNumberIsNotValid_Then_ShouldReturnFalse","Messages":[],"ComputerName":"DESKTOP-14IIL05","Duration":"00:00:00.0001414","StartTime":"2022-12-05T00:01:43.0099922+00:00","EndTime":"2022-12-05T00:01:43.0099929+00:00","Properties":[]},{"TestCase":{"Id":"2dd25af3-2743-74c7-e58a-9dea46da5eb5","FullyQualifiedName":"VetAppointment.Business.Test.VetTets.When_CreateVetWithInvalidGender_Then_ShouldReturnFailure","DisplayName":"VetAppointment.Business.Test.VetTets.When_CreateVetWithInvalidGender_Then_ShouldReturnFailure","ExecutorUri":"executor://xunit/VsTestRunner2/netcoreapp","Source":"D:\\AN3_SEM1\\DotNet\\ProjectVETClone\\VetAppointment_.NET\\VetAppointment\\VetAppointment.Business.Test\\bin\\Debug\\net7.0\\fine-code-coverage\\build-output\\VetAppointment.Business.Test.dll","CodeFilePath":null,"LineNumber":0,"Properties":[]},"Attachments":[],"Outcome":1,"ErrorMessage":null,"ErrorStackTrace":null,"DisplayName":"VetAppointment.Business.Test.VetTets.When_CreateVetWithInvalidGender_Then_ShouldReturnFailure","Messages":[],"ComputerName":"DESKTOP-14IIL05","Duration":"00:00:00.0004003","StartTime":"2022-12-05T00:01:43.0122162+00:00","EndTime":"2022-12-05T00:01:43.0122163+00:00","Properties":[]},{"TestCase":{"Id":"ee610909-1e99-a659-b11c-ea38bc43dfd4","FullyQualifiedName":"VetAppointment.Business.Test.VetClinicTests.When_CreateVetClinicWithInvalidEmail_Then_ShouldReturnFailure","DisplayName":"VetAppointment.Business.Test.VetClinicTests.When_CreateVetClinicWithInvalidEmail_Then_ShouldReturnFailure","ExecutorUri":"executor://xunit/VsTestRunner2/netcoreapp","Source":"D:\\AN3_SEM1\\DotNet\\ProjectVETClone\\VetAppointment_.NET\\VetAppointment\\VetAppointment.Business.Test\\bin\\Debug\\net7.0\\fine-code-coverage\\build-output\\VetAppointment.Business.Test.dll","CodeFilePath":null,"LineNumber":0,"Properties":[]},"Attachments":[],"Outcome":1,"ErrorMessage":null,"ErrorStackTrace":null,"DisplayName":"VetAppointment.Business.Test.VetClinicTests.When_CreateVetClinicWithInvalidEmail_Then_ShouldReturnFailure","Messages":[],"ComputerName":"DESKTOP-14IIL05","Duration":"00:00:00.0008586","StartTime":"2022-12-05T00:01:43.0162685+00:00","EndTime":"2022-12-05T00:01:43.0162687+00:00","Properties":[]},{"TestCase":{"Id":"d22da0ca-92ab-195a-36b8-73f0160b4738","FullyQualifiedName":"VetAppointment.Business.Test.VetTets.When_CreateVetWithInvalidPhoneNumber_Then_ShouldReturnFailure","DisplayName":"VetAppointment.Business.Test.VetTets.When_CreateVetWithInvalidPhoneNumber_Then_ShouldReturnFailure","ExecutorUri":"executor://xunit/VsTestRunner2/netcoreapp","Source":"D:\\AN3_SEM1\\DotNet\\ProjectVETClone\\VetAppointment_.NET\\VetAppointment\\VetAppointment.Business.Test\\bin\\Debug\\net7.0\\fine-code-coverage\\build-output\\VetAppointment.Business.Test.dll","CodeFilePath":null,"LineNumber":0,"Properties":[]},"Attachments":[],"Outcome":1,"ErrorMessage":null,"ErrorStackTrace":null,"DisplayName":"VetAppointment.Business.Test.VetTets.When_CreateVetWithInvalidPhoneNumber_Then_ShouldReturnFailure","Messages":[],"ComputerName":"DESKTOP-14IIL05","Duration":"00:00:00.0003525","StartTime":"2022-12-05T00:01:43.0201793+00:00","EndTime":"2022-12-05T00:01:43.0201797+00:00","Properties":[]},{"TestCase":{"Id":"dd2e1da2-164e-029b-14d8-f35339f16a59","FullyQualifiedName":"VetAppointment.Business.Test.VetClinicTests.When_CreateVetClinicWithInvalidPhoneNumber_Then_ShouldReturnFailure","DisplayName":"VetAppointment.Business.Test.VetClinicTests.When_CreateVetClinicWithInvalidPhoneNumber_Then_ShouldReturnFailure","ExecutorUri":"executor://xunit/VsTestRunner2/netcoreapp","Source":"D:\\AN3_SEM1\\DotNet\\ProjectVETClone\\VetAppointment_.NET\\VetAppointment\\VetAppointment.Business.Test\\bin\\Debug\\net7.0\\fine-code-coverage\\build-output\\VetAppointment.Business.Test.dll","CodeFilePath":null,"LineNumber":0,"Properties":[]},"Attachments":[],"Outcome":1,"ErrorMessage":null,"ErrorStackTrace":null,"DisplayName":"VetAppointment.Business.Test.VetClinicTests.When_CreateVetClinicWithInvalidPhoneNumber_Then_ShouldReturnFailure","Messages":[],"ComputerName":"DESKTOP-14IIL05","Duration":"00:00:00.0002805","StartTime":"2022-12-05T00:01:43.0230947+00:00","EndTime":"2022-12-05T00:01:43.0230952+00:00","Properties":[]}],"TestRunStatistics":{"ExecutedTests":13,"Stats":{"Passed":13}},"ActiveTests":[{"Id":"cd0de519-8801-4012-2cfb-e260944152ba","FullyQualifiedName":"VetAppointment.Business.Test.PetTests.When_CreatePet_Then_ShouldReturnPet","DisplayName":"VetAppointment.Business.Test.PetTests.When_CreatePet_Then_ShouldReturnPet","ExecutorUri":"executor://xunit/VsTestRunner2/netcoreapp","Source":"D:\\AN3_SEM1\\DotNet\\ProjectVETClone\\VetAppointment_.NET\\VetAppointment\\VetAppointment.Business.Test\\bin\\Debug\\net7.0\\fine-code-coverage\\build-output\\VetAppointment.Business.Test.dll","CodeFilePath":null,"LineNumber":0,"Properties":[]},{"Id":"a1097898-a7e2-e80e-f1fe-7114c7325807","FullyQualifiedName":"VetAppointment.Business.Test.VetTets.When_CreateVetWithInvalidEmail_Then_ShouldReturnFailure","DisplayName":"VetAppointment.Business.Test.VetTets.When_CreateVetWithInvalidEmail_Then_ShouldReturnFailure","ExecutorUri":"executor://xunit/VsTestRunner2/netcoreapp","Source":"D:\\AN3_SEM1\\DotNet\\ProjectVETClone\\VetAppointment_.NET\\VetAppointment\\VetAppointment.Business.Test\\bin\\Debug\\net7.0\\fine-code-coverage\\build-output\\VetAppointment.Business.Test.dll","CodeFilePath":null,"LineNumber":0,"Properties":[]},{"Id":"755be872-dbf1-4fd9-59c3-fe405e659342","FullyQualifiedName":"VetAppointment.Business.Test.VetClinicTests.When_CreateVetClinicWithInvalidNumberOfPlaces_Then_ShouldReturnFailure","DisplayName":"VetAppointment.Business.Test.VetClinicTests.When_CreateVetClinicWithInvalidNumberOfPlaces_Then_ShouldReturnFailure","ExecutorUri":"executor://xunit/VsTestRunner2/netcoreapp","Source":"D:\\AN3_SEM1\\DotNet\\ProjectVETClone\\VetAppointment_.NET\\VetAppointment\\VetAppointment.Business.Test\\bin\\Debug\\net7.0\\fine-code-coverage\\build-output\\VetAppointment.Business.Test.dll","CodeFilePath":null,"LineNumber":0,"Properties":[]}]}}
TpTrace Verbose: 0 : 10336, 12, 2022/12/05, 02:01:43.034, 5743317789233, vstest.console.dll, TestRunRequest:SendTestRunStatsChange: Starting.
TpTrace Verbose: 0 : 10336, 12, 2022/12/05, 02:01:43.034, 5743317790493, vstest.console.dll, InProgress is VetAppointment.Business.Test.PetTests.When_CreatePet_Then_ShouldReturnPet
TpTrace Verbose: 0 : 10336, 12, 2022/12/05, 02:01:43.034, 5743317791038, vstest.console.dll, InProgress is VetAppointment.Business.Test.VetTets.When_CreateVetWithInvalidEmail_Then_ShouldReturnFailure
TpTrace Verbose: 0 : 10336, 12, 2022/12/05, 02:01:43.034, 5743317791472, vstest.console.dll, InProgress is VetAppointment.Business.Test.VetClinicTests.When_CreateVetClinicWithInvalidNumberOfPlaces_Then_ShouldReturnFailure
TpTrace Verbose: 0 : 10336, 12, 2022/12/05, 02:01:43.034, 5743317792652, vstest.console.dll, MulticastDelegateUtilities.SafeInvoke: TestRun.RunStatsChanged: Invoking callbacks was skipped because there are no subscribers.
TpTrace Information: 0 : 10336, 12, 2022/12/05, 02:01:43.034, 5743317793207, vstest.console.dll, TestRunRequest:SendTestRunStatsChange: Completed.
TpTrace Verbose: 0 : 10336, 12, 2022/12/05, 02:01:43.034, 5743317793677, vstest.console.dll, MulticastDelegateUtilities.SafeInvoke: LengthPrefixCommunicationChannel: MessageReceived: Invoking callback 1/1 for Microsoft.VisualStudio.TestPlatform.CommunicationUtilities.TestRequestSender+<>c__DisplayClass31_0., took 1 ms.
TpTrace Verbose: 0 : 10336, 12, 2022/12/05, 02:01:43.034, 5743317794195, vstest.console.dll, TcpClientExtensions.MessageLoopAsync: Polling on remoteEndPoint: 127.0.0.1:63246 localEndPoint: 127.0.0.1:63245
TpTrace Verbose: 0 : 10336, 4, 2022/12/05, 02:01:43.036, 5743317814351, vstest.console.dll, MulticastDelegateUtilities.SafeInvoke: InternalTestLoggerEvents.SendTestResult: Invoking callback 1/1 for Microsoft.VisualStudio.TestPlatform.CommandLine.Internal.ConsoleLogger., took 4 ms.
TpTrace Verbose: 0 : 10336, 4, 2022/12/05, 02:01:43.037, 5743317818430, vstest.console.dll, MulticastDelegateUtilities.SafeInvoke: InternalTestLoggerEvents.SendTestResult: Invoking callback 1/1 for Microsoft.VisualStudio.TestPlatform.CommandLine.Internal.ConsoleLogger., took 0 ms.
TpTrace Verbose: 0 : 10336, 4, 2022/12/05, 02:01:43.037, 5743317819710, vstest.console.dll, MulticastDelegateUtilities.SafeInvoke: InternalTestLoggerEvents.SendTestResult: Invoking callback 1/1 for Microsoft.VisualStudio.TestPlatform.CommandLine.Internal.ConsoleLogger., took 0 ms.
TpTrace Verbose: 0 : 10336, 4, 2022/12/05, 02:01:43.037, 5743317820288, vstest.console.dll, MulticastDelegateUtilities.SafeInvoke: InternalTestLoggerEvents.SendTestResult: Invoking callback 1/1 for Microsoft.VisualStudio.TestPlatform.CommandLine.Internal.ConsoleLogger., took 0 ms.
TpTrace Verbose: 0 : 10336, 4, 2022/12/05, 02:01:43.037, 5743317820910, vstest.console.dll, MulticastDelegateUtilities.SafeInvoke: InternalTestLoggerEvents.SendTestResult: Invoking callback 1/1 for Microsoft.VisualStudio.TestPlatform.CommandLine.Internal.ConsoleLogger., took 0 ms.
TpTrace Verbose: 0 : 10336, 4, 2022/12/05, 02:01:43.037, 5743317821679, vstest.console.dll, MulticastDelegateUtilities.SafeInvoke: InternalTestLoggerEvents.SendTestResult: Invoking callback 1/1 for Microsoft.VisualStudio.TestPlatform.CommandLine.Internal.ConsoleLogger., took 0 ms.
TpTrace Verbose: 0 : 10336, 4, 2022/12/05, 02:01:43.037, 5743317822357, vstest.console.dll, MulticastDelegateUtilities.SafeInvoke: InternalTestLoggerEvents.SendTestResult: Invoking callback 1/1 for Microsoft.VisualStudio.TestPlatform.CommandLine.Internal.ConsoleLogger., took 0 ms.
TpTrace Verbose: 0 : 10336, 4, 2022/12/05, 02:01:43.037, 5743317822993, vstest.console.dll, MulticastDelegateUtilities.SafeInvoke: InternalTestLoggerEvents.SendTestResult: Invoking callback 1/1 for Microsoft.VisualStudio.TestPlatform.CommandLine.Internal.ConsoleLogger., took 0 ms.
TpTrace Verbose: 0 : 10336, 4, 2022/12/05, 02:01:43.037, 5743317823618, vstest.console.dll, MulticastDelegateUtilities.SafeInvoke: InternalTestLoggerEvents.SendTestResult: Invoking callback 1/1 for Microsoft.VisualStudio.TestPlatform.CommandLine.Internal.ConsoleLogger., took 0 ms.
TpTrace Verbose: 0 : 10336, 4, 2022/12/05, 02:01:43.037, 5743317824229, vstest.console.dll, MulticastDelegateUtilities.SafeInvoke: InternalTestLoggerEvents.SendTestResult: Invoking callback 1/1 for Microsoft.VisualStudio.TestPlatform.CommandLine.Internal.ConsoleLogger., took 0 ms.
TpTrace Verbose: 0 : 10336, 4, 2022/12/05, 02:01:43.037, 5743317824703, vstest.console.dll, MulticastDelegateUtilities.SafeInvoke: InternalTestLoggerEvents.SendTestResult: Invoking callback 1/1 for Microsoft.VisualStudio.TestPlatform.CommandLine.Internal.ConsoleLogger., took 0 ms.
TpTrace Verbose: 0 : 10336, 4, 2022/12/05, 02:01:43.038, 5743317835497, vstest.console.dll, MulticastDelegateUtilities.SafeInvoke: InternalTestLoggerEvents.SendTestResult: Invoking callback 1/1 for Microsoft.VisualStudio.TestPlatform.CommandLine.Internal.ConsoleLogger., took 0 ms.
TpTrace Verbose: 0 : 10336, 4, 2022/12/05, 02:01:43.039, 5743317837037, vstest.console.dll, MulticastDelegateUtilities.SafeInvoke: InternalTestLoggerEvents.SendTestResult: Invoking callback 1/1 for Microsoft.VisualStudio.TestPlatform.CommandLine.Internal.ConsoleLogger., took 0 ms.
TpTrace Verbose: 0 : 10336, 12, 2022/12/05, 02:01:43.048, 5743317927174, vstest.console.dll, TcpClientExtensions.MessageLoopAsync: NotifyDataAvailable remoteEndPoint: 127.0.0.1:63246 localEndPoint: 127.0.0.1:63245
TpTrace Verbose: 0 : 10336, 12, 2022/12/05, 02:01:43.048, 5743317929280, vstest.console.dll, TestRequestSender.OnExecutionMessageReceived: Received message: {"Version":7,"MessageType":"TestExecution.StatsChange","Payload":{"NewTestResults":[{"TestCase":{"Id":"5d8da508-8f62-b5a8-70a2-61bb0826dd05","FullyQualifiedName":"VetAppointment.Business.Test.PetOwnerTests.When_RegisterNoPetsToOwner_Then_ShouldReturnFailure","DisplayName":"VetAppointment.Business.Test.PetOwnerTests.When_RegisterNoPetsToOwner_Then_ShouldReturnFailure","ExecutorUri":"executor://xunit/VsTestRunner2/netcoreapp","Source":"D:\\AN3_SEM1\\DotNet\\ProjectVETClone\\VetAppointment_.NET\\VetAppointment\\VetAppointment.Business.Test\\bin\\Debug\\net7.0\\fine-code-coverage\\build-output\\VetAppointment.Business.Test.dll","CodeFilePath":null,"LineNumber":0,"Properties":[]},"Attachments":[],"Outcome":1,"ErrorMessage":null,"ErrorStackTrace":null,"DisplayName":"VetAppointment.Business.Test.PetOwnerTests.When_RegisterNoPetsToOwner_Then_ShouldReturnFailure","Messages":[],"ComputerName":"DESKTOP-14IIL05","Duration":"00:00:00.0014271","StartTime":"2022-12-05T00:01:43.0277661+00:00","EndTime":"2022-12-05T00:01:43.0277664+00:00","Properties":[]},{"TestCase":{"Id":"755be872-dbf1-4fd9-59c3-fe405e659342","FullyQualifiedName":"VetAppointment.Business.Test.VetClinicTests.When_CreateVetClinicWithInvalidNumberOfPlaces_Then_ShouldReturnFailure","DisplayName":"VetAppointment.Business.Test.VetClinicTests.When_CreateVetClinicWithInvalidNumberOfPlaces_Then_ShouldReturnFailure","ExecutorUri":"executor://xunit/VsTestRunner2/netcoreapp","Source":"D:\\AN3_SEM1\\DotNet\\ProjectVETClone\\VetAppointment_.NET\\VetAppointment\\VetAppointment.Business.Test\\bin\\Debug\\net7.0\\fine-code-coverage\\build-output\\VetAppointment.Business.Test.dll","CodeFilePath":null,"LineNumber":0,"Properties":[]},"Attachments":[],"Outcome":1,"ErrorMessage":null,"ErrorStackTrace":null,"DisplayName":"VetAppointment.Business.Test.VetClinicTests.When_CreateVetClinicWithInvalidNumberOfPlaces_Then_ShouldReturnFailure","Messages":[],"ComputerName":"DESKTOP-14IIL05","Duration":"00:00:00.0002980","StartTime":"2022-12-05T00:01:43.0319734+00:00","EndTime":"2022-12-05T00:01:43.0319739+00:00","Properties":[]},{"TestCase":{"Id":"a1097898-a7e2-e80e-f1fe-7114c7325807","FullyQualifiedName":"VetAppointment.Business.Test.VetTets.When_CreateVetWithInvalidEmail_Then_ShouldReturnFailure","DisplayName":"VetAppointment.Business.Test.VetTets.When_CreateVetWithInvalidEmail_Then_ShouldReturnFailure","ExecutorUri":"executor://xunit/VsTestRunner2/netcoreapp","Source":"D:\\AN3_SEM1\\DotNet\\ProjectVETClone\\VetAppointment_.NET\\VetAppointment\\VetAppointment.Business.Test\\bin\\Debug\\net7.0\\fine-code-coverage\\build-output\\VetAppointment.Business.Test.dll","CodeFilePath":null,"LineNumber":0,"Properties":[]},"Attachments":[],"Outcome":1,"ErrorMessage":null,"ErrorStackTrace":null,"DisplayName":"VetAppointment.Business.Test.VetTets.When_CreateVetWithInvalidEmail_Then_ShouldReturnFailure","Messages":[],"ComputerName":"DESKTOP-14IIL05","Duration":"00:00:00.0004523","StartTime":"2022-12-05T00:01:43.0337447+00:00","EndTime":"2022-12-05T00:01:43.0337447+00:00","Properties":[]},{"TestCase":{"Id":"08fa7fb1-ad22-e9f0-8cb4-1caa2a471c98","FullyQualifiedName":"VetAppointment.Business.Test.PetOwnerTests.When_CreatePetOwner_Then_ShouldReturnPetOwner","DisplayName":"VetAppointment.Business.Test.PetOwnerTests.When_CreatePetOwner_Then_ShouldReturnPetOwner","ExecutorUri":"executor://xunit/VsTestRunner2/netcoreapp","Source":"D:\\AN3_SEM1\\DotNet\\ProjectVETClone\\VetAppointment_.NET\\VetAppointment\\VetAppointment.Business.Test\\bin\\Debug\\net7.0\\fine-code-coverage\\build-output\\VetAppointment.Business.Test.dll","CodeFilePath":null,"LineNumber":0,"Properties":[]},"Attachments":[],"Outcome":1,"ErrorMessage":null,"ErrorStackTrace":null,"DisplayName":"VetAppointment.Business.Test.PetOwnerTests.When_CreatePetOwner_Then_ShouldReturnPetOwner","Messages":[],"ComputerName":"DESKTOP-14IIL05","Duration":"00:00:00.0003834","StartTime":"2022-12-05T00:01:43.0356499+00:00","EndTime":"2022-12-05T00:01:43.03565+00:00","Properties":[]},{"TestCase":{"Id":"eac4a238-093f-05cf-f585-938af1454b34","FullyQualifiedName":"VetAppointment.Business.Test.PetOwnerTests.When_CreatePetOwnerWithInvalidEmail_Then_ShouldReturnFailure","DisplayName":"VetAppointment.Business.Test.PetOwnerTests.When_CreatePetOwnerWithInvalidEmail_Then_ShouldReturnFailure","ExecutorUri":"executor://xunit/VsTestRunner2/netcoreapp","Source":"D:\\AN3_SEM1\\DotNet\\ProjectVETClone\\VetAppointment_.NET\\VetAppointment\\VetAppointment.Business.Test\\bin\\Debug\\net7.0\\fine-code-coverage\\build-output\\VetAppointment.Business.Test.dll","CodeFilePath":null,"LineNumber":0,"Properties":[]},"Attachments":[],"Outcome":1,"ErrorMessage":null,"ErrorStackTrace":null,"DisplayName":"VetAppointment.Business.Test.PetOwnerTests.When_CreatePetOwnerWithInvalidEmail_Then_ShouldReturnFailure","Messages":[],"ComputerName":"DESKTOP-14IIL05","Duration":"00:00:00.0003684","StartTime":"2022-12-05T00:01:43.0388409+00:00","EndTime":"2022-12-05T00:01:43.0388409+00:00","Properties":[]},{"TestCase":{"Id":"be75af25-37ae-c818-cd31-85c8a739efcf","FullyQualifiedName":"VetAppointment.Business.Test.PetOwnerTests.When_CreatePetOwnerWithInvalidBirthdate_Then_ShouldReturnFailure","DisplayName":"VetAppointment.Business.Test.PetOwnerTests.When_CreatePetOwnerWithInvalidBirthdate_Then_ShouldReturnFailure","ExecutorUri":"executor://xunit/VsTestRunner2/netcoreapp","Source":"D:\\AN3_SEM1\\DotNet\\ProjectVETClone\\VetAppointment_.NET\\VetAppointment\\VetAppointment.Business.Test\\bin\\Debug\\net7.0\\fine-code-coverage\\build-output\\VetAppointment.Business.Test.dll","CodeFilePath":null,"LineNumber":0,"Properties":[]},"Attachments":[],"Outcome":1,"ErrorMessage":null,"ErrorStackTrace":null,"DisplayName":"VetAppointment.Business.Test.PetOwnerTests.When_CreatePetOwnerWithInvalidBirthdate_Then_ShouldReturnFailure","Messages":[],"ComputerName":"DESKTOP-14IIL05","Duration":"00:00:00.0002749","StartTime":"2022-12-05T00:01:43.0418881+00:00","EndTime":"2022-12-05T00:01:43.0418884+00:00","Properties":[]},{"TestCase":{"Id":"cd0de519-8801-4012-2cfb-e260944152ba","FullyQualifiedName":"VetAppointment.Business.Test.PetTests.When_CreatePet_Then_ShouldReturnPet","DisplayName":"VetAppointment.Business.Test.PetTests.When_CreatePet_Then_ShouldReturnPet","ExecutorUri":"executor://xunit/VsTestRunner2/netcoreapp","Source":"D:\\AN3_SEM1\\DotNet\\ProjectVETClone\\VetAppointment_.NET\\VetAppointment\\VetAppointment.Business.Test\\bin\\Debug\\net7.0\\fine-code-coverage\\build-output\\VetAppointment.Business.Test.dll","CodeFilePath":null,"LineNumber":0,"Properties":[]},"Attachments":[],"Outcome":1,"ErrorMessage":null,"ErrorStackTrace":null,"DisplayName":"VetAppointment.Business.Test.PetTests.When_CreatePet_Then_ShouldReturnPet","Messages":[],"ComputerName":"DESKTOP-14IIL05","Duration":"00:00:00.0027119","StartTime":"2022-12-05T00:01:43.0444292+00:00","EndTime":"2022-12-05T00:01:43.0444293+00:00","Properties":[]},{"TestCase":{"Id":"475d46b9-7d72-4639-63c0-9b876337e074","FullyQualifiedName":"VetAppointment.Business.Test.PetTests.When_CreatePetWithInvalidSpecie_Then_ShouldReturnFailure","DisplayName":"VetAppointment.Business.Test.PetTests.When_CreatePetWithInvalidSpecie_Then_ShouldReturnFailure","ExecutorUri":"executor://xunit/VsTestRunner2/netcoreapp","Source":"D:\\AN3_SEM1\\DotNet\\ProjectVETClone\\VetAppointment_.NET\\VetAppointment\\VetAppointment.Business.Test\\bin\\Debug\\net7.0\\fine-code-coverage\\build-output\\VetAppointment.Business.Test.dll","CodeFilePath":null,"LineNumber":0,"Properties":[]},"Attachments":[],"Outcome":1,"ErrorMessage":null,"ErrorStackTrace":null,"DisplayName":"VetAppointment.Business.Test.PetTests.When_CreatePetWithInvalidSpecie_Then_ShouldReturnFailure","Messages":[],"ComputerName":"DESKTOP-14IIL05","Duration":"00:00:00.0002098","StartTime":"2022-12-05T00:01:43.0463627+00:00","EndTime":"2022-12-05T00:01:43.0463627+00:00","Properties":[]}],"TestRunStatistics":{"ExecutedTests":21,"Stats":{"Passed":21}},"ActiveTests":[{"Id":"640c60c2-5d14-49c5-7875-7e9ac7814e63","FullyQualifiedName":"VetAppointment.Business.Test.PetOwnerTests.When_RegisterPetsToOwner_Then_ShouldReturnSuccess","DisplayName":"VetAppointment.Business.Test.PetOwnerTests.When_RegisterPetsToOwner_Then_ShouldReturnSuccess","ExecutorUri":"executor://xunit/VsTestRunner2/netcoreapp","Source":"D:\\AN3_SEM1\\DotNet\\ProjectVETClone\\VetAppointment_.NET\\VetAppointment\\VetAppointment.Business.Test\\bin\\Debug\\net7.0\\fine-code-coverage\\build-output\\VetAppointment.Business.Test.dll","CodeFilePath":null,"LineNumber":0,"Properties":[]},{"Id":"4e962a98-3bc4-4217-ab72-b719bd1f28f1","FullyQualifiedName":"VetAppointment.Business.Test.PetTests.When_ConnectPetToOwner_Then_IdShouldNotBeNull","DisplayName":"VetAppointment.Business.Test.PetTests.When_ConnectPetToOwner_Then_IdShouldNotBeNull","ExecutorUri":"executor://xunit/VsTestRunner2/netcoreapp","Source":"D:\\AN3_SEM1\\DotNet\\ProjectVETClone\\VetAppointment_.NET\\VetAppointment\\VetAppointment.Business.Test\\bin\\Debug\\net7.0\\fine-code-coverage\\build-output\\VetAppointment.Business.Test.dll","CodeFilePath":null,"LineNumber":0,"Properties":[]}]}}
TpTrace Verbose: 0 : 10336, 12, 2022/12/05, 02:01:43.048, 5743317934931, vstest.console.dll, TestRunRequest:SendTestRunStatsChange: Starting.
TpTrace Verbose: 0 : 10336, 12, 2022/12/05, 02:01:43.048, 5743317935576, vstest.console.dll, InProgress is VetAppointment.Business.Test.PetOwnerTests.When_RegisterPetsToOwner_Then_ShouldReturnSuccess
TpTrace Verbose: 0 : 10336, 12, 2022/12/05, 02:01:43.049, 5743317935832, vstest.console.dll, InProgress is VetAppointment.Business.Test.PetTests.When_ConnectPetToOwner_Then_IdShouldNotBeNull
TpTrace Verbose: 0 : 10336, 12, 2022/12/05, 02:01:43.049, 5743317936298, vstest.console.dll, MulticastDelegateUtilities.SafeInvoke: TestRun.RunStatsChanged: Invoking callbacks was skipped because there are no subscribers.
TpTrace Information: 0 : 10336, 12, 2022/12/05, 02:01:43.049, 5743317936549, vstest.console.dll, TestRunRequest:SendTestRunStatsChange: Completed.
TpTrace Verbose: 0 : 10336, 12, 2022/12/05, 02:01:43.049, 5743317936972, vstest.console.dll, MulticastDelegateUtilities.SafeInvoke: LengthPrefixCommunicationChannel: MessageReceived: Invoking callback 1/1 for Microsoft.VisualStudio.TestPlatform.CommunicationUtilities.TestRequestSender+<>c__DisplayClass31_0., took 0 ms.
TpTrace Verbose: 0 : 10336, 4, 2022/12/05, 02:01:43.049, 5743317937200, vstest.console.dll, MulticastDelegateUtilities.SafeInvoke: InternalTestLoggerEvents.SendTestResult: Invoking callback 1/1 for Microsoft.VisualStudio.TestPlatform.CommandLine.Internal.ConsoleLogger., took 0 ms.
TpTrace Verbose: 0 : 10336, 12, 2022/12/05, 02:01:43.049, 5743317937527, vstest.console.dll, TcpClientExtensions.MessageLoopAsync: Polling on remoteEndPoint: 127.0.0.1:63246 localEndPoint: 127.0.0.1:63245
TpTrace Verbose: 0 : 10336, 4, 2022/12/05, 02:01:43.049, 5743317938705, vstest.console.dll, MulticastDelegateUtilities.SafeInvoke: InternalTestLoggerEvents.SendTestResult: Invoking callback 1/1 for Microsoft.VisualStudio.TestPlatform.CommandLine.Internal.ConsoleLogger., took 0 ms.
TpTrace Verbose: 0 : 10336, 4, 2022/12/05, 02:01:43.049, 5743317939340, vstest.console.dll, MulticastDelegateUtilities.SafeInvoke: InternalTestLoggerEvents.SendTestResult: Invoking callback 1/1 for Microsoft.VisualStudio.TestPlatform.CommandLine.Internal.ConsoleLogger., took 0 ms.
TpTrace Verbose: 0 : 10336, 4, 2022/12/05, 02:01:43.049, 5743317939726, vstest.console.dll, MulticastDelegateUtilities.SafeInvoke: InternalTestLoggerEvents.SendTestResult: Invoking callback 1/1 for Microsoft.VisualStudio.TestPlatform.CommandLine.Internal.ConsoleLogger., took 0 ms.
TpTrace Verbose: 0 : 10336, 4, 2022/12/05, 02:01:43.049, 5743317940414, vstest.console.dll, MulticastDelegateUtilities.SafeInvoke: InternalTestLoggerEvents.SendTestResult: Invoking callback 1/1 for Microsoft.VisualStudio.TestPlatform.CommandLine.Internal.ConsoleLogger., took 0 ms.
TpTrace Verbose: 0 : 10336, 4, 2022/12/05, 02:01:43.049, 5743317940814, vstest.console.dll, MulticastDelegateUtilities.SafeInvoke: InternalTestLoggerEvents.SendTestResult: Invoking callback 1/1 for Microsoft.VisualStudio.TestPlatform.CommandLine.Internal.ConsoleLogger., took 0 ms.
TpTrace Verbose: 0 : 10336, 4, 2022/12/05, 02:01:43.049, 5743317941277, vstest.console.dll, MulticastDelegateUtilities.SafeInvoke: InternalTestLoggerEvents.SendTestResult: Invoking callback 1/1 for Microsoft.VisualStudio.TestPlatform.CommandLine.Internal.ConsoleLogger., took 0 ms.
TpTrace Verbose: 0 : 10336, 4, 2022/12/05, 02:01:43.049, 5743317941691, vstest.console.dll, MulticastDelegateUtilities.SafeInvoke: InternalTestLoggerEvents.SendTestResult: Invoking callback 1/1 for Microsoft.VisualStudio.TestPlatform.CommandLine.Internal.ConsoleLogger., took 0 ms.
TpTrace Verbose: 0 : 10336, 12, 2022/12/05, 02:01:43.065, 5743318097768, vstest.console.dll, TcpClientExtensions.MessageLoopAsync: NotifyDataAvailable remoteEndPoint: 127.0.0.1:63246 localEndPoint: 127.0.0.1:63245
TpTrace Verbose: 0 : 10336, 12, 2022/12/05, 02:01:43.065, 5743318099407, vstest.console.dll, TestRequestSender.OnExecutionMessageReceived: Received message: {"Version":7,"MessageType":"TestSession.Message","Payload":{"MessageLevel":0,"Message":"[xUnit.net 00:00:00.76]   Finished:    VetAppointment.Business.Test"}}
TpTrace Verbose: 0 : 10336, 12, 2022/12/05, 02:01:43.065, 5743318100766, vstest.console.dll, TestRunRequest:SendTestRunMessage: Starting.
TpTrace Verbose: 0 : 10336, 12, 2022/12/05, 02:01:43.065, 5743318101475, vstest.console.dll, MulticastDelegateUtilities.SafeInvoke: TestRun.LogMessages: Invoking callback 1/1 for Microsoft.VisualStudio.TestPlatform.CommandLine.TestRunResultAggregator., took 0 ms.
TpTrace Information: 0 : 10336, 12, 2022/12/05, 02:01:43.065, 5743318101769, vstest.console.dll, TestRunRequest:SendTestRunMessage: Completed.
TpTrace Verbose: 0 : 10336, 4, 2022/12/05, 02:01:43.065, 5743318101797, vstest.console.dll, MulticastDelegateUtilities.SafeInvoke: InternalTestLoggerEvents.SendTestRunMessage: Invoking callback 1/1 for Microsoft.VisualStudio.TestPlatform.CommandLine.Internal.ConsoleLogger., took 0 ms.
TpTrace Verbose: 0 : 10336, 12, 2022/12/05, 02:01:43.065, 5743318102827, vstest.console.dll, MulticastDelegateUtilities.SafeInvoke: LengthPrefixCommunicationChannel: MessageReceived: Invoking callback 1/1 for Microsoft.VisualStudio.TestPlatform.CommunicationUtilities.TestRequestSender+<>c__DisplayClass31_0., took 0 ms.
TpTrace Verbose: 0 : 10336, 12, 2022/12/05, 02:01:43.065, 5743318103420, vstest.console.dll, TcpClientExtensions.MessageLoopAsync: Polling on remoteEndPoint: 127.0.0.1:63246 localEndPoint: 127.0.0.1:63245
TpTrace Verbose: 0 : 10336, 12, 2022/12/05, 02:01:43.083, 5743318277753, vstest.console.dll, TcpClientExtensions.MessageLoopAsync: NotifyDataAvailable remoteEndPoint: 127.0.0.1:63246 localEndPoint: 127.0.0.1:63245
TpTrace Verbose: 0 : 10336, 12, 2022/12/05, 02:01:43.083, 5743318279781, vstest.console.dll, TestRequestSender.OnExecutionMessageReceived: Received message: {"Version":7,"MessageType":"TestExecution.Completed","Payload":{"TestRunCompleteArgs":{"TestRunStatistics":{"ExecutedTests":25,"Stats":{"Passed":25}},"IsCanceled":false,"IsAborted":false,"Error":null,"AttachmentSets":[],"InvokedDataCollectors":[],"ElapsedTimeInRunningTests":"00:00:00.7701200","Metrics":{},"DiscoveredExtensions":{"TestDiscoverers":["Xunit.Runner.VisualStudio.VsTestRunner, xunit.runner.visualstudio.dotnetcore.testadapter, Version=2.4.0.0, Culture=neutral, PublicKeyToken=8d05b1bb7a6fdb6c"],"TestExecutors":["executor://xunit/VsTestRunner2/netcoreapp"],"TestExecutors2":[],"TestSettingsProviders":[]}},"LastRunTests":{"NewTestResults":[{"TestCase":{"Id":"640c60c2-5d14-49c5-7875-7e9ac7814e63","FullyQualifiedName":"VetAppointment.Business.Test.PetOwnerTests.When_RegisterPetsToOwner_Then_ShouldReturnSuccess","DisplayName":"VetAppointment.Business.Test.PetOwnerTests.When_RegisterPetsToOwner_Then_ShouldReturnSuccess","ExecutorUri":"executor://xunit/VsTestRunner2/netcoreapp","Source":"D:\\AN3_SEM1\\DotNet\\ProjectVETClone\\VetAppointment_.NET\\VetAppointment\\VetAppointment.Business.Test\\bin\\Debug\\net7.0\\fine-code-coverage\\build-output\\VetAppointment.Business.Test.dll","CodeFilePath":null,"LineNumber":0,"Properties":[]},"Attachments":[],"Outcome":1,"ErrorMessage":null,"ErrorStackTrace":null,"DisplayName":"VetAppointment.Business.Test.PetOwnerTests.When_RegisterPetsToOwner_Then_ShouldReturnSuccess","Messages":[],"ComputerName":"DESKTOP-14IIL05","Duration":"00:00:00.0010527","StartTime":"2022-12-05T00:01:43.0493644+00:00","EndTime":"2022-12-05T00:01:43.0493648+00:00","Properties":[]},{"TestCase":{"Id":"560c6e89-a5d2-ab11-2896-e584f8fbb956","FullyQualifiedName":"VetAppointment.Business.Test.PetOwnerTests.When_CreatePetOwnerWithInvalidGender_Then_ShouldReturnFailure","DisplayName":"VetAppointment.Business.Test.PetOwnerTests.When_CreatePetOwnerWithInvalidGender_Then_ShouldReturnFailure","ExecutorUri":"executor://xunit/VsTestRunner2/netcoreapp","Source":"D:\\AN3_SEM1\\DotNet\\ProjectVETClone\\VetAppointment_.NET\\VetAppointment\\VetAppointment.Business.Test\\bin\\Debug\\net7.0\\fine-code-coverage\\build-output\\VetAppointment.Business.Test.dll","CodeFilePath":null,"LineNumber":0,"Properties":[]},"Attachments":[],"Outcome":1,"ErrorMessage":null,"ErrorStackTrace":null,"DisplayName":"VetAppointment.Business.Test.PetOwnerTests.When_CreatePetOwnerWithInvalidGender_Then_ShouldReturnFailure","Messages":[],"ComputerName":"DESKTOP-14IIL05","Duration":"00:00:00.0002293","StartTime":"2022-12-05T00:01:43.058035+00:00","EndTime":"2022-12-05T00:01:43.0580351+00:00","Properties":[]},{"TestCase":{"Id":"4e962a98-3bc4-4217-ab72-b719bd1f28f1","FullyQualifiedName":"VetAppointment.Business.Test.PetTests.When_ConnectPetToOwner_Then_IdShouldNotBeNull","DisplayName":"VetAppointment.Business.Test.PetTests.When_ConnectPetToOwner_Then_IdShouldNotBeNull","ExecutorUri":"executor://xunit/VsTestRunner2/netcoreapp","Source":"D:\\AN3_SEM1\\DotNet\\ProjectVETClone\\VetAppointment_.NET\\VetAppointment\\VetAppointment.Business.Test\\bin\\Debug\\net7.0\\fine-code-coverage\\build-output\\VetAppointment.Business.Test.dll","CodeFilePath":null,"LineNumber":0,"Properties":[]},"Attachments":[],"Outcome":1,"ErrorMessage":null,"ErrorStackTrace":null,"DisplayName":"VetAppointment.Business.Test.PetTests.When_ConnectPetToOwner_Then_IdShouldNotBeNull","Messages":[],"ComputerName":"DESKTOP-14IIL05","Duration":"00:00:00.0006790","StartTime":"2022-12-05T00:01:43.0592037+00:00","EndTime":"2022-12-05T00:01:43.0592038+00:00","Properties":[]},{"TestCase":{"Id":"1fbcfbdf-0ccf-4162-3999-fb74878a4861","FullyQualifiedName":"VetAppointment.Business.Test.PetTests.When_RegisterPetToClinic_Then_IdShouldNotBeNull","DisplayName":"VetAppointment.Business.Test.PetTests.When_RegisterPetToClinic_Then_IdShouldNotBeNull","ExecutorUri":"executor://xunit/VsTestRunner2/netcoreapp","Source":"D:\\AN3_SEM1\\DotNet\\ProjectVETClone\\VetAppointment_.NET\\VetAppointment\\VetAppointment.Business.Test\\bin\\Debug\\net7.0\\fine-code-coverage\\build-output\\VetAppointment.Business.Test.dll","CodeFilePath":null,"LineNumber":0,"Properties":[]},"Attachments":[],"Outcome":1,"ErrorMessage":null,"ErrorStackTrace":null,"DisplayName":"VetAppointment.Business.Test.PetTests.When_RegisterPetToClinic_Then_IdShouldNotBeNull","Messages":[],"ComputerName":"DESKTOP-14IIL05","Duration":"00:00:00.0005856","StartTime":"2022-12-05T00:01:43.0615967+00:00","EndTime":"2022-12-05T00:01:43.0615968+00:00","Properties":[]}],"TestRunStatistics":{"ExecutedTests":25,"Stats":{"Passed":25}},"ActiveTests":[]},"RunAttachments":[],"ExecutorUris":["executor://xunit/VsTestRunner2/netcoreapp"]}}
TpTrace Verbose: 0 : 10336, 12, 2022/12/05, 02:01:43.086, 5743318315806, vstest.console.dll, TestRequestSender.EndSession: Sending end session.
TpTrace Verbose: 0 : 10336, 12, 2022/12/05, 02:01:43.087, 5743318317875, vstest.console.dll, ProxyOperationManager.Close: waiting for test host to exit for 100 ms
TpTrace Warning: 0 : 10336, 11, 2022/12/05, 02:01:43.135, 5743318795887, vstest.console.dll, TestHostManagerCallbacks.ErrorReceivedCallback Test host standard error line: 
TpTrace Verbose: 0 : 10336, 11, 2022/12/05, 02:01:43.155, 5743318996864, vstest.console.dll, TestHostProvider.ExitCallBack: Host exited starting callback.
TpTrace Information: 0 : 10336, 11, 2022/12/05, 02:01:43.155, 5743319000010, vstest.console.dll, TestHostManagerCallbacks.ExitCallBack: Testhost processId: 23580 exited with exitcode: 0 error: ''
TpTrace Verbose: 0 : 10336, 11, 2022/12/05, 02:01:43.155, 5743319001537, vstest.console.dll, DotnetTestHostManager.OnHostExited: invoking OnHostExited callback
TpTrace Verbose: 0 : 10336, 11, 2022/12/05, 02:01:43.155, 5743319002699, vstest.console.dll, CrossPlatEngine.TestHostManagerHostExited: calling on client process exit callback.
TpTrace Information: 0 : 10336, 11, 2022/12/05, 02:01:43.155, 5743319003476, vstest.console.dll, TestRequestSender.OnClientProcessExit: Test host process exited. Standard error: 
TpTrace Information: 0 : 10336, 11, 2022/12/05, 02:01:43.155, 5743319004033, vstest.console.dll, SocketServer.Stop: Stop server endPoint: 127.0.0.1:63245
TpTrace Information: 0 : 10336, 11, 2022/12/05, 02:01:43.155, 5743319004492, vstest.console.dll, SocketServer.Stop: Cancellation requested. Stopping message loop.
TpTrace Information: 0 : 10336, 12, 2022/12/05, 02:01:43.155, 5743319005184, vstest.console.dll, SocketServer.Stop: Stop server endPoint: 127.0.0.1:63245
TpTrace Information: 0 : 10336, 12, 2022/12/05, 02:01:43.156, 5743319006458, vstest.console.dll, SocketServer.Stop: Cancellation requested. Stopping message loop.
TpTrace Verbose: 0 : 10336, 11, 2022/12/05, 02:01:43.156, 5743319006006, vstest.console.dll, MulticastDelegateUtilities.SafeInvoke: HostProviderEvents.OnHostExited: Invoking callback 1/1 for Microsoft.VisualStudio.TestPlatform.CrossPlatEngine.Client.ProxyOperationManager., took 0 ms.
TpTrace Information: 0 : 10336, 12, 2022/12/05, 02:01:43.156, 5743319007362, vstest.console.dll, Closing the connection
TpTrace Verbose: 0 : 10336, 12, 2022/12/05, 02:01:43.156, 5743319013962, vstest.console.dll, ProxyDataCollectionManager.InvokeDataCollectionServiceAction: Starting.
TpTrace Information: 0 : 10336, 12, 2022/12/05, 02:01:43.156, 5743319015736, vstest.console.dll, ProxyDataCollectionManager.AfterTestRunEnd: Get attachment set and invoked data collectors processId: 24300 port: 63242
TpTrace Verbose: 0 : 10336, 12, 2022/12/05, 02:01:43.157, 5743319016601, vstest.console.dll, DataCollectionRequestSender.SendAfterTestRunStartAndGetResult: Send AfterTestRunEnd message with isCancelled: False
TpTrace Verbose: 0 : 10336, 12, 2022/12/05, 02:01:43.168, 5743319133714, vstest.console.dll, DataCollectionRequestSender.SendAfterTestRunStartAndGetResult: Received message: (DataCollection.AfterTestRunEndResult) -> {"MessageType":"DataCollection.AfterTestRunEndResult","Payload":{"AttachmentSets":[],"InvokedDataCollectors":[{"Uri":"datacollector://Microsoft/TestPlatform/Extensions/Blame/v1","FriendlyName":"Blame","AssemblyQualifiedName":"Microsoft.TestPlatform.Extensions.BlameDataCollector.BlameCollector, Microsoft.TestPlatform.Extensions.BlameDataCollector, Version=15.0.0.0, Culture=neutral, PublicKeyToken=b03f5f7f11d50a3a","FilePath":"C:\\Program Files\\dotnet\\sdk\\7.0.100\\Extensions\\Microsoft.TestPlatform.Extensions.BlameDataCollector.dll","HasAttachmentProcessor":false}],"Metrics":{}}}
TpTrace Information: 0 : 10336, 12, 2022/12/05, 02:01:43.178, 5743319229145, vstest.console.dll, ProxyDataCollectionManager.InvokeDataCollectionServiceAction: Completed.
TpTrace Warning: 0 : 10336, 9, 2022/12/05, 02:01:43.191, 5743319356728, vstest.console.dll, DataCollectionLauncher.ErrorReceivedCallback datacollector standard error line: 
TpTrace Information: 0 : 10336, 9, 2022/12/05, 02:01:43.198, 5743319429893, vstest.console.dll, DataCollectionLauncher.ExitCallBack: Data collector exited with exitcode: 0 error: ''
TpTrace Verbose: 0 : 10336, 12, 2022/12/05, 02:01:43.230, 5743319753297, vstest.console.dll, TestRunRequest:SendTestRunStatsChange: Starting.
TpTrace Verbose: 0 : 10336, 12, 2022/12/05, 02:01:43.230, 5743319754677, vstest.console.dll, MulticastDelegateUtilities.SafeInvoke: TestRun.RunStatsChanged: Invoking callbacks was skipped because there are no subscribers.
TpTrace Information: 0 : 10336, 12, 2022/12/05, 02:01:43.230, 5743319755303, vstest.console.dll, TestRunRequest:SendTestRunStatsChange: Completed.
TpTrace Verbose: 0 : 10336, 4, 2022/12/05, 02:01:43.231, 5743319756071, vstest.console.dll, MulticastDelegateUtilities.SafeInvoke: InternalTestLoggerEvents.SendTestResult: Invoking callback 1/1 for Microsoft.VisualStudio.TestPlatform.CommandLine.Internal.ConsoleLogger., took 0 ms.
TpTrace Verbose: 0 : 10336, 4, 2022/12/05, 02:01:43.231, 5743319757120, vstest.console.dll, MulticastDelegateUtilities.SafeInvoke: InternalTestLoggerEvents.SendTestResult: Invoking callback 1/1 for Microsoft.VisualStudio.TestPlatform.CommandLine.Internal.ConsoleLogger., took 0 ms.
TpTrace Verbose: 0 : 10336, 4, 2022/12/05, 02:01:43.231, 5743319757688, vstest.console.dll, MulticastDelegateUtilities.SafeInvoke: InternalTestLoggerEvents.SendTestResult: Invoking callback 1/1 for Microsoft.VisualStudio.TestPlatform.CommandLine.Internal.ConsoleLogger., took 0 ms.
TpTrace Verbose: 0 : 10336, 4, 2022/12/05, 02:01:43.231, 5743319758168, vstest.console.dll, MulticastDelegateUtilities.SafeInvoke: InternalTestLoggerEvents.SendTestResult: Invoking callback 1/1 for Microsoft.VisualStudio.TestPlatform.CommandLine.Internal.ConsoleLogger., took 0 ms.
TpTrace Verbose: 0 : 10336, 12, 2022/12/05, 02:01:43.231, 5743319759907, vstest.console.dll, ParallelProxyExecutionManager: HandlePartialRunComplete: Total completed clients = 1, Run complete = True, Run canceled: False.
TpTrace Verbose: 0 : 10336, 4, 2022/12/05, 02:01:43.243, 5743319884974, vstest.console.dll, MulticastDelegateUtilities.SafeInvoke: InternalTestLoggerEvents.SendTestRunComplete: Invoking callback 1/2 for Microsoft.TestPlatform.Extensions.BlameDataCollector.BlameLogger., took 0 ms.
TpTrace Verbose: 0 : 10336, 4, 2022/12/05, 02:01:43.251, 5743319956058, vstest.console.dll, MulticastDelegateUtilities.SafeInvoke: InternalTestLoggerEvents.SendTestRunComplete: Invoking callback 2/2 for Microsoft.VisualStudio.TestPlatform.CommandLine.Internal.ConsoleLogger., took 6 ms.
TpTrace Verbose: 0 : 10336, 12, 2022/12/05, 02:01:43.251, 5743319962009, vstest.console.dll, TestRunRequest:TestRunComplete: Starting. IsAborted:False IsCanceled:False.
TpTrace Verbose: 0 : 10336, 12, 2022/12/05, 02:01:43.253, 5743319985509, vstest.console.dll, TestLoggerManager.HandleTestRunComplete: Ignoring as the object is disposed.
TpTrace Verbose: 0 : 10336, 12, 2022/12/05, 02:01:43.254, 5743319992408, vstest.console.dll, MulticastDelegateUtilities.SafeInvoke: TestRun.TestRunComplete: Invoking callback 1/2 for Microsoft.VisualStudio.TestPlatform.CommandLine.TestRunResultAggregator., took 0 ms.
TpTrace Verbose: 0 : 10336, 12, 2022/12/05, 02:01:43.254, 5743319995098, vstest.console.dll, MulticastDelegateUtilities.SafeInvoke: TestRun.TestRunComplete: Invoking callback 2/2 for Microsoft.VisualStudio.TestPlatform.CommandLine.Processors.RunTestsArgumentExecutor+TestRunRequestEventsRegistrar., took 0 ms.
TpTrace Information: 0 : 10336, 12, 2022/12/05, 02:01:43.255, 5743319996534, vstest.console.dll, TestRunRequest:TestRunComplete: Completed.
TpTrace Verbose: 0 : 10336, 12, 2022/12/05, 02:01:43.255, 5743319996999, vstest.console.dll, TestRequestSender.SetOperationComplete: Setting operation complete.
TpTrace Information: 0 : 10336, 12, 2022/12/05, 02:01:43.255, 5743319997376, vstest.console.dll, SocketServer.Stop: Stop server endPoint: 127.0.0.1:63245
TpTrace Verbose: 0 : 10336, 1, 2022/12/05, 02:01:43.255, 5743319997475, vstest.console.dll, TestRunRequest.Dispose: Starting.
TpTrace Information: 0 : 10336, 12, 2022/12/05, 02:01:43.255, 5743319997690, vstest.console.dll, SocketServer.Stop: Cancellation requested. Stopping message loop.
TpTrace Information: 0 : 10336, 1, 2022/12/05, 02:01:43.255, 5743319999113, vstest.console.dll, TestRunRequest.Dispose: Completed.
TpTrace Verbose: 0 : 10336, 12, 2022/12/05, 02:01:43.255, 5743320000106, vstest.console.dll, MulticastDelegateUtilities.SafeInvoke: LengthPrefixCommunicationChannel: MessageReceived: Invoking callback 1/1 for Microsoft.VisualStudio.TestPlatform.CommunicationUtilities.TestRequestSender+<>c__DisplayClass31_0., took 172 ms.
TpTrace Information: 0 : 10336, 12, 2022/12/05, 02:01:43.255, 5743320002638, vstest.console.dll, SocketServer.PrivateStop: Stopping server endPoint: 127.0.0.1:63245 error: 
TpTrace Information: 0 : 10336, 1, 2022/12/05, 02:01:43.255, 5743320001661, vstest.console.dll, TestRequestManager.RunTests: run tests completed.
TpTrace Information: 0 : 10336, 1, 2022/12/05, 02:01:43.255, 5743320005000, vstest.console.dll, RunTestsArgumentProcessor:Execute: Test run is completed.
TpTrace Verbose: 0 : 10336, 1, 2022/12/05, 02:01:43.256, 5743320007527, vstest.console.dll, Executor.Execute: Exiting with exit code of 0
TpTrace Verbose: 0 : 10336, 12, 2022/12/05, 02:01:43.256, 5743320007521, vstest.console.dll, LengthPrefixCommunicationChannel.Dispose: Dispose reader and writer.
TpTrace Information: 0 : 10336, 12, 2022/12/05, 02:01:43.256, 5743320010196, vstest.console.dll, SocketServer.Stop: Raise disconnected event endPoint: 127.0.0.1:63245 error: 
TpTrace Verbose: 0 : 10336, 12, 2022/12/05, 02:01:43.256, 5743320011896, vstest.console.dll, TestRequestSender: OnTestRunAbort: Operation is already complete. Skip error message.
TpTrace Verbose: 0 : 10336, 12, 2022/12/05, 02:01:43.256, 5743320012448, vstest.console.dll, MulticastDelegateUtilities.SafeInvoke: SocketServer: ClientDisconnected: Invoking callback 1/1 for Microsoft.VisualStudio.TestPlatform.CommunicationUtilities.TestRequestSender., took 0 ms.
TpTrace Verbose: 0 : 10336, 12, 2022/12/05, 02:01:43.256, 5743320012801, vstest.console.dll, TcpClientExtensions.MessageLoopAsync: exiting MessageLoopAsync remoteEndPoint: 127.0.0.1:63246 localEndPoint: 127.0.0.1:63245
