TpTrace Verbose: 0 : 15864, 1, 2022/12/05, 16:36:50.970, 13829424049, vstest.console.dll, Version: 17.4.0-release-20221019-01 Current process architecture: X64
TpTrace Verbose: 0 : 15864, 1, 2022/12/05, 16:36:50.972, 13829444652, vstest.console.dll, Runtime location: C:\Program Files\dotnet\shared\Microsoft.NETCore.App\7.0.0
TpTrace Verbose: 0 : 15864, 1, 2022/12/05, 16:36:50.976, 13829482538, vstest.console.dll, ArtifactProcessingPostProcessModeProcessorExecutor.Initialize: ArtifactProcessingMode.Collect
TpTrace Verbose: 0 : 15864, 1, 2022/12/05, 16:36:50.976, 13829484286, vstest.console.dll, TestSessionCorrelationIdProcessorModeProcessorExecutor.Initialize: TestSessionCorrelationId '12712_65ce65cc-8dcf-4703-8d07-2293d300f461'
TpTrace Information: 0 : 15864, 1, 2022/12/05, 16:36:50.987, 13829591918, vstest.console.dll, FilePatternParser: The given file D:\.NET\VetAppointment - Working\VetAppointment.Integration.Test\bin\Debug\net7.0\fine-code-coverage\build-output\VetAppointment.Integration.Test.dll is a full path.
TpTrace Verbose: 0 : 15864, 1, 2022/12/05, 16:36:50.994, 13829660143, vstest.console.dll, TestPluginCache.DiscoverTestExtensions: finding test extensions in assemblies ends with: RuntimeProvider.dll TPluginInfo: Microsoft.VisualStudio.TestPlatform.Common.ExtensionFramework.Utilities.TestRuntimePluginInformation TExtension: Microsoft.VisualStudio.TestPlatform.ObjectModel.Host.ITestRuntimeProvider
TpTrace Verbose: 0 : 15864, 1, 2022/12/05, 16:36:50.994, 13829662632, vstest.console.dll, TestPluginCache.GetExtensionPaths: Filtered extension paths: 
TpTrace Verbose: 0 : 15864, 1, 2022/12/05, 16:36:50.994, 13829663594, vstest.console.dll, TestPluginCache.GetExtensionPaths: Added default extension paths: C:\Program Files\dotnet\sdk\7.0.100\Extensions\Microsoft.Diagnostics.NETCore.Client.dll
C:\Program Files\dotnet\sdk\7.0.100\Extensions\Microsoft.TestPlatform.Extensions.BlameDataCollector.dll
C:\Program Files\dotnet\sdk\7.0.100\Extensions\Microsoft.TestPlatform.Extensions.EventLogCollector.dll
C:\Program Files\dotnet\sdk\7.0.100\Extensions\Microsoft.TestPlatform.TestHostRuntimeProvider.dll
C:\Program Files\dotnet\sdk\7.0.100\Extensions\Microsoft.VisualStudio.TestPlatform.Extensions.Html.TestLogger.dll
C:\Program Files\dotnet\sdk\7.0.100\Extensions\Microsoft.VisualStudio.TestPlatform.Extensions.Trx.TestLogger.dll
TpTrace Verbose: 0 : 15864, 1, 2022/12/05, 16:36:50.994, 13829664037, vstest.console.dll, TestPluginCache.GetExtensionPaths: Added unfilterableExtensionPaths: 
TpTrace Information: 0 : 15864, 1, 2022/12/05, 16:36:50.995, 13829672726, vstest.console.dll, AssemblyResolver.ctor: Creating AssemblyResolver with searchDirectories C:\Program Files\dotnet\sdk\7.0.100\Extensions,C:\Program Files\dotnet\sdk\7.0.100
TpTrace Verbose: 0 : 15864, 1, 2022/12/05, 16:36:50.996, 13829684742, vstest.console.dll, TestPluginCache.DiscoverTestExtensions: Discovering the extensions using extension path.
TpTrace Verbose: 0 : 15864, 1, 2022/12/05, 16:36:50.997, 13829686366, vstest.console.dll, TestPluginCache.GetExtensionPaths: Filtered extension paths: 
TpTrace Verbose: 0 : 15864, 1, 2022/12/05, 16:36:50.997, 13829687033, vstest.console.dll, TestPluginCache.GetExtensionPaths: Added default extension paths: C:\Program Files\dotnet\sdk\7.0.100\Extensions\Microsoft.Diagnostics.NETCore.Client.dll
C:\Program Files\dotnet\sdk\7.0.100\Extensions\Microsoft.TestPlatform.Extensions.BlameDataCollector.dll
C:\Program Files\dotnet\sdk\7.0.100\Extensions\Microsoft.TestPlatform.Extensions.EventLogCollector.dll
C:\Program Files\dotnet\sdk\7.0.100\Extensions\Microsoft.TestPlatform.TestHostRuntimeProvider.dll
C:\Program Files\dotnet\sdk\7.0.100\Extensions\Microsoft.VisualStudio.TestPlatform.Extensions.Html.TestLogger.dll
C:\Program Files\dotnet\sdk\7.0.100\Extensions\Microsoft.VisualStudio.TestPlatform.Extensions.Trx.TestLogger.dll
TpTrace Verbose: 0 : 15864, 1, 2022/12/05, 16:36:50.997, 13829687390, vstest.console.dll, TestPluginCache.GetExtensionPaths: Added unfilterableExtensionPaths: 
TpTrace Verbose: 0 : 15864, 1, 2022/12/05, 16:36:50.997, 13829688604, vstest.console.dll, TestPluginCache.DiscoverTestExtensions: Discovering the extensions using allExtensionPaths: C:\Program Files\dotnet\sdk\7.0.100\Extensions\Microsoft.Diagnostics.NETCore.Client.dll
C:\Program Files\dotnet\sdk\7.0.100\Extensions\Microsoft.TestPlatform.Extensions.BlameDataCollector.dll
C:\Program Files\dotnet\sdk\7.0.100\Extensions\Microsoft.TestPlatform.Extensions.EventLogCollector.dll
C:\Program Files\dotnet\sdk\7.0.100\Extensions\Microsoft.TestPlatform.TestHostRuntimeProvider.dll
C:\Program Files\dotnet\sdk\7.0.100\Extensions\Microsoft.VisualStudio.TestPlatform.Extensions.Html.TestLogger.dll
C:\Program Files\dotnet\sdk\7.0.100\Extensions\Microsoft.VisualStudio.TestPlatform.Extensions.Trx.TestLogger.dll
TpTrace Information: 0 : 15864, 1, 2022/12/05, 16:36:50.997, 13829690229, vstest.console.dll, AssemblyResolver.AddSearchDirectories: Adding more searchDirectories C:\Program Files\dotnet\sdk\7.0.100\Extensions,C:\Program Files\dotnet\sdk\7.0.100
TpTrace Information: 0 : 15864, 1, 2022/12/05, 16:36:50.997, 13829690928, vstest.console.dll, AssemblyResolver.AddSearchDirectories: Adding more searchDirectories C:\Program Files\dotnet\sdk\7.0.100\Extensions,C:\Program Files\dotnet\sdk\7.0.100
TpTrace Information: 0 : 15864, 1, 2022/12/05, 16:36:50.997, 13829691307, vstest.console.dll, AssemblyResolver.AddSearchDirectories: Adding more searchDirectories C:\Program Files\dotnet\sdk\7.0.100\Extensions,C:\Program Files\dotnet\sdk\7.0.100
TpTrace Information: 0 : 15864, 1, 2022/12/05, 16:36:50.997, 13829691642, vstest.console.dll, AssemblyResolver.AddSearchDirectories: Adding more searchDirectories C:\Program Files\dotnet\sdk\7.0.100\Extensions,C:\Program Files\dotnet\sdk\7.0.100
TpTrace Information: 0 : 15864, 1, 2022/12/05, 16:36:50.997, 13829692024, vstest.console.dll, AssemblyResolver.AddSearchDirectories: Adding more searchDirectories C:\Program Files\dotnet\sdk\7.0.100\Extensions,C:\Program Files\dotnet\sdk\7.0.100
TpTrace Information: 0 : 15864, 1, 2022/12/05, 16:36:50.997, 13829692365, vstest.console.dll, AssemblyResolver.AddSearchDirectories: Adding more searchDirectories C:\Program Files\dotnet\sdk\7.0.100\Extensions,C:\Program Files\dotnet\sdk\7.0.100
TpTrace Information: 0 : 15864, 1, 2022/12/05, 16:36:50.998, 13829697362, vstest.console.dll, AssemblyResolver.OnResolve: Microsoft.Diagnostics.NETCore.Client: Resolving assembly.
TpTrace Information: 0 : 15864, 1, 2022/12/05, 16:36:50.998, 13829698135, vstest.console.dll, AssemblyResolver.OnResolve: Microsoft.Diagnostics.NETCore.Client: Searching in: 'C:\Program Files\dotnet\sdk\7.0.100\Extensions'.
TpTrace Information: 0 : 15864, 1, 2022/12/05, 16:36:51.006, 13829777296, vstest.console.dll, AssemblyResolver.OnResolve: Microsoft.Diagnostics.NETCore.Client: Loading assembly 'C:\Program Files\dotnet\sdk\7.0.100\Extensions\Microsoft.Diagnostics.NETCore.Client.dll'.
TpTrace Information: 0 : 15864, 1, 2022/12/05, 16:36:51.007, 13829787943, vstest.console.dll, AssemblyResolver.OnResolve: Resolved assembly: Microsoft.Diagnostics.NETCore.Client, from path: C:\Program Files\dotnet\sdk\7.0.100\Extensions\Microsoft.Diagnostics.NETCore.Client.dll
TpTrace Verbose: 0 : 15864, 1, 2022/12/05, 16:36:51.008, 13829802382, vstest.console.dll, MetadataReaderExtensionsHelper: Discovering extensions inside assembly 'Microsoft.Diagnostics.NETCore.Client, Version=0.2.6.42401, Culture=neutral, PublicKeyToken=31bf3856ad364e35' file path 'C:\Program Files\dotnet\sdk\7.0.100\Extensions\Microsoft.Diagnostics.NETCore.Client.dll'
TpTrace Information: 0 : 15864, 1, 2022/12/05, 16:36:51.014, 13829858526, vstest.console.dll, AssemblyResolver.OnResolve: Microsoft.Bcl.AsyncInterfaces: Resolving assembly.
TpTrace Information: 0 : 15864, 1, 2022/12/05, 16:36:51.014, 13829859545, vstest.console.dll, AssemblyResolver.OnResolve: Microsoft.Bcl.AsyncInterfaces: Searching in: 'C:\Program Files\dotnet\sdk\7.0.100\Extensions'.
TpTrace Information: 0 : 15864, 1, 2022/12/05, 16:36:51.014, 13829860433, vstest.console.dll, AssemblyResolver.OnResolve: Microsoft.Bcl.AsyncInterfaces: Assembly path does not exist: 'C:\Program Files\dotnet\sdk\7.0.100\Extensions\Microsoft.Bcl.AsyncInterfaces.dll', returning.
TpTrace Information: 0 : 15864, 1, 2022/12/05, 16:36:51.014, 13829861626, vstest.console.dll, AssemblyResolver.OnResolve: Microsoft.Bcl.AsyncInterfaces: Assembly path does not exist: 'C:\Program Files\dotnet\sdk\7.0.100\Extensions\Microsoft.Bcl.AsyncInterfaces.exe', returning.
TpTrace Information: 0 : 15864, 1, 2022/12/05, 16:36:51.014, 13829862044, vstest.console.dll, AssemblyResolver.OnResolve: Microsoft.Bcl.AsyncInterfaces: Searching in: 'C:\Program Files\dotnet\sdk\7.0.100'.
TpTrace Information: 0 : 15864, 1, 2022/12/05, 16:36:51.014, 13829862659, vstest.console.dll, AssemblyResolver.OnResolve: Microsoft.Bcl.AsyncInterfaces: Assembly path does not exist: 'C:\Program Files\dotnet\sdk\7.0.100\Microsoft.Bcl.AsyncInterfaces.dll', returning.
TpTrace Information: 0 : 15864, 1, 2022/12/05, 16:36:51.014, 13829863247, vstest.console.dll, AssemblyResolver.OnResolve: Microsoft.Bcl.AsyncInterfaces: Assembly path does not exist: 'C:\Program Files\dotnet\sdk\7.0.100\Microsoft.Bcl.AsyncInterfaces.exe', returning.
TpTrace Information: 0 : 15864, 1, 2022/12/05, 16:36:51.014, 13829863644, vstest.console.dll, AssemblyResolver.OnResolve: Microsoft.Bcl.AsyncInterfaces: Failed to load assembly.
TpTrace Verbose: 0 : 15864, 1, 2022/12/05, 16:36:51.014, 13829864066, vstest.console.dll, CurrentDomainAssemblyResolve: Resolving assembly 'Microsoft.Bcl.AsyncInterfaces'.
TpTrace Information: 0 : 15864, 1, 2022/12/05, 16:36:51.014, 13829864736, vstest.console.dll, AssemblyResolver.OnResolve: Microsoft.Bcl.AsyncInterfaces: Resolving assembly.
TpTrace Information: 0 : 15864, 1, 2022/12/05, 16:36:51.014, 13829865187, vstest.console.dll, AssemblyResolver.OnResolve: Microsoft.Bcl.AsyncInterfaces: Resolved from cache.
TpTrace Verbose: 0 : 15864, 1, 2022/12/05, 16:36:51.014, 13829865504, vstest.console.dll, CurrentDomainAssemblyResolve: Resolving assembly 'Microsoft.Bcl.AsyncInterfaces'.
TpTrace Verbose: 0 : 15864, 1, 2022/12/05, 16:36:51.015, 13829865904, vstest.console.dll, CurrentDomainAssemblyResolve: Failed to resolve assembly 'Microsoft.Bcl.AsyncInterfaces'.
TpTrace Verbose: 0 : 15864, 1, 2022/12/05, 16:36:51.015, 13829872785, vstest.console.dll, CurrentDomainAssemblyResolve: Failed to resolve assembly 'Microsoft.Bcl.AsyncInterfaces'.
TpTrace Warning: 0 : 15864, 1, 2022/12/05, 16:36:51.022, 13829944969, vstest.console.dll, TestPluginDiscoverer: Failed to get types from assembly 'Microsoft.Diagnostics.NETCore.Client, Version=0.2.6.42401, Culture=neutral, PublicKeyToken=31bf3856ad364e35'. Error: System.Reflection.ReflectionTypeLoadException: Unable to load one or more of the requested types.
Could not load file or assembly 'Microsoft.Bcl.AsyncInterfaces, Version=1.0.0.0, Culture=neutral, PublicKeyToken=cc7b13ffcd2ddd51'. The system cannot find the file specified.
   at System.Reflection.RuntimeModule.GetTypes(RuntimeModule module)
   at System.Reflection.Assembly.GetTypes()
   at Microsoft.VisualStudio.TestPlatform.Common.ExtensionFramework.TestPluginDiscoverer.GetTestExtensionsFromAssembly[TPluginInfo,TExtension](Assembly assembly, Dictionary`2 pluginInfos, String filePath)
System.IO.FileNotFoundException: Could not load file or assembly 'Microsoft.Bcl.AsyncInterfaces, Version=1.0.0.0, Culture=neutral, PublicKeyToken=cc7b13ffcd2ddd51'. The system cannot find the file specified.
File name: 'Microsoft.Bcl.AsyncInterfaces, Version=1.0.0.0, Culture=neutral, PublicKeyToken=cc7b13ffcd2ddd51'
 ---> System.IO.FileNotFoundException: Could not load file or assembly 'Microsoft.Bcl.AsyncInterfaces, Culture=neutral, PublicKeyToken=null'. The system cannot find the file specified.
File name: 'Microsoft.Bcl.AsyncInterfaces, Culture=neutral, PublicKeyToken=null'
   at System.Reflection.RuntimeAssembly.InternalLoad(AssemblyName assemblyName, StackCrawlMark& stackMark, AssemblyLoadContext assemblyLoadContext, RuntimeAssembly requestingAssembly, Boolean throwOnFileNotFound)
   at System.Reflection.Assembly.Load(AssemblyName assemblyRef)
   at Microsoft.VisualStudio.TestPlatform.Common.ExtensionFramework.TestPluginCache.CurrentDomainAssemblyResolve(Object sender, AssemblyResolveEventArgs args)
   at System.Runtime.Loader.AssemblyLoadContext.GetFirstResolvedAssemblyFromResolvingEvent(AssemblyName assemblyName)
   at System.Runtime.Loader.AssemblyLoadContext.ResolveUsingEvent(AssemblyName assemblyName)
   at System.Runtime.Loader.AssemblyLoadContext.ResolveUsingResolvingEvent(IntPtr gchManagedAssemblyLoadContext, AssemblyName assemblyName)
TpTrace Warning: 0 : 15864, 1, 2022/12/05, 16:36:51.023, 13829949350, vstest.console.dll, LoaderExceptions: System.IO.FileNotFoundException: Could not load file or assembly 'Microsoft.Bcl.AsyncInterfaces, Version=1.0.0.0, Culture=neutral, PublicKeyToken=cc7b13ffcd2ddd51'. The system cannot find the file specified.
File name: 'Microsoft.Bcl.AsyncInterfaces, Version=1.0.0.0, Culture=neutral, PublicKeyToken=cc7b13ffcd2ddd51'
 ---> System.IO.FileNotFoundException: Could not load file or assembly 'Microsoft.Bcl.AsyncInterfaces, Culture=neutral, PublicKeyToken=null'. The system cannot find the file specified.
File name: 'Microsoft.Bcl.AsyncInterfaces, Culture=neutral, PublicKeyToken=null'
   at System.Reflection.RuntimeAssembly.InternalLoad(AssemblyName assemblyName, StackCrawlMark& stackMark, AssemblyLoadContext assemblyLoadContext, RuntimeAssembly requestingAssembly, Boolean throwOnFileNotFound)
   at System.Reflection.Assembly.Load(AssemblyName assemblyRef)
   at Microsoft.VisualStudio.TestPlatform.Common.ExtensionFramework.TestPluginCache.CurrentDomainAssemblyResolve(Object sender, AssemblyResolveEventArgs args)
   at System.Runtime.Loader.AssemblyLoadContext.GetFirstResolvedAssemblyFromResolvingEvent(AssemblyName assemblyName)
   at System.Runtime.Loader.AssemblyLoadContext.ResolveUsingEvent(AssemblyName assemblyName)
   at System.Runtime.Loader.AssemblyLoadContext.ResolveUsingResolvingEvent(IntPtr gchManagedAssemblyLoadContext, AssemblyName assemblyName)
TpTrace Information: 0 : 15864, 1, 2022/12/05, 16:36:51.023, 13829951429, vstest.console.dll, AssemblyResolver.OnResolve: Microsoft.TestPlatform.Extensions.BlameDataCollector: Resolving assembly.
TpTrace Information: 0 : 15864, 1, 2022/12/05, 16:36:51.023, 13829951932, vstest.console.dll, AssemblyResolver.OnResolve: Microsoft.TestPlatform.Extensions.BlameDataCollector: Searching in: 'C:\Program Files\dotnet\sdk\7.0.100\Extensions'.
TpTrace Information: 0 : 15864, 1, 2022/12/05, 16:36:51.024, 13829960084, vstest.console.dll, AssemblyResolver.OnResolve: Microsoft.TestPlatform.Extensions.BlameDataCollector: Loading assembly 'C:\Program Files\dotnet\sdk\7.0.100\Extensions\Microsoft.TestPlatform.Extensions.BlameDataCollector.dll'.
TpTrace Information: 0 : 15864, 1, 2022/12/05, 16:36:51.025, 13829972596, vstest.console.dll, AssemblyResolver.OnResolve: Resolved assembly: Microsoft.TestPlatform.Extensions.BlameDataCollector, from path: C:\Program Files\dotnet\sdk\7.0.100\Extensions\Microsoft.TestPlatform.Extensions.BlameDataCollector.dll
TpTrace Verbose: 0 : 15864, 1, 2022/12/05, 16:36:51.025, 13829973904, vstest.console.dll, MetadataReaderExtensionsHelper: Discovering extensions inside assembly 'Microsoft.TestPlatform.Extensions.BlameDataCollector, Version=15.0.0.0, Culture=neutral, PublicKeyToken=b03f5f7f11d50a3a' file path 'C:\Program Files\dotnet\sdk\7.0.100\Extensions\Microsoft.TestPlatform.Extensions.BlameDataCollector.dll'
TpTrace Information: 0 : 15864, 1, 2022/12/05, 16:36:51.027, 13829993790, vstest.console.dll, AssemblyResolver.OnResolve: Microsoft.TestPlatform.Extensions.EventLogCollector: Resolving assembly.
TpTrace Information: 0 : 15864, 1, 2022/12/05, 16:36:51.027, 13829994777, vstest.console.dll, AssemblyResolver.OnResolve: Microsoft.TestPlatform.Extensions.EventLogCollector: Searching in: 'C:\Program Files\dotnet\sdk\7.0.100\Extensions'.
TpTrace Information: 0 : 15864, 1, 2022/12/05, 16:36:51.028, 13830002697, vstest.console.dll, AssemblyResolver.OnResolve: Microsoft.TestPlatform.Extensions.EventLogCollector: Loading assembly 'C:\Program Files\dotnet\sdk\7.0.100\Extensions\Microsoft.TestPlatform.Extensions.EventLogCollector.dll'.
TpTrace Information: 0 : 15864, 1, 2022/12/05, 16:36:51.029, 13830011047, vstest.console.dll, AssemblyResolver.OnResolve: Resolved assembly: Microsoft.TestPlatform.Extensions.EventLogCollector, from path: C:\Program Files\dotnet\sdk\7.0.100\Extensions\Microsoft.TestPlatform.Extensions.EventLogCollector.dll
TpTrace Verbose: 0 : 15864, 1, 2022/12/05, 16:36:51.029, 13830012048, vstest.console.dll, MetadataReaderExtensionsHelper: Discovering extensions inside assembly 'Microsoft.TestPlatform.Extensions.EventLogCollector, Version=15.0.0.0, Culture=neutral, PublicKeyToken=b03f5f7f11d50a3a' file path 'C:\Program Files\dotnet\sdk\7.0.100\Extensions\Microsoft.TestPlatform.Extensions.EventLogCollector.dll'
TpTrace Information: 0 : 15864, 1, 2022/12/05, 16:36:51.031, 13830035043, vstest.console.dll, AssemblyResolver.OnResolve: Microsoft.TestPlatform.TestHostRuntimeProvider: Resolving assembly.
TpTrace Information: 0 : 15864, 1, 2022/12/05, 16:36:51.032, 13830036011, vstest.console.dll, AssemblyResolver.OnResolve: Microsoft.TestPlatform.TestHostRuntimeProvider: Searching in: 'C:\Program Files\dotnet\sdk\7.0.100\Extensions'.
TpTrace Information: 0 : 15864, 1, 2022/12/05, 16:36:51.032, 13830043307, vstest.console.dll, AssemblyResolver.OnResolve: Microsoft.TestPlatform.TestHostRuntimeProvider: Loading assembly 'C:\Program Files\dotnet\sdk\7.0.100\Extensions\Microsoft.TestPlatform.TestHostRuntimeProvider.dll'.
TpTrace Information: 0 : 15864, 1, 2022/12/05, 16:36:51.033, 13830051594, vstest.console.dll, AssemblyResolver.OnResolve: Resolved assembly: Microsoft.TestPlatform.TestHostRuntimeProvider, from path: C:\Program Files\dotnet\sdk\7.0.100\Extensions\Microsoft.TestPlatform.TestHostRuntimeProvider.dll
TpTrace Verbose: 0 : 15864, 1, 2022/12/05, 16:36:51.033, 13830053563, vstest.console.dll, MetadataReaderExtensionsHelper: Discovering extensions inside assembly 'Microsoft.TestPlatform.TestHostRuntimeProvider, Version=15.0.0.0, Culture=neutral, PublicKeyToken=b03f5f7f11d50a3a' file path 'C:\Program Files\dotnet\sdk\7.0.100\Extensions\Microsoft.TestPlatform.TestHostRuntimeProvider.dll'
TpTrace Information: 0 : 15864, 1, 2022/12/05, 16:36:51.035, 13830074925, vstest.console.dll, GetTestExtensionFromType: Register extension with identifier data 'HostProvider://DefaultTestHost' and type 'Microsoft.VisualStudio.TestPlatform.CrossPlatEngine.Hosting.DefaultTestHostManager, Microsoft.TestPlatform.TestHostRuntimeProvider, Version=15.0.0.0, Culture=neutral, PublicKeyToken=b03f5f7f11d50a3a' inside file 'C:\Program Files\dotnet\sdk\7.0.100\Extensions\Microsoft.TestPlatform.TestHostRuntimeProvider.dll'
TpTrace Information: 0 : 15864, 1, 2022/12/05, 16:36:51.036, 13830077916, vstest.console.dll, GetTestExtensionFromType: Register extension with identifier data 'HostProvider://DotnetTestHost' and type 'Microsoft.VisualStudio.TestPlatform.CrossPlatEngine.Hosting.DotnetTestHostManager, Microsoft.TestPlatform.TestHostRuntimeProvider, Version=15.0.0.0, Culture=neutral, PublicKeyToken=b03f5f7f11d50a3a' inside file 'C:\Program Files\dotnet\sdk\7.0.100\Extensions\Microsoft.TestPlatform.TestHostRuntimeProvider.dll'
TpTrace Information: 0 : 15864, 1, 2022/12/05, 16:36:51.036, 13830078853, vstest.console.dll, AssemblyResolver.OnResolve: Microsoft.VisualStudio.TestPlatform.Extensions.Html.TestLogger: Resolving assembly.
TpTrace Information: 0 : 15864, 1, 2022/12/05, 16:36:51.036, 13830079321, vstest.console.dll, AssemblyResolver.OnResolve: Microsoft.VisualStudio.TestPlatform.Extensions.Html.TestLogger: Searching in: 'C:\Program Files\dotnet\sdk\7.0.100\Extensions'.
TpTrace Information: 0 : 15864, 1, 2022/12/05, 16:36:51.036, 13830085738, vstest.console.dll, AssemblyResolver.OnResolve: Microsoft.VisualStudio.TestPlatform.Extensions.Html.TestLogger: Loading assembly 'C:\Program Files\dotnet\sdk\7.0.100\Extensions\Microsoft.VisualStudio.TestPlatform.Extensions.Html.TestLogger.dll'.
TpTrace Information: 0 : 15864, 1, 2022/12/05, 16:36:51.037, 13830092605, vstest.console.dll, AssemblyResolver.OnResolve: Resolved assembly: Microsoft.VisualStudio.TestPlatform.Extensions.Html.TestLogger, from path: C:\Program Files\dotnet\sdk\7.0.100\Extensions\Microsoft.VisualStudio.TestPlatform.Extensions.Html.TestLogger.dll
TpTrace Verbose: 0 : 15864, 1, 2022/12/05, 16:36:51.037, 13830093593, vstest.console.dll, MetadataReaderExtensionsHelper: Discovering extensions inside assembly 'Microsoft.VisualStudio.TestPlatform.Extensions.Html.TestLogger, Version=15.0.0.0, Culture=neutral, PublicKeyToken=b03f5f7f11d50a3a' file path 'C:\Program Files\dotnet\sdk\7.0.100\Extensions\Microsoft.VisualStudio.TestPlatform.Extensions.Html.TestLogger.dll'
TpTrace Information: 0 : 15864, 1, 2022/12/05, 16:36:51.038, 13830104036, vstest.console.dll, AssemblyResolver.OnResolve: Microsoft.VisualStudio.TestPlatform.Extensions.Trx.TestLogger: Resolving assembly.
TpTrace Information: 0 : 15864, 1, 2022/12/05, 16:36:51.038, 13830104931, vstest.console.dll, AssemblyResolver.OnResolve: Microsoft.VisualStudio.TestPlatform.Extensions.Trx.TestLogger: Searching in: 'C:\Program Files\dotnet\sdk\7.0.100\Extensions'.
TpTrace Information: 0 : 15864, 1, 2022/12/05, 16:36:51.039, 13830110867, vstest.console.dll, AssemblyResolver.OnResolve: Microsoft.VisualStudio.TestPlatform.Extensions.Trx.TestLogger: Loading assembly 'C:\Program Files\dotnet\sdk\7.0.100\Extensions\Microsoft.VisualStudio.TestPlatform.Extensions.Trx.TestLogger.dll'.
TpTrace Information: 0 : 15864, 1, 2022/12/05, 16:36:51.040, 13830118095, vstest.console.dll, AssemblyResolver.OnResolve: Resolved assembly: Microsoft.VisualStudio.TestPlatform.Extensions.Trx.TestLogger, from path: C:\Program Files\dotnet\sdk\7.0.100\Extensions\Microsoft.VisualStudio.TestPlatform.Extensions.Trx.TestLogger.dll
TpTrace Verbose: 0 : 15864, 1, 2022/12/05, 16:36:51.040, 13830119109, vstest.console.dll, MetadataReaderExtensionsHelper: Discovering extensions inside assembly 'Microsoft.VisualStudio.TestPlatform.Extensions.Trx.TestLogger, Version=15.0.0.0, Culture=neutral, PublicKeyToken=b03f5f7f11d50a3a' file path 'C:\Program Files\dotnet\sdk\7.0.100\Extensions\Microsoft.VisualStudio.TestPlatform.Extensions.Trx.TestLogger.dll'
TpTrace Verbose: 0 : 15864, 1, 2022/12/05, 16:36:51.041, 13830134649, vstest.console.dll, TestPluginCache: Discovered the extensions using extension path ''.
TpTrace Verbose: 0 : 15864, 1, 2022/12/05, 16:36:51.041, 13830135723, vstest.console.dll, TestPluginCache: Discoverers are ''.
TpTrace Verbose: 0 : 15864, 1, 2022/12/05, 16:36:51.042, 13830136088, vstest.console.dll, TestPluginCache: Executors are ''.
TpTrace Verbose: 0 : 15864, 1, 2022/12/05, 16:36:51.042, 13830136385, vstest.console.dll, TestPluginCache: Executors2 are ''.
TpTrace Verbose: 0 : 15864, 1, 2022/12/05, 16:36:51.042, 13830136668, vstest.console.dll, TestPluginCache: Setting providers are ''.
TpTrace Verbose: 0 : 15864, 1, 2022/12/05, 16:36:51.042, 13830136955, vstest.console.dll, TestPluginCache: Loggers are ''.
TpTrace Verbose: 0 : 15864, 1, 2022/12/05, 16:36:51.042, 13830138346, vstest.console.dll, TestPluginCache: TestHosts are 'HostProvider://DefaultTestHost,HostProvider://DotnetTestHost'.
TpTrace Verbose: 0 : 15864, 1, 2022/12/05, 16:36:51.042, 13830138793, vstest.console.dll, TestPluginCache: DataCollectors are ''.
TpTrace Information: 0 : 15864, 1, 2022/12/05, 16:36:51.053, 13830250117, vstest.console.dll, RunTestsArgumentProcessor:Execute: Test run is starting.
TpTrace Verbose: 0 : 15864, 1, 2022/12/05, 16:36:51.053, 13830251135, vstest.console.dll, RunTestsArgumentProcessor:Execute: Queuing Test run.
TpTrace Information: 0 : 15864, 1, 2022/12/05, 16:36:51.053, 13830253778, vstest.console.dll, TestRequestManager.RunTests: run tests started.
TpTrace Information: 0 : 15864, 1, 2022/12/05, 16:36:51.055, 13830266619, vstest.console.dll, AssemblyMetadataProvider.GetFrameworkName: Determined framework:'.NETCoreApp,Version=v7.0' for source: 'D:\.NET\VetAppointment - Working\VetAppointment.Integration.Test\bin\Debug\net7.0\fine-code-coverage\build-output\VetAppointment.Integration.Test.dll'
TpTrace Information: 0 : 15864, 1, 2022/12/05, 16:36:51.055, 13830268774, vstest.console.dll, Determined framework for all sources: .NETCoreApp,Version=v7.0
TpTrace Verbose: 0 : 15864, 1, 2022/12/05, 16:36:51.055, 13830273253, vstest.console.dll, TestRequestManager.UpdateRunSettingsIfRequired: Default architecture: X64 IsDefaultTargetArchitecture: True, Current process architecture: X64 OperatingSystem: Windows.
TpTrace Information: 0 : 15864, 1, 2022/12/05, 16:36:51.058, 13830296031, vstest.console.dll, AssemblyMetadataProvider.GetArchitecture: Determined architecture:AnyCPU info for assembly: D:\.NET\VetAppointment - Working\VetAppointment.Integration.Test\bin\Debug\net7.0\fine-code-coverage\build-output\VetAppointment.Integration.Test.dll
TpTrace Information: 0 : 15864, 1, 2022/12/05, 16:36:51.058, 13830296933, vstest.console.dll, Determined platform for source 'D:\.NET\VetAppointment - Working\VetAppointment.Integration.Test\bin\Debug\net7.0\fine-code-coverage\build-output\VetAppointment.Integration.Test.dll' was AnyCPU and it will use the default plaform X64.
TpTrace Information: 0 : 15864, 1, 2022/12/05, 16:36:51.058, 13830297310, vstest.console.dll, None of the sources provided any runnable platform, using the default platform: X64
TpTrace Information: 0 : 15864, 1, 2022/12/05, 16:36:51.058, 13830298404, vstest.console.dll, Platform was updated to 'X64'.
TpTrace Information: 0 : 15864, 1, 2022/12/05, 16:36:51.062, 13830337414, vstest.console.dll, InferRunSettingsHelper.IsTestSettingsEnabled: Unable to navigate to RunSettings/MSTest. Current node: RunSettings
TpTrace Information: 0 : 15864, 1, 2022/12/05, 16:36:51.062, 13830344900, vstest.console.dll, AssemblyResolver.OnResolve: Microsoft.VisualStudio.TestPlatform.Fakes: Resolving assembly.
TpTrace Information: 0 : 15864, 1, 2022/12/05, 16:36:51.062, 13830345582, vstest.console.dll, AssemblyResolver.OnResolve: Microsoft.VisualStudio.TestPlatform.Fakes: Searching in: 'C:\Program Files\dotnet\sdk\7.0.100\Extensions'.
TpTrace Information: 0 : 15864, 1, 2022/12/05, 16:36:51.063, 13830346595, vstest.console.dll, AssemblyResolver.OnResolve: Microsoft.VisualStudio.TestPlatform.Fakes: Assembly path does not exist: 'C:\Program Files\dotnet\sdk\7.0.100\Extensions\Microsoft.VisualStudio.TestPlatform.Fakes.dll', returning.
TpTrace Information: 0 : 15864, 1, 2022/12/05, 16:36:51.063, 13830347261, vstest.console.dll, AssemblyResolver.OnResolve: Microsoft.VisualStudio.TestPlatform.Fakes: Assembly path does not exist: 'C:\Program Files\dotnet\sdk\7.0.100\Extensions\Microsoft.VisualStudio.TestPlatform.Fakes.exe', returning.
TpTrace Information: 0 : 15864, 1, 2022/12/05, 16:36:51.063, 13830347667, vstest.console.dll, AssemblyResolver.OnResolve: Microsoft.VisualStudio.TestPlatform.Fakes: Searching in: 'C:\Program Files\dotnet\sdk\7.0.100'.
TpTrace Information: 0 : 15864, 1, 2022/12/05, 16:36:51.063, 13830348289, vstest.console.dll, AssemblyResolver.OnResolve: Microsoft.VisualStudio.TestPlatform.Fakes: Assembly path does not exist: 'C:\Program Files\dotnet\sdk\7.0.100\Microsoft.VisualStudio.TestPlatform.Fakes.dll', returning.
TpTrace Information: 0 : 15864, 1, 2022/12/05, 16:36:51.063, 13830348890, vstest.console.dll, AssemblyResolver.OnResolve: Microsoft.VisualStudio.TestPlatform.Fakes: Assembly path does not exist: 'C:\Program Files\dotnet\sdk\7.0.100\Microsoft.VisualStudio.TestPlatform.Fakes.exe', returning.
TpTrace Information: 0 : 15864, 1, 2022/12/05, 16:36:51.063, 13830349239, vstest.console.dll, AssemblyResolver.OnResolve: Microsoft.VisualStudio.TestPlatform.Fakes: Failed to load assembly.
TpTrace Information: 0 : 15864, 1, 2022/12/05, 16:36:51.063, 13830351728, vstest.console.dll, Failed to load assembly Microsoft.VisualStudio.TestPlatform.Fakes, Version=17.0.0.0, Culture=neutral. Reason:System.IO.FileNotFoundException: Could not load file or assembly 'Microsoft.VisualStudio.TestPlatform.Fakes, Version=17.0.0.0, Culture=neutral, PublicKeyToken=null'. The system cannot find the file specified.
File name: 'Microsoft.VisualStudio.TestPlatform.Fakes, Version=17.0.0.0, Culture=neutral, PublicKeyToken=null'
   at System.Reflection.RuntimeAssembly.InternalLoad(AssemblyName assemblyName, StackCrawlMark& stackMark, AssemblyLoadContext assemblyLoadContext, RuntimeAssembly requestingAssembly, Boolean throwOnFileNotFound)
   at System.Reflection.Assembly.Load(AssemblyName assemblyRef)
   at Microsoft.VisualStudio.TestPlatform.Common.Utilities.FakesUtilities.LoadTestPlatformAssembly()
TpTrace Verbose: 0 : 15864, 1, 2022/12/05, 16:36:51.067, 13830389230, vstest.console.dll, TestPluginCache.DiscoverTestExtensions: finding test extensions in assemblies ends with: TestLogger.dll TPluginInfo: Microsoft.VisualStudio.TestPlatform.Common.ExtensionFramework.Utilities.TestLoggerPluginInformation TExtension: Microsoft.VisualStudio.TestPlatform.ObjectModel.Client.ITestLogger
TpTrace Verbose: 0 : 15864, 1, 2022/12/05, 16:36:51.067, 13830390530, vstest.console.dll, TestPluginCache.GetExtensionPaths: Filtered extension paths: 
TpTrace Verbose: 0 : 15864, 1, 2022/12/05, 16:36:51.067, 13830391013, vstest.console.dll, TestPluginCache.GetExtensionPaths: Added default extension paths: C:\Program Files\dotnet\sdk\7.0.100\Extensions\Microsoft.Diagnostics.NETCore.Client.dll
C:\Program Files\dotnet\sdk\7.0.100\Extensions\Microsoft.TestPlatform.Extensions.BlameDataCollector.dll
C:\Program Files\dotnet\sdk\7.0.100\Extensions\Microsoft.TestPlatform.Extensions.EventLogCollector.dll
C:\Program Files\dotnet\sdk\7.0.100\Extensions\Microsoft.TestPlatform.TestHostRuntimeProvider.dll
C:\Program Files\dotnet\sdk\7.0.100\Extensions\Microsoft.VisualStudio.TestPlatform.Extensions.Html.TestLogger.dll
C:\Program Files\dotnet\sdk\7.0.100\Extensions\Microsoft.VisualStudio.TestPlatform.Extensions.Trx.TestLogger.dll
TpTrace Verbose: 0 : 15864, 1, 2022/12/05, 16:36:51.067, 13830391395, vstest.console.dll, TestPluginCache.GetExtensionPaths: Added unfilterableExtensionPaths: 
TpTrace Information: 0 : 15864, 1, 2022/12/05, 16:36:51.067, 13830392879, vstest.console.dll, AssemblyResolver.AddSearchDirectories: Adding more searchDirectories C:\Program Files\dotnet\sdk\7.0.100\Extensions,C:\Program Files\dotnet\sdk\7.0.100
TpTrace Verbose: 0 : 15864, 1, 2022/12/05, 16:36:51.067, 13830393384, vstest.console.dll, TestPluginCache.DiscoverTestExtensions: Discovering the extensions using extension path.
TpTrace Verbose: 0 : 15864, 1, 2022/12/05, 16:36:51.067, 13830393766, vstest.console.dll, TestPluginCache.GetExtensionPaths: Filtered extension paths: 
TpTrace Verbose: 0 : 15864, 1, 2022/12/05, 16:36:51.067, 13830394143, vstest.console.dll, TestPluginCache.GetExtensionPaths: Added default extension paths: C:\Program Files\dotnet\sdk\7.0.100\Extensions\Microsoft.Diagnostics.NETCore.Client.dll
C:\Program Files\dotnet\sdk\7.0.100\Extensions\Microsoft.TestPlatform.Extensions.BlameDataCollector.dll
C:\Program Files\dotnet\sdk\7.0.100\Extensions\Microsoft.TestPlatform.Extensions.EventLogCollector.dll
C:\Program Files\dotnet\sdk\7.0.100\Extensions\Microsoft.TestPlatform.TestHostRuntimeProvider.dll
C:\Program Files\dotnet\sdk\7.0.100\Extensions\Microsoft.VisualStudio.TestPlatform.Extensions.Html.TestLogger.dll
C:\Program Files\dotnet\sdk\7.0.100\Extensions\Microsoft.VisualStudio.TestPlatform.Extensions.Trx.TestLogger.dll
TpTrace Verbose: 0 : 15864, 1, 2022/12/05, 16:36:51.067, 13830394479, vstest.console.dll, TestPluginCache.GetExtensionPaths: Added unfilterableExtensionPaths: 
TpTrace Verbose: 0 : 15864, 1, 2022/12/05, 16:36:51.067, 13830394863, vstest.console.dll, TestPluginCache.DiscoverTestExtensions: Discovering the extensions using allExtensionPaths: C:\Program Files\dotnet\sdk\7.0.100\Extensions\Microsoft.Diagnostics.NETCore.Client.dll
C:\Program Files\dotnet\sdk\7.0.100\Extensions\Microsoft.TestPlatform.Extensions.BlameDataCollector.dll
C:\Program Files\dotnet\sdk\7.0.100\Extensions\Microsoft.TestPlatform.Extensions.EventLogCollector.dll
C:\Program Files\dotnet\sdk\7.0.100\Extensions\Microsoft.TestPlatform.TestHostRuntimeProvider.dll
C:\Program Files\dotnet\sdk\7.0.100\Extensions\Microsoft.VisualStudio.TestPlatform.Extensions.Html.TestLogger.dll
C:\Program Files\dotnet\sdk\7.0.100\Extensions\Microsoft.VisualStudio.TestPlatform.Extensions.Trx.TestLogger.dll
TpTrace Information: 0 : 15864, 1, 2022/12/05, 16:36:51.067, 13830395831, vstest.console.dll, AssemblyResolver.AddSearchDirectories: Adding more searchDirectories C:\Program Files\dotnet\sdk\7.0.100\Extensions,C:\Program Files\dotnet\sdk\7.0.100
TpTrace Information: 0 : 15864, 1, 2022/12/05, 16:36:51.068, 13830396336, vstest.console.dll, AssemblyResolver.AddSearchDirectories: Adding more searchDirectories C:\Program Files\dotnet\sdk\7.0.100\Extensions,C:\Program Files\dotnet\sdk\7.0.100
TpTrace Information: 0 : 15864, 1, 2022/12/05, 16:36:51.068, 13830396688, vstest.console.dll, AssemblyResolver.AddSearchDirectories: Adding more searchDirectories C:\Program Files\dotnet\sdk\7.0.100\Extensions,C:\Program Files\dotnet\sdk\7.0.100
TpTrace Information: 0 : 15864, 1, 2022/12/05, 16:36:51.068, 13830397011, vstest.console.dll, AssemblyResolver.AddSearchDirectories: Adding more searchDirectories C:\Program Files\dotnet\sdk\7.0.100\Extensions,C:\Program Files\dotnet\sdk\7.0.100
TpTrace Information: 0 : 15864, 1, 2022/12/05, 16:36:51.068, 13830397365, vstest.console.dll, AssemblyResolver.AddSearchDirectories: Adding more searchDirectories C:\Program Files\dotnet\sdk\7.0.100\Extensions,C:\Program Files\dotnet\sdk\7.0.100
TpTrace Information: 0 : 15864, 1, 2022/12/05, 16:36:51.068, 13830397697, vstest.console.dll, AssemblyResolver.AddSearchDirectories: Adding more searchDirectories C:\Program Files\dotnet\sdk\7.0.100\Extensions,C:\Program Files\dotnet\sdk\7.0.100
TpTrace Verbose: 0 : 15864, 1, 2022/12/05, 16:36:51.068, 13830398790, vstest.console.dll, MetadataReaderExtensionsHelper: Discovering extensions inside assembly 'Microsoft.Diagnostics.NETCore.Client, Version=0.2.6.42401, Culture=neutral, PublicKeyToken=31bf3856ad364e35' file path 'C:\Program Files\dotnet\sdk\7.0.100\Extensions\Microsoft.Diagnostics.NETCore.Client.dll'
TpTrace Information: 0 : 15864, 1, 2022/12/05, 16:36:51.069, 13830409866, vstest.console.dll, AssemblyResolver.OnResolve: Microsoft.Bcl.AsyncInterfaces: Resolving assembly.
TpTrace Information: 0 : 15864, 1, 2022/12/05, 16:36:51.069, 13830410701, vstest.console.dll, AssemblyResolver.OnResolve: Microsoft.Bcl.AsyncInterfaces: Resolved from cache.
TpTrace Verbose: 0 : 15864, 1, 2022/12/05, 16:36:51.069, 13830411057, vstest.console.dll, CurrentDomainAssemblyResolve: Resolving assembly 'Microsoft.Bcl.AsyncInterfaces'.
TpTrace Information: 0 : 15864, 1, 2022/12/05, 16:36:51.069, 13830411681, vstest.console.dll, AssemblyResolver.OnResolve: Microsoft.Bcl.AsyncInterfaces: Resolving assembly.
TpTrace Information: 0 : 15864, 1, 2022/12/05, 16:36:51.069, 13830412024, vstest.console.dll, AssemblyResolver.OnResolve: Microsoft.Bcl.AsyncInterfaces: Resolved from cache.
TpTrace Verbose: 0 : 15864, 1, 2022/12/05, 16:36:51.069, 13830412322, vstest.console.dll, CurrentDomainAssemblyResolve: Resolving assembly 'Microsoft.Bcl.AsyncInterfaces'.
TpTrace Verbose: 0 : 15864, 1, 2022/12/05, 16:36:51.069, 13830412614, vstest.console.dll, CurrentDomainAssemblyResolve: Failed to resolve assembly 'Microsoft.Bcl.AsyncInterfaces'.
TpTrace Verbose: 0 : 15864, 1, 2022/12/05, 16:36:51.069, 13830414132, vstest.console.dll, CurrentDomainAssemblyResolve: Failed to resolve assembly 'Microsoft.Bcl.AsyncInterfaces'.
TpTrace Warning: 0 : 15864, 1, 2022/12/05, 16:36:51.070, 13830417349, vstest.console.dll, TestPluginDiscoverer: Failed to get types from assembly 'Microsoft.Diagnostics.NETCore.Client, Version=0.2.6.42401, Culture=neutral, PublicKeyToken=31bf3856ad364e35'. Error: System.Reflection.ReflectionTypeLoadException: Unable to load one or more of the requested types.
Could not load file or assembly 'Microsoft.Bcl.AsyncInterfaces, Version=1.0.0.0, Culture=neutral, PublicKeyToken=cc7b13ffcd2ddd51'. The system cannot find the file specified.
   at System.Reflection.RuntimeModule.GetTypes(RuntimeModule module)
   at System.Reflection.Assembly.GetTypes()
   at Microsoft.VisualStudio.TestPlatform.Common.ExtensionFramework.TestPluginDiscoverer.GetTestExtensionsFromAssembly[TPluginInfo,TExtension](Assembly assembly, Dictionary`2 pluginInfos, String filePath)
System.IO.FileNotFoundException: Could not load file or assembly 'Microsoft.Bcl.AsyncInterfaces, Version=1.0.0.0, Culture=neutral, PublicKeyToken=cc7b13ffcd2ddd51'. The system cannot find the file specified.
File name: 'Microsoft.Bcl.AsyncInterfaces, Version=1.0.0.0, Culture=neutral, PublicKeyToken=cc7b13ffcd2ddd51'
 ---> System.IO.FileNotFoundException: Could not load file or assembly 'Microsoft.Bcl.AsyncInterfaces, Culture=neutral, PublicKeyToken=null'. The system cannot find the file specified.
File name: 'Microsoft.Bcl.AsyncInterfaces, Culture=neutral, PublicKeyToken=null'
   at System.Reflection.RuntimeAssembly.InternalLoad(AssemblyName assemblyName, StackCrawlMark& stackMark, AssemblyLoadContext assemblyLoadContext, RuntimeAssembly requestingAssembly, Boolean throwOnFileNotFound)
   at System.Reflection.Assembly.Load(AssemblyName assemblyRef)
   at Microsoft.VisualStudio.TestPlatform.Common.ExtensionFramework.TestPluginCache.CurrentDomainAssemblyResolve(Object sender, AssemblyResolveEventArgs args)
   at System.Runtime.Loader.AssemblyLoadContext.GetFirstResolvedAssemblyFromResolvingEvent(AssemblyName assemblyName)
   at System.Runtime.Loader.AssemblyLoadContext.ResolveUsingEvent(AssemblyName assemblyName)
   at System.Runtime.Loader.AssemblyLoadContext.ResolveUsingResolvingEvent(IntPtr gchManagedAssemblyLoadContext, AssemblyName assemblyName)
TpTrace Warning: 0 : 15864, 1, 2022/12/05, 16:36:51.070, 13830419116, vstest.console.dll, LoaderExceptions: System.IO.FileNotFoundException: Could not load file or assembly 'Microsoft.Bcl.AsyncInterfaces, Version=1.0.0.0, Culture=neutral, PublicKeyToken=cc7b13ffcd2ddd51'. The system cannot find the file specified.
File name: 'Microsoft.Bcl.AsyncInterfaces, Version=1.0.0.0, Culture=neutral, PublicKeyToken=cc7b13ffcd2ddd51'
 ---> System.IO.FileNotFoundException: Could not load file or assembly 'Microsoft.Bcl.AsyncInterfaces, Culture=neutral, PublicKeyToken=null'. The system cannot find the file specified.
File name: 'Microsoft.Bcl.AsyncInterfaces, Culture=neutral, PublicKeyToken=null'
   at System.Reflection.RuntimeAssembly.InternalLoad(AssemblyName assemblyName, StackCrawlMark& stackMark, AssemblyLoadContext assemblyLoadContext, RuntimeAssembly requestingAssembly, Boolean throwOnFileNotFound)
   at System.Reflection.Assembly.Load(AssemblyName assemblyRef)
   at Microsoft.VisualStudio.TestPlatform.Common.ExtensionFramework.TestPluginCache.CurrentDomainAssemblyResolve(Object sender, AssemblyResolveEventArgs args)
   at System.Runtime.Loader.AssemblyLoadContext.GetFirstResolvedAssemblyFromResolvingEvent(AssemblyName assemblyName)
   at System.Runtime.Loader.AssemblyLoadContext.ResolveUsingEvent(AssemblyName assemblyName)
   at System.Runtime.Loader.AssemblyLoadContext.ResolveUsingResolvingEvent(IntPtr gchManagedAssemblyLoadContext, AssemblyName assemblyName)
TpTrace Verbose: 0 : 15864, 1, 2022/12/05, 16:36:51.070, 13830420206, vstest.console.dll, MetadataReaderExtensionsHelper: Discovering extensions inside assembly 'Microsoft.TestPlatform.Extensions.BlameDataCollector, Version=15.0.0.0, Culture=neutral, PublicKeyToken=b03f5f7f11d50a3a' file path 'C:\Program Files\dotnet\sdk\7.0.100\Extensions\Microsoft.TestPlatform.Extensions.BlameDataCollector.dll'
TpTrace Information: 0 : 15864, 1, 2022/12/05, 16:36:51.072, 13830436180, vstest.console.dll, GetTestExtensionFromType: Register extension with identifier data 'logger://Microsoft/TestPlatform/Extensions/Blame/v1' and type 'Microsoft.TestPlatform.Extensions.BlameDataCollector.BlameLogger, Microsoft.TestPlatform.Extensions.BlameDataCollector, Version=15.0.0.0, Culture=neutral, PublicKeyToken=b03f5f7f11d50a3a' inside file 'C:\Program Files\dotnet\sdk\7.0.100\Extensions\Microsoft.TestPlatform.Extensions.BlameDataCollector.dll'
TpTrace Verbose: 0 : 15864, 1, 2022/12/05, 16:36:51.072, 13830439782, vstest.console.dll, MetadataReaderExtensionsHelper: Discovering extensions inside assembly 'Microsoft.TestPlatform.Extensions.EventLogCollector, Version=15.0.0.0, Culture=neutral, PublicKeyToken=b03f5f7f11d50a3a' file path 'C:\Program Files\dotnet\sdk\7.0.100\Extensions\Microsoft.TestPlatform.Extensions.EventLogCollector.dll'
TpTrace Verbose: 0 : 15864, 1, 2022/12/05, 16:36:51.073, 13830453380, vstest.console.dll, MetadataReaderExtensionsHelper: Discovering extensions inside assembly 'Microsoft.TestPlatform.TestHostRuntimeProvider, Version=15.0.0.0, Culture=neutral, PublicKeyToken=b03f5f7f11d50a3a' file path 'C:\Program Files\dotnet\sdk\7.0.100\Extensions\Microsoft.TestPlatform.TestHostRuntimeProvider.dll'
TpTrace Verbose: 0 : 15864, 1, 2022/12/05, 16:36:51.074, 13830460891, vstest.console.dll, MetadataReaderExtensionsHelper: Discovering extensions inside assembly 'Microsoft.VisualStudio.TestPlatform.Extensions.Html.TestLogger, Version=15.0.0.0, Culture=neutral, PublicKeyToken=b03f5f7f11d50a3a' file path 'C:\Program Files\dotnet\sdk\7.0.100\Extensions\Microsoft.VisualStudio.TestPlatform.Extensions.Html.TestLogger.dll'
TpTrace Information: 0 : 15864, 1, 2022/12/05, 16:36:51.075, 13830470774, vstest.console.dll, GetTestExtensionFromType: Register extension with identifier data 'logger://Microsoft/TestPlatform/HtmlLogger/v1' and type 'Microsoft.VisualStudio.TestPlatform.Extensions.HtmlLogger.HtmlLogger, Microsoft.VisualStudio.TestPlatform.Extensions.Html.TestLogger, Version=15.0.0.0, Culture=neutral, PublicKeyToken=b03f5f7f11d50a3a' inside file 'C:\Program Files\dotnet\sdk\7.0.100\Extensions\Microsoft.VisualStudio.TestPlatform.Extensions.Html.TestLogger.dll'
TpTrace Verbose: 0 : 15864, 1, 2022/12/05, 16:36:51.075, 13830472605, vstest.console.dll, MetadataReaderExtensionsHelper: Discovering extensions inside assembly 'Microsoft.VisualStudio.TestPlatform.Extensions.Trx.TestLogger, Version=15.0.0.0, Culture=neutral, PublicKeyToken=b03f5f7f11d50a3a' file path 'C:\Program Files\dotnet\sdk\7.0.100\Extensions\Microsoft.VisualStudio.TestPlatform.Extensions.Trx.TestLogger.dll'
TpTrace Information: 0 : 15864, 1, 2022/12/05, 16:36:51.076, 13830485849, vstest.console.dll, GetTestExtensionFromType: Register extension with identifier data 'logger://Microsoft/TestPlatform/TrxLogger/v1' and type 'Microsoft.VisualStudio.TestPlatform.Extensions.TrxLogger.TrxLogger, Microsoft.VisualStudio.TestPlatform.Extensions.Trx.TestLogger, Version=15.0.0.0, Culture=neutral, PublicKeyToken=b03f5f7f11d50a3a' inside file 'C:\Program Files\dotnet\sdk\7.0.100\Extensions\Microsoft.VisualStudio.TestPlatform.Extensions.Trx.TestLogger.dll'
TpTrace Verbose: 0 : 15864, 1, 2022/12/05, 16:36:51.077, 13830487364, vstest.console.dll, TestPluginCache: Discovered the extensions using extension path ''.
TpTrace Verbose: 0 : 15864, 1, 2022/12/05, 16:36:51.077, 13830487836, vstest.console.dll, TestPluginCache: Discoverers are ''.
TpTrace Verbose: 0 : 15864, 1, 2022/12/05, 16:36:51.077, 13830488144, vstest.console.dll, TestPluginCache: Executors are ''.
TpTrace Verbose: 0 : 15864, 1, 2022/12/05, 16:36:51.077, 13830488428, vstest.console.dll, TestPluginCache: Executors2 are ''.
TpTrace Verbose: 0 : 15864, 1, 2022/12/05, 16:36:51.077, 13830488709, vstest.console.dll, TestPluginCache: Setting providers are ''.
TpTrace Verbose: 0 : 15864, 1, 2022/12/05, 16:36:51.077, 13830489619, vstest.console.dll, TestPluginCache: Loggers are 'logger://Microsoft/TestPlatform/Extensions/Blame/v1,logger://Microsoft/TestPlatform/HtmlLogger/v1,logger://Microsoft/TestPlatform/TrxLogger/v1'.
TpTrace Verbose: 0 : 15864, 1, 2022/12/05, 16:36:51.077, 13830490150, vstest.console.dll, TestPluginCache: TestHosts are 'HostProvider://DefaultTestHost,HostProvider://DotnetTestHost'.
TpTrace Verbose: 0 : 15864, 1, 2022/12/05, 16:36:51.077, 13830490483, vstest.console.dll, TestPluginCache: DataCollectors are ''.
TpTrace Information: 0 : 15864, 1, 2022/12/05, 16:36:51.078, 13830503899, vstest.console.dll, TestPluginManager.CreateTestExtension: Attempting to load test extension: Microsoft.TestPlatform.Extensions.BlameDataCollector.BlameLogger
TpTrace Verbose: 0 : 15864, 1, 2022/12/05, 16:36:51.086, 13830580295, vstest.console.dll, TestEngine: Initializing Parallel Execution as MaxCpuCount is set to: 1
TpTrace Information: 0 : 15864, 1, 2022/12/05, 16:36:51.088, 13830598135, vstest.console.dll, TestPluginManager.CreateTestExtension: Attempting to load test extension: Microsoft.VisualStudio.TestPlatform.CrossPlatEngine.Hosting.DefaultTestHostManager
TpTrace Information: 0 : 15864, 1, 2022/12/05, 16:36:51.089, 13830607585, vstest.console.dll, TestPluginManager.CreateTestExtension: Attempting to load test extension: Microsoft.VisualStudio.TestPlatform.CrossPlatEngine.Hosting.DotnetTestHostManager
TpTrace Information: 0 : 15864, 1, 2022/12/05, 16:36:51.089, 13830615856, vstest.console.dll, InferRunSettingsHelper.IsTestSettingsEnabled: Unable to navigate to RunSettings/MSTest. Current node: RunSettings
TpTrace Verbose: 0 : 15864, 1, 2022/12/05, 16:36:51.094, 13830662317, vstest.console.dll, TestEngine.GetExecutionManager: Chosen execution manager 'Microsoft.VisualStudio.TestPlatform.CrossPlatEngine.Client.Parallel.ParallelProxyExecutionManager, Microsoft.TestPlatform.CrossPlatEngine, Version=15.0.0.0, Culture=neutral, PublicKeyToken=b03f5f7f11d50a3a' ParallelLevel '1'.
TpTrace Verbose: 0 : 15864, 1, 2022/12/05, 16:36:51.094, 13830663783, vstest.console.dll, TestRunRequest.ExecuteAsync: Creating test run request.
TpTrace Verbose: 0 : 15864, 1, 2022/12/05, 16:36:51.095, 13830666348, vstest.console.dll, TestRunRequest.ExecuteAsync: Starting.
TpTrace Information: 0 : 15864, 1, 2022/12/05, 16:36:51.095, 13830670691, vstest.console.dll, TestRunRequest.ExecuteAsync: Starting run with settings:TestRunCriteria:
   KeepAlive=False,FrequencyOfRunStatsChangeEvent=10,RunStatsChangeEventTimeout=00:00:01.5000000,TestCaseFilter=,TestExecutorLauncher=
   Settingsxml=<RunSettings>
  <RunConfiguration>
    <ResultsDirectory>D:\.NET\VetAppointment - Working\VetAppointment.Integration.Test\bin\Debug\net7.0\fine-code-coverage\coverage-tool-output</ResultsDirectory>
    <TargetPlatform>X64</TargetPlatform>
    <TargetFrameworkVersion>.NETCoreApp,Version=v7.0</TargetFrameworkVersion>
    <DesignMode>False</DesignMode>
    <CollectSourceInformation>False</CollectSourceInformation>
  </RunConfiguration>
  <LoggerRunSettings>
    <Loggers>
      <Logger friendlyName="blame" enabled="True" />
      <Logger friendlyName="Console" uri="logger://microsoft/TestPlatform/ConsoleLogger/v1" assemblyQualifiedName="Microsoft.VisualStudio.TestPlatform.CommandLine.Internal.ConsoleLogger, vstest.console, Version=15.0.0.0, Culture=neutral, PublicKeyToken=b03f5f7f11d50a3a" codeBase="C:\Program Files\dotnet\sdk\7.0.100\vstest.console.dll" enabled="True" />
    </Loggers>
  </LoggerRunSettings>
  <DataCollectionRunSettings>
    <DataCollectors>
      <DataCollector friendlyName="blame" enabled="True">
        <Configuration>
          <ResultsDirectory>D:\.NET\VetAppointment - Working\VetAppointment.Integration.Test\bin\Debug\net7.0\fine-code-coverage\coverage-tool-output</ResultsDirectory>
        </Configuration>
      </DataCollector>
    </DataCollectors>
  </DataCollectionRunSettings>
</RunSettings>

TpTrace Verbose: 0 : 15864, 1, 2022/12/05, 16:36:51.095, 13830671443, vstest.console.dll, TestRunRequest.ExecuteAsync: Wait for the first run request is over.
TpTrace Verbose: 0 : 15864, 1, 2022/12/05, 16:36:51.095, 13830674745, vstest.console.dll, MulticastDelegateUtilities.SafeInvoke: TestRun.TestRunStart: Invoking callbacks was skipped because there are no subscribers.
TpTrace Verbose: 0 : 15864, 4, 2022/12/05, 16:36:51.096, 13830676982, vstest.console.dll, MulticastDelegateUtilities.SafeInvoke: InternalTestLoggerEvents.SendTestRunStart: Invoking callback 1/1 for Microsoft.VisualStudio.TestPlatform.CommandLine.Internal.ConsoleLogger., took 0 ms.
TpTrace Verbose: 0 : 15864, 1, 2022/12/05, 16:36:51.097, 13830689859, vstest.console.dll, ParallelProxyExecutionManager: Start execution. Total sources: 1
TpTrace Verbose: 0 : 15864, 1, 2022/12/05, 16:36:51.099, 13830708064, vstest.console.dll, TestRequestSender is acting as server.
TpTrace Verbose: 0 : 15864, 1, 2022/12/05, 16:36:51.100, 13830722720, vstest.console.dll, DataCollectionRequestSender.InitializeCommunication : Initialize communication. 
TpTrace Information: 0 : 15864, 1, 2022/12/05, 16:36:51.105, 13830775455, vstest.console.dll, Listening on Endpoint : 127.0.0.1:57104
TpTrace Verbose: 0 : 15864, 1, 2022/12/05, 16:36:51.113, 13830846980, vstest.console.dll, DotnetDataCollectionLauncher: Adding  --runtimeconfig "C:\Program Files\dotnet\sdk\7.0.100\datacollector.runtimeconfig.json" in args
TpTrace Verbose: 0 : 15864, 1, 2022/12/05, 16:36:51.113, 13830848304, vstest.console.dll, DotnetDataCollectionLauncher: Adding  --depsfile "C:\Program Files\dotnet\sdk\7.0.100\datacollector.deps.json" in args
TpTrace Verbose: 0 : 15864, 1, 2022/12/05, 16:36:51.113, 13830851138, vstest.console.dll, DotnetDataCollectionLauncher: Full path of dotnet.exe is C:\Program Files\dotnet\dotnet.exe
TpTrace Information: 0 : 15864, 1, 2022/12/05, 16:36:51.120, 13830917120, vstest.console.dll, ProxyDataCollectionManager.Initialize: Launched datacollector processId: 3280 port: 57104
TpTrace Information: 0 : 15864, 1, 2022/12/05, 16:36:51.120, 13830918619, vstest.console.dll, ProxyDataCollectionManager.Initialize: waiting for connection with timeout: 90 seconds
TpTrace Verbose: 0 : 15864, 1, 2022/12/05, 16:36:51.120, 13830919260, vstest.console.dll, DataCollectionRequestSender.WaitForRequestHandlerConnection : Waiting for connection with timeout: 90000
TpTrace Information: 0 : 15864, 10, 2022/12/05, 16:36:51.327, 13832995857, vstest.console.dll, Using the buffer size of 16384 bytes
TpTrace Verbose: 0 : 15864, 1, 2022/12/05, 16:36:51.328, 13832996149, vstest.console.dll, SocketCommunicationManager.WaitForClientConnection took: 207 ms, with 90000 ms timeout, and finished with True.
TpTrace Information: 0 : 15864, 10, 2022/12/05, 16:36:51.328, 13832997270, vstest.console.dll, Accepted Client request and set the flag
TpTrace Verbose: 0 : 15864, 1, 2022/12/05, 16:36:51.328, 13832998648, vstest.console.dll, ProxyDataCollectionManager.InvokeDataCollectionServiceAction: Starting.
TpTrace Information: 0 : 15864, 1, 2022/12/05, 16:36:51.328, 13833000264, vstest.console.dll, ProxyDataCollectionManager.BeforeTestRunStart: Get environment variable and port for datacollector processId: 3280 port: 57104
TpTrace Verbose: 0 : 15864, 1, 2022/12/05, 16:36:51.328, 13833001871, vstest.console.dll, DataCollectionRequestSender.SendBeforeTestRunStartAndGetResult: Send BeforeTestRunStart message with settingsXml <RunSettings><RunConfiguration><ResultsDirectory>D:\.NET\VetAppointment - Working\VetAppointment.Integration.Test\bin\Debug\net7.0\fine-code-coverage\coverage-tool-output</ResultsDirectory><TargetPlatform>X64</TargetPlatform><TargetFrameworkVersion>.NETCoreApp,Version=v7.0</TargetFrameworkVersion><DesignMode>False</DesignMode><CollectSourceInformation>False</CollectSourceInformation><TestAdaptersPaths>C:\Program Files\dotnet\sdk\7.0.100\Extensions</TestAdaptersPaths></RunConfiguration><LoggerRunSettings><Loggers><Logger friendlyName="blame" enabled="True" /><Logger friendlyName="Console" uri="logger://microsoft/TestPlatform/ConsoleLogger/v1" assemblyQualifiedName="Microsoft.VisualStudio.TestPlatform.CommandLine.Internal.ConsoleLogger, vstest.console, Version=15.0.0.0, Culture=neutral, PublicKeyToken=b03f5f7f11d50a3a" codeBase="C:\Program Files\dotnet\sdk\7.0.100\vstest.console.dll" enabled="True" /></Loggers></LoggerRunSettings><DataCollectionRunSettings><DataCollectors><DataCollector friendlyName="blame" enabled="True"><Configuration><ResultsDirectory>D:\.NET\VetAppointment - Working\VetAppointment.Integration.Test\bin\Debug\net7.0\fine-code-coverage\coverage-tool-output</ResultsDirectory></Configuration></DataCollector></DataCollectors></DataCollectionRunSettings></RunSettings> and sources System.Collections.Generic.List`1[System.String]: 
TpTrace Verbose: 0 : 15864, 1, 2022/12/05, 16:36:51.411, 13833832744, vstest.console.dll, DataCollectionRequestSender.SendBeforeTestRunStartAndGetResult: Received message: (DataCollection.SendMessage) -> {"MessageType":"DataCollection.SendMessage","Payload":{"FriendlyName":null,"Uri":null,"TestCaseId":"00000000-0000-0000-0000-000000000000","Message":"Logging DataCollector Diagnostics in file: D:\\.NET\\VetAppointment - Working\\VetAppointment.Integration.Test\\bin\\Debug\\net7.0\\fine-code-coverage\\coverage-tool-output\\diagnostics.datacollector.22-12-05_16-36-51_11281_1.log","Level":0}}
TpTrace Verbose: 0 : 15864, 1, 2022/12/05, 16:36:51.503, 13834749735, vstest.console.dll, DataCollectionRequestSender.SendBeforeTestRunStartAndGetResult: Received message: (DataCollection.BeforeTestRunStartResult) -> {"MessageType":"DataCollection.BeforeTestRunStartResult","Payload":{"EnvironmentVariables":{},"DataCollectionEventsPort":57106}}
TpTrace Information: 0 : 15864, 1, 2022/12/05, 16:36:51.508, 13834799919, vstest.console.dll, ProxyDataCollectionManager.BeforeTestRunStart: SendBeforeTestRunStartAndGetResult successful, env variable from datacollector:   and testhost port: 57106
TpTrace Information: 0 : 15864, 1, 2022/12/05, 16:36:51.508, 13834800927, vstest.console.dll, ProxyDataCollectionManager.InvokeDataCollectionServiceAction: Completed.
TpTrace Verbose: 0 : 15864, 1, 2022/12/05, 16:36:51.508, 13834802438, vstest.console.dll, ProxyParallelExecutionManager: No sources available for execution.
TpTrace Verbose: 0 : 15864, 10, 2022/12/05, 16:36:51.508, 13834802556, vstest.console.dll, ParallelProxyExecutionManager: Execution started. Started clients: 1
TpTrace Information: 0 : 15864, 1, 2022/12/05, 16:36:51.508, 13834803141, vstest.console.dll, TestRunRequest.ExecuteAsync: Started.
TpTrace Verbose: 0 : 15864, 1, 2022/12/05, 16:36:51.508, 13834804837, vstest.console.dll, TestRunRequest.WaitForCompletion: Waiting with timeout -1.
TpTrace Verbose: 0 : 15864, 10, 2022/12/05, 16:36:51.508, 13834805841, vstest.console.dll, TestRunRequest:SendTestRunMessage: Starting.
TpTrace Verbose: 0 : 15864, 10, 2022/12/05, 16:36:51.509, 13834807466, vstest.console.dll, MulticastDelegateUtilities.SafeInvoke: TestRun.LogMessages: Invoking callback 1/1 for Microsoft.VisualStudio.TestPlatform.CommandLine.TestRunResultAggregator., took 0 ms.
TpTrace Information: 0 : 15864, 10, 2022/12/05, 16:36:51.509, 13834807951, vstest.console.dll, TestRunRequest:SendTestRunMessage: Completed.
TpTrace Verbose: 0 : 15864, 4, 2022/12/05, 16:36:51.509, 13834810301, vstest.console.dll, MulticastDelegateUtilities.SafeInvoke: InternalTestLoggerEvents.SendTestRunMessage: Invoking callback 1/1 for Microsoft.VisualStudio.TestPlatform.CommandLine.Internal.ConsoleLogger., took 0 ms.
TpTrace Verbose: 0 : 15864, 10, 2022/12/05, 16:36:51.509, 13834810471, vstest.console.dll, ProxyExecutionManager: Test host is always Lazy initialize.
TpTrace Verbose: 0 : 15864, 10, 2022/12/05, 16:36:51.509, 13834814113, vstest.console.dll, TestRequestSender.InitializeCommunication: initialize communication. 
TpTrace Information: 0 : 15864, 10, 2022/12/05, 16:36:51.510, 13834819320, vstest.console.dll, SocketServer.Start: Listening on endpoint : 127.0.0.1:57107
TpTrace Verbose: 0 : 15864, 10, 2022/12/05, 16:36:51.511, 13834828322, vstest.console.dll, DotnetTestHostmanager.GetTestHostProcessStartInfo: Platform environment 'X64' target architecture 'X64' framework '.NETCoreApp,Version=v7.0' OS 'Windows'
TpTrace Verbose: 0 : 15864, 10, 2022/12/05, 16:36:51.511, 13834829973, vstest.console.dll, DotnetTestHostmanager: Adding  --runtimeconfig "D:\.NET\VetAppointment - Working\VetAppointment.Integration.Test\bin\Debug\net7.0\fine-code-coverage\build-output\VetAppointment.Integration.Test.runtimeconfig.json" in args
TpTrace Verbose: 0 : 15864, 10, 2022/12/05, 16:36:51.511, 13834830703, vstest.console.dll, DotnetTestHostmanager: Adding  --depsfile "D:\.NET\VetAppointment - Working\VetAppointment.Integration.Test\bin\Debug\net7.0\fine-code-coverage\build-output\VetAppointment.Integration.Test.deps.json" in args
TpTrace Verbose: 0 : 15864, 10, 2022/12/05, 16:36:51.511, 13834833505, vstest.console.dll, DotnetTestHostmanager.IsWinOnArm: Current PROCESSOR_ARCHITECTURE from environment variable 'AMD64'
TpTrace Verbose: 0 : 15864, 10, 2022/12/05, 16:36:51.511, 13834834266, vstest.console.dll, DotnetTestHostmanager.IsWinOnArm: Is Windows on ARM 'False'
TpTrace Verbose: 0 : 15864, 10, 2022/12/05, 16:36:51.511, 13834834908, vstest.console.dll, DotnetTestHostManager: testhost.exe found at path: D:\.NET\VetAppointment - Working\VetAppointment.Integration.Test\bin\Debug\net7.0\fine-code-coverage\build-output\testhost.exe
TpTrace Verbose: 0 : 15864, 10, 2022/12/05, 16:36:51.511, 13834835399, vstest.console.dll, DotnetTestHostmanager: Full path of host exe is D:\.NET\VetAppointment - Working\VetAppointment.Integration.Test\bin\Debug\net7.0\fine-code-coverage\build-output\testhost.exe
TpTrace Verbose: 0 : 15864, 10, 2022/12/05, 16:36:51.512, 13834836730, vstest.console.dll, DotnetTestHostmanager.LaunchTestHostAsync: Found 'VSTEST_WINAPPHOST_DOTNET_ROOT' in env variables, value 'C:\Program Files\dotnet', forwarding to 'DOTNET_ROOT'
TpTrace Verbose: 0 : 15864, 10, 2022/12/05, 16:36:51.512, 13834838841, vstest.console.dll, DotnetTestHostManager: Starting process 'D:\.NET\VetAppointment - Working\VetAppointment.Integration.Test\bin\Debug\net7.0\fine-code-coverage\build-output\testhost.exe' with command line ' --runtimeconfig "D:\.NET\VetAppointment - Working\VetAppointment.Integration.Test\bin\Debug\net7.0\fine-code-coverage\build-output\VetAppointment.Integration.Test.runtimeconfig.json" --depsfile "D:\.NET\VetAppointment - Working\VetAppointment.Integration.Test\bin\Debug\net7.0\fine-code-coverage\build-output\VetAppointment.Integration.Test.deps.json" --port 57107 --endpoint 127.0.0.1:057107 --role client --parentprocessid 15864 --diag "D:\.NET\VetAppointment - Working\VetAppointment.Integration.Test\bin\Debug\net7.0\fine-code-coverage\coverage-tool-output\diagnostics.host.22-12-05_16-36-51_51080_10.log" --tracelevel 4 --datacollectionport 57106 --telemetryoptedin false'
TpTrace Verbose: 0 : 15864, 10, 2022/12/05, 16:36:51.518, 13834901750, vstest.console.dll, MulticastDelegateUtilities.SafeInvoke: HostProviderEvents.OnHostLaunched: Invoking callback 1/2 for Microsoft.VisualStudio.TestPlatform.CrossPlatEngine.Client.ProxyExecutionManagerWithDataCollection., took 1 ms.
TpTrace Verbose: 0 : 15864, 10, 2022/12/05, 16:36:51.518, 13834904892, vstest.console.dll, Test Runtime launched
TpTrace Verbose: 0 : 15864, 10, 2022/12/05, 16:36:51.518, 13834905706, vstest.console.dll, MulticastDelegateUtilities.SafeInvoke: HostProviderEvents.OnHostLaunched: Invoking callback 2/2 for Microsoft.VisualStudio.TestPlatform.CrossPlatEngine.Client.ProxyOperationManager., took 0 ms.
TpTrace Verbose: 0 : 15864, 10, 2022/12/05, 16:36:51.519, 13834907280, vstest.console.dll, TestRequestSender.WaitForRequestHandlerConnection: waiting for connection with timeout: 90000.
TpTrace Verbose: 0 : 15864, 10, 2022/12/05, 16:36:51.696, 13836685041, vstest.console.dll, TestRequestSender.WaitForRequestHandlerConnection: waiting took 177 ms, with timeout 90000 ms, and result 0, which is success.
TpTrace Verbose: 0 : 15864, 10, 2022/12/05, 16:36:51.697, 13836694505, vstest.console.dll, TestRequestSender.CheckVersionWithTestHost: Sending check version message: {"MessageType":"ProtocolVersion","Payload":7}
TpTrace Verbose: 0 : 15864, 11, 2022/12/05, 16:36:51.698, 13836697122, vstest.console.dll, MulticastDelegateUtilities.SafeInvoke: SocketServer: ClientConnected: Invoking callback 1/1 for Microsoft.VisualStudio.TestPlatform.CommunicationUtilities.TestRequestSender., took 1 ms.
TpTrace Verbose: 0 : 15864, 11, 2022/12/05, 16:36:51.698, 13836697707, vstest.console.dll, SocketServer.OnClientConnected: Client connected for endPoint: 127.0.0.1:57107, starting MessageLoopAsync:
TpTrace Verbose: 0 : 15864, 11, 2022/12/05, 16:36:51.698, 13836699521, vstest.console.dll, TcpClientExtensions.MessageLoopAsync: Polling on remoteEndPoint: 127.0.0.1:57108 localEndPoint: 127.0.0.1:57107
TpTrace Verbose: 0 : 15864, 11, 2022/12/05, 16:36:51.823, 13837953463, vstest.console.dll, TcpClientExtensions.MessageLoopAsync: NotifyDataAvailable remoteEndPoint: 127.0.0.1:57108 localEndPoint: 127.0.0.1:57107
TpTrace Verbose: 0 : 15864, 11, 2022/12/05, 16:36:51.823, 13837955363, vstest.console.dll, TestRequestSender.CheckVersionWithTestHost: onMessageReceived received message: (ProtocolVersion) -> {"MessageType":"ProtocolVersion","Payload":7}
TpTrace Verbose: 0 : 15864, 11, 2022/12/05, 16:36:51.824, 13837961458, vstest.console.dll, MulticastDelegateUtilities.SafeInvoke: LengthPrefixCommunicationChannel: MessageReceived: Invoking callback 1/1 for Microsoft.VisualStudio.TestPlatform.CommunicationUtilities.TestRequestSender+<>c__DisplayClass26_0., took 0 ms.
TpTrace Verbose: 0 : 15864, 11, 2022/12/05, 16:36:51.824, 13837962363, vstest.console.dll, TcpClientExtensions.MessageLoopAsync: Polling on remoteEndPoint: 127.0.0.1:57108 localEndPoint: 127.0.0.1:57107
TpTrace Verbose: 0 : 15864, 10, 2022/12/05, 16:36:51.824, 13837962325, vstest.console.dll, TestPluginCache.GetExtensionPaths: Filtered extension paths: 
TpTrace Verbose: 0 : 15864, 10, 2022/12/05, 16:36:51.824, 13837964161, vstest.console.dll, TestPluginCache.GetExtensionPaths: Added default extension paths: C:\Program Files\dotnet\sdk\7.0.100\Extensions\Microsoft.Diagnostics.NETCore.Client.dll
C:\Program Files\dotnet\sdk\7.0.100\Extensions\Microsoft.TestPlatform.Extensions.BlameDataCollector.dll
C:\Program Files\dotnet\sdk\7.0.100\Extensions\Microsoft.TestPlatform.Extensions.EventLogCollector.dll
C:\Program Files\dotnet\sdk\7.0.100\Extensions\Microsoft.TestPlatform.TestHostRuntimeProvider.dll
C:\Program Files\dotnet\sdk\7.0.100\Extensions\Microsoft.VisualStudio.TestPlatform.Extensions.Html.TestLogger.dll
C:\Program Files\dotnet\sdk\7.0.100\Extensions\Microsoft.VisualStudio.TestPlatform.Extensions.Trx.TestLogger.dll
TpTrace Verbose: 0 : 15864, 10, 2022/12/05, 16:36:51.824, 13837964588, vstest.console.dll, TestPluginCache.GetExtensionPaths: Added unfilterableExtensionPaths: 
TpTrace Verbose: 0 : 15864, 10, 2022/12/05, 16:36:51.827, 13837994812, vstest.console.dll, TestRequestSender.InitializeExecution: Sending initialize execution with message: {"Version":7,"MessageType":"TestExecution.Initialize","Payload":["D:\\.NET\\VetAppointment - Working\\VetAppointment.Integration.Test\\bin\\Debug\\net7.0\\fine-code-coverage\\build-output\\xunit.runner.visualstudio.dotnetcore.testadapter.dll"]}
TpTrace Warning: 0 : 15864, 10, 2022/12/05, 16:36:51.828, 13838002659, vstest.console.dll, InferRunSettingsHelper.MakeRunsettingsCompatible: Removing the following settings: TargetPlatform from RunSettings file. To use those settings please move to latest version of Microsoft.NET.Test.Sdk
TpTrace Verbose: 0 : 15864, 11, 2022/12/05, 16:36:51.831, 13838028374, vstest.console.dll, TcpClientExtensions.MessageLoopAsync: NotifyDataAvailable remoteEndPoint: 127.0.0.1:57108 localEndPoint: 127.0.0.1:57107
TpTrace Verbose: 0 : 15864, 11, 2022/12/05, 16:36:51.831, 13838032084, vstest.console.dll, TestRequestSender.OnExecutionMessageReceived: Received message: {"Version":7,"MessageType":"TestSession.Message","Payload":{"MessageLevel":0,"Message":"Logging TestHost Diagnostics in file: D:\\.NET\\VetAppointment - Working\\VetAppointment.Integration.Test\\bin\\Debug\\net7.0\\fine-code-coverage\\coverage-tool-output\\diagnostics.host.22-12-05_16-36-51_51080_10.log"}}
TpTrace Verbose: 0 : 15864, 11, 2022/12/05, 16:36:51.833, 13838055241, vstest.console.dll, TestRunRequest:SendTestRunMessage: Starting.
TpTrace Verbose: 0 : 15864, 11, 2022/12/05, 16:36:51.834, 13838058706, vstest.console.dll, MulticastDelegateUtilities.SafeInvoke: TestRun.LogMessages: Invoking callback 1/1 for Microsoft.VisualStudio.TestPlatform.CommandLine.TestRunResultAggregator., took 0 ms.
TpTrace Verbose: 0 : 15864, 4, 2022/12/05, 16:36:51.834, 13838058977, vstest.console.dll, MulticastDelegateUtilities.SafeInvoke: InternalTestLoggerEvents.SendTestRunMessage: Invoking callback 1/1 for Microsoft.VisualStudio.TestPlatform.CommandLine.Internal.ConsoleLogger., took 0 ms.
TpTrace Information: 0 : 15864, 11, 2022/12/05, 16:36:51.834, 13838059492, vstest.console.dll, TestRunRequest:SendTestRunMessage: Completed.
TpTrace Verbose: 0 : 15864, 11, 2022/12/05, 16:36:51.834, 13838061858, vstest.console.dll, MulticastDelegateUtilities.SafeInvoke: LengthPrefixCommunicationChannel: MessageReceived: Invoking callback 1/1 for Microsoft.VisualStudio.TestPlatform.CommunicationUtilities.TestRequestSender+<>c__DisplayClass31_0., took 3 ms.
TpTrace Verbose: 0 : 15864, 11, 2022/12/05, 16:36:51.834, 13838062437, vstest.console.dll, TcpClientExtensions.MessageLoopAsync: Polling on remoteEndPoint: 127.0.0.1:57108 localEndPoint: 127.0.0.1:57107
TpTrace Verbose: 0 : 15864, 10, 2022/12/05, 16:36:51.836, 13838080657, vstest.console.dll, TestRequestSender.StartTestRun: Sending test run with message: {"Version":7,"MessageType":"TestExecution.StartWithSources","Payload":{"AdapterSourceMap":{"_none_":["D:\\.NET\\VetAppointment - Working\\VetAppointment.Integration.Test\\bin\\Debug\\net7.0\\fine-code-coverage\\build-output\\VetAppointment.Integration.Test.dll"]},"RunSettings":"<RunSettings>\r\n  <RunConfiguration>\r\n    <ResultsDirectory>D:\\.NET\\VetAppointment - Working\\VetAppointment.Integration.Test\\bin\\Debug\\net7.0\\fine-code-coverage\\coverage-tool-output</ResultsDirectory>\r\n    <TargetFrameworkVersion>.NETCoreApp,Version=v7.0</TargetFrameworkVersion>\r\n    <DesignMode>False</DesignMode>\r\n    <CollectSourceInformation>False</CollectSourceInformation>\r\n  </RunConfiguration>\r\n  <LoggerRunSettings>\r\n    <Loggers>\r\n      <Logger friendlyName=\"blame\" enabled=\"True\" />\r\n      <Logger friendlyName=\"Console\" uri=\"logger://microsoft/TestPlatform/ConsoleLogger/v1\" assemblyQualifiedName=\"Microsoft.VisualStudio.TestPlatform.CommandLine.Internal.ConsoleLogger, vstest.console, Version=15.0.0.0, Culture=neutral, PublicKeyToken=b03f5f7f11d50a3a\" codeBase=\"C:\\Program Files\\dotnet\\sdk\\7.0.100\\vstest.console.dll\" enabled=\"True\" />\r\n    </Loggers>\r\n  </LoggerRunSettings>\r\n  <DataCollectionRunSettings>\r\n    <DataCollectors>\r\n      <DataCollector friendlyName=\"blame\" enabled=\"True\">\r\n        <Configuration>\r\n          <ResultsDirectory>D:\\.NET\\VetAppointment - Working\\VetAppointment.Integration.Test\\bin\\Debug\\net7.0\\fine-code-coverage\\coverage-tool-output</ResultsDirectory>\r\n        </Configuration>\r\n      </DataCollector>\r\n    </DataCollectors>\r\n  </DataCollectionRunSettings>\r\n</RunSettings>","TestExecutionContext":{"FrequencyOfRunStatsChangeEvent":10,"RunStatsChangeEventTimeout":"00:00:01.5000000","InIsolation":false,"KeepAlive":false,"AreTestCaseLevelEventsRequired":false,"IsDebug":false,"TestCaseFilter":null,"FilterOptions":null},"Package":null}}
TpTrace Verbose: 0 : 15864, 11, 2022/12/05, 16:36:51.977, 13839487907, vstest.console.dll, TcpClientExtensions.MessageLoopAsync: NotifyDataAvailable remoteEndPoint: 127.0.0.1:57108 localEndPoint: 127.0.0.1:57107
TpTrace Verbose: 0 : 15864, 11, 2022/12/05, 16:36:51.977, 13839489551, vstest.console.dll, TestRequestSender.OnExecutionMessageReceived: Received message: {"Version":7,"MessageType":"TestSession.Message","Payload":{"MessageLevel":0,"Message":"[xUnit.net 00:00:00.00] xUnit.net VSTest Adapter v2.4.5+1caef2f33e (64-bit .NET 7.0.0)"}}
TpTrace Verbose: 0 : 15864, 11, 2022/12/05, 16:36:51.977, 13839492334, vstest.console.dll, TestRunRequest:SendTestRunMessage: Starting.
TpTrace Verbose: 0 : 15864, 11, 2022/12/05, 16:36:51.977, 13839493320, vstest.console.dll, MulticastDelegateUtilities.SafeInvoke: TestRun.LogMessages: Invoking callback 1/1 for Microsoft.VisualStudio.TestPlatform.CommandLine.TestRunResultAggregator., took 0 ms.
TpTrace Information: 0 : 15864, 11, 2022/12/05, 16:36:51.977, 13839493709, vstest.console.dll, TestRunRequest:SendTestRunMessage: Completed.
TpTrace Verbose: 0 : 15864, 4, 2022/12/05, 16:36:51.977, 13839493719, vstest.console.dll, MulticastDelegateUtilities.SafeInvoke: InternalTestLoggerEvents.SendTestRunMessage: Invoking callback 1/1 for Microsoft.VisualStudio.TestPlatform.CommandLine.Internal.ConsoleLogger., took 0 ms.
TpTrace Verbose: 0 : 15864, 11, 2022/12/05, 16:36:51.977, 13839494093, vstest.console.dll, MulticastDelegateUtilities.SafeInvoke: LengthPrefixCommunicationChannel: MessageReceived: Invoking callback 1/1 for Microsoft.VisualStudio.TestPlatform.CommunicationUtilities.TestRequestSender+<>c__DisplayClass31_0., took 0 ms.
TpTrace Verbose: 0 : 15864, 11, 2022/12/05, 16:36:51.977, 13839495691, vstest.console.dll, TcpClientExtensions.MessageLoopAsync: Polling on remoteEndPoint: 127.0.0.1:57108 localEndPoint: 127.0.0.1:57107
TpTrace Verbose: 0 : 15864, 11, 2022/12/05, 16:36:52.898, 13848704398, vstest.console.dll, TcpClientExtensions.MessageLoopAsync: NotifyDataAvailable remoteEndPoint: 127.0.0.1:57108 localEndPoint: 127.0.0.1:57107
TpTrace Verbose: 0 : 15864, 11, 2022/12/05, 16:36:52.899, 13848705940, vstest.console.dll, TestRequestSender.OnExecutionMessageReceived: Received message: {"Version":7,"MessageType":"TestSession.Message","Payload":{"MessageLevel":0,"Message":"[xUnit.net 00:00:00.92]   Discovering: VetAppointment.Integration.Test"}}
TpTrace Verbose: 0 : 15864, 11, 2022/12/05, 16:36:52.899, 13848707326, vstest.console.dll, TestRunRequest:SendTestRunMessage: Starting.
TpTrace Verbose: 0 : 15864, 11, 2022/12/05, 16:36:52.899, 13848707946, vstest.console.dll, MulticastDelegateUtilities.SafeInvoke: TestRun.LogMessages: Invoking callback 1/1 for Microsoft.VisualStudio.TestPlatform.CommandLine.TestRunResultAggregator., took 0 ms.
TpTrace Information: 0 : 15864, 11, 2022/12/05, 16:36:52.899, 13848708242, vstest.console.dll, TestRunRequest:SendTestRunMessage: Completed.
TpTrace Verbose: 0 : 15864, 11, 2022/12/05, 16:36:52.899, 13848708804, vstest.console.dll, MulticastDelegateUtilities.SafeInvoke: LengthPrefixCommunicationChannel: MessageReceived: Invoking callback 1/1 for Microsoft.VisualStudio.TestPlatform.CommunicationUtilities.TestRequestSender+<>c__DisplayClass31_0., took 0 ms.
TpTrace Verbose: 0 : 15864, 4, 2022/12/05, 16:36:52.899, 13848709123, vstest.console.dll, MulticastDelegateUtilities.SafeInvoke: InternalTestLoggerEvents.SendTestRunMessage: Invoking callback 1/1 for Microsoft.VisualStudio.TestPlatform.CommandLine.Internal.ConsoleLogger., took 0 ms.
TpTrace Verbose: 0 : 15864, 11, 2022/12/05, 16:36:52.899, 13848709536, vstest.console.dll, TcpClientExtensions.MessageLoopAsync: Polling on remoteEndPoint: 127.0.0.1:57108 localEndPoint: 127.0.0.1:57107
TpTrace Verbose: 0 : 15864, 11, 2022/12/05, 16:36:52.939, 13849110367, vstest.console.dll, TcpClientExtensions.MessageLoopAsync: NotifyDataAvailable remoteEndPoint: 127.0.0.1:57108 localEndPoint: 127.0.0.1:57107
TpTrace Verbose: 0 : 15864, 11, 2022/12/05, 16:36:52.939, 13849111880, vstest.console.dll, TestRequestSender.OnExecutionMessageReceived: Received message: {"Version":7,"MessageType":"TestSession.Message","Payload":{"MessageLevel":0,"Message":"[xUnit.net 00:00:00.96]   Discovered:  VetAppointment.Integration.Test"}}
TpTrace Verbose: 0 : 15864, 11, 2022/12/05, 16:36:52.939, 13849113057, vstest.console.dll, TestRunRequest:SendTestRunMessage: Starting.
TpTrace Verbose: 0 : 15864, 11, 2022/12/05, 16:36:52.939, 13849113665, vstest.console.dll, MulticastDelegateUtilities.SafeInvoke: TestRun.LogMessages: Invoking callback 1/1 for Microsoft.VisualStudio.TestPlatform.CommandLine.TestRunResultAggregator., took 0 ms.
TpTrace Information: 0 : 15864, 11, 2022/12/05, 16:36:52.939, 13849113986, vstest.console.dll, TestRunRequest:SendTestRunMessage: Completed.
TpTrace Verbose: 0 : 15864, 11, 2022/12/05, 16:36:52.939, 13849114286, vstest.console.dll, MulticastDelegateUtilities.SafeInvoke: LengthPrefixCommunicationChannel: MessageReceived: Invoking callback 1/1 for Microsoft.VisualStudio.TestPlatform.CommunicationUtilities.TestRequestSender+<>c__DisplayClass31_0., took 0 ms.
TpTrace Verbose: 0 : 15864, 11, 2022/12/05, 16:36:52.939, 13849114607, vstest.console.dll, TcpClientExtensions.MessageLoopAsync: Polling on remoteEndPoint: 127.0.0.1:57108 localEndPoint: 127.0.0.1:57107
TpTrace Verbose: 0 : 15864, 4, 2022/12/05, 16:36:52.939, 13849114957, vstest.console.dll, MulticastDelegateUtilities.SafeInvoke: InternalTestLoggerEvents.SendTestRunMessage: Invoking callback 1/1 for Microsoft.VisualStudio.TestPlatform.CommandLine.Internal.ConsoleLogger., took 0 ms.
TpTrace Verbose: 0 : 15864, 11, 2022/12/05, 16:36:52.943, 13849152479, vstest.console.dll, TcpClientExtensions.MessageLoopAsync: NotifyDataAvailable remoteEndPoint: 127.0.0.1:57108 localEndPoint: 127.0.0.1:57107
TpTrace Verbose: 0 : 15864, 11, 2022/12/05, 16:36:52.943, 13849153700, vstest.console.dll, TestRequestSender.OnExecutionMessageReceived: Received message: {"Version":7,"MessageType":"TestSession.Message","Payload":{"MessageLevel":0,"Message":"[xUnit.net 00:00:00.96]   Starting:    VetAppointment.Integration.Test"}}
TpTrace Verbose: 0 : 15864, 11, 2022/12/05, 16:36:52.943, 13849154818, vstest.console.dll, TestRunRequest:SendTestRunMessage: Starting.
TpTrace Verbose: 0 : 15864, 11, 2022/12/05, 16:36:52.943, 13849155388, vstest.console.dll, MulticastDelegateUtilities.SafeInvoke: TestRun.LogMessages: Invoking callback 1/1 for Microsoft.VisualStudio.TestPlatform.CommandLine.TestRunResultAggregator., took 0 ms.
TpTrace Information: 0 : 15864, 11, 2022/12/05, 16:36:52.943, 13849155681, vstest.console.dll, TestRunRequest:SendTestRunMessage: Completed.
TpTrace Verbose: 0 : 15864, 11, 2022/12/05, 16:36:52.944, 13849155949, vstest.console.dll, MulticastDelegateUtilities.SafeInvoke: LengthPrefixCommunicationChannel: MessageReceived: Invoking callback 1/1 for Microsoft.VisualStudio.TestPlatform.CommunicationUtilities.TestRequestSender+<>c__DisplayClass31_0., took 0 ms.
TpTrace Verbose: 0 : 15864, 4, 2022/12/05, 16:36:52.944, 13849156074, vstest.console.dll, MulticastDelegateUtilities.SafeInvoke: InternalTestLoggerEvents.SendTestRunMessage: Invoking callback 1/1 for Microsoft.VisualStudio.TestPlatform.CommandLine.Internal.ConsoleLogger., took 0 ms.
TpTrace Verbose: 0 : 15864, 11, 2022/12/05, 16:36:52.944, 13849156267, vstest.console.dll, TcpClientExtensions.MessageLoopAsync: Polling on remoteEndPoint: 127.0.0.1:57108 localEndPoint: 127.0.0.1:57107
TpTrace Verbose: 0 : 15864, 11, 2022/12/05, 16:36:53.442, 13854137976, vstest.console.dll, TcpClientExtensions.MessageLoopAsync: NotifyDataAvailable remoteEndPoint: 127.0.0.1:57108 localEndPoint: 127.0.0.1:57107
TpTrace Verbose: 0 : 15864, 11, 2022/12/05, 16:36:53.442, 13854139926, vstest.console.dll, TestRequestSender.OnExecutionMessageReceived: Received message: {"Version":7,"MessageType":"TestExecution.StatsChange","Payload":{"NewTestResults":[],"TestRunStatistics":{"ExecutedTests":0,"Stats":{}},"ActiveTests":[{"Id":"92bf079c-ff73-a737-c847-c45225f254e3","FullyQualifiedName":"VetAppointment.Integration.Tests.VetClinicsControllerTests.When_RegisterVetToClinic_Then_ShouldSaveVetInClinicAsync","DisplayName":"VetAppointment.Integration.Tests.VetClinicsControllerTests.When_RegisterVetToClinic_Then_ShouldSaveVetInClinicAsync","ExecutorUri":"executor://xunit/VsTestRunner2/netcoreapp","Source":"D:\\.NET\\VetAppointment - Working\\VetAppointment.Integration.Test\\bin\\Debug\\net7.0\\fine-code-coverage\\build-output\\VetAppointment.Integration.Test.dll","CodeFilePath":null,"LineNumber":0,"Properties":[]},{"Id":"08b8d152-1022-9ce2-a2d9-8ed2bb51d612","FullyQualifiedName":"VetAppointment.Integration.Tests.PetOwnersControllerTests.When_RegisterEmptyListOfPetsToOwner_Then_ShouldReturnBadRequestAsync","DisplayName":"VetAppointment.Integration.Tests.PetOwnersControllerTests.When_RegisterEmptyListOfPetsToOwner_Then_ShouldReturnBadRequestAsync","ExecutorUri":"executor://xunit/VsTestRunner2/netcoreapp","Source":"D:\\.NET\\VetAppointment - Working\\VetAppointment.Integration.Test\\bin\\Debug\\net7.0\\fine-code-coverage\\build-output\\VetAppointment.Integration.Test.dll","CodeFilePath":null,"LineNumber":0,"Properties":[]},{"Id":"39c9ebeb-2442-1f67-3a45-dc3a4afe11b9","FullyQualifiedName":"VetAppointment.Integration.Test.DrugTests.When_CreateDrugWithValidData_Then_ShouldAddToDataBase","DisplayName":"VetAppointment.Integration.Test.DrugTests.When_CreateDrugWithValidData_Then_ShouldAddToDataBase","ExecutorUri":"executor://xunit/VsTestRunner2/netcoreapp","Source":"D:\\.NET\\VetAppointment - Working\\VetAppointment.Integration.Test\\bin\\Debug\\net7.0\\fine-code-coverage\\build-output\\VetAppointment.Integration.Test.dll","CodeFilePath":null,"LineNumber":0,"Properties":[]}]}}
TpTrace Verbose: 0 : 15864, 11, 2022/12/05, 16:36:53.455, 13854268292, vstest.console.dll, TestRunRequest:SendTestRunStatsChange: Starting.
TpTrace Verbose: 0 : 15864, 11, 2022/12/05, 16:36:53.455, 13854270222, vstest.console.dll, InProgress is VetAppointment.Integration.Tests.VetClinicsControllerTests.When_RegisterVetToClinic_Then_ShouldSaveVetInClinicAsync
TpTrace Verbose: 0 : 15864, 11, 2022/12/05, 16:36:53.455, 13854270647, vstest.console.dll, InProgress is VetAppointment.Integration.Tests.PetOwnersControllerTests.When_RegisterEmptyListOfPetsToOwner_Then_ShouldReturnBadRequestAsync
TpTrace Verbose: 0 : 15864, 11, 2022/12/05, 16:36:53.455, 13854270921, vstest.console.dll, InProgress is VetAppointment.Integration.Test.DrugTests.When_CreateDrugWithValidData_Then_ShouldAddToDataBase
TpTrace Verbose: 0 : 15864, 11, 2022/12/05, 16:36:53.455, 13854272000, vstest.console.dll, MulticastDelegateUtilities.SafeInvoke: TestRun.RunStatsChanged: Invoking callbacks was skipped because there are no subscribers.
TpTrace Information: 0 : 15864, 11, 2022/12/05, 16:36:53.455, 13854272380, vstest.console.dll, TestRunRequest:SendTestRunStatsChange: Completed.
TpTrace Verbose: 0 : 15864, 11, 2022/12/05, 16:36:53.455, 13854272686, vstest.console.dll, MulticastDelegateUtilities.SafeInvoke: LengthPrefixCommunicationChannel: MessageReceived: Invoking callback 1/1 for Microsoft.VisualStudio.TestPlatform.CommunicationUtilities.TestRequestSender+<>c__DisplayClass31_0., took 13 ms.
TpTrace Verbose: 0 : 15864, 11, 2022/12/05, 16:36:53.455, 13854272990, vstest.console.dll, TcpClientExtensions.MessageLoopAsync: Polling on remoteEndPoint: 127.0.0.1:57108 localEndPoint: 127.0.0.1:57107
TpTrace Verbose: 0 : 15864, 11, 2022/12/05, 16:36:54.458, 13864301724, vstest.console.dll, TcpClientExtensions.MessageLoopAsync: Polling on remoteEndPoint: 127.0.0.1:57108 localEndPoint: 127.0.0.1:57107
TpTrace Verbose: 0 : 15864, 11, 2022/12/05, 16:36:55.098, 13870699300, vstest.console.dll, TcpClientExtensions.MessageLoopAsync: NotifyDataAvailable remoteEndPoint: 127.0.0.1:57108 localEndPoint: 127.0.0.1:57107
TpTrace Verbose: 0 : 15864, 11, 2022/12/05, 16:36:55.098, 13870700640, vstest.console.dll, TestRequestSender.OnExecutionMessageReceived: Received message: {"Version":7,"MessageType":"TestSession.Message","Payload":{"MessageLevel":2,"Message":"[xUnit.net 00:00:03.12]     VetAppointment.Integration.Tests.VetClinicsControllerTests.When_RegisterVetToClinic_Then_ShouldSaveVetInClinicAsync [FAIL]"}}
TpTrace Verbose: 0 : 15864, 11, 2022/12/05, 16:36:55.098, 13870701714, vstest.console.dll, TestRunRequest:SendTestRunMessage: Starting.
TpTrace Verbose: 0 : 15864, 11, 2022/12/05, 16:36:55.098, 13870702279, vstest.console.dll, MulticastDelegateUtilities.SafeInvoke: TestRun.LogMessages: Invoking callback 1/1 for Microsoft.VisualStudio.TestPlatform.CommandLine.TestRunResultAggregator., took 0 ms.
TpTrace Information: 0 : 15864, 11, 2022/12/05, 16:36:55.098, 13870702582, vstest.console.dll, TestRunRequest:SendTestRunMessage: Completed.
TpTrace Verbose: 0 : 15864, 11, 2022/12/05, 16:36:55.098, 13870702852, vstest.console.dll, MulticastDelegateUtilities.SafeInvoke: LengthPrefixCommunicationChannel: MessageReceived: Invoking callback 1/1 for Microsoft.VisualStudio.TestPlatform.CommunicationUtilities.TestRequestSender+<>c__DisplayClass31_0., took 0 ms.
TpTrace Verbose: 0 : 15864, 11, 2022/12/05, 16:36:55.098, 13870703138, vstest.console.dll, TcpClientExtensions.MessageLoopAsync: Polling on remoteEndPoint: 127.0.0.1:57108 localEndPoint: 127.0.0.1:57107
TpTrace Verbose: 0 : 15864, 4, 2022/12/05, 16:36:55.098, 13870705263, vstest.console.dll, MulticastDelegateUtilities.SafeInvoke: InternalTestLoggerEvents.SendTestRunMessage: Invoking callback 1/1 for Microsoft.VisualStudio.TestPlatform.CommandLine.Internal.ConsoleLogger., took 0 ms.
TpTrace Verbose: 0 : 15864, 11, 2022/12/05, 16:36:55.099, 13870710590, vstest.console.dll, TcpClientExtensions.MessageLoopAsync: NotifyDataAvailable remoteEndPoint: 127.0.0.1:57108 localEndPoint: 127.0.0.1:57107
TpTrace Verbose: 0 : 15864, 11, 2022/12/05, 16:36:55.099, 13870711737, vstest.console.dll, TestRequestSender.OnExecutionMessageReceived: Received message: {"Version":7,"MessageType":"TestSession.Message","Payload":{"MessageLevel":0,"Message":"[xUnit.net 00:00:03.12]       System.Net.Http.HttpRequestException : Response status code does not indicate success: 404 (Not Found)."}}
TpTrace Verbose: 0 : 15864, 11, 2022/12/05, 16:36:55.099, 13870712714, vstest.console.dll, TestRunRequest:SendTestRunMessage: Starting.
TpTrace Verbose: 0 : 15864, 11, 2022/12/05, 16:36:55.099, 13870713328, vstest.console.dll, MulticastDelegateUtilities.SafeInvoke: TestRun.LogMessages: Invoking callback 1/1 for Microsoft.VisualStudio.TestPlatform.CommandLine.TestRunResultAggregator., took 0 ms.
TpTrace Verbose: 0 : 15864, 4, 2022/12/05, 16:36:55.099, 13870713558, vstest.console.dll, MulticastDelegateUtilities.SafeInvoke: InternalTestLoggerEvents.SendTestRunMessage: Invoking callback 1/1 for Microsoft.VisualStudio.TestPlatform.CommandLine.Internal.ConsoleLogger., took 0 ms.
TpTrace Information: 0 : 15864, 11, 2022/12/05, 16:36:55.099, 13870713656, vstest.console.dll, TestRunRequest:SendTestRunMessage: Completed.
TpTrace Verbose: 0 : 15864, 11, 2022/12/05, 16:36:55.099, 13870714665, vstest.console.dll, MulticastDelegateUtilities.SafeInvoke: LengthPrefixCommunicationChannel: MessageReceived: Invoking callback 1/1 for Microsoft.VisualStudio.TestPlatform.CommunicationUtilities.TestRequestSender+<>c__DisplayClass31_0., took 0 ms.
TpTrace Verbose: 0 : 15864, 11, 2022/12/05, 16:36:55.099, 13870715023, vstest.console.dll, TcpClientExtensions.MessageLoopAsync: Polling on remoteEndPoint: 127.0.0.1:57108 localEndPoint: 127.0.0.1:57107
TpTrace Verbose: 0 : 15864, 11, 2022/12/05, 16:36:55.100, 13870720257, vstest.console.dll, TcpClientExtensions.MessageLoopAsync: NotifyDataAvailable remoteEndPoint: 127.0.0.1:57108 localEndPoint: 127.0.0.1:57107
TpTrace Verbose: 0 : 15864, 11, 2022/12/05, 16:36:55.100, 13870721274, vstest.console.dll, TestRequestSender.OnExecutionMessageReceived: Received message: {"Version":7,"MessageType":"TestSession.Message","Payload":{"MessageLevel":0,"Message":"[xUnit.net 00:00:03.12]       Stack Trace:"}}
TpTrace Verbose: 0 : 15864, 11, 2022/12/05, 16:36:55.100, 13870722167, vstest.console.dll, TestRunRequest:SendTestRunMessage: Starting.
TpTrace Verbose: 0 : 15864, 11, 2022/12/05, 16:36:55.100, 13870722725, vstest.console.dll, MulticastDelegateUtilities.SafeInvoke: TestRun.LogMessages: Invoking callback 1/1 for Microsoft.VisualStudio.TestPlatform.CommandLine.TestRunResultAggregator., took 0 ms.
TpTrace Information: 0 : 15864, 11, 2022/12/05, 16:36:55.100, 13870723040, vstest.console.dll, TestRunRequest:SendTestRunMessage: Completed.
TpTrace Verbose: 0 : 15864, 11, 2022/12/05, 16:36:55.100, 13870723318, vstest.console.dll, MulticastDelegateUtilities.SafeInvoke: LengthPrefixCommunicationChannel: MessageReceived: Invoking callback 1/1 for Microsoft.VisualStudio.TestPlatform.CommunicationUtilities.TestRequestSender+<>c__DisplayClass31_0., took 0 ms.
TpTrace Verbose: 0 : 15864, 11, 2022/12/05, 16:36:55.100, 13870723606, vstest.console.dll, TcpClientExtensions.MessageLoopAsync: Polling on remoteEndPoint: 127.0.0.1:57108 localEndPoint: 127.0.0.1:57107
TpTrace Verbose: 0 : 15864, 4, 2022/12/05, 16:36:55.100, 13870724138, vstest.console.dll, MulticastDelegateUtilities.SafeInvoke: InternalTestLoggerEvents.SendTestRunMessage: Invoking callback 1/1 for Microsoft.VisualStudio.TestPlatform.CommandLine.Internal.ConsoleLogger., took 0 ms.
TpTrace Verbose: 0 : 15864, 11, 2022/12/05, 16:36:55.101, 13870726385, vstest.console.dll, TcpClientExtensions.MessageLoopAsync: NotifyDataAvailable remoteEndPoint: 127.0.0.1:57108 localEndPoint: 127.0.0.1:57107
TpTrace Verbose: 0 : 15864, 11, 2022/12/05, 16:36:55.101, 13870727159, vstest.console.dll, TestRequestSender.OnExecutionMessageReceived: Received message: {"Version":7,"MessageType":"TestSession.Message","Payload":{"MessageLevel":0,"Message":"[xUnit.net 00:00:03.12]            at System.Net.Http.HttpResponseMessage.EnsureSuccessStatusCode()"}}
TpTrace Verbose: 0 : 15864, 11, 2022/12/05, 16:36:55.101, 13870727935, vstest.console.dll, TestRunRequest:SendTestRunMessage: Starting.
TpTrace Verbose: 0 : 15864, 11, 2022/12/05, 16:36:55.101, 13870728732, vstest.console.dll, MulticastDelegateUtilities.SafeInvoke: TestRun.LogMessages: Invoking callback 1/1 for Microsoft.VisualStudio.TestPlatform.CommandLine.TestRunResultAggregator., took 0 ms.
TpTrace Information: 0 : 15864, 11, 2022/12/05, 16:36:55.101, 13870729086, vstest.console.dll, TestRunRequest:SendTestRunMessage: Completed.
TpTrace Verbose: 0 : 15864, 11, 2022/12/05, 16:36:55.101, 13870729376, vstest.console.dll, MulticastDelegateUtilities.SafeInvoke: LengthPrefixCommunicationChannel: MessageReceived: Invoking callback 1/1 for Microsoft.VisualStudio.TestPlatform.CommunicationUtilities.TestRequestSender+<>c__DisplayClass31_0., took 0 ms.
TpTrace Verbose: 0 : 15864, 11, 2022/12/05, 16:36:55.101, 13870730064, vstest.console.dll, TcpClientExtensions.MessageLoopAsync: Polling on remoteEndPoint: 127.0.0.1:57108 localEndPoint: 127.0.0.1:57107
TpTrace Verbose: 0 : 15864, 11, 2022/12/05, 16:36:55.101, 13870730514, vstest.console.dll, TcpClientExtensions.MessageLoopAsync: NotifyDataAvailable remoteEndPoint: 127.0.0.1:57108 localEndPoint: 127.0.0.1:57107
TpTrace Verbose: 0 : 15864, 4, 2022/12/05, 16:36:55.101, 13870729638, vstest.console.dll, MulticastDelegateUtilities.SafeInvoke: InternalTestLoggerEvents.SendTestRunMessage: Invoking callback 1/1 for Microsoft.VisualStudio.TestPlatform.CommandLine.Internal.ConsoleLogger., took 0 ms.
TpTrace Verbose: 0 : 15864, 11, 2022/12/05, 16:36:55.101, 13870731101, vstest.console.dll, TestRequestSender.OnExecutionMessageReceived: Received message: {"Version":7,"MessageType":"TestSession.Message","Payload":{"MessageLevel":0,"Message":"[xUnit.net 00:00:03.12]         D:\\.NET\\VetAppointment - Working\\VetAppointment.Integration.Test\\VetClinicsControllerTests_.cs(78,0): at VetAppointment.Integration.Tests.VetClinicsControllerTests.When_RegisterVetToClinic_Then_ShouldSaveVetInClinicAsync()"}}
TpTrace Verbose: 0 : 15864, 11, 2022/12/05, 16:36:55.101, 13870732408, vstest.console.dll, TestRunRequest:SendTestRunMessage: Starting.
TpTrace Verbose: 0 : 15864, 11, 2022/12/05, 16:36:55.101, 13870733147, vstest.console.dll, MulticastDelegateUtilities.SafeInvoke: TestRun.LogMessages: Invoking callback 1/1 for Microsoft.VisualStudio.TestPlatform.CommandLine.TestRunResultAggregator., took 0 ms.
TpTrace Information: 0 : 15864, 11, 2022/12/05, 16:36:55.101, 13870733445, vstest.console.dll, TestRunRequest:SendTestRunMessage: Completed.
TpTrace Verbose: 0 : 15864, 11, 2022/12/05, 16:36:55.101, 13870733710, vstest.console.dll, MulticastDelegateUtilities.SafeInvoke: LengthPrefixCommunicationChannel: MessageReceived: Invoking callback 1/1 for Microsoft.VisualStudio.TestPlatform.CommunicationUtilities.TestRequestSender+<>c__DisplayClass31_0., took 0 ms.
TpTrace Verbose: 0 : 15864, 11, 2022/12/05, 16:36:55.101, 13870733997, vstest.console.dll, TcpClientExtensions.MessageLoopAsync: Polling on remoteEndPoint: 127.0.0.1:57108 localEndPoint: 127.0.0.1:57107
TpTrace Verbose: 0 : 15864, 11, 2022/12/05, 16:36:55.101, 13870734337, vstest.console.dll, TcpClientExtensions.MessageLoopAsync: NotifyDataAvailable remoteEndPoint: 127.0.0.1:57108 localEndPoint: 127.0.0.1:57107
TpTrace Verbose: 0 : 15864, 11, 2022/12/05, 16:36:55.101, 13870734789, vstest.console.dll, TestRequestSender.OnExecutionMessageReceived: Received message: {"Version":7,"MessageType":"TestSession.Message","Payload":{"MessageLevel":0,"Message":"[xUnit.net 00:00:03.12]            at System.Threading.Tasks.Task.<>c.<ThrowAsync>b__128_0(Object state)"}}
TpTrace Verbose: 0 : 15864, 11, 2022/12/05, 16:36:55.101, 13870735618, vstest.console.dll, TestRunRequest:SendTestRunMessage: Starting.
TpTrace Verbose: 0 : 15864, 11, 2022/12/05, 16:36:55.102, 13870736093, vstest.console.dll, MulticastDelegateUtilities.SafeInvoke: TestRun.LogMessages: Invoking callback 1/1 for Microsoft.VisualStudio.TestPlatform.CommandLine.TestRunResultAggregator., took 0 ms.
TpTrace Information: 0 : 15864, 11, 2022/12/05, 16:36:55.102, 13870736398, vstest.console.dll, TestRunRequest:SendTestRunMessage: Completed.
TpTrace Verbose: 0 : 15864, 11, 2022/12/05, 16:36:55.102, 13870736661, vstest.console.dll, MulticastDelegateUtilities.SafeInvoke: LengthPrefixCommunicationChannel: MessageReceived: Invoking callback 1/1 for Microsoft.VisualStudio.TestPlatform.CommunicationUtilities.TestRequestSender+<>c__DisplayClass31_0., took 0 ms.
TpTrace Verbose: 0 : 15864, 11, 2022/12/05, 16:36:55.102, 13870736937, vstest.console.dll, TcpClientExtensions.MessageLoopAsync: Polling on remoteEndPoint: 127.0.0.1:57108 localEndPoint: 127.0.0.1:57107
TpTrace Verbose: 0 : 15864, 4, 2022/12/05, 16:36:55.102, 13870737425, vstest.console.dll, MulticastDelegateUtilities.SafeInvoke: InternalTestLoggerEvents.SendTestRunMessage: Invoking callback 1/1 for Microsoft.VisualStudio.TestPlatform.CommandLine.Internal.ConsoleLogger., took 0 ms.
TpTrace Verbose: 0 : 15864, 4, 2022/12/05, 16:36:55.102, 13870737772, vstest.console.dll, MulticastDelegateUtilities.SafeInvoke: InternalTestLoggerEvents.SendTestRunMessage: Invoking callback 1/1 for Microsoft.VisualStudio.TestPlatform.CommandLine.Internal.ConsoleLogger., took 0 ms.
TpTrace Verbose: 0 : 15864, 11, 2022/12/05, 16:36:55.139, 13871114643, vstest.console.dll, TcpClientExtensions.MessageLoopAsync: NotifyDataAvailable remoteEndPoint: 127.0.0.1:57108 localEndPoint: 127.0.0.1:57107
TpTrace Verbose: 0 : 15864, 11, 2022/12/05, 16:36:55.140, 13871116526, vstest.console.dll, TestRequestSender.OnExecutionMessageReceived: Received message: {"Version":7,"MessageType":"TestExecution.StatsChange","Payload":{"NewTestResults":[{"TestCase":{"Id":"39c9ebeb-2442-1f67-3a45-dc3a4afe11b9","FullyQualifiedName":"VetAppointment.Integration.Test.DrugTests.When_CreateDrugWithValidData_Then_ShouldAddToDataBase","DisplayName":"VetAppointment.Integration.Test.DrugTests.When_CreateDrugWithValidData_Then_ShouldAddToDataBase","ExecutorUri":"executor://xunit/VsTestRunner2/netcoreapp","Source":"D:\\.NET\\VetAppointment - Working\\VetAppointment.Integration.Test\\bin\\Debug\\net7.0\\fine-code-coverage\\build-output\\VetAppointment.Integration.Test.dll","CodeFilePath":null,"LineNumber":0,"Properties":[]},"Attachments":[],"Outcome":1,"ErrorMessage":null,"ErrorStackTrace":null,"DisplayName":"VetAppointment.Integration.Test.DrugTests.When_CreateDrugWithValidData_Then_ShouldAddToDataBase","Messages":[],"ComputerName":"IOLAPTOP","Duration":"00:00:02.0667758","StartTime":"2022-12-05T14:36:55.0742247+00:00","EndTime":"2022-12-05T14:36:55.0742577+00:00","Properties":[]},{"TestCase":{"Id":"92bf079c-ff73-a737-c847-c45225f254e3","FullyQualifiedName":"VetAppointment.Integration.Tests.VetClinicsControllerTests.When_RegisterVetToClinic_Then_ShouldSaveVetInClinicAsync","DisplayName":"VetAppointment.Integration.Tests.VetClinicsControllerTests.When_RegisterVetToClinic_Then_ShouldSaveVetInClinicAsync","ExecutorUri":"executor://xunit/VsTestRunner2/netcoreapp","Source":"D:\\.NET\\VetAppointment - Working\\VetAppointment.Integration.Test\\bin\\Debug\\net7.0\\fine-code-coverage\\build-output\\VetAppointment.Integration.Test.dll","CodeFilePath":null,"LineNumber":0,"Properties":[]},"Attachments":[],"Outcome":2,"ErrorMessage":"System.Net.Http.HttpRequestException : Response status code does not indicate success: 404 (Not Found).","ErrorStackTrace":"   at System.Net.Http.HttpResponseMessage.EnsureSuccessStatusCode()\r\n   at VetAppointment.Integration.Tests.VetClinicsControllerTests.When_RegisterVetToClinic_Then_ShouldSaveVetInClinicAsync() in D:\\.NET\\VetAppointment - Working\\VetAppointment.Integration.Test\\VetClinicsControllerTests_.cs:line 78\r\n   at System.Threading.Tasks.Task.<>c.<ThrowAsync>b__128_0(Object state)","DisplayName":"VetAppointment.Integration.Tests.VetClinicsControllerTests.When_RegisterVetToClinic_Then_ShouldSaveVetInClinicAsync","Messages":[],"ComputerName":"IOLAPTOP","Duration":"00:00:02.0852088","StartTime":"2022-12-05T14:36:55.1024056+00:00","EndTime":"2022-12-05T14:36:55.1024059+00:00","Properties":[]}],"TestRunStatistics":{"ExecutedTests":2,"Stats":{"Passed":1,"Failed":1}},"ActiveTests":[{"Id":"e984eb38-11c6-5734-52aa-714b1640b380","FullyQualifiedName":"VetAppointment.Integration.Tests.VetClinicsControllerTests.When_CreateClinic_Then_ShouldReturnClinicInTheGetRequestAsync","DisplayName":"VetAppointment.Integration.Tests.VetClinicsControllerTests.When_CreateClinic_Then_ShouldReturnClinicInTheGetRequestAsync","ExecutorUri":"executor://xunit/VsTestRunner2/netcoreapp","Source":"D:\\.NET\\VetAppointment - Working\\VetAppointment.Integration.Test\\bin\\Debug\\net7.0\\fine-code-coverage\\build-output\\VetAppointment.Integration.Test.dll","CodeFilePath":null,"LineNumber":0,"Properties":[]}]}}
TpTrace Verbose: 0 : 15864, 11, 2022/12/05, 16:36:55.147, 13871194393, vstest.console.dll, TestRunRequest:SendTestRunStatsChange: Starting.
TpTrace Verbose: 0 : 15864, 11, 2022/12/05, 16:36:55.147, 13871195287, vstest.console.dll, InProgress is VetAppointment.Integration.Tests.VetClinicsControllerTests.When_CreateClinic_Then_ShouldReturnClinicInTheGetRequestAsync
TpTrace Verbose: 0 : 15864, 11, 2022/12/05, 16:36:55.148, 13871197736, vstest.console.dll, MulticastDelegateUtilities.SafeInvoke: TestRun.RunStatsChanged: Invoking callbacks was skipped because there are no subscribers.
TpTrace Information: 0 : 15864, 11, 2022/12/05, 16:36:55.148, 13871198150, vstest.console.dll, TestRunRequest:SendTestRunStatsChange: Completed.
TpTrace Verbose: 0 : 15864, 11, 2022/12/05, 16:36:55.148, 13871198451, vstest.console.dll, MulticastDelegateUtilities.SafeInvoke: LengthPrefixCommunicationChannel: MessageReceived: Invoking callback 1/1 for Microsoft.VisualStudio.TestPlatform.CommunicationUtilities.TestRequestSender+<>c__DisplayClass31_0., took 8 ms.
TpTrace Verbose: 0 : 15864, 11, 2022/12/05, 16:36:55.148, 13871198750, vstest.console.dll, TcpClientExtensions.MessageLoopAsync: Polling on remoteEndPoint: 127.0.0.1:57108 localEndPoint: 127.0.0.1:57107
TpTrace Verbose: 0 : 15864, 4, 2022/12/05, 16:36:55.151, 13871234359, vstest.console.dll, MulticastDelegateUtilities.SafeInvoke: InternalTestLoggerEvents.SendTestResult: Invoking callback 1/1 for Microsoft.VisualStudio.TestPlatform.CommandLine.Internal.ConsoleLogger., took 3 ms.
TpTrace Verbose: 0 : 15864, 4, 2022/12/05, 16:36:55.152, 13871244765, vstest.console.dll, MulticastDelegateUtilities.SafeInvoke: InternalTestLoggerEvents.SendTestResult: Invoking callback 1/1 for Microsoft.VisualStudio.TestPlatform.CommandLine.Internal.ConsoleLogger., took 0 ms.
TpTrace Verbose: 0 : 15864, 11, 2022/12/05, 16:36:55.175, 13871471516, vstest.console.dll, TcpClientExtensions.MessageLoopAsync: NotifyDataAvailable remoteEndPoint: 127.0.0.1:57108 localEndPoint: 127.0.0.1:57107
TpTrace Verbose: 0 : 15864, 11, 2022/12/05, 16:36:55.175, 13871472796, vstest.console.dll, TestRequestSender.OnExecutionMessageReceived: Received message: {"Version":7,"MessageType":"TestSession.Message","Payload":{"MessageLevel":2,"Message":"[xUnit.net 00:00:03.20]     VetAppointment.Integration.Tests.PetOwnersControllerTests.When_RegisterEmptyListOfPetsToOwner_Then_ShouldReturnBadRequestAsync [FAIL]"}}
TpTrace Verbose: 0 : 15864, 11, 2022/12/05, 16:36:55.175, 13871473878, vstest.console.dll, TestRunRequest:SendTestRunMessage: Starting.
TpTrace Verbose: 0 : 15864, 11, 2022/12/05, 16:36:55.175, 13871474491, vstest.console.dll, MulticastDelegateUtilities.SafeInvoke: TestRun.LogMessages: Invoking callback 1/1 for Microsoft.VisualStudio.TestPlatform.CommandLine.TestRunResultAggregator., took 0 ms.
TpTrace Information: 0 : 15864, 11, 2022/12/05, 16:36:55.175, 13871474796, vstest.console.dll, TestRunRequest:SendTestRunMessage: Completed.
TpTrace Verbose: 0 : 15864, 11, 2022/12/05, 16:36:55.175, 13871475065, vstest.console.dll, MulticastDelegateUtilities.SafeInvoke: LengthPrefixCommunicationChannel: MessageReceived: Invoking callback 1/1 for Microsoft.VisualStudio.TestPlatform.CommunicationUtilities.TestRequestSender+<>c__DisplayClass31_0., took 0 ms.
TpTrace Verbose: 0 : 15864, 4, 2022/12/05, 16:36:55.175, 13871475250, vstest.console.dll, MulticastDelegateUtilities.SafeInvoke: InternalTestLoggerEvents.SendTestRunMessage: Invoking callback 1/1 for Microsoft.VisualStudio.TestPlatform.CommandLine.Internal.ConsoleLogger., took 0 ms.
TpTrace Verbose: 0 : 15864, 11, 2022/12/05, 16:36:55.175, 13871475448, vstest.console.dll, TcpClientExtensions.MessageLoopAsync: Polling on remoteEndPoint: 127.0.0.1:57108 localEndPoint: 127.0.0.1:57107
TpTrace Verbose: 0 : 15864, 11, 2022/12/05, 16:36:55.176, 13871476545, vstest.console.dll, TcpClientExtensions.MessageLoopAsync: NotifyDataAvailable remoteEndPoint: 127.0.0.1:57108 localEndPoint: 127.0.0.1:57107
TpTrace Verbose: 0 : 15864, 11, 2022/12/05, 16:36:55.176, 13871477282, vstest.console.dll, TestRequestSender.OnExecutionMessageReceived: Received message: {"Version":7,"MessageType":"TestSession.Message","Payload":{"MessageLevel":0,"Message":"[xUnit.net 00:00:03.20]       Expected resultResponse.StatusCode to be HttpStatusCode.BadRequest {value: 400}, but found HttpStatusCode.NotFound {value: 404}."}}
TpTrace Verbose: 0 : 15864, 11, 2022/12/05, 16:36:55.176, 13871478252, vstest.console.dll, TestRunRequest:SendTestRunMessage: Starting.
TpTrace Verbose: 0 : 15864, 11, 2022/12/05, 16:36:55.176, 13871478795, vstest.console.dll, MulticastDelegateUtilities.SafeInvoke: TestRun.LogMessages: Invoking callback 1/1 for Microsoft.VisualStudio.TestPlatform.CommandLine.TestRunResultAggregator., took 0 ms.
TpTrace Verbose: 0 : 15864, 4, 2022/12/05, 16:36:55.176, 13871479027, vstest.console.dll, MulticastDelegateUtilities.SafeInvoke: InternalTestLoggerEvents.SendTestRunMessage: Invoking callback 1/1 for Microsoft.VisualStudio.TestPlatform.CommandLine.Internal.ConsoleLogger., took 0 ms.
TpTrace Information: 0 : 15864, 11, 2022/12/05, 16:36:55.176, 13871479149, vstest.console.dll, TestRunRequest:SendTestRunMessage: Completed.
TpTrace Verbose: 0 : 15864, 11, 2022/12/05, 16:36:55.176, 13871479974, vstest.console.dll, MulticastDelegateUtilities.SafeInvoke: LengthPrefixCommunicationChannel: MessageReceived: Invoking callback 1/1 for Microsoft.VisualStudio.TestPlatform.CommunicationUtilities.TestRequestSender+<>c__DisplayClass31_0., took 0 ms.
TpTrace Verbose: 0 : 15864, 11, 2022/12/05, 16:36:55.176, 13871480292, vstest.console.dll, TcpClientExtensions.MessageLoopAsync: Polling on remoteEndPoint: 127.0.0.1:57108 localEndPoint: 127.0.0.1:57107
TpTrace Verbose: 0 : 15864, 11, 2022/12/05, 16:36:55.176, 13871480884, vstest.console.dll, TcpClientExtensions.MessageLoopAsync: NotifyDataAvailable remoteEndPoint: 127.0.0.1:57108 localEndPoint: 127.0.0.1:57107
TpTrace Verbose: 0 : 15864, 11, 2022/12/05, 16:36:55.176, 13871481534, vstest.console.dll, TestRequestSender.OnExecutionMessageReceived: Received message: {"Version":7,"MessageType":"TestSession.Message","Payload":{"MessageLevel":0,"Message":"[xUnit.net 00:00:03.20]       Stack Trace:"}}
TpTrace Verbose: 0 : 15864, 11, 2022/12/05, 16:36:55.176, 13871482272, vstest.console.dll, TestRunRequest:SendTestRunMessage: Starting.
TpTrace Verbose: 0 : 15864, 11, 2022/12/05, 16:36:55.176, 13871482767, vstest.console.dll, MulticastDelegateUtilities.SafeInvoke: TestRun.LogMessages: Invoking callback 1/1 for Microsoft.VisualStudio.TestPlatform.CommandLine.TestRunResultAggregator., took 0 ms.
TpTrace Verbose: 0 : 15864, 4, 2022/12/05, 16:36:55.176, 13871482956, vstest.console.dll, MulticastDelegateUtilities.SafeInvoke: InternalTestLoggerEvents.SendTestRunMessage: Invoking callback 1/1 for Microsoft.VisualStudio.TestPlatform.CommandLine.Internal.ConsoleLogger., took 0 ms.
TpTrace Information: 0 : 15864, 11, 2022/12/05, 16:36:55.176, 13871483053, vstest.console.dll, TestRunRequest:SendTestRunMessage: Completed.
TpTrace Verbose: 0 : 15864, 11, 2022/12/05, 16:36:55.176, 13871483805, vstest.console.dll, MulticastDelegateUtilities.SafeInvoke: LengthPrefixCommunicationChannel: MessageReceived: Invoking callback 1/1 for Microsoft.VisualStudio.TestPlatform.CommunicationUtilities.TestRequestSender+<>c__DisplayClass31_0., took 0 ms.
TpTrace Verbose: 0 : 15864, 11, 2022/12/05, 16:36:55.176, 13871484309, vstest.console.dll, TcpClientExtensions.MessageLoopAsync: Polling on remoteEndPoint: 127.0.0.1:57108 localEndPoint: 127.0.0.1:57107
TpTrace Verbose: 0 : 15864, 11, 2022/12/05, 16:36:55.176, 13871484711, vstest.console.dll, TcpClientExtensions.MessageLoopAsync: NotifyDataAvailable remoteEndPoint: 127.0.0.1:57108 localEndPoint: 127.0.0.1:57107
TpTrace Verbose: 0 : 15864, 11, 2022/12/05, 16:36:55.176, 13871485502, vstest.console.dll, TestRequestSender.OnExecutionMessageReceived: Received message: {"Version":7,"MessageType":"TestSession.Message","Payload":{"MessageLevel":0,"Message":"[xUnit.net 00:00:03.20]            at FluentAssertions.Execution.XUnit2TestFramework.Throw(String message)"}}
TpTrace Verbose: 0 : 15864, 11, 2022/12/05, 16:36:55.177, 13871486375, vstest.console.dll, TestRunRequest:SendTestRunMessage: Starting.
TpTrace Verbose: 0 : 15864, 11, 2022/12/05, 16:36:55.177, 13871486867, vstest.console.dll, MulticastDelegateUtilities.SafeInvoke: TestRun.LogMessages: Invoking callback 1/1 for Microsoft.VisualStudio.TestPlatform.CommandLine.TestRunResultAggregator., took 0 ms.
TpTrace Verbose: 0 : 15864, 4, 2022/12/05, 16:36:55.177, 13871487049, vstest.console.dll, MulticastDelegateUtilities.SafeInvoke: InternalTestLoggerEvents.SendTestRunMessage: Invoking callback 1/1 for Microsoft.VisualStudio.TestPlatform.CommandLine.Internal.ConsoleLogger., took 0 ms.
TpTrace Information: 0 : 15864, 11, 2022/12/05, 16:36:55.177, 13871487153, vstest.console.dll, TestRunRequest:SendTestRunMessage: Completed.
TpTrace Verbose: 0 : 15864, 11, 2022/12/05, 16:36:55.177, 13871487915, vstest.console.dll, MulticastDelegateUtilities.SafeInvoke: LengthPrefixCommunicationChannel: MessageReceived: Invoking callback 1/1 for Microsoft.VisualStudio.TestPlatform.CommunicationUtilities.TestRequestSender+<>c__DisplayClass31_0., took 0 ms.
TpTrace Verbose: 0 : 15864, 11, 2022/12/05, 16:36:55.177, 13871488199, vstest.console.dll, TcpClientExtensions.MessageLoopAsync: Polling on remoteEndPoint: 127.0.0.1:57108 localEndPoint: 127.0.0.1:57107
TpTrace Verbose: 0 : 15864, 11, 2022/12/05, 16:36:55.177, 13871488726, vstest.console.dll, TcpClientExtensions.MessageLoopAsync: NotifyDataAvailable remoteEndPoint: 127.0.0.1:57108 localEndPoint: 127.0.0.1:57107
TpTrace Verbose: 0 : 15864, 11, 2022/12/05, 16:36:55.177, 13871489237, vstest.console.dll, TestRequestSender.OnExecutionMessageReceived: Received message: {"Version":7,"MessageType":"TestSession.Message","Payload":{"MessageLevel":0,"Message":"[xUnit.net 00:00:03.20]            at FluentAssertions.Execution.TestFrameworkProvider.Throw(String message)"}}
TpTrace Verbose: 0 : 15864, 11, 2022/12/05, 16:36:55.177, 13871489850, vstest.console.dll, TestRunRequest:SendTestRunMessage: Starting.
TpTrace Verbose: 0 : 15864, 11, 2022/12/05, 16:36:55.177, 13871490314, vstest.console.dll, MulticastDelegateUtilities.SafeInvoke: TestRun.LogMessages: Invoking callback 1/1 for Microsoft.VisualStudio.TestPlatform.CommandLine.TestRunResultAggregator., took 0 ms.
TpTrace Verbose: 0 : 15864, 4, 2022/12/05, 16:36:55.177, 13871490510, vstest.console.dll, MulticastDelegateUtilities.SafeInvoke: InternalTestLoggerEvents.SendTestRunMessage: Invoking callback 1/1 for Microsoft.VisualStudio.TestPlatform.CommandLine.Internal.ConsoleLogger., took 0 ms.
TpTrace Information: 0 : 15864, 11, 2022/12/05, 16:36:55.177, 13871490901, vstest.console.dll, TestRunRequest:SendTestRunMessage: Completed.
TpTrace Verbose: 0 : 15864, 11, 2022/12/05, 16:36:55.177, 13871491799, vstest.console.dll, MulticastDelegateUtilities.SafeInvoke: LengthPrefixCommunicationChannel: MessageReceived: Invoking callback 1/1 for Microsoft.VisualStudio.TestPlatform.CommunicationUtilities.TestRequestSender+<>c__DisplayClass31_0., took 0 ms.
TpTrace Verbose: 0 : 15864, 11, 2022/12/05, 16:36:55.177, 13871492093, vstest.console.dll, TcpClientExtensions.MessageLoopAsync: Polling on remoteEndPoint: 127.0.0.1:57108 localEndPoint: 127.0.0.1:57107
TpTrace Verbose: 0 : 15864, 11, 2022/12/05, 16:36:55.177, 13871492761, vstest.console.dll, TcpClientExtensions.MessageLoopAsync: NotifyDataAvailable remoteEndPoint: 127.0.0.1:57108 localEndPoint: 127.0.0.1:57107
TpTrace Verbose: 0 : 15864, 11, 2022/12/05, 16:36:55.177, 13871493357, vstest.console.dll, TestRequestSender.OnExecutionMessageReceived: Received message: {"Version":7,"MessageType":"TestSession.Message","Payload":{"MessageLevel":0,"Message":"[xUnit.net 00:00:03.20]            at FluentAssertions.Execution.DefaultAssertionStrategy.HandleFailure(String message)"}}
TpTrace Verbose: 0 : 15864, 11, 2022/12/05, 16:36:55.177, 13871494024, vstest.console.dll, TestRunRequest:SendTestRunMessage: Starting.
TpTrace Verbose: 0 : 15864, 11, 2022/12/05, 16:36:55.177, 13871494496, vstest.console.dll, MulticastDelegateUtilities.SafeInvoke: TestRun.LogMessages: Invoking callback 1/1 for Microsoft.VisualStudio.TestPlatform.CommandLine.TestRunResultAggregator., took 0 ms.
TpTrace Verbose: 0 : 15864, 4, 2022/12/05, 16:36:55.177, 13871494690, vstest.console.dll, MulticastDelegateUtilities.SafeInvoke: InternalTestLoggerEvents.SendTestRunMessage: Invoking callback 1/1 for Microsoft.VisualStudio.TestPlatform.CommandLine.Internal.ConsoleLogger., took 0 ms.
TpTrace Information: 0 : 15864, 11, 2022/12/05, 16:36:55.177, 13871495081, vstest.console.dll, TestRunRequest:SendTestRunMessage: Completed.
TpTrace Verbose: 0 : 15864, 11, 2022/12/05, 16:36:55.177, 13871495855, vstest.console.dll, MulticastDelegateUtilities.SafeInvoke: LengthPrefixCommunicationChannel: MessageReceived: Invoking callback 1/1 for Microsoft.VisualStudio.TestPlatform.CommunicationUtilities.TestRequestSender+<>c__DisplayClass31_0., took 0 ms.
TpTrace Verbose: 0 : 15864, 11, 2022/12/05, 16:36:55.178, 13871496160, vstest.console.dll, TcpClientExtensions.MessageLoopAsync: Polling on remoteEndPoint: 127.0.0.1:57108 localEndPoint: 127.0.0.1:57107
TpTrace Verbose: 0 : 15864, 11, 2022/12/05, 16:36:55.178, 13871496547, vstest.console.dll, TcpClientExtensions.MessageLoopAsync: NotifyDataAvailable remoteEndPoint: 127.0.0.1:57108 localEndPoint: 127.0.0.1:57107
TpTrace Verbose: 0 : 15864, 11, 2022/12/05, 16:36:55.178, 13871497099, vstest.console.dll, TestRequestSender.OnExecutionMessageReceived: Received message: {"Version":7,"MessageType":"TestSession.Message","Payload":{"MessageLevel":0,"Message":"[xUnit.net 00:00:03.20]            at FluentAssertions.Execution.AssertionScope.FailWith(Func`1 failReasonFunc)"}}
TpTrace Verbose: 0 : 15864, 11, 2022/12/05, 16:36:55.178, 13871497791, vstest.console.dll, TestRunRequest:SendTestRunMessage: Starting.
TpTrace Verbose: 0 : 15864, 11, 2022/12/05, 16:36:55.178, 13871498280, vstest.console.dll, MulticastDelegateUtilities.SafeInvoke: TestRun.LogMessages: Invoking callback 1/1 for Microsoft.VisualStudio.TestPlatform.CommandLine.TestRunResultAggregator., took 0 ms.
TpTrace Information: 0 : 15864, 11, 2022/12/05, 16:36:55.178, 13871498562, vstest.console.dll, TestRunRequest:SendTestRunMessage: Completed.
TpTrace Verbose: 0 : 15864, 11, 2022/12/05, 16:36:55.178, 13871498920, vstest.console.dll, MulticastDelegateUtilities.SafeInvoke: LengthPrefixCommunicationChannel: MessageReceived: Invoking callback 1/1 for Microsoft.VisualStudio.TestPlatform.CommunicationUtilities.TestRequestSender+<>c__DisplayClass31_0., took 0 ms.
TpTrace Verbose: 0 : 15864, 4, 2022/12/05, 16:36:55.178, 13871498461, vstest.console.dll, MulticastDelegateUtilities.SafeInvoke: InternalTestLoggerEvents.SendTestRunMessage: Invoking callback 1/1 for Microsoft.VisualStudio.TestPlatform.CommandLine.Internal.ConsoleLogger., took 0 ms.
TpTrace Verbose: 0 : 15864, 11, 2022/12/05, 16:36:55.178, 13871499190, vstest.console.dll, TcpClientExtensions.MessageLoopAsync: Polling on remoteEndPoint: 127.0.0.1:57108 localEndPoint: 127.0.0.1:57107
TpTrace Verbose: 0 : 15864, 11, 2022/12/05, 16:36:55.178, 13871500146, vstest.console.dll, TcpClientExtensions.MessageLoopAsync: NotifyDataAvailable remoteEndPoint: 127.0.0.1:57108 localEndPoint: 127.0.0.1:57107
TpTrace Verbose: 0 : 15864, 11, 2022/12/05, 16:36:55.178, 13871501037, vstest.console.dll, TestRequestSender.OnExecutionMessageReceived: Received message: {"Version":7,"MessageType":"TestSession.Message","Payload":{"MessageLevel":0,"Message":"[xUnit.net 00:00:03.20]            at FluentAssertions.Execution.AssertionScope.FailWith(Func`1 failReasonFunc)"}}
TpTrace Verbose: 0 : 15864, 11, 2022/12/05, 16:36:55.178, 13871502057, vstest.console.dll, TestRunRequest:SendTestRunMessage: Starting.
TpTrace Verbose: 0 : 15864, 11, 2022/12/05, 16:36:55.178, 13871502916, vstest.console.dll, MulticastDelegateUtilities.SafeInvoke: TestRun.LogMessages: Invoking callback 1/1 for Microsoft.VisualStudio.TestPlatform.CommandLine.TestRunResultAggregator., took 0 ms.
TpTrace Verbose: 0 : 15864, 4, 2022/12/05, 16:36:55.178, 13871503018, vstest.console.dll, MulticastDelegateUtilities.SafeInvoke: InternalTestLoggerEvents.SendTestRunMessage: Invoking callback 1/1 for Microsoft.VisualStudio.TestPlatform.CommandLine.Internal.ConsoleLogger., took 0 ms.
TpTrace Information: 0 : 15864, 11, 2022/12/05, 16:36:55.178, 13871503274, vstest.console.dll, TestRunRequest:SendTestRunMessage: Completed.
TpTrace Verbose: 0 : 15864, 11, 2022/12/05, 16:36:55.178, 13871504099, vstest.console.dll, MulticastDelegateUtilities.SafeInvoke: LengthPrefixCommunicationChannel: MessageReceived: Invoking callback 1/1 for Microsoft.VisualStudio.TestPlatform.CommunicationUtilities.TestRequestSender+<>c__DisplayClass31_0., took 0 ms.
TpTrace Verbose: 0 : 15864, 11, 2022/12/05, 16:36:55.178, 13871504387, vstest.console.dll, TcpClientExtensions.MessageLoopAsync: Polling on remoteEndPoint: 127.0.0.1:57108 localEndPoint: 127.0.0.1:57107
TpTrace Verbose: 0 : 15864, 11, 2022/12/05, 16:36:55.178, 13871504751, vstest.console.dll, TcpClientExtensions.MessageLoopAsync: NotifyDataAvailable remoteEndPoint: 127.0.0.1:57108 localEndPoint: 127.0.0.1:57107
TpTrace Verbose: 0 : 15864, 11, 2022/12/05, 16:36:55.178, 13871505274, vstest.console.dll, TestRequestSender.OnExecutionMessageReceived: Received message: {"Version":7,"MessageType":"TestSession.Message","Payload":{"MessageLevel":0,"Message":"[xUnit.net 00:00:03.20]            at FluentAssertions.Execution.AssertionScope.FailWith(String message, Object[] args)"}}
TpTrace Verbose: 0 : 15864, 11, 2022/12/05, 16:36:55.179, 13871506081, vstest.console.dll, TestRunRequest:SendTestRunMessage: Starting.
TpTrace Verbose: 0 : 15864, 11, 2022/12/05, 16:36:55.179, 13871506567, vstest.console.dll, MulticastDelegateUtilities.SafeInvoke: TestRun.LogMessages: Invoking callback 1/1 for Microsoft.VisualStudio.TestPlatform.CommandLine.TestRunResultAggregator., took 0 ms.
TpTrace Verbose: 0 : 15864, 4, 2022/12/05, 16:36:55.179, 13871506744, vstest.console.dll, MulticastDelegateUtilities.SafeInvoke: InternalTestLoggerEvents.SendTestRunMessage: Invoking callback 1/1 for Microsoft.VisualStudio.TestPlatform.CommandLine.Internal.ConsoleLogger., took 0 ms.
TpTrace Information: 0 : 15864, 11, 2022/12/05, 16:36:55.179, 13871507199, vstest.console.dll, TestRunRequest:SendTestRunMessage: Completed.
TpTrace Verbose: 0 : 15864, 11, 2022/12/05, 16:36:55.179, 13871507985, vstest.console.dll, MulticastDelegateUtilities.SafeInvoke: LengthPrefixCommunicationChannel: MessageReceived: Invoking callback 1/1 for Microsoft.VisualStudio.TestPlatform.CommunicationUtilities.TestRequestSender+<>c__DisplayClass31_0., took 0 ms.
TpTrace Verbose: 0 : 15864, 11, 2022/12/05, 16:36:55.179, 13871508269, vstest.console.dll, TcpClientExtensions.MessageLoopAsync: Polling on remoteEndPoint: 127.0.0.1:57108 localEndPoint: 127.0.0.1:57107
TpTrace Verbose: 0 : 15864, 11, 2022/12/05, 16:36:55.179, 13871508610, vstest.console.dll, TcpClientExtensions.MessageLoopAsync: NotifyDataAvailable remoteEndPoint: 127.0.0.1:57108 localEndPoint: 127.0.0.1:57107
TpTrace Verbose: 0 : 15864, 11, 2022/12/05, 16:36:55.179, 13871509090, vstest.console.dll, TestRequestSender.OnExecutionMessageReceived: Received message: {"Version":7,"MessageType":"TestSession.Message","Payload":{"MessageLevel":0,"Message":"[xUnit.net 00:00:03.20]            at FluentAssertions.Primitives.EnumAssertions`2.Be(TEnum expected, String because, Object[] becauseArgs)"}}
TpTrace Verbose: 0 : 15864, 11, 2022/12/05, 16:36:55.179, 13871509755, vstest.console.dll, TestRunRequest:SendTestRunMessage: Starting.
TpTrace Verbose: 0 : 15864, 11, 2022/12/05, 16:36:55.179, 13871510245, vstest.console.dll, MulticastDelegateUtilities.SafeInvoke: TestRun.LogMessages: Invoking callback 1/1 for Microsoft.VisualStudio.TestPlatform.CommandLine.TestRunResultAggregator., took 0 ms.
TpTrace Verbose: 0 : 15864, 4, 2022/12/05, 16:36:55.179, 13871510449, vstest.console.dll, MulticastDelegateUtilities.SafeInvoke: InternalTestLoggerEvents.SendTestRunMessage: Invoking callback 1/1 for Microsoft.VisualStudio.TestPlatform.CommandLine.Internal.ConsoleLogger., took 0 ms.
TpTrace Information: 0 : 15864, 11, 2022/12/05, 16:36:55.179, 13871510533, vstest.console.dll, TestRunRequest:SendTestRunMessage: Completed.
TpTrace Verbose: 0 : 15864, 11, 2022/12/05, 16:36:55.179, 13871511382, vstest.console.dll, MulticastDelegateUtilities.SafeInvoke: LengthPrefixCommunicationChannel: MessageReceived: Invoking callback 1/1 for Microsoft.VisualStudio.TestPlatform.CommunicationUtilities.TestRequestSender+<>c__DisplayClass31_0., took 0 ms.
TpTrace Verbose: 0 : 15864, 11, 2022/12/05, 16:36:55.179, 13871511673, vstest.console.dll, TcpClientExtensions.MessageLoopAsync: Polling on remoteEndPoint: 127.0.0.1:57108 localEndPoint: 127.0.0.1:57107
TpTrace Verbose: 0 : 15864, 11, 2022/12/05, 16:36:55.179, 13871512002, vstest.console.dll, TcpClientExtensions.MessageLoopAsync: NotifyDataAvailable remoteEndPoint: 127.0.0.1:57108 localEndPoint: 127.0.0.1:57107
TpTrace Verbose: 0 : 15864, 11, 2022/12/05, 16:36:55.179, 13871512492, vstest.console.dll, TestRequestSender.OnExecutionMessageReceived: Received message: {"Version":7,"MessageType":"TestSession.Message","Payload":{"MessageLevel":0,"Message":"[xUnit.net 00:00:03.20]         D:\\.NET\\VetAppointment - Working\\VetAppointment.Integration.Test\\PetOwnersControllerTests.cs(48,0): at VetAppointment.Integration.Tests.PetOwnersControllerTests.When_RegisterEmptyListOfPetsToOwner_Then_ShouldReturnBadRequestAsync()"}}
TpTrace Verbose: 0 : 15864, 11, 2022/12/05, 16:36:55.179, 13871513128, vstest.console.dll, TestRunRequest:SendTestRunMessage: Starting.
TpTrace Verbose: 0 : 15864, 11, 2022/12/05, 16:36:55.179, 13871513570, vstest.console.dll, MulticastDelegateUtilities.SafeInvoke: TestRun.LogMessages: Invoking callback 1/1 for Microsoft.VisualStudio.TestPlatform.CommandLine.TestRunResultAggregator., took 0 ms.
TpTrace Verbose: 0 : 15864, 4, 2022/12/05, 16:36:55.179, 13871513729, vstest.console.dll, MulticastDelegateUtilities.SafeInvoke: InternalTestLoggerEvents.SendTestRunMessage: Invoking callback 1/1 for Microsoft.VisualStudio.TestPlatform.CommandLine.Internal.ConsoleLogger., took 0 ms.
TpTrace Information: 0 : 15864, 11, 2022/12/05, 16:36:55.179, 13871513851, vstest.console.dll, TestRunRequest:SendTestRunMessage: Completed.
TpTrace Verbose: 0 : 15864, 11, 2022/12/05, 16:36:55.179, 13871514735, vstest.console.dll, MulticastDelegateUtilities.SafeInvoke: LengthPrefixCommunicationChannel: MessageReceived: Invoking callback 1/1 for Microsoft.VisualStudio.TestPlatform.CommunicationUtilities.TestRequestSender+<>c__DisplayClass31_0., took 0 ms.
TpTrace Verbose: 0 : 15864, 11, 2022/12/05, 16:36:55.179, 13871515035, vstest.console.dll, TcpClientExtensions.MessageLoopAsync: Polling on remoteEndPoint: 127.0.0.1:57108 localEndPoint: 127.0.0.1:57107
TpTrace Verbose: 0 : 15864, 11, 2022/12/05, 16:36:55.179, 13871515452, vstest.console.dll, TcpClientExtensions.MessageLoopAsync: NotifyDataAvailable remoteEndPoint: 127.0.0.1:57108 localEndPoint: 127.0.0.1:57107
TpTrace Verbose: 0 : 15864, 11, 2022/12/05, 16:36:55.180, 13871515940, vstest.console.dll, TestRequestSender.OnExecutionMessageReceived: Received message: {"Version":7,"MessageType":"TestSession.Message","Payload":{"MessageLevel":0,"Message":"[xUnit.net 00:00:03.20]            at System.Threading.Tasks.Task.<>c.<ThrowAsync>b__128_0(Object state)"}}
TpTrace Verbose: 0 : 15864, 11, 2022/12/05, 16:36:55.180, 13871516561, vstest.console.dll, TestRunRequest:SendTestRunMessage: Starting.
TpTrace Verbose: 0 : 15864, 11, 2022/12/05, 16:36:55.180, 13871517037, vstest.console.dll, MulticastDelegateUtilities.SafeInvoke: TestRun.LogMessages: Invoking callback 1/1 for Microsoft.VisualStudio.TestPlatform.CommandLine.TestRunResultAggregator., took 0 ms.
TpTrace Verbose: 0 : 15864, 4, 2022/12/05, 16:36:55.180, 13871517233, vstest.console.dll, MulticastDelegateUtilities.SafeInvoke: InternalTestLoggerEvents.SendTestRunMessage: Invoking callback 1/1 for Microsoft.VisualStudio.TestPlatform.CommandLine.Internal.ConsoleLogger., took 0 ms.
TpTrace Information: 0 : 15864, 11, 2022/12/05, 16:36:55.180, 13871517348, vstest.console.dll, TestRunRequest:SendTestRunMessage: Completed.
TpTrace Verbose: 0 : 15864, 11, 2022/12/05, 16:36:55.180, 13871518202, vstest.console.dll, MulticastDelegateUtilities.SafeInvoke: LengthPrefixCommunicationChannel: MessageReceived: Invoking callback 1/1 for Microsoft.VisualStudio.TestPlatform.CommunicationUtilities.TestRequestSender+<>c__DisplayClass31_0., took 0 ms.
TpTrace Verbose: 0 : 15864, 11, 2022/12/05, 16:36:55.180, 13871518486, vstest.console.dll, TcpClientExtensions.MessageLoopAsync: Polling on remoteEndPoint: 127.0.0.1:57108 localEndPoint: 127.0.0.1:57107
TpTrace Verbose: 0 : 15864, 11, 2022/12/05, 16:36:55.565, 13875373664, vstest.console.dll, TcpClientExtensions.MessageLoopAsync: NotifyDataAvailable remoteEndPoint: 127.0.0.1:57108 localEndPoint: 127.0.0.1:57107
TpTrace Verbose: 0 : 15864, 11, 2022/12/05, 16:36:55.565, 13875374850, vstest.console.dll, TestRequestSender.OnExecutionMessageReceived: Received message: {"Version":7,"MessageType":"TestSession.Message","Payload":{"MessageLevel":2,"Message":"[xUnit.net 00:00:03.59]     VetAppointment.Integration.Tests.PetOwnersControllerTests.When_RegisterPetsToOwner_Then_ShouldSavePetsToOwnerAsync [FAIL]"}}
TpTrace Verbose: 0 : 15864, 11, 2022/12/05, 16:36:55.565, 13875375771, vstest.console.dll, TestRunRequest:SendTestRunMessage: Starting.
TpTrace Verbose: 0 : 15864, 11, 2022/12/05, 16:36:55.566, 13875376344, vstest.console.dll, MulticastDelegateUtilities.SafeInvoke: TestRun.LogMessages: Invoking callback 1/1 for Microsoft.VisualStudio.TestPlatform.CommandLine.TestRunResultAggregator., took 0 ms.
TpTrace Information: 0 : 15864, 11, 2022/12/05, 16:36:55.566, 13875376654, vstest.console.dll, TestRunRequest:SendTestRunMessage: Completed.
TpTrace Verbose: 0 : 15864, 11, 2022/12/05, 16:36:55.566, 13875376918, vstest.console.dll, MulticastDelegateUtilities.SafeInvoke: LengthPrefixCommunicationChannel: MessageReceived: Invoking callback 1/1 for Microsoft.VisualStudio.TestPlatform.CommunicationUtilities.TestRequestSender+<>c__DisplayClass31_0., took 0 ms.
TpTrace Verbose: 0 : 15864, 11, 2022/12/05, 16:36:55.566, 13875377201, vstest.console.dll, TcpClientExtensions.MessageLoopAsync: Polling on remoteEndPoint: 127.0.0.1:57108 localEndPoint: 127.0.0.1:57107
TpTrace Verbose: 0 : 15864, 4, 2022/12/05, 16:36:55.566, 13875377914, vstest.console.dll, MulticastDelegateUtilities.SafeInvoke: InternalTestLoggerEvents.SendTestRunMessage: Invoking callback 1/1 for Microsoft.VisualStudio.TestPlatform.CommandLine.Internal.ConsoleLogger., took 0 ms.
TpTrace Verbose: 0 : 15864, 11, 2022/12/05, 16:36:55.566, 13875378750, vstest.console.dll, TcpClientExtensions.MessageLoopAsync: NotifyDataAvailable remoteEndPoint: 127.0.0.1:57108 localEndPoint: 127.0.0.1:57107
TpTrace Verbose: 0 : 15864, 11, 2022/12/05, 16:36:55.566, 13875379535, vstest.console.dll, TestRequestSender.OnExecutionMessageReceived: Received message: {"Version":7,"MessageType":"TestSession.Message","Payload":{"MessageLevel":0,"Message":"[xUnit.net 00:00:03.59]       Microsoft.EntityFrameworkCore.DbUpdateConcurrencyException : The database operation was expected to affect 1 row(s), but actually affected 0 row(s); data may have been modified or deleted since entities were loaded. See http://go.microsoft.com/fwlink/?LinkId=527962 for information on understanding and handling optimistic concurrency exceptions."}}
TpTrace Verbose: 0 : 15864, 11, 2022/12/05, 16:36:55.566, 13875380353, vstest.console.dll, TestRunRequest:SendTestRunMessage: Starting.
TpTrace Verbose: 0 : 15864, 11, 2022/12/05, 16:36:55.566, 13875380843, vstest.console.dll, MulticastDelegateUtilities.SafeInvoke: TestRun.LogMessages: Invoking callback 1/1 for Microsoft.VisualStudio.TestPlatform.CommandLine.TestRunResultAggregator., took 0 ms.
TpTrace Verbose: 0 : 15864, 4, 2022/12/05, 16:36:55.566, 13875381021, vstest.console.dll, MulticastDelegateUtilities.SafeInvoke: InternalTestLoggerEvents.SendTestRunMessage: Invoking callback 1/1 for Microsoft.VisualStudio.TestPlatform.CommandLine.Internal.ConsoleLogger., took 0 ms.
TpTrace Information: 0 : 15864, 11, 2022/12/05, 16:36:55.566, 13875381137, vstest.console.dll, TestRunRequest:SendTestRunMessage: Completed.
TpTrace Verbose: 0 : 15864, 11, 2022/12/05, 16:36:55.566, 13875381989, vstest.console.dll, MulticastDelegateUtilities.SafeInvoke: LengthPrefixCommunicationChannel: MessageReceived: Invoking callback 1/1 for Microsoft.VisualStudio.TestPlatform.CommunicationUtilities.TestRequestSender+<>c__DisplayClass31_0., took 0 ms.
TpTrace Verbose: 0 : 15864, 11, 2022/12/05, 16:36:55.566, 13875382408, vstest.console.dll, TcpClientExtensions.MessageLoopAsync: Polling on remoteEndPoint: 127.0.0.1:57108 localEndPoint: 127.0.0.1:57107
TpTrace Verbose: 0 : 15864, 11, 2022/12/05, 16:36:55.566, 13875382802, vstest.console.dll, TcpClientExtensions.MessageLoopAsync: NotifyDataAvailable remoteEndPoint: 127.0.0.1:57108 localEndPoint: 127.0.0.1:57107
TpTrace Verbose: 0 : 15864, 11, 2022/12/05, 16:36:55.566, 13875383229, vstest.console.dll, TestRequestSender.OnExecutionMessageReceived: Received message: {"Version":7,"MessageType":"TestSession.Message","Payload":{"MessageLevel":0,"Message":"[xUnit.net 00:00:03.59]       Stack Trace:"}}
TpTrace Verbose: 0 : 15864, 11, 2022/12/05, 16:36:55.566, 13875383817, vstest.console.dll, TestRunRequest:SendTestRunMessage: Starting.
TpTrace Verbose: 0 : 15864, 11, 2022/12/05, 16:36:55.566, 13875384534, vstest.console.dll, MulticastDelegateUtilities.SafeInvoke: TestRun.LogMessages: Invoking callback 1/1 for Microsoft.VisualStudio.TestPlatform.CommandLine.TestRunResultAggregator., took 0 ms.
TpTrace Information: 0 : 15864, 11, 2022/12/05, 16:36:55.566, 13875384906, vstest.console.dll, TestRunRequest:SendTestRunMessage: Completed.
TpTrace Verbose: 0 : 15864, 4, 2022/12/05, 16:36:55.566, 13875384695, vstest.console.dll, MulticastDelegateUtilities.SafeInvoke: InternalTestLoggerEvents.SendTestRunMessage: Invoking callback 1/1 for Microsoft.VisualStudio.TestPlatform.CommandLine.Internal.ConsoleLogger., took 0 ms.
TpTrace Verbose: 0 : 15864, 11, 2022/12/05, 16:36:55.566, 13875385482, vstest.console.dll, MulticastDelegateUtilities.SafeInvoke: LengthPrefixCommunicationChannel: MessageReceived: Invoking callback 1/1 for Microsoft.VisualStudio.TestPlatform.CommunicationUtilities.TestRequestSender+<>c__DisplayClass31_0., took 0 ms.
TpTrace Verbose: 0 : 15864, 11, 2022/12/05, 16:36:55.567, 13875386296, vstest.console.dll, TcpClientExtensions.MessageLoopAsync: Polling on remoteEndPoint: 127.0.0.1:57108 localEndPoint: 127.0.0.1:57107
TpTrace Verbose: 0 : 15864, 11, 2022/12/05, 16:36:55.567, 13875386859, vstest.console.dll, TcpClientExtensions.MessageLoopAsync: NotifyDataAvailable remoteEndPoint: 127.0.0.1:57108 localEndPoint: 127.0.0.1:57107
TpTrace Verbose: 0 : 15864, 11, 2022/12/05, 16:36:55.567, 13875387410, vstest.console.dll, TestRequestSender.OnExecutionMessageReceived: Received message: {"Version":7,"MessageType":"TestSession.Message","Payload":{"MessageLevel":0,"Message":"[xUnit.net 00:00:03.59]            at Microsoft.EntityFrameworkCore.Update.AffectedCountModificationCommandBatch.ThrowAggregateUpdateConcurrencyException(RelationalDataReader reader, Int32 commandIndex, Int32 expectedRowsAffected, Int32 rowsAffected)"}}
TpTrace Verbose: 0 : 15864, 11, 2022/12/05, 16:36:55.567, 13875388088, vstest.console.dll, TestRunRequest:SendTestRunMessage: Starting.
TpTrace Verbose: 0 : 15864, 11, 2022/12/05, 16:36:55.567, 13875388566, vstest.console.dll, MulticastDelegateUtilities.SafeInvoke: TestRun.LogMessages: Invoking callback 1/1 for Microsoft.VisualStudio.TestPlatform.CommandLine.TestRunResultAggregator., took 0 ms.
TpTrace Verbose: 0 : 15864, 4, 2022/12/05, 16:36:55.567, 13875388781, vstest.console.dll, MulticastDelegateUtilities.SafeInvoke: InternalTestLoggerEvents.SendTestRunMessage: Invoking callback 1/1 for Microsoft.VisualStudio.TestPlatform.CommandLine.Internal.ConsoleLogger., took 0 ms.
TpTrace Information: 0 : 15864, 11, 2022/12/05, 16:36:55.567, 13875389337, vstest.console.dll, TestRunRequest:SendTestRunMessage: Completed.
TpTrace Verbose: 0 : 15864, 11, 2022/12/05, 16:36:55.567, 13875389907, vstest.console.dll, MulticastDelegateUtilities.SafeInvoke: LengthPrefixCommunicationChannel: MessageReceived: Invoking callback 1/1 for Microsoft.VisualStudio.TestPlatform.CommunicationUtilities.TestRequestSender+<>c__DisplayClass31_0., took 0 ms.
TpTrace Verbose: 0 : 15864, 11, 2022/12/05, 16:36:55.567, 13875390234, vstest.console.dll, TcpClientExtensions.MessageLoopAsync: Polling on remoteEndPoint: 127.0.0.1:57108 localEndPoint: 127.0.0.1:57107
TpTrace Verbose: 0 : 15864, 11, 2022/12/05, 16:36:55.567, 13875390602, vstest.console.dll, TcpClientExtensions.MessageLoopAsync: NotifyDataAvailable remoteEndPoint: 127.0.0.1:57108 localEndPoint: 127.0.0.1:57107
TpTrace Verbose: 0 : 15864, 11, 2022/12/05, 16:36:55.567, 13875391071, vstest.console.dll, TestRequestSender.OnExecutionMessageReceived: Received message: {"Version":7,"MessageType":"TestSession.Message","Payload":{"MessageLevel":0,"Message":"[xUnit.net 00:00:03.59]            at Microsoft.EntityFrameworkCore.Update.AffectedCountModificationCommandBatch.ConsumeResultSetWithRowsAffectedOnly(Int32 commandIndex, RelationalDataReader reader)"}}
TpTrace Verbose: 0 : 15864, 11, 2022/12/05, 16:36:55.567, 13875391643, vstest.console.dll, TestRunRequest:SendTestRunMessage: Starting.
TpTrace Verbose: 0 : 15864, 11, 2022/12/05, 16:36:55.567, 13875392086, vstest.console.dll, MulticastDelegateUtilities.SafeInvoke: TestRun.LogMessages: Invoking callback 1/1 for Microsoft.VisualStudio.TestPlatform.CommandLine.TestRunResultAggregator., took 0 ms.
TpTrace Verbose: 0 : 15864, 4, 2022/12/05, 16:36:55.567, 13875392282, vstest.console.dll, MulticastDelegateUtilities.SafeInvoke: InternalTestLoggerEvents.SendTestRunMessage: Invoking callback 1/1 for Microsoft.VisualStudio.TestPlatform.CommandLine.Internal.ConsoleLogger., took 0 ms.
TpTrace Information: 0 : 15864, 11, 2022/12/05, 16:36:55.567, 13875392694, vstest.console.dll, TestRunRequest:SendTestRunMessage: Completed.
TpTrace Verbose: 0 : 15864, 11, 2022/12/05, 16:36:55.567, 13875393530, vstest.console.dll, MulticastDelegateUtilities.SafeInvoke: LengthPrefixCommunicationChannel: MessageReceived: Invoking callback 1/1 for Microsoft.VisualStudio.TestPlatform.CommunicationUtilities.TestRequestSender+<>c__DisplayClass31_0., took 0 ms.
TpTrace Verbose: 0 : 15864, 11, 2022/12/05, 16:36:55.567, 13875393829, vstest.console.dll, TcpClientExtensions.MessageLoopAsync: Polling on remoteEndPoint: 127.0.0.1:57108 localEndPoint: 127.0.0.1:57107
TpTrace Verbose: 0 : 15864, 11, 2022/12/05, 16:36:55.567, 13875394171, vstest.console.dll, TcpClientExtensions.MessageLoopAsync: NotifyDataAvailable remoteEndPoint: 127.0.0.1:57108 localEndPoint: 127.0.0.1:57107
TpTrace Verbose: 0 : 15864, 11, 2022/12/05, 16:36:55.567, 13875394781, vstest.console.dll, TestRequestSender.OnExecutionMessageReceived: Received message: {"Version":7,"MessageType":"TestSession.Message","Payload":{"MessageLevel":0,"Message":"[xUnit.net 00:00:03.59]            at Microsoft.EntityFrameworkCore.Update.AffectedCountModificationCommandBatch.Consume(RelationalDataReader reader)"}}
TpTrace Verbose: 0 : 15864, 11, 2022/12/05, 16:36:55.567, 13875395420, vstest.console.dll, TestRunRequest:SendTestRunMessage: Starting.
TpTrace Verbose: 0 : 15864, 11, 2022/12/05, 16:36:55.568, 13875396349, vstest.console.dll, MulticastDelegateUtilities.SafeInvoke: TestRun.LogMessages: Invoking callback 1/1 for Microsoft.VisualStudio.TestPlatform.CommandLine.TestRunResultAggregator., took 0 ms.
TpTrace Information: 0 : 15864, 11, 2022/12/05, 16:36:55.568, 13875396748, vstest.console.dll, TestRunRequest:SendTestRunMessage: Completed.
TpTrace Verbose: 0 : 15864, 4, 2022/12/05, 16:36:55.568, 13875396544, vstest.console.dll, MulticastDelegateUtilities.SafeInvoke: InternalTestLoggerEvents.SendTestRunMessage: Invoking callback 1/1 for Microsoft.VisualStudio.TestPlatform.CommandLine.Internal.ConsoleLogger., took 0 ms.
TpTrace Verbose: 0 : 15864, 11, 2022/12/05, 16:36:55.568, 13875397066, vstest.console.dll, MulticastDelegateUtilities.SafeInvoke: LengthPrefixCommunicationChannel: MessageReceived: Invoking callback 1/1 for Microsoft.VisualStudio.TestPlatform.CommunicationUtilities.TestRequestSender+<>c__DisplayClass31_0., took 0 ms.
TpTrace Verbose: 0 : 15864, 11, 2022/12/05, 16:36:55.568, 13875398538, vstest.console.dll, TcpClientExtensions.MessageLoopAsync: Polling on remoteEndPoint: 127.0.0.1:57108 localEndPoint: 127.0.0.1:57107
TpTrace Verbose: 0 : 15864, 11, 2022/12/05, 16:36:55.568, 13875398990, vstest.console.dll, TcpClientExtensions.MessageLoopAsync: NotifyDataAvailable remoteEndPoint: 127.0.0.1:57108 localEndPoint: 127.0.0.1:57107
TpTrace Verbose: 0 : 15864, 11, 2022/12/05, 16:36:55.568, 13875399542, vstest.console.dll, TestRequestSender.OnExecutionMessageReceived: Received message: {"Version":7,"MessageType":"TestSession.Message","Payload":{"MessageLevel":0,"Message":"[xUnit.net 00:00:03.59]            at Microsoft.EntityFrameworkCore.Update.ReaderModificationCommandBatch.Execute(IRelationalConnection connection)"}}
TpTrace Verbose: 0 : 15864, 11, 2022/12/05, 16:36:55.568, 13875400258, vstest.console.dll, TestRunRequest:SendTestRunMessage: Starting.
TpTrace Verbose: 0 : 15864, 11, 2022/12/05, 16:36:55.568, 13875400696, vstest.console.dll, MulticastDelegateUtilities.SafeInvoke: TestRun.LogMessages: Invoking callback 1/1 for Microsoft.VisualStudio.TestPlatform.CommandLine.TestRunResultAggregator., took 0 ms.
TpTrace Verbose: 0 : 15864, 4, 2022/12/05, 16:36:55.568, 13875400885, vstest.console.dll, MulticastDelegateUtilities.SafeInvoke: InternalTestLoggerEvents.SendTestRunMessage: Invoking callback 1/1 for Microsoft.VisualStudio.TestPlatform.CommandLine.Internal.ConsoleLogger., took 0 ms.
TpTrace Information: 0 : 15864, 11, 2022/12/05, 16:36:55.568, 13875400984, vstest.console.dll, TestRunRequest:SendTestRunMessage: Completed.
TpTrace Verbose: 0 : 15864, 11, 2022/12/05, 16:36:55.568, 13875402344, vstest.console.dll, MulticastDelegateUtilities.SafeInvoke: LengthPrefixCommunicationChannel: MessageReceived: Invoking callback 1/1 for Microsoft.VisualStudio.TestPlatform.CommunicationUtilities.TestRequestSender+<>c__DisplayClass31_0., took 0 ms.
TpTrace Verbose: 0 : 15864, 11, 2022/12/05, 16:36:55.568, 13875402701, vstest.console.dll, TcpClientExtensions.MessageLoopAsync: Polling on remoteEndPoint: 127.0.0.1:57108 localEndPoint: 127.0.0.1:57107
TpTrace Verbose: 0 : 15864, 11, 2022/12/05, 16:36:55.568, 13875403068, vstest.console.dll, TcpClientExtensions.MessageLoopAsync: NotifyDataAvailable remoteEndPoint: 127.0.0.1:57108 localEndPoint: 127.0.0.1:57107
TpTrace Verbose: 0 : 15864, 11, 2022/12/05, 16:36:55.568, 13875403539, vstest.console.dll, TestRequestSender.OnExecutionMessageReceived: Received message: {"Version":7,"MessageType":"TestSession.Message","Payload":{"MessageLevel":0,"Message":"[xUnit.net 00:00:03.59]            at Microsoft.EntityFrameworkCore.Update.Internal.BatchExecutor.Execute(IEnumerable`1 commandBatches, IRelationalConnection connection)"}}
TpTrace Verbose: 0 : 15864, 11, 2022/12/05, 16:36:55.568, 13875404114, vstest.console.dll, TestRunRequest:SendTestRunMessage: Starting.
TpTrace Verbose: 0 : 15864, 11, 2022/12/05, 16:36:55.568, 13875404546, vstest.console.dll, MulticastDelegateUtilities.SafeInvoke: TestRun.LogMessages: Invoking callback 1/1 for Microsoft.VisualStudio.TestPlatform.CommandLine.TestRunResultAggregator., took 0 ms.
TpTrace Information: 0 : 15864, 11, 2022/12/05, 16:36:55.568, 13875405110, vstest.console.dll, TestRunRequest:SendTestRunMessage: Completed.
TpTrace Verbose: 0 : 15864, 4, 2022/12/05, 16:36:55.568, 13875404734, vstest.console.dll, MulticastDelegateUtilities.SafeInvoke: InternalTestLoggerEvents.SendTestRunMessage: Invoking callback 1/1 for Microsoft.VisualStudio.TestPlatform.CommandLine.Internal.ConsoleLogger., took 0 ms.
TpTrace Verbose: 0 : 15864, 11, 2022/12/05, 16:36:55.568, 13875405532, vstest.console.dll, MulticastDelegateUtilities.SafeInvoke: LengthPrefixCommunicationChannel: MessageReceived: Invoking callback 1/1 for Microsoft.VisualStudio.TestPlatform.CommunicationUtilities.TestRequestSender+<>c__DisplayClass31_0., took 0 ms.
TpTrace Verbose: 0 : 15864, 11, 2022/12/05, 16:36:55.569, 13875406452, vstest.console.dll, TcpClientExtensions.MessageLoopAsync: Polling on remoteEndPoint: 127.0.0.1:57108 localEndPoint: 127.0.0.1:57107
TpTrace Verbose: 0 : 15864, 11, 2022/12/05, 16:36:55.569, 13875406886, vstest.console.dll, TcpClientExtensions.MessageLoopAsync: NotifyDataAvailable remoteEndPoint: 127.0.0.1:57108 localEndPoint: 127.0.0.1:57107
TpTrace Verbose: 0 : 15864, 11, 2022/12/05, 16:36:55.569, 13875407531, vstest.console.dll, TestRequestSender.OnExecutionMessageReceived: Received message: {"Version":7,"MessageType":"TestSession.Message","Payload":{"MessageLevel":0,"Message":"[xUnit.net 00:00:03.59]            at Microsoft.EntityFrameworkCore.Storage.RelationalDatabase.SaveChanges(IList`1 entries)"}}
TpTrace Verbose: 0 : 15864, 11, 2022/12/05, 16:36:55.569, 13875408367, vstest.console.dll, TestRunRequest:SendTestRunMessage: Starting.
TpTrace Verbose: 0 : 15864, 11, 2022/12/05, 16:36:55.569, 13875408908, vstest.console.dll, MulticastDelegateUtilities.SafeInvoke: TestRun.LogMessages: Invoking callback 1/1 for Microsoft.VisualStudio.TestPlatform.CommandLine.TestRunResultAggregator., took 0 ms.
TpTrace Verbose: 0 : 15864, 4, 2022/12/05, 16:36:55.569, 13875409075, vstest.console.dll, MulticastDelegateUtilities.SafeInvoke: InternalTestLoggerEvents.SendTestRunMessage: Invoking callback 1/1 for Microsoft.VisualStudio.TestPlatform.CommandLine.Internal.ConsoleLogger., took 0 ms.
TpTrace Information: 0 : 15864, 11, 2022/12/05, 16:36:55.569, 13875410012, vstest.console.dll, TestRunRequest:SendTestRunMessage: Completed.
TpTrace Verbose: 0 : 15864, 11, 2022/12/05, 16:36:55.569, 13875410528, vstest.console.dll, MulticastDelegateUtilities.SafeInvoke: LengthPrefixCommunicationChannel: MessageReceived: Invoking callback 1/1 for Microsoft.VisualStudio.TestPlatform.CommunicationUtilities.TestRequestSender+<>c__DisplayClass31_0., took 0 ms.
TpTrace Verbose: 0 : 15864, 11, 2022/12/05, 16:36:55.569, 13875410838, vstest.console.dll, TcpClientExtensions.MessageLoopAsync: Polling on remoteEndPoint: 127.0.0.1:57108 localEndPoint: 127.0.0.1:57107
TpTrace Verbose: 0 : 15864, 11, 2022/12/05, 16:36:55.569, 13875411469, vstest.console.dll, TcpClientExtensions.MessageLoopAsync: NotifyDataAvailable remoteEndPoint: 127.0.0.1:57108 localEndPoint: 127.0.0.1:57107
TpTrace Verbose: 0 : 15864, 11, 2022/12/05, 16:36:55.569, 13875412010, vstest.console.dll, TestRequestSender.OnExecutionMessageReceived: Received message: {"Version":7,"MessageType":"TestSession.Message","Payload":{"MessageLevel":0,"Message":"[xUnit.net 00:00:03.59]            at Microsoft.EntityFrameworkCore.ChangeTracking.Internal.StateManager.SaveChanges(IList`1 entriesToSave)"}}
TpTrace Verbose: 0 : 15864, 11, 2022/12/05, 16:36:55.569, 13875412603, vstest.console.dll, TestRunRequest:SendTestRunMessage: Starting.
TpTrace Verbose: 0 : 15864, 11, 2022/12/05, 16:36:55.569, 13875413043, vstest.console.dll, MulticastDelegateUtilities.SafeInvoke: TestRun.LogMessages: Invoking callback 1/1 for Microsoft.VisualStudio.TestPlatform.CommandLine.TestRunResultAggregator., took 0 ms.
TpTrace Information: 0 : 15864, 11, 2022/12/05, 16:36:55.569, 13875413321, vstest.console.dll, TestRunRequest:SendTestRunMessage: Completed.
TpTrace Verbose: 0 : 15864, 11, 2022/12/05, 16:36:55.569, 13875413611, vstest.console.dll, MulticastDelegateUtilities.SafeInvoke: LengthPrefixCommunicationChannel: MessageReceived: Invoking callback 1/1 for Microsoft.VisualStudio.TestPlatform.CommunicationUtilities.TestRequestSender+<>c__DisplayClass31_0., took 0 ms.
TpTrace Verbose: 0 : 15864, 4, 2022/12/05, 16:36:55.569, 13875413620, vstest.console.dll, MulticastDelegateUtilities.SafeInvoke: InternalTestLoggerEvents.SendTestRunMessage: Invoking callback 1/1 for Microsoft.VisualStudio.TestPlatform.CommandLine.Internal.ConsoleLogger., took 0 ms.
TpTrace Verbose: 0 : 15864, 11, 2022/12/05, 16:36:55.569, 13875413942, vstest.console.dll, TcpClientExtensions.MessageLoopAsync: Polling on remoteEndPoint: 127.0.0.1:57108 localEndPoint: 127.0.0.1:57107
TpTrace Verbose: 0 : 15864, 11, 2022/12/05, 16:36:55.569, 13875414947, vstest.console.dll, TcpClientExtensions.MessageLoopAsync: NotifyDataAvailable remoteEndPoint: 127.0.0.1:57108 localEndPoint: 127.0.0.1:57107
TpTrace Verbose: 0 : 15864, 11, 2022/12/05, 16:36:55.569, 13875415455, vstest.console.dll, TestRequestSender.OnExecutionMessageReceived: Received message: {"Version":7,"MessageType":"TestSession.Message","Payload":{"MessageLevel":0,"Message":"[xUnit.net 00:00:03.59]            at Microsoft.EntityFrameworkCore.ChangeTracking.Internal.StateManager.SaveChanges(StateManager stateManager, Boolean acceptAllChangesOnSuccess)"}}
TpTrace Verbose: 0 : 15864, 11, 2022/12/05, 16:36:55.570, 13875415998, vstest.console.dll, TestRunRequest:SendTestRunMessage: Starting.
TpTrace Verbose: 0 : 15864, 11, 2022/12/05, 16:36:55.570, 13875416422, vstest.console.dll, MulticastDelegateUtilities.SafeInvoke: TestRun.LogMessages: Invoking callback 1/1 for Microsoft.VisualStudio.TestPlatform.CommandLine.TestRunResultAggregator., took 0 ms.
TpTrace Information: 0 : 15864, 11, 2022/12/05, 16:36:55.570, 13875416698, vstest.console.dll, TestRunRequest:SendTestRunMessage: Completed.
TpTrace Verbose: 0 : 15864, 4, 2022/12/05, 16:36:55.570, 13875416998, vstest.console.dll, MulticastDelegateUtilities.SafeInvoke: InternalTestLoggerEvents.SendTestRunMessage: Invoking callback 1/1 for Microsoft.VisualStudio.TestPlatform.CommandLine.Internal.ConsoleLogger., took 0 ms.
TpTrace Verbose: 0 : 15864, 11, 2022/12/05, 16:36:55.570, 13875417151, vstest.console.dll, MulticastDelegateUtilities.SafeInvoke: LengthPrefixCommunicationChannel: MessageReceived: Invoking callback 1/1 for Microsoft.VisualStudio.TestPlatform.CommunicationUtilities.TestRequestSender+<>c__DisplayClass31_0., took 0 ms.
TpTrace Verbose: 0 : 15864, 11, 2022/12/05, 16:36:55.570, 13875418017, vstest.console.dll, TcpClientExtensions.MessageLoopAsync: Polling on remoteEndPoint: 127.0.0.1:57108 localEndPoint: 127.0.0.1:57107
TpTrace Verbose: 0 : 15864, 11, 2022/12/05, 16:36:55.570, 13875418396, vstest.console.dll, TcpClientExtensions.MessageLoopAsync: NotifyDataAvailable remoteEndPoint: 127.0.0.1:57108 localEndPoint: 127.0.0.1:57107
TpTrace Verbose: 0 : 15864, 11, 2022/12/05, 16:36:55.570, 13875418831, vstest.console.dll, TestRequestSender.OnExecutionMessageReceived: Received message: {"Version":7,"MessageType":"TestSession.Message","Payload":{"MessageLevel":0,"Message":"[xUnit.net 00:00:03.59]            at Microsoft.EntityFrameworkCore.ChangeTracking.Internal.StateManager.<>c.<SaveChanges>b__107_0(DbContext _, ValueTuple`2 t)"}}
TpTrace Verbose: 0 : 15864, 11, 2022/12/05, 16:36:55.570, 13875419342, vstest.console.dll, TestRunRequest:SendTestRunMessage: Starting.
TpTrace Verbose: 0 : 15864, 11, 2022/12/05, 16:36:55.570, 13875419748, vstest.console.dll, MulticastDelegateUtilities.SafeInvoke: TestRun.LogMessages: Invoking callback 1/1 for Microsoft.VisualStudio.TestPlatform.CommandLine.TestRunResultAggregator., took 0 ms.
TpTrace Information: 0 : 15864, 11, 2022/12/05, 16:36:55.570, 13875420023, vstest.console.dll, TestRunRequest:SendTestRunMessage: Completed.
TpTrace Verbose: 0 : 15864, 11, 2022/12/05, 16:36:55.570, 13875420277, vstest.console.dll, MulticastDelegateUtilities.SafeInvoke: LengthPrefixCommunicationChannel: MessageReceived: Invoking callback 1/1 for Microsoft.VisualStudio.TestPlatform.CommunicationUtilities.TestRequestSender+<>c__DisplayClass31_0., took 0 ms.
TpTrace Verbose: 0 : 15864, 4, 2022/12/05, 16:36:55.570, 13875420318, vstest.console.dll, MulticastDelegateUtilities.SafeInvoke: InternalTestLoggerEvents.SendTestRunMessage: Invoking callback 1/1 for Microsoft.VisualStudio.TestPlatform.CommandLine.Internal.ConsoleLogger., took 0 ms.
TpTrace Verbose: 0 : 15864, 11, 2022/12/05, 16:36:55.570, 13875420581, vstest.console.dll, TcpClientExtensions.MessageLoopAsync: Polling on remoteEndPoint: 127.0.0.1:57108 localEndPoint: 127.0.0.1:57107
TpTrace Verbose: 0 : 15864, 11, 2022/12/05, 16:36:55.570, 13875421654, vstest.console.dll, TcpClientExtensions.MessageLoopAsync: NotifyDataAvailable remoteEndPoint: 127.0.0.1:57108 localEndPoint: 127.0.0.1:57107
TpTrace Verbose: 0 : 15864, 11, 2022/12/05, 16:36:55.570, 13875422127, vstest.console.dll, TestRequestSender.OnExecutionMessageReceived: Received message: {"Version":7,"MessageType":"TestSession.Message","Payload":{"MessageLevel":0,"Message":"[xUnit.net 00:00:03.59]            at Microsoft.EntityFrameworkCore.Storage.NonRetryingExecutionStrategy.Execute[TState,TResult](TState state, Func`3 operation, Func`3 verifySucceeded)"}}
TpTrace Verbose: 0 : 15864, 11, 2022/12/05, 16:36:55.570, 13875422791, vstest.console.dll, TestRunRequest:SendTestRunMessage: Starting.
TpTrace Verbose: 0 : 15864, 11, 2022/12/05, 16:36:55.570, 13875423214, vstest.console.dll, MulticastDelegateUtilities.SafeInvoke: TestRun.LogMessages: Invoking callback 1/1 for Microsoft.VisualStudio.TestPlatform.CommandLine.TestRunResultAggregator., took 0 ms.
TpTrace Information: 0 : 15864, 11, 2022/12/05, 16:36:55.570, 13875423485, vstest.console.dll, TestRunRequest:SendTestRunMessage: Completed.
TpTrace Verbose: 0 : 15864, 11, 2022/12/05, 16:36:55.570, 13875423738, vstest.console.dll, MulticastDelegateUtilities.SafeInvoke: LengthPrefixCommunicationChannel: MessageReceived: Invoking callback 1/1 for Microsoft.VisualStudio.TestPlatform.CommunicationUtilities.TestRequestSender+<>c__DisplayClass31_0., took 0 ms.
TpTrace Verbose: 0 : 15864, 4, 2022/12/05, 16:36:55.570, 13875423790, vstest.console.dll, MulticastDelegateUtilities.SafeInvoke: InternalTestLoggerEvents.SendTestRunMessage: Invoking callback 1/1 for Microsoft.VisualStudio.TestPlatform.CommandLine.Internal.ConsoleLogger., took 0 ms.
TpTrace Verbose: 0 : 15864, 11, 2022/12/05, 16:36:55.570, 13875424022, vstest.console.dll, TcpClientExtensions.MessageLoopAsync: Polling on remoteEndPoint: 127.0.0.1:57108 localEndPoint: 127.0.0.1:57107
TpTrace Verbose: 0 : 15864, 11, 2022/12/05, 16:36:55.574, 13875464708, vstest.console.dll, TcpClientExtensions.MessageLoopAsync: NotifyDataAvailable remoteEndPoint: 127.0.0.1:57108 localEndPoint: 127.0.0.1:57107
TpTrace Verbose: 0 : 15864, 11, 2022/12/05, 16:36:55.574, 13875465379, vstest.console.dll, TestRequestSender.OnExecutionMessageReceived: Received message: {"Version":7,"MessageType":"TestSession.Message","Payload":{"MessageLevel":0,"Message":"[xUnit.net 00:00:03.59]            at Microsoft.EntityFrameworkCore.ChangeTracking.Internal.StateManager.SaveChanges(Boolean acceptAllChangesOnSuccess)"}}
TpTrace Verbose: 0 : 15864, 11, 2022/12/05, 16:36:55.575, 13875466212, vstest.console.dll, TestRunRequest:SendTestRunMessage: Starting.
TpTrace Verbose: 0 : 15864, 11, 2022/12/05, 16:36:55.575, 13875466760, vstest.console.dll, MulticastDelegateUtilities.SafeInvoke: TestRun.LogMessages: Invoking callback 1/1 for Microsoft.VisualStudio.TestPlatform.CommandLine.TestRunResultAggregator., took 0 ms.
TpTrace Information: 0 : 15864, 11, 2022/12/05, 16:36:55.575, 13875467076, vstest.console.dll, TestRunRequest:SendTestRunMessage: Completed.
TpTrace Verbose: 0 : 15864, 11, 2022/12/05, 16:36:55.575, 13875467397, vstest.console.dll, MulticastDelegateUtilities.SafeInvoke: LengthPrefixCommunicationChannel: MessageReceived: Invoking callback 1/1 for Microsoft.VisualStudio.TestPlatform.CommunicationUtilities.TestRequestSender+<>c__DisplayClass31_0., took 0 ms.
TpTrace Verbose: 0 : 15864, 4, 2022/12/05, 16:36:55.575, 13875467380, vstest.console.dll, MulticastDelegateUtilities.SafeInvoke: InternalTestLoggerEvents.SendTestRunMessage: Invoking callback 1/1 for Microsoft.VisualStudio.TestPlatform.CommandLine.Internal.ConsoleLogger., took 0 ms.
TpTrace Verbose: 0 : 15864, 11, 2022/12/05, 16:36:55.575, 13875467801, vstest.console.dll, TcpClientExtensions.MessageLoopAsync: Polling on remoteEndPoint: 127.0.0.1:57108 localEndPoint: 127.0.0.1:57107
TpTrace Verbose: 0 : 15864, 11, 2022/12/05, 16:36:55.575, 13875469286, vstest.console.dll, TcpClientExtensions.MessageLoopAsync: NotifyDataAvailable remoteEndPoint: 127.0.0.1:57108 localEndPoint: 127.0.0.1:57107
TpTrace Verbose: 0 : 15864, 11, 2022/12/05, 16:36:55.575, 13875469807, vstest.console.dll, TestRequestSender.OnExecutionMessageReceived: Received message: {"Version":7,"MessageType":"TestSession.Message","Payload":{"MessageLevel":0,"Message":"[xUnit.net 00:00:03.59]            at Microsoft.EntityFrameworkCore.DbContext.SaveChanges(Boolean acceptAllChangesOnSuccess)"}}
TpTrace Verbose: 0 : 15864, 11, 2022/12/05, 16:36:55.575, 13875470404, vstest.console.dll, TestRunRequest:SendTestRunMessage: Starting.
TpTrace Verbose: 0 : 15864, 11, 2022/12/05, 16:36:55.575, 13875470836, vstest.console.dll, MulticastDelegateUtilities.SafeInvoke: TestRun.LogMessages: Invoking callback 1/1 for Microsoft.VisualStudio.TestPlatform.CommandLine.TestRunResultAggregator., took 0 ms.
TpTrace Information: 0 : 15864, 11, 2022/12/05, 16:36:55.575, 13875471111, vstest.console.dll, TestRunRequest:SendTestRunMessage: Completed.
TpTrace Verbose: 0 : 15864, 11, 2022/12/05, 16:36:55.575, 13875471366, vstest.console.dll, MulticastDelegateUtilities.SafeInvoke: LengthPrefixCommunicationChannel: MessageReceived: Invoking callback 1/1 for Microsoft.VisualStudio.TestPlatform.CommunicationUtilities.TestRequestSender+<>c__DisplayClass31_0., took 0 ms.
TpTrace Verbose: 0 : 15864, 11, 2022/12/05, 16:36:55.575, 13875471681, vstest.console.dll, TcpClientExtensions.MessageLoopAsync: Polling on remoteEndPoint: 127.0.0.1:57108 localEndPoint: 127.0.0.1:57107
TpTrace Verbose: 0 : 15864, 4, 2022/12/05, 16:36:55.575, 13875471407, vstest.console.dll, MulticastDelegateUtilities.SafeInvoke: InternalTestLoggerEvents.SendTestRunMessage: Invoking callback 1/1 for Microsoft.VisualStudio.TestPlatform.CommandLine.Internal.ConsoleLogger., took 0 ms.
TpTrace Verbose: 0 : 15864, 11, 2022/12/05, 16:36:55.575, 13875472028, vstest.console.dll, TcpClientExtensions.MessageLoopAsync: NotifyDataAvailable remoteEndPoint: 127.0.0.1:57108 localEndPoint: 127.0.0.1:57107
TpTrace Verbose: 0 : 15864, 11, 2022/12/05, 16:36:55.575, 13875473566, vstest.console.dll, TestRequestSender.OnExecutionMessageReceived: Received message: {"Version":7,"MessageType":"TestSession.Message","Payload":{"MessageLevel":0,"Message":"[xUnit.net 00:00:03.59]            at Microsoft.EntityFrameworkCore.DbContext.SaveChanges()"}}
TpTrace Verbose: 0 : 15864, 11, 2022/12/05, 16:36:55.575, 13875474145, vstest.console.dll, TestRunRequest:SendTestRunMessage: Starting.
TpTrace Verbose: 0 : 15864, 11, 2022/12/05, 16:36:55.575, 13875474573, vstest.console.dll, MulticastDelegateUtilities.SafeInvoke: TestRun.LogMessages: Invoking callback 1/1 for Microsoft.VisualStudio.TestPlatform.CommandLine.TestRunResultAggregator., took 0 ms.
TpTrace Information: 0 : 15864, 11, 2022/12/05, 16:36:55.575, 13875474849, vstest.console.dll, TestRunRequest:SendTestRunMessage: Completed.
TpTrace Verbose: 0 : 15864, 11, 2022/12/05, 16:36:55.575, 13875475106, vstest.console.dll, MulticastDelegateUtilities.SafeInvoke: LengthPrefixCommunicationChannel: MessageReceived: Invoking callback 1/1 for Microsoft.VisualStudio.TestPlatform.CommunicationUtilities.TestRequestSender+<>c__DisplayClass31_0., took 0 ms.
TpTrace Verbose: 0 : 15864, 4, 2022/12/05, 16:36:55.575, 13875475124, vstest.console.dll, MulticastDelegateUtilities.SafeInvoke: InternalTestLoggerEvents.SendTestRunMessage: Invoking callback 1/1 for Microsoft.VisualStudio.TestPlatform.CommandLine.Internal.ConsoleLogger., took 0 ms.
TpTrace Verbose: 0 : 15864, 11, 2022/12/05, 16:36:55.575, 13875475422, vstest.console.dll, TcpClientExtensions.MessageLoopAsync: Polling on remoteEndPoint: 127.0.0.1:57108 localEndPoint: 127.0.0.1:57107
TpTrace Verbose: 0 : 15864, 11, 2022/12/05, 16:36:55.576, 13875476904, vstest.console.dll, TcpClientExtensions.MessageLoopAsync: NotifyDataAvailable remoteEndPoint: 127.0.0.1:57108 localEndPoint: 127.0.0.1:57107
TpTrace Verbose: 0 : 15864, 11, 2022/12/05, 16:36:55.576, 13875477417, vstest.console.dll, TestRequestSender.OnExecutionMessageReceived: Received message: {"Version":7,"MessageType":"TestSession.Message","Payload":{"MessageLevel":0,"Message":"[xUnit.net 00:00:03.59]         D:\\.NET\\VetAppointment - Working\\VetAppointment.Integration.Test\\BaseIntegrationTests.cs(32,0): at VetAppointment.Integration.Tests.BaseIntegrationTests.CleanDatabases()"}}
TpTrace Verbose: 0 : 15864, 11, 2022/12/05, 16:36:55.576, 13875477982, vstest.console.dll, TestRunRequest:SendTestRunMessage: Starting.
TpTrace Verbose: 0 : 15864, 11, 2022/12/05, 16:36:55.576, 13875478410, vstest.console.dll, MulticastDelegateUtilities.SafeInvoke: TestRun.LogMessages: Invoking callback 1/1 for Microsoft.VisualStudio.TestPlatform.CommandLine.TestRunResultAggregator., took 0 ms.
TpTrace Information: 0 : 15864, 11, 2022/12/05, 16:36:55.576, 13875478690, vstest.console.dll, TestRunRequest:SendTestRunMessage: Completed.
TpTrace Verbose: 0 : 15864, 11, 2022/12/05, 16:36:55.576, 13875478946, vstest.console.dll, MulticastDelegateUtilities.SafeInvoke: LengthPrefixCommunicationChannel: MessageReceived: Invoking callback 1/1 for Microsoft.VisualStudio.TestPlatform.CommunicationUtilities.TestRequestSender+<>c__DisplayClass31_0., took 0 ms.
TpTrace Verbose: 0 : 15864, 4, 2022/12/05, 16:36:55.576, 13875479072, vstest.console.dll, MulticastDelegateUtilities.SafeInvoke: InternalTestLoggerEvents.SendTestRunMessage: Invoking callback 1/1 for Microsoft.VisualStudio.TestPlatform.CommandLine.Internal.ConsoleLogger., took 0 ms.
TpTrace Verbose: 0 : 15864, 11, 2022/12/05, 16:36:55.576, 13875479208, vstest.console.dll, TcpClientExtensions.MessageLoopAsync: Polling on remoteEndPoint: 127.0.0.1:57108 localEndPoint: 127.0.0.1:57107
TpTrace Verbose: 0 : 15864, 11, 2022/12/05, 16:36:55.576, 13875480622, vstest.console.dll, TcpClientExtensions.MessageLoopAsync: NotifyDataAvailable remoteEndPoint: 127.0.0.1:57108 localEndPoint: 127.0.0.1:57107
TpTrace Verbose: 0 : 15864, 11, 2022/12/05, 16:36:55.576, 13875481135, vstest.console.dll, TestRequestSender.OnExecutionMessageReceived: Received message: {"Version":7,"MessageType":"TestSession.Message","Payload":{"MessageLevel":0,"Message":"[xUnit.net 00:00:03.59]         D:\\.NET\\VetAppointment - Working\\VetAppointment.Integration.Test\\PetOwnersControllerTests.cs(67,0): at VetAppointment.Integration.Tests.PetOwnersControllerTests.Dispose()"}}
TpTrace Verbose: 0 : 15864, 11, 2022/12/05, 16:36:55.576, 13875481701, vstest.console.dll, TestRunRequest:SendTestRunMessage: Starting.
TpTrace Verbose: 0 : 15864, 11, 2022/12/05, 16:36:55.576, 13875482120, vstest.console.dll, MulticastDelegateUtilities.SafeInvoke: TestRun.LogMessages: Invoking callback 1/1 for Microsoft.VisualStudio.TestPlatform.CommandLine.TestRunResultAggregator., took 0 ms.
TpTrace Information: 0 : 15864, 11, 2022/12/05, 16:36:55.576, 13875482393, vstest.console.dll, TestRunRequest:SendTestRunMessage: Completed.
TpTrace Verbose: 0 : 15864, 11, 2022/12/05, 16:36:55.576, 13875482651, vstest.console.dll, MulticastDelegateUtilities.SafeInvoke: LengthPrefixCommunicationChannel: MessageReceived: Invoking callback 1/1 for Microsoft.VisualStudio.TestPlatform.CommunicationUtilities.TestRequestSender+<>c__DisplayClass31_0., took 0 ms.
TpTrace Verbose: 0 : 15864, 11, 2022/12/05, 16:36:55.576, 13875483619, vstest.console.dll, TcpClientExtensions.MessageLoopAsync: Polling on remoteEndPoint: 127.0.0.1:57108 localEndPoint: 127.0.0.1:57107
TpTrace Verbose: 0 : 15864, 11, 2022/12/05, 16:36:55.576, 13875484146, vstest.console.dll, TcpClientExtensions.MessageLoopAsync: NotifyDataAvailable remoteEndPoint: 127.0.0.1:57108 localEndPoint: 127.0.0.1:57107
TpTrace Verbose: 0 : 15864, 11, 2022/12/05, 16:36:55.576, 13875484694, vstest.console.dll, TestRequestSender.OnExecutionMessageReceived: Received message: {"Version":7,"MessageType":"TestSession.Message","Payload":{"MessageLevel":0,"Message":"[xUnit.net 00:00:03.59]         /_/src/xunit.execution/Extensions/ReflectionAbstractionExtensions.cs(79,0): at ReflectionAbstractionExtensions.DisposeTestClass(ITest test, Object testClass, IMessageBus messageBus, ExecutionTimer timer, CancellationTokenSource cancellationTokenSource)"}}
TpTrace Verbose: 0 : 15864, 4, 2022/12/05, 16:36:55.576, 13875482682, vstest.console.dll, MulticastDelegateUtilities.SafeInvoke: InternalTestLoggerEvents.SendTestRunMessage: Invoking callback 1/1 for Microsoft.VisualStudio.TestPlatform.CommandLine.Internal.ConsoleLogger., took 0 ms.
TpTrace Verbose: 0 : 15864, 11, 2022/12/05, 16:36:55.576, 13875485312, vstest.console.dll, TestRunRequest:SendTestRunMessage: Starting.
TpTrace Verbose: 0 : 15864, 11, 2022/12/05, 16:36:55.577, 13875486573, vstest.console.dll, MulticastDelegateUtilities.SafeInvoke: TestRun.LogMessages: Invoking callback 1/1 for Microsoft.VisualStudio.TestPlatform.CommandLine.TestRunResultAggregator., took 0 ms.
TpTrace Verbose: 0 : 15864, 4, 2022/12/05, 16:36:55.577, 13875486688, vstest.console.dll, MulticastDelegateUtilities.SafeInvoke: InternalTestLoggerEvents.SendTestRunMessage: Invoking callback 1/1 for Microsoft.VisualStudio.TestPlatform.CommandLine.Internal.ConsoleLogger., took 0 ms.
TpTrace Information: 0 : 15864, 11, 2022/12/05, 16:36:55.577, 13875486941, vstest.console.dll, TestRunRequest:SendTestRunMessage: Completed.
TpTrace Verbose: 0 : 15864, 11, 2022/12/05, 16:36:55.577, 13875487749, vstest.console.dll, MulticastDelegateUtilities.SafeInvoke: LengthPrefixCommunicationChannel: MessageReceived: Invoking callback 1/1 for Microsoft.VisualStudio.TestPlatform.CommunicationUtilities.TestRequestSender+<>c__DisplayClass31_0., took 0 ms.
TpTrace Verbose: 0 : 15864, 11, 2022/12/05, 16:36:55.577, 13875488143, vstest.console.dll, TcpClientExtensions.MessageLoopAsync: Polling on remoteEndPoint: 127.0.0.1:57108 localEndPoint: 127.0.0.1:57107
TpTrace Verbose: 0 : 15864, 11, 2022/12/05, 16:36:55.933, 13879049915, vstest.console.dll, TcpClientExtensions.MessageLoopAsync: NotifyDataAvailable remoteEndPoint: 127.0.0.1:57108 localEndPoint: 127.0.0.1:57107
TpTrace Verbose: 0 : 15864, 11, 2022/12/05, 16:36:55.933, 13879050898, vstest.console.dll, TestRequestSender.OnExecutionMessageReceived: Received message: {"Version":7,"MessageType":"TestSession.Message","Payload":{"MessageLevel":0,"Message":"[xUnit.net 00:00:03.95]   Finished:    VetAppointment.Integration.Test"}}
TpTrace Verbose: 0 : 15864, 11, 2022/12/05, 16:36:55.933, 13879052208, vstest.console.dll, TestRunRequest:SendTestRunMessage: Starting.
TpTrace Verbose: 0 : 15864, 11, 2022/12/05, 16:36:55.933, 13879052726, vstest.console.dll, MulticastDelegateUtilities.SafeInvoke: TestRun.LogMessages: Invoking callback 1/1 for Microsoft.VisualStudio.TestPlatform.CommandLine.TestRunResultAggregator., took 0 ms.
TpTrace Information: 0 : 15864, 11, 2022/12/05, 16:36:55.933, 13879053015, vstest.console.dll, TestRunRequest:SendTestRunMessage: Completed.
TpTrace Verbose: 0 : 15864, 11, 2022/12/05, 16:36:55.933, 13879053275, vstest.console.dll, MulticastDelegateUtilities.SafeInvoke: LengthPrefixCommunicationChannel: MessageReceived: Invoking callback 1/1 for Microsoft.VisualStudio.TestPlatform.CommunicationUtilities.TestRequestSender+<>c__DisplayClass31_0., took 0 ms.
TpTrace Verbose: 0 : 15864, 11, 2022/12/05, 16:36:55.933, 13879053596, vstest.console.dll, TcpClientExtensions.MessageLoopAsync: Polling on remoteEndPoint: 127.0.0.1:57108 localEndPoint: 127.0.0.1:57107
TpTrace Verbose: 0 : 15864, 4, 2022/12/05, 16:36:55.933, 13879053386, vstest.console.dll, MulticastDelegateUtilities.SafeInvoke: InternalTestLoggerEvents.SendTestRunMessage: Invoking callback 1/1 for Microsoft.VisualStudio.TestPlatform.CommandLine.Internal.ConsoleLogger., took 0 ms.
TpTrace Verbose: 0 : 15864, 11, 2022/12/05, 16:36:55.954, 13879256306, vstest.console.dll, TcpClientExtensions.MessageLoopAsync: NotifyDataAvailable remoteEndPoint: 127.0.0.1:57108 localEndPoint: 127.0.0.1:57107
TpTrace Verbose: 0 : 15864, 11, 2022/12/05, 16:36:55.954, 13879259419, vstest.console.dll, TestRequestSender.OnExecutionMessageReceived: Received message: {"Version":7,"MessageType":"TestExecution.Completed","Payload":{"TestRunCompleteArgs":{"TestRunStatistics":{"ExecutedTests":10,"Stats":{"Passed":7,"Failed":3}},"IsCanceled":false,"IsAborted":false,"Error":null,"AttachmentSets":[],"InvokedDataCollectors":[],"ElapsedTimeInRunningTests":"00:00:03.9671248","Metrics":{},"DiscoveredExtensions":{"TestDiscoverers":["Xunit.Runner.VisualStudio.VsTestRunner, xunit.runner.visualstudio.dotnetcore.testadapter, Version=2.4.0.0, Culture=neutral, PublicKeyToken=8d05b1bb7a6fdb6c"],"TestExecutors":["executor://xunit/VsTestRunner2/netcoreapp"],"TestExecutors2":[],"TestSettingsProviders":[]}},"LastRunTests":{"NewTestResults":[{"TestCase":{"Id":"08b8d152-1022-9ce2-a2d9-8ed2bb51d612","FullyQualifiedName":"VetAppointment.Integration.Tests.PetOwnersControllerTests.When_RegisterEmptyListOfPetsToOwner_Then_ShouldReturnBadRequestAsync","DisplayName":"VetAppointment.Integration.Tests.PetOwnersControllerTests.When_RegisterEmptyListOfPetsToOwner_Then_ShouldReturnBadRequestAsync","ExecutorUri":"executor://xunit/VsTestRunner2/netcoreapp","Source":"D:\\.NET\\VetAppointment - Working\\VetAppointment.Integration.Test\\bin\\Debug\\net7.0\\fine-code-coverage\\build-output\\VetAppointment.Integration.Test.dll","CodeFilePath":null,"LineNumber":0,"Properties":[]},"Attachments":[],"Outcome":2,"ErrorMessage":"Expected resultResponse.StatusCode to be HttpStatusCode.BadRequest {value: 400}, but found HttpStatusCode.NotFound {value: 404}.","ErrorStackTrace":"   at FluentAssertions.Execution.XUnit2TestFramework.Throw(String message)\r\n   at FluentAssertions.Execution.TestFrameworkProvider.Throw(String message)\r\n   at FluentAssertions.Execution.DefaultAssertionStrategy.HandleFailure(String message)\r\n   at FluentAssertions.Execution.AssertionScope.FailWith(Func`1 failReasonFunc)\r\n   at FluentAssertions.Execution.AssertionScope.FailWith(Func`1 failReasonFunc)\r\n   at FluentAssertions.Execution.AssertionScope.FailWith(String message, Object[] args)\r\n   at FluentAssertions.Primitives.EnumAssertions`2.Be(TEnum expected, String because, Object[] becauseArgs)\r\n   at VetAppointment.Integration.Tests.PetOwnersControllerTests.When_RegisterEmptyListOfPetsToOwner_Then_ShouldReturnBadRequestAsync() in D:\\.NET\\VetAppointment - Working\\VetAppointment.Integration.Test\\PetOwnersControllerTests.cs:line 48\r\n   at System.Threading.Tasks.Task.<>c.<ThrowAsync>b__128_0(Object state)","DisplayName":"VetAppointment.Integration.Tests.PetOwnersControllerTests.When_RegisterEmptyListOfPetsToOwner_Then_ShouldReturnBadRequestAsync","Messages":[],"ComputerName":"IOLAPTOP","Duration":"00:00:02.1687039","StartTime":"2022-12-05T14:36:55.179031+00:00","EndTime":"2022-12-05T14:36:55.1790312+00:00","Properties":[]},{"TestCase":{"Id":"e984eb38-11c6-5734-52aa-714b1640b380","FullyQualifiedName":"VetAppointment.Integration.Tests.VetClinicsControllerTests.When_CreateClinic_Then_ShouldReturnClinicInTheGetRequestAsync","DisplayName":"VetAppointment.Integration.Tests.VetClinicsControllerTests.When_CreateClinic_Then_ShouldReturnClinicInTheGetRequestAsync","ExecutorUri":"executor://xunit/VsTestRunner2/netcoreapp","Source":"D:\\.NET\\VetAppointment - Working\\VetAppointment.Integration.Test\\bin\\Debug\\net7.0\\fine-code-coverage\\build-output\\VetAppointment.Integration.Test.dll","CodeFilePath":null,"LineNumber":0,"Properties":[]},"Attachments":[],"Outcome":1,"ErrorMessage":null,"ErrorStackTrace":null,"DisplayName":"VetAppointment.Integration.Tests.VetClinicsControllerTests.When_CreateClinic_Then_ShouldReturnClinicInTheGetRequestAsync","Messages":[],"ComputerName":"IOLAPTOP","Duration":"00:00:00.1966652","StartTime":"2022-12-05T14:36:55.2842745+00:00","EndTime":"2022-12-05T14:36:55.2842749+00:00","Properties":[]},{"TestCase":{"Id":"4bbe5bf7-b762-2436-f0d6-a13e409189da","FullyQualifiedName":"VetAppointment.Integration.Tests.VetClinicsControllerTests.When_UpdateVet_Then_ShouldUpdateVetInClinic","DisplayName":"VetAppointment.Integration.Tests.VetClinicsControllerTests.When_UpdateVet_Then_ShouldUpdateVetInClinic","ExecutorUri":"executor://xunit/VsTestRunner2/netcoreapp","Source":"D:\\.NET\\VetAppointment - Working\\VetAppointment.Integration.Test\\bin\\Debug\\net7.0\\fine-code-coverage\\build-output\\VetAppointment.Integration.Test.dll","CodeFilePath":null,"LineNumber":0,"Properties":[]},"Attachments":[],"Outcome":1,"ErrorMessage":null,"ErrorStackTrace":null,"DisplayName":"VetAppointment.Integration.Tests.VetClinicsControllerTests.When_UpdateVet_Then_ShouldUpdateVetInClinic","Messages":[],"ComputerName":"IOLAPTOP","Duration":"00:00:00.2647163","StartTime":"2022-12-05T14:36:55.5490476+00:00","EndTime":"2022-12-05T14:36:55.5490479+00:00","Properties":[]},{"TestCase":{"Id":"f0410b2c-8ec7-b902-41a5-83b6e82e3ea4","FullyQualifiedName":"VetAppointment.Integration.Tests.PetOwnersControllerTests.When_RegisterPetsToOwner_Then_ShouldSavePetsToOwnerAsync","DisplayName":"VetAppointment.Integration.Tests.PetOwnersControllerTests.When_RegisterPetsToOwner_Then_ShouldSavePetsToOwnerAsync","ExecutorUri":"executor://xunit/VsTestRunner2/netcoreapp","Source":"D:\\.NET\\VetAppointment - Working\\VetAppointment.Integration.Test\\bin\\Debug\\net7.0\\fine-code-coverage\\build-output\\VetAppointment.Integration.Test.dll","CodeFilePath":null,"LineNumber":0,"Properties":[]},"Attachments":[],"Outcome":2,"ErrorMessage":"Microsoft.EntityFrameworkCore.DbUpdateConcurrencyException : The database operation was expected to affect 1 row(s), but actually affected 0 row(s); data may have been modified or deleted since entities were loaded. See http://go.microsoft.com/fwlink/?LinkId=527962 for information on understanding and handling optimistic concurrency exceptions.","ErrorStackTrace":"   at Microsoft.EntityFrameworkCore.Update.AffectedCountModificationCommandBatch.ThrowAggregateUpdateConcurrencyException(RelationalDataReader reader, Int32 commandIndex, Int32 expectedRowsAffected, Int32 rowsAffected)\r\n   at Microsoft.EntityFrameworkCore.Update.AffectedCountModificationCommandBatch.ConsumeResultSetWithRowsAffectedOnly(Int32 commandIndex, RelationalDataReader reader)\r\n   at Microsoft.EntityFrameworkCore.Update.AffectedCountModificationCommandBatch.Consume(RelationalDataReader reader)\r\n   at Microsoft.EntityFrameworkCore.Update.ReaderModificationCommandBatch.Execute(IRelationalConnection connection)\r\n   at Microsoft.EntityFrameworkCore.Update.Internal.BatchExecutor.Execute(IEnumerable`1 commandBatches, IRelationalConnection connection)\r\n   at Microsoft.EntityFrameworkCore.Storage.RelationalDatabase.SaveChanges(IList`1 entries)\r\n   at Microsoft.EntityFrameworkCore.ChangeTracking.Internal.StateManager.SaveChanges(IList`1 entriesToSave)\r\n   at Microsoft.EntityFrameworkCore.ChangeTracking.Internal.StateManager.SaveChanges(StateManager stateManager, Boolean acceptAllChangesOnSuccess)\r\n   at Microsoft.EntityFrameworkCore.ChangeTracking.Internal.StateManager.<>c.<SaveChanges>b__107_0(DbContext _, ValueTuple`2 t)\r\n   at Microsoft.EntityFrameworkCore.Storage.NonRetryingExecutionStrategy.Execute[TState,TResult](TState state, Func`3 operation, Func`3 verifySucceeded)\r\n   at Microsoft.EntityFrameworkCore.ChangeTracking.Internal.StateManager.SaveChanges(Boolean acceptAllChangesOnSuccess)\r\n   at Microsoft.EntityFrameworkCore.DbContext.SaveChanges(Boolean acceptAllChangesOnSuccess)\r\n   at Microsoft.EntityFrameworkCore.DbContext.SaveChanges()\r\n   at VetAppointment.Integration.Tests.BaseIntegrationTests.CleanDatabases() in D:\\.NET\\VetAppointment - Working\\VetAppointment.Integration.Test\\BaseIntegrationTests.cs:line 32\r\n   at VetAppointment.Integration.Tests.PetOwnersControllerTests.Dispose() in D:\\.NET\\VetAppointment - Working\\VetAppointment.Integration.Test\\PetOwnersControllerTests.cs:line 67\r\n   at ReflectionAbstractionExtensions.DisposeTestClass(ITest test, Object testClass, IMessageBus messageBus, ExecutionTimer timer, CancellationTokenSource cancellationTokenSource) in /_/src/xunit.execution/Extensions/ReflectionAbstractionExtensions.cs:line 79","DisplayName":"VetAppointment.Integration.Tests.PetOwnersControllerTests.When_RegisterPetsToOwner_Then_ShouldSavePetsToOwnerAsync","Messages":[],"ComputerName":"IOLAPTOP","Duration":"00:00:00.3892669","StartTime":"2022-12-05T14:36:55.5703797+00:00","EndTime":"2022-12-05T14:36:55.5703798+00:00","Properties":[]},{"TestCase":{"Id":"45aa85eb-6c29-4251-fe14-174758b30a7b","FullyQualifiedName":"VetAppointment.Integration.Tests.VetClinicsControllerTests.When_DeleteClinic_Then_ShouldDeleteClinic","DisplayName":"VetAppointment.Integration.Tests.VetClinicsControllerTests.When_DeleteClinic_Then_ShouldDeleteClinic","ExecutorUri":"executor://xunit/VsTestRunner2/netcoreapp","Source":"D:\\.NET\\VetAppointment - Working\\VetAppointment.Integration.Test\\bin\\Debug\\net7.0\\fine-code-coverage\\build-output\\VetAppointment.Integration.Test.dll","CodeFilePath":null,"LineNumber":0,"Properties":[]},"Attachments":[],"Outcome":1,"ErrorMessage":null,"ErrorStackTrace":null,"DisplayName":"VetAppointment.Integration.Tests.VetClinicsControllerTests.When_DeleteClinic_Then_ShouldDeleteClinic","Messages":[],"ComputerName":"IOLAPTOP","Duration":"00:00:00.0723046","StartTime":"2022-12-05T14:36:55.6215413+00:00","EndTime":"2022-12-05T14:36:55.6215415+00:00","Properties":[]},{"TestCase":{"Id":"cc9286cb-4d8c-1268-4a97-dae4fc8f5e9c","FullyQualifiedName":"VetAppointment.Integration.Tests.VetClinicsControllerTests.When_RegisterEmptyListOfPetsToClinic_Then_ShouldReturnBadRequestAsync","DisplayName":"VetAppointment.Integration.Tests.VetClinicsControllerTests.When_RegisterEmptyListOfPetsToClinic_Then_ShouldReturnBadRequestAsync","ExecutorUri":"executor://xunit/VsTestRunner2/netcoreapp","Source":"D:\\.NET\\VetAppointment - Working\\VetAppointment.Integration.Test\\bin\\Debug\\net7.0\\fine-code-coverage\\build-output\\VetAppointment.Integration.Test.dll","CodeFilePath":null,"LineNumber":0,"Properties":[]},"Attachments":[],"Outcome":1,"ErrorMessage":null,"ErrorStackTrace":null,"DisplayName":"VetAppointment.Integration.Tests.VetClinicsControllerTests.When_RegisterEmptyListOfPetsToClinic_Then_ShouldReturnBadRequestAsync","Messages":[],"ComputerName":"IOLAPTOP","Duration":"00:00:00.0971270","StartTime":"2022-12-05T14:36:55.718853+00:00","EndTime":"2022-12-05T14:36:55.7188532+00:00","Properties":[]},{"TestCase":{"Id":"61d0a139-e129-ee98-2917-b98112bcc029","FullyQualifiedName":"VetAppointment.Integration.Tests.VetClinicsControllerTests.When_DeleteVet_Then_ShouldDeleteVetFromClinic","DisplayName":"VetAppointment.Integration.Tests.VetClinicsControllerTests.When_DeleteVet_Then_ShouldDeleteVetFromClinic","ExecutorUri":"executor://xunit/VsTestRunner2/netcoreapp","Source":"D:\\.NET\\VetAppointment - Working\\VetAppointment.Integration.Test\\bin\\Debug\\net7.0\\fine-code-coverage\\build-output\\VetAppointment.Integration.Test.dll","CodeFilePath":null,"LineNumber":0,"Properties":[]},"Attachments":[],"Outcome":1,"ErrorMessage":null,"ErrorStackTrace":null,"DisplayName":"VetAppointment.Integration.Tests.VetClinicsControllerTests.When_DeleteVet_Then_ShouldDeleteVetFromClinic","Messages":[],"ComputerName":"IOLAPTOP","Duration":"00:00:00.1170422","StartTime":"2022-12-05T14:36:55.8362033+00:00","EndTime":"2022-12-05T14:36:55.8362036+00:00","Properties":[]},{"TestCase":{"Id":"b52b9102-8849-988e-4f3f-6ab21a88e59b","FullyQualifiedName":"VetAppointment.Integration.Tests.VetClinicsControllerTests.When_RegisterPetsFamilyToClinic_Then_ShouldSavePetsInClinicAsync","DisplayName":"VetAppointment.Integration.Tests.VetClinicsControllerTests.When_RegisterPetsFamilyToClinic_Then_ShouldSavePetsInClinicAsync","ExecutorUri":"executor://xunit/VsTestRunner2/netcoreapp","Source":"D:\\.NET\\VetAppointment - Working\\VetAppointment.Integration.Test\\bin\\Debug\\net7.0\\fine-code-coverage\\build-output\\VetAppointment.Integration.Test.dll","CodeFilePath":null,"LineNumber":0,"Properties":[]},"Attachments":[],"Outcome":1,"ErrorMessage":null,"ErrorStackTrace":null,"DisplayName":"VetAppointment.Integration.Tests.VetClinicsControllerTests.When_RegisterPetsFamilyToClinic_Then_ShouldSavePetsInClinicAsync","Messages":[],"ComputerName":"IOLAPTOP","Duration":"00:00:00.0927447","StartTime":"2022-12-05T14:36:55.9291278+00:00","EndTime":"2022-12-05T14:36:55.9291281+00:00","Properties":[]}],"TestRunStatistics":{"ExecutedTests":10,"Stats":{"Passed":7,"Failed":3}},"ActiveTests":[]},"RunAttachments":[],"ExecutorUris":["executor://xunit/VsTestRunner2/netcoreapp"]}}
TpTrace Verbose: 0 : 15864, 11, 2022/12/05, 16:36:55.954, 13879261430, vstest.console.dll, TestRequestSender.EndSession: Sending end session.
TpTrace Verbose: 0 : 15864, 11, 2022/12/05, 16:36:55.954, 13879263127, vstest.console.dll, ProxyOperationManager.Close: waiting for test host to exit for 100 ms
TpTrace Warning: 0 : 15864, 7, 2022/12/05, 16:36:55.980, 13879523375, vstest.console.dll, TestHostManagerCallbacks.ErrorReceivedCallback Test host standard error line: 
TpTrace Verbose: 0 : 15864, 7, 2022/12/05, 16:36:56.010, 13879824214, vstest.console.dll, TestHostProvider.ExitCallBack: Host exited starting callback.
TpTrace Information: 0 : 15864, 7, 2022/12/05, 16:36:56.011, 13879825881, vstest.console.dll, TestHostManagerCallbacks.ExitCallBack: Testhost processId: 11280 exited with exitcode: 0 error: ''
TpTrace Verbose: 0 : 15864, 7, 2022/12/05, 16:36:56.011, 13879826331, vstest.console.dll, DotnetTestHostManager.OnHostExited: invoking OnHostExited callback
TpTrace Verbose: 0 : 15864, 7, 2022/12/05, 16:36:56.011, 13879826740, vstest.console.dll, CrossPlatEngine.TestHostManagerHostExited: calling on client process exit callback.
TpTrace Information: 0 : 15864, 7, 2022/12/05, 16:36:56.011, 13879827233, vstest.console.dll, TestRequestSender.OnClientProcessExit: Test host process exited. Standard error: 
TpTrace Information: 0 : 15864, 7, 2022/12/05, 16:36:56.011, 13879827601, vstest.console.dll, SocketServer.Stop: Stop server endPoint: 127.0.0.1:57107
TpTrace Information: 0 : 15864, 7, 2022/12/05, 16:36:56.011, 13879827858, vstest.console.dll, SocketServer.Stop: Cancellation requested. Stopping message loop.
TpTrace Information: 0 : 15864, 11, 2022/12/05, 16:36:56.011, 13879828676, vstest.console.dll, SocketServer.Stop: Stop server endPoint: 127.0.0.1:57107
TpTrace Verbose: 0 : 15864, 7, 2022/12/05, 16:36:56.011, 13879829319, vstest.console.dll, MulticastDelegateUtilities.SafeInvoke: HostProviderEvents.OnHostExited: Invoking callback 1/1 for Microsoft.VisualStudio.TestPlatform.CrossPlatEngine.Client.ProxyOperationManager., took 0 ms.
TpTrace Information: 0 : 15864, 11, 2022/12/05, 16:36:56.011, 13879829541, vstest.console.dll, SocketServer.Stop: Cancellation requested. Stopping message loop.
TpTrace Information: 0 : 15864, 11, 2022/12/05, 16:36:56.011, 13879830540, vstest.console.dll, Closing the connection
TpTrace Verbose: 0 : 15864, 11, 2022/12/05, 16:36:56.011, 13879832481, vstest.console.dll, ProxyDataCollectionManager.InvokeDataCollectionServiceAction: Starting.
TpTrace Information: 0 : 15864, 11, 2022/12/05, 16:36:56.011, 13879832939, vstest.console.dll, ProxyDataCollectionManager.AfterTestRunEnd: Get attachment set and invoked data collectors processId: 3280 port: 57104
TpTrace Verbose: 0 : 15864, 11, 2022/12/05, 16:36:56.011, 13879833371, vstest.console.dll, DataCollectionRequestSender.SendAfterTestRunStartAndGetResult: Send AfterTestRunEnd message with isCancelled: False
TpTrace Verbose: 0 : 15864, 11, 2022/12/05, 16:36:56.019, 13879906669, vstest.console.dll, DataCollectionRequestSender.SendAfterTestRunStartAndGetResult: Received message: (DataCollection.AfterTestRunEndResult) -> {"MessageType":"DataCollection.AfterTestRunEndResult","Payload":{"AttachmentSets":[],"InvokedDataCollectors":[{"Uri":"datacollector://Microsoft/TestPlatform/Extensions/Blame/v1","FriendlyName":"Blame","AssemblyQualifiedName":"Microsoft.TestPlatform.Extensions.BlameDataCollector.BlameCollector, Microsoft.TestPlatform.Extensions.BlameDataCollector, Version=15.0.0.0, Culture=neutral, PublicKeyToken=b03f5f7f11d50a3a","FilePath":"C:\\Program Files\\dotnet\\sdk\\7.0.100\\Extensions\\Microsoft.TestPlatform.Extensions.BlameDataCollector.dll","HasAttachmentProcessor":false}],"Metrics":{}}}
TpTrace Warning: 0 : 15864, 9, 2022/12/05, 16:36:56.023, 13879949713, vstest.console.dll, DataCollectionLauncher.ErrorReceivedCallback datacollector standard error line: 
TpTrace Information: 0 : 15864, 11, 2022/12/05, 16:36:56.024, 13879960809, vstest.console.dll, ProxyDataCollectionManager.InvokeDataCollectionServiceAction: Completed.
TpTrace Information: 0 : 15864, 9, 2022/12/05, 16:36:56.030, 13880025412, vstest.console.dll, DataCollectionLauncher.ExitCallBack: Data collector exited with exitcode: 0 error: ''
TpTrace Verbose: 0 : 15864, 11, 2022/12/05, 16:36:56.058, 13880301300, vstest.console.dll, TestRunRequest:SendTestRunStatsChange: Starting.
TpTrace Verbose: 0 : 15864, 11, 2022/12/05, 16:36:56.058, 13880302404, vstest.console.dll, MulticastDelegateUtilities.SafeInvoke: TestRun.RunStatsChanged: Invoking callbacks was skipped because there are no subscribers.
TpTrace Information: 0 : 15864, 11, 2022/12/05, 16:36:56.058, 13880302724, vstest.console.dll, TestRunRequest:SendTestRunStatsChange: Completed.
TpTrace Verbose: 0 : 15864, 4, 2022/12/05, 16:36:56.058, 13880305691, vstest.console.dll, MulticastDelegateUtilities.SafeInvoke: InternalTestLoggerEvents.SendTestResult: Invoking callback 1/1 for Microsoft.VisualStudio.TestPlatform.CommandLine.Internal.ConsoleLogger., took 0 ms.
TpTrace Verbose: 0 : 15864, 4, 2022/12/05, 16:36:56.059, 13880307386, vstest.console.dll, MulticastDelegateUtilities.SafeInvoke: InternalTestLoggerEvents.SendTestResult: Invoking callback 1/1 for Microsoft.VisualStudio.TestPlatform.CommandLine.Internal.ConsoleLogger., took 0 ms.
TpTrace Verbose: 0 : 15864, 11, 2022/12/05, 16:36:56.059, 13880308153, vstest.console.dll, ParallelProxyExecutionManager: HandlePartialRunComplete: Total completed clients = 1, Run complete = True, Run canceled: False.
TpTrace Verbose: 0 : 15864, 4, 2022/12/05, 16:36:56.059, 13880308395, vstest.console.dll, MulticastDelegateUtilities.SafeInvoke: InternalTestLoggerEvents.SendTestResult: Invoking callback 1/1 for Microsoft.VisualStudio.TestPlatform.CommandLine.Internal.ConsoleLogger., took 0 ms.
TpTrace Verbose: 0 : 15864, 4, 2022/12/05, 16:36:56.059, 13880310921, vstest.console.dll, MulticastDelegateUtilities.SafeInvoke: InternalTestLoggerEvents.SendTestResult: Invoking callback 1/1 for Microsoft.VisualStudio.TestPlatform.CommandLine.Internal.ConsoleLogger., took 0 ms.
TpTrace Verbose: 0 : 15864, 4, 2022/12/05, 16:36:56.059, 13880312906, vstest.console.dll, MulticastDelegateUtilities.SafeInvoke: InternalTestLoggerEvents.SendTestResult: Invoking callback 1/1 for Microsoft.VisualStudio.TestPlatform.CommandLine.Internal.ConsoleLogger., took 0 ms.
TpTrace Verbose: 0 : 15864, 4, 2022/12/05, 16:36:56.059, 13880313856, vstest.console.dll, MulticastDelegateUtilities.SafeInvoke: InternalTestLoggerEvents.SendTestResult: Invoking callback 1/1 for Microsoft.VisualStudio.TestPlatform.CommandLine.Internal.ConsoleLogger., took 0 ms.
TpTrace Verbose: 0 : 15864, 4, 2022/12/05, 16:36:56.059, 13880314324, vstest.console.dll, MulticastDelegateUtilities.SafeInvoke: InternalTestLoggerEvents.SendTestResult: Invoking callback 1/1 for Microsoft.VisualStudio.TestPlatform.CommandLine.Internal.ConsoleLogger., took 0 ms.
TpTrace Verbose: 0 : 15864, 4, 2022/12/05, 16:36:56.059, 13880314699, vstest.console.dll, MulticastDelegateUtilities.SafeInvoke: InternalTestLoggerEvents.SendTestResult: Invoking callback 1/1 for Microsoft.VisualStudio.TestPlatform.CommandLine.Internal.ConsoleLogger., took 0 ms.
TpTrace Verbose: 0 : 15864, 4, 2022/12/05, 16:36:56.068, 13880404170, vstest.console.dll, MulticastDelegateUtilities.SafeInvoke: InternalTestLoggerEvents.SendTestRunComplete: Invoking callback 1/2 for Microsoft.TestPlatform.Extensions.BlameDataCollector.BlameLogger., took 0 ms.
TpTrace Verbose: 0 : 15864, 4, 2022/12/05, 16:36:56.074, 13880458999, vstest.console.dll, MulticastDelegateUtilities.SafeInvoke: InternalTestLoggerEvents.SendTestRunComplete: Invoking callback 2/2 for Microsoft.VisualStudio.TestPlatform.CommandLine.Internal.ConsoleLogger., took 5 ms.
TpTrace Verbose: 0 : 15864, 11, 2022/12/05, 16:36:56.074, 13880462111, vstest.console.dll, TestRunRequest:TestRunComplete: Starting. IsAborted:False IsCanceled:False.
TpTrace Verbose: 0 : 15864, 11, 2022/12/05, 16:36:56.075, 13880473919, vstest.console.dll, TestLoggerManager.HandleTestRunComplete: Ignoring as the object is disposed.
TpTrace Verbose: 0 : 15864, 11, 2022/12/05, 16:36:56.075, 13880475780, vstest.console.dll, MulticastDelegateUtilities.SafeInvoke: TestRun.TestRunComplete: Invoking callback 1/2 for Microsoft.VisualStudio.TestPlatform.CommandLine.TestRunResultAggregator., took 0 ms.
TpTrace Verbose: 0 : 15864, 11, 2022/12/05, 16:36:56.076, 13880477114, vstest.console.dll, MulticastDelegateUtilities.SafeInvoke: TestRun.TestRunComplete: Invoking callback 2/2 for Microsoft.VisualStudio.TestPlatform.CommandLine.Processors.RunTestsArgumentExecutor+TestRunRequestEventsRegistrar., took 0 ms.
TpTrace Information: 0 : 15864, 11, 2022/12/05, 16:36:56.076, 13880477975, vstest.console.dll, TestRunRequest:TestRunComplete: Completed.
TpTrace Verbose: 0 : 15864, 11, 2022/12/05, 16:36:56.076, 13880478334, vstest.console.dll, TestRequestSender.SetOperationComplete: Setting operation complete.
TpTrace Information: 0 : 15864, 11, 2022/12/05, 16:36:56.076, 13880478611, vstest.console.dll, SocketServer.Stop: Stop server endPoint: 127.0.0.1:57107
TpTrace Information: 0 : 15864, 11, 2022/12/05, 16:36:56.076, 13880478933, vstest.console.dll, SocketServer.Stop: Cancellation requested. Stopping message loop.
TpTrace Verbose: 0 : 15864, 1, 2022/12/05, 16:36:56.076, 13880479034, vstest.console.dll, TestRunRequest.Dispose: Starting.
TpTrace Information: 0 : 15864, 1, 2022/12/05, 16:36:56.076, 13880479813, vstest.console.dll, TestRunRequest.Dispose: Completed.
TpTrace Verbose: 0 : 15864, 11, 2022/12/05, 16:36:56.076, 13880479237, vstest.console.dll, MulticastDelegateUtilities.SafeInvoke: LengthPrefixCommunicationChannel: MessageReceived: Invoking callback 1/1 for Microsoft.VisualStudio.TestPlatform.CommunicationUtilities.TestRequestSender+<>c__DisplayClass31_0., took 121 ms.
TpTrace Information: 0 : 15864, 1, 2022/12/05, 16:36:56.076, 13880480274, vstest.console.dll, TestRequestManager.RunTests: run tests completed.
TpTrace Information: 0 : 15864, 11, 2022/12/05, 16:36:56.076, 13880480846, vstest.console.dll, SocketServer.PrivateStop: Stopping server endPoint: 127.0.0.1:57107 error: 
TpTrace Information: 0 : 15864, 1, 2022/12/05, 16:36:56.076, 13880482034, vstest.console.dll, RunTestsArgumentProcessor:Execute: Test run is completed.
TpTrace Verbose: 0 : 15864, 1, 2022/12/05, 16:36:56.076, 13880483857, vstest.console.dll, Executor.Execute: Exiting with exit code of 1
TpTrace Verbose: 0 : 15864, 11, 2022/12/05, 16:36:56.076, 13880485244, vstest.console.dll, LengthPrefixCommunicationChannel.Dispose: Dispose reader and writer.
TpTrace Information: 0 : 15864, 11, 2022/12/05, 16:36:56.077, 13880486120, vstest.console.dll, SocketServer.Stop: Raise disconnected event endPoint: 127.0.0.1:57107 error: 
TpTrace Verbose: 0 : 15864, 11, 2022/12/05, 16:36:56.077, 13880487198, vstest.console.dll, TestRequestSender: OnTestRunAbort: Operation is already complete. Skip error message.
TpTrace Verbose: 0 : 15864, 11, 2022/12/05, 16:36:56.077, 13880487652, vstest.console.dll, MulticastDelegateUtilities.SafeInvoke: SocketServer: ClientDisconnected: Invoking callback 1/1 for Microsoft.VisualStudio.TestPlatform.CommunicationUtilities.TestRequestSender., took 0 ms.
TpTrace Verbose: 0 : 15864, 11, 2022/12/05, 16:36:56.077, 13880488022, vstest.console.dll, TcpClientExtensions.MessageLoopAsync: exiting MessageLoopAsync remoteEndPoint: 127.0.0.1:57108 localEndPoint: 127.0.0.1:57107
