<?xml version="1.0" encoding="utf-8"?>
<coverage line-rate="0.4125" branch-rate="0.2833" version="1.9" timestamp="1671457469" lines-covered="453" lines-valid="1098" branches-covered="17" branches-valid="60">
  <sources>
    <source>C:\Users\Leonard\</source>
  </sources>
  <packages>
    <package name="VetAppointment.Shared" line-rate="0.575" branch-rate="1" complexity="40">
      <classes>
        <class name="VetAppointment.Shared.Domain.Appointment" filename="Desktop\VetAppointment\VetAppointment.Shared\Domain\Appointment.cs" line-rate="0" branch-rate="1" complexity="7">
          <methods>
            <method name="get_Id" signature="()" line-rate="0" branch-rate="1" complexity="1">
              <lines>
                <line number="5" hits="0" branch="False" />
              </lines>
            </method>
            <method name="get_VetId" signature="()" line-rate="0" branch-rate="1" complexity="1">
              <lines>
                <line number="6" hits="0" branch="False" />
              </lines>
            </method>
            <method name="get_PetId" signature="()" line-rate="0" branch-rate="1" complexity="1">
              <lines>
                <line number="7" hits="0" branch="False" />
              </lines>
            </method>
            <method name="get_ScheduledDate" signature="()" line-rate="0" branch-rate="1" complexity="1">
              <lines>
                <line number="8" hits="0" branch="False" />
              </lines>
            </method>
            <method name="get_EstimatedDurationInMinutes" signature="()" line-rate="0" branch-rate="1" complexity="1">
              <lines>
                <line number="9" hits="0" branch="False" />
              </lines>
            </method>
            <method name="get_TreatmentId" signature="()" line-rate="0" branch-rate="1" complexity="1">
              <lines>
                <line number="10" hits="0" branch="False" />
              </lines>
            </method>
            <method name="get_MedicalHistoryId" signature="()" line-rate="0" branch-rate="1" complexity="1">
              <lines>
                <line number="11" hits="0" branch="False" />
              </lines>
            </method>
          </methods>
          <lines>
            <line number="5" hits="0" branch="False" />
            <line number="6" hits="0" branch="False" />
            <line number="7" hits="0" branch="False" />
            <line number="8" hits="0" branch="False" />
            <line number="9" hits="0" branch="False" />
            <line number="10" hits="0" branch="False" />
            <line number="11" hits="0" branch="False" />
          </lines>
        </class>
        <class name="VetAppointment.Shared.Domain.Drug" filename="Desktop\VetAppointment\VetAppointment.Shared\Domain\Drug.cs" line-rate="0" branch-rate="1" complexity="4">
          <methods>
            <method name="get_Id" signature="()" line-rate="0" branch-rate="1" complexity="1">
              <lines>
                <line number="6" hits="0" branch="False" />
              </lines>
            </method>
            <method name="get_Name" signature="()" line-rate="0" branch-rate="1" complexity="1">
              <lines>
                <line number="7" hits="0" branch="False" />
              </lines>
            </method>
            <method name="get_Quantity" signature="()" line-rate="0" branch-rate="1" complexity="1">
              <lines>
                <line number="8" hits="0" branch="False" />
              </lines>
            </method>
            <method name="get_UnitPrice" signature="()" line-rate="0" branch-rate="1" complexity="1">
              <lines>
                <line number="9" hits="0" branch="False" />
              </lines>
            </method>
          </methods>
          <lines>
            <line number="6" hits="0" branch="False" />
            <line number="7" hits="0" branch="False" />
            <line number="8" hits="0" branch="False" />
            <line number="9" hits="0" branch="False" />
          </lines>
        </class>
        <class name="VetAppointment.Shared.Domain.Person" filename="Desktop\VetAppointment\VetAppointment.Shared\Domain\Person.cs" line-rate="1" branch-rate="1" complexity="4">
          <methods>
            <method name="get_Name" signature="()" line-rate="1" branch-rate="1" complexity="1">
              <lines>
                <line number="5" hits="11" branch="False" />
              </lines>
            </method>
            <method name="get_Surname" signature="()" line-rate="1" branch-rate="1" complexity="1">
              <lines>
                <line number="6" hits="10" branch="False" />
              </lines>
            </method>
            <method name="get_Birthdate" signature="()" line-rate="1" branch-rate="1" complexity="1">
              <lines>
                <line number="7" hits="10" branch="False" />
              </lines>
            </method>
            <method name="get_Gender" signature="()" line-rate="1" branch-rate="1" complexity="1">
              <lines>
                <line number="8" hits="10" branch="False" />
              </lines>
            </method>
          </methods>
          <lines>
            <line number="5" hits="11" branch="False" />
            <line number="6" hits="10" branch="False" />
            <line number="7" hits="10" branch="False" />
            <line number="8" hits="10" branch="False" />
          </lines>
        </class>
        <class name="VetAppointment.Shared.Domain.Pet" filename="Desktop\VetAppointment\VetAppointment.Shared\Domain\Pet.cs" line-rate="1" branch-rate="1" complexity="5">
          <methods>
            <method name="get_Id" signature="()" line-rate="1" branch-rate="1" complexity="1">
              <lines>
                <line number="6" hits="2" branch="False" />
              </lines>
            </method>
            <method name="get_Name" signature="()" line-rate="1" branch-rate="1" complexity="1">
              <lines>
                <line number="7" hits="2" branch="False" />
              </lines>
            </method>
            <method name="get_Birthdate" signature="()" line-rate="1" branch-rate="1" complexity="1">
              <lines>
                <line number="8" hits="2" branch="False" />
              </lines>
            </method>
            <method name="get_Race" signature="()" line-rate="1" branch-rate="1" complexity="1">
              <lines>
                <line number="9" hits="2" branch="False" />
              </lines>
            </method>
            <method name="get_Gender" signature="()" line-rate="1" branch-rate="1" complexity="1">
              <lines>
                <line number="10" hits="2" branch="False" />
              </lines>
            </method>
          </methods>
          <lines>
            <line number="6" hits="2" branch="False" />
            <line number="7" hits="2" branch="False" />
            <line number="8" hits="2" branch="False" />
            <line number="9" hits="2" branch="False" />
            <line number="10" hits="2" branch="False" />
          </lines>
        </class>
        <class name="VetAppointment.Shared.Domain.PetOwner" filename="Desktop\VetAppointment\VetAppointment.Shared\Domain\PetOwner.cs" line-rate="1" branch-rate="1" complexity="4">
          <methods>
            <method name="get_Id" signature="()" line-rate="1" branch-rate="1" complexity="1">
              <lines>
                <line number="6" hits="3" branch="False" />
              </lines>
            </method>
            <method name="get_Address" signature="()" line-rate="1" branch-rate="1" complexity="1">
              <lines>
                <line number="7" hits="2" branch="False" />
              </lines>
            </method>
            <method name="get_Email" signature="()" line-rate="1" branch-rate="1" complexity="1">
              <lines>
                <line number="8" hits="2" branch="False" />
              </lines>
            </method>
            <method name="get_Phone" signature="()" line-rate="1" branch-rate="1" complexity="1">
              <lines>
                <line number="9" hits="2" branch="False" />
              </lines>
            </method>
          </methods>
          <lines>
            <line number="6" hits="3" branch="False" />
            <line number="7" hits="2" branch="False" />
            <line number="8" hits="2" branch="False" />
            <line number="9" hits="2" branch="False" />
          </lines>
        </class>
        <class name="VetAppointment.Shared.Domain.PrescribedDrug" filename="Desktop\VetAppointment\VetAppointment.Shared\Domain\PrescribedDrug.cs" line-rate="0" branch-rate="1" complexity="4">
          <methods>
            <method name="get_Id" signature="()" line-rate="0" branch-rate="1" complexity="1">
              <lines>
                <line number="6" hits="0" branch="False" />
              </lines>
            </method>
            <method name="get_Quantity" signature="()" line-rate="0" branch-rate="1" complexity="1">
              <lines>
                <line number="7" hits="0" branch="False" />
              </lines>
            </method>
            <method name="get_DrugToPrescribeId" signature="()" line-rate="0" branch-rate="1" complexity="1">
              <lines>
                <line number="8" hits="0" branch="False" />
              </lines>
            </method>
            <method name="get_TotalCost" signature="()" line-rate="0" branch-rate="1" complexity="1">
              <lines>
                <line number="9" hits="0" branch="False" />
              </lines>
            </method>
          </methods>
          <lines>
            <line number="6" hits="0" branch="False" />
            <line number="7" hits="0" branch="False" />
            <line number="8" hits="0" branch="False" />
            <line number="9" hits="0" branch="False" />
          </lines>
        </class>
        <class name="VetAppointment.Shared.Domain.Treatment" filename="Desktop\VetAppointment\VetAppointment.Shared\Domain\Treatment.cs" line-rate="0" branch-rate="1" complexity="2">
          <methods>
            <method name="get_Id" signature="()" line-rate="0" branch-rate="1" complexity="1">
              <lines>
                <line number="6" hits="0" branch="False" />
              </lines>
            </method>
            <method name="get_Description" signature="()" line-rate="0" branch-rate="1" complexity="1">
              <lines>
                <line number="7" hits="0" branch="False" />
              </lines>
            </method>
          </methods>
          <lines>
            <line number="6" hits="0" branch="False" />
            <line number="7" hits="0" branch="False" />
          </lines>
        </class>
        <class name="VetAppointment.Shared.Domain.Vet" filename="Desktop\VetAppointment\VetAppointment.Shared\Domain\Vet.cs" line-rate="1" branch-rate="1" complexity="4">
          <methods>
            <method name="get_Id" signature="()" line-rate="1" branch-rate="1" complexity="1">
              <lines>
                <line number="6" hits="8" branch="False" />
              </lines>
            </method>
            <method name="get_Email" signature="()" line-rate="1" branch-rate="1" complexity="1">
              <lines>
                <line number="7" hits="8" branch="False" />
              </lines>
            </method>
            <method name="get_Phone" signature="()" line-rate="1" branch-rate="1" complexity="1">
              <lines>
                <line number="8" hits="8" branch="False" />
              </lines>
            </method>
            <method name="get_Specialisation" signature="()" line-rate="1" branch-rate="1" complexity="1">
              <lines>
                <line number="9" hits="8" branch="False" />
              </lines>
            </method>
          </methods>
          <lines>
            <line number="6" hits="8" branch="False" />
            <line number="7" hits="8" branch="False" />
            <line number="8" hits="8" branch="False" />
            <line number="9" hits="8" branch="False" />
          </lines>
        </class>
        <class name="VetAppointment.Shared.Domain.VetClinic" filename="Desktop\VetAppointment\VetAppointment.Shared\Domain\VetClinic.cs" line-rate="1" branch-rate="1" complexity="6">
          <methods>
            <method name="get_Id" signature="()" line-rate="1" branch-rate="1" complexity="1">
              <lines>
                <line number="6" hits="45" branch="False" />
              </lines>
            </method>
            <method name="get_Name" signature="()" line-rate="1" branch-rate="1" complexity="1">
              <lines>
                <line number="7" hits="40" branch="False" />
              </lines>
            </method>
            <method name="get_Address" signature="()" line-rate="1" branch-rate="1" complexity="1">
              <lines>
                <line number="8" hits="40" branch="False" />
              </lines>
            </method>
            <method name="get_NumberOfPlaces" signature="()" line-rate="1" branch-rate="1" complexity="1">
              <lines>
                <line number="9" hits="40" branch="False" />
              </lines>
            </method>
            <method name="get_ContactEmail" signature="()" line-rate="1" branch-rate="1" complexity="1">
              <lines>
                <line number="10" hits="40" branch="False" />
              </lines>
            </method>
            <method name="get_ContactPhone" signature="()" line-rate="1" branch-rate="1" complexity="1">
              <lines>
                <line number="11" hits="40" branch="False" />
              </lines>
            </method>
          </methods>
          <lines>
            <line number="6" hits="45" branch="False" />
            <line number="7" hits="40" branch="False" />
            <line number="8" hits="40" branch="False" />
            <line number="9" hits="40" branch="False" />
            <line number="10" hits="40" branch="False" />
            <line number="11" hits="40" branch="False" />
          </lines>
        </class>
      </classes>
    </package>
    <package name="VetAppointment.UI" line-rate="0.23559999999999998" branch-rate="0.2833" complexity="257">
      <classes>
        <class name="Program/&lt;&lt;Main&gt;$&gt;d__0" filename="Desktop\VetAppointment\VetAppointment.UI\Program.cs" line-rate="0" branch-rate="1" complexity="1">
          <methods>
            <method name="MoveNext" signature="()" line-rate="0" branch-rate="1" complexity="1">
              <lines>
                <line number="7" hits="0" branch="False" />
                <line number="8" hits="0" branch="False" />
                <line number="9" hits="0" branch="False" />
                <line number="11" hits="0" branch="False" />
                <line number="12" hits="0" branch="False" />
                <line number="13" hits="0" branch="False" />
                <line number="14" hits="0" branch="False" />
                <line number="15" hits="0" branch="False" />
                <line number="16" hits="0" branch="False" />
                <line number="17" hits="0" branch="False" />
                <line number="18" hits="0" branch="False" />
                <line number="19" hits="0" branch="False" />
                <line number="20" hits="0" branch="False" />
                <line number="21" hits="0" branch="False" />
                <line number="22" hits="0" branch="False" />
                <line number="23" hits="0" branch="False" />
                <line number="24" hits="0" branch="False" />
                <line number="25" hits="0" branch="False" />
                <line number="26" hits="0" branch="False" />
                <line number="27" hits="0" branch="False" />
                <line number="28" hits="0" branch="False" />
                <line number="29" hits="0" branch="False" />
                <line number="30" hits="0" branch="False" />
                <line number="31" hits="0" branch="False" />
                <line number="32" hits="0" branch="False" />
                <line number="33" hits="0" branch="False" />
                <line number="34" hits="0" branch="False" />
                <line number="35" hits="0" branch="False" />
                <line number="36" hits="0" branch="False" />
                <line number="37" hits="0" branch="False" />
                <line number="38" hits="0" branch="False" />
                <line number="39" hits="0" branch="False" />
                <line number="40" hits="0" branch="False" />
                <line number="41" hits="0" branch="False" />
                <line number="42" hits="0" branch="False" />
                <line number="44" hits="0" branch="False" />
                <line number="45" hits="0" branch="False" />
                <line number="46" hits="0" branch="False" />
              </lines>
            </method>
          </methods>
          <lines>
            <line number="7" hits="0" branch="False" />
            <line number="8" hits="0" branch="False" />
            <line number="9" hits="0" branch="False" />
            <line number="11" hits="0" branch="False" />
            <line number="12" hits="0" branch="False" />
            <line number="13" hits="0" branch="False" />
            <line number="14" hits="0" branch="False" />
            <line number="15" hits="0" branch="False" />
            <line number="16" hits="0" branch="False" />
            <line number="17" hits="0" branch="False" />
            <line number="18" hits="0" branch="False" />
            <line number="19" hits="0" branch="False" />
            <line number="20" hits="0" branch="False" />
            <line number="21" hits="0" branch="False" />
            <line number="22" hits="0" branch="False" />
            <line number="23" hits="0" branch="False" />
            <line number="24" hits="0" branch="False" />
            <line number="25" hits="0" branch="False" />
            <line number="26" hits="0" branch="False" />
            <line number="27" hits="0" branch="False" />
            <line number="28" hits="0" branch="False" />
            <line number="29" hits="0" branch="False" />
            <line number="30" hits="0" branch="False" />
            <line number="31" hits="0" branch="False" />
            <line number="32" hits="0" branch="False" />
            <line number="33" hits="0" branch="False" />
            <line number="34" hits="0" branch="False" />
            <line number="35" hits="0" branch="False" />
            <line number="36" hits="0" branch="False" />
            <line number="37" hits="0" branch="False" />
            <line number="38" hits="0" branch="False" />
            <line number="39" hits="0" branch="False" />
            <line number="40" hits="0" branch="False" />
            <line number="41" hits="0" branch="False" />
            <line number="42" hits="0" branch="False" />
            <line number="44" hits="0" branch="False" />
            <line number="45" hits="0" branch="False" />
            <line number="46" hits="0" branch="False" />
          </lines>
        </class>
        <class name="VetAppointment.UI.Shared.SurveyPrompt" filename="Desktop\VetAppointment\VetAppointment.UI\Shared\SurveyPrompt.razor" line-rate="0" branch-rate="1" complexity="2">
          <methods>
            <method name="BuildRenderTree" signature="(Microsoft.AspNetCore.Components.Rendering.RenderTreeBuilder)" line-rate="0" branch-rate="1" complexity="1">
              <lines>
                <line number="3" hits="0" branch="False" />
              </lines>
            </method>
            <method name="get_Title" signature="()" line-rate="0" branch-rate="1" complexity="1">
              <lines>
                <line number="15" hits="0" branch="False" />
              </lines>
            </method>
          </methods>
          <lines>
            <line number="3" hits="0" branch="False" />
            <line number="15" hits="0" branch="False" />
          </lines>
        </class>
        <class name="VetAppointment.UI.Shared.MainLayout" filename="Desktop\VetAppointment\VetAppointment.UI\Shared\MainLayout.razor" line-rate="0" branch-rate="1" complexity="1">
          <methods>
            <method name="BuildRenderTree" signature="(Microsoft.AspNetCore.Components.Rendering.RenderTreeBuilder)" line-rate="0" branch-rate="1" complexity="1">
              <lines>
                <line number="14" hits="0" branch="False" />
              </lines>
            </method>
          </methods>
          <lines>
            <line number="14" hits="0" branch="False" />
          </lines>
        </class>
        <class name="VetAppointment.UI.Shared.NavMenu" filename="Desktop\VetAppointment\VetAppointment.UI\Shared\NavMenu.razor" line-rate="0" branch-rate="0" complexity="4">
          <methods>
            <method name="get_NavMenuCssClass" signature="()" line-rate="0" branch-rate="0" complexity="2">
              <lines>
                <line number="63" hits="0" branch="True" condition-coverage="0% (0/2)">
                  <conditions>
                    <condition number="6" type="jump" coverage="0%" />
                  </conditions>
                </line>
              </lines>
            </method>
            <method name="ToggleNavMenu" signature="()" line-rate="0" branch-rate="1" complexity="1">
              <lines>
                <line number="66" hits="0" branch="False" />
                <line number="67" hits="0" branch="False" />
                <line number="68" hits="0" branch="False" />
              </lines>
            </method>
            <method name=".ctor" signature="()" line-rate="0" branch-rate="1" complexity="1">
              <lines>
                <line number="61" hits="0" branch="False" />
              </lines>
            </method>
          </methods>
          <lines>
            <line number="63" hits="0" branch="True" condition-coverage="0% (0/2)">
              <conditions>
                <condition number="6" type="jump" coverage="0%" />
              </conditions>
            </line>
            <line number="66" hits="0" branch="False" />
            <line number="67" hits="0" branch="False" />
            <line number="68" hits="0" branch="False" />
            <line number="61" hits="0" branch="False" />
          </lines>
        </class>
        <class name="VetAppointment.UI.Pages.AppointmentsOverview" filename="Desktop\VetAppointment\VetAppointment.UI\Pages\AppointmentsOverview.razor.cs" line-rate="0" branch-rate="1" complexity="2">
          <methods>
            <method name="get_AppointmentDataService" signature="()" line-rate="0" branch-rate="1" complexity="1">
              <lines>
                <line number="11" hits="0" branch="False" />
              </lines>
            </method>
            <method name="get_Appointments" signature="()" line-rate="0" branch-rate="1" complexity="1">
              <lines>
                <line number="13" hits="0" branch="False" />
              </lines>
            </method>
          </methods>
          <lines>
            <line number="11" hits="0" branch="False" />
            <line number="13" hits="0" branch="False" />
          </lines>
        </class>
        <class name="VetAppointment.UI.Pages.AppointmentsOverview/&lt;OnInitializedAsync&gt;d__8" filename="Desktop\VetAppointment\VetAppointment.UI\Pages\AppointmentsOverview.razor.cs" line-rate="0" branch-rate="1" complexity="1">
          <methods>
            <method name="MoveNext" signature="()" line-rate="0" branch-rate="1" complexity="1">
              <lines>
                <line number="15" hits="0" branch="False" />
                <line number="16" hits="0" branch="False" />
                <line number="17" hits="0" branch="False" />
              </lines>
            </method>
          </methods>
          <lines>
            <line number="15" hits="0" branch="False" />
            <line number="16" hits="0" branch="False" />
            <line number="17" hits="0" branch="False" />
          </lines>
        </class>
        <class name="VetAppointment.UI.Pages.AppointmentsOverview" filename="Desktop\VetAppointment\VetAppointment.UI\Pages\AppointmentsOverview.razor" line-rate="0" branch-rate="0" complexity="4">
          <methods>
            <method name="BuildRenderTree" signature="(Microsoft.AspNetCore.Components.Rendering.RenderTreeBuilder)" line-rate="0" branch-rate="0" complexity="4">
              <lines>
                <line number="3" hits="0" branch="True" condition-coverage="0% (0/2)">
                  <conditions>
                    <condition number="25" type="jump" coverage="0%" />
                  </conditions>
                </line>
                <line number="4" hits="0" branch="False" />
                <line number="6" hits="0" branch="False" />
                <line number="8" hits="0" branch="False" />
                <line number="18" hits="0" branch="True" condition-coverage="0% (0/2)">
                  <conditions>
                    <condition number="414" type="jump" coverage="0%" />
                  </conditions>
                </line>
                <line number="19" hits="0" branch="False" />
                <line number="21" hits="0" branch="False" />
                <line number="22" hits="0" branch="False" />
                <line number="23" hits="0" branch="False" />
                <line number="24" hits="0" branch="False" />
                <line number="25" hits="0" branch="False" />
                <line number="27" hits="0" branch="False" />
                <line number="30" hits="0" branch="False" />
              </lines>
            </method>
          </methods>
          <lines>
            <line number="3" hits="0" branch="True" condition-coverage="0% (0/2)">
              <conditions>
                <condition number="25" type="jump" coverage="0%" />
              </conditions>
            </line>
            <line number="4" hits="0" branch="False" />
            <line number="6" hits="0" branch="False" />
            <line number="8" hits="0" branch="False" />
            <line number="18" hits="0" branch="True" condition-coverage="0% (0/2)">
              <conditions>
                <condition number="414" type="jump" coverage="0%" />
              </conditions>
            </line>
            <line number="19" hits="0" branch="False" />
            <line number="21" hits="0" branch="False" />
            <line number="22" hits="0" branch="False" />
            <line number="23" hits="0" branch="False" />
            <line number="24" hits="0" branch="False" />
            <line number="25" hits="0" branch="False" />
            <line number="27" hits="0" branch="False" />
            <line number="30" hits="0" branch="False" />
          </lines>
        </class>
        <class name="VetAppointment.UI.Pages.DrugsOverview" filename="Desktop\VetAppointment\VetAppointment.UI\Pages\DrugsOverview.razor.cs" line-rate="0" branch-rate="1" complexity="2">
          <methods>
            <method name="get_DrugDataService" signature="()" line-rate="0" branch-rate="1" complexity="1">
              <lines>
                <line number="11" hits="0" branch="False" />
              </lines>
            </method>
            <method name="get_Drugs" signature="()" line-rate="0" branch-rate="1" complexity="1">
              <lines>
                <line number="13" hits="0" branch="False" />
              </lines>
            </method>
          </methods>
          <lines>
            <line number="11" hits="0" branch="False" />
            <line number="13" hits="0" branch="False" />
          </lines>
        </class>
        <class name="VetAppointment.UI.Pages.DrugsOverview/&lt;OnInitializedAsync&gt;d__8" filename="Desktop\VetAppointment\VetAppointment.UI\Pages\DrugsOverview.razor.cs" line-rate="0" branch-rate="1" complexity="1">
          <methods>
            <method name="MoveNext" signature="()" line-rate="0" branch-rate="1" complexity="1">
              <lines>
                <line number="15" hits="0" branch="False" />
                <line number="16" hits="0" branch="False" />
                <line number="17" hits="0" branch="False" />
              </lines>
            </method>
          </methods>
          <lines>
            <line number="15" hits="0" branch="False" />
            <line number="16" hits="0" branch="False" />
            <line number="17" hits="0" branch="False" />
          </lines>
        </class>
        <class name="VetAppointment.UI.Pages.DrugsOverview" filename="Desktop\VetAppointment\VetAppointment.UI\Pages\DrugsOverview.razor" line-rate="0" branch-rate="0" complexity="4">
          <methods>
            <method name="BuildRenderTree" signature="(Microsoft.AspNetCore.Components.Rendering.RenderTreeBuilder)" line-rate="0" branch-rate="0" complexity="4">
              <lines>
                <line number="3" hits="0" branch="True" condition-coverage="0% (0/2)">
                  <conditions>
                    <condition number="25" type="jump" coverage="0%" />
                  </conditions>
                </line>
                <line number="4" hits="0" branch="False" />
                <line number="6" hits="0" branch="False" />
                <line number="8" hits="0" branch="False" />
                <line number="17" hits="0" branch="True" condition-coverage="0% (0/2)">
                  <conditions>
                    <condition number="359" type="jump" coverage="0%" />
                  </conditions>
                </line>
                <line number="18" hits="0" branch="False" />
                <line number="20" hits="0" branch="False" />
                <line number="21" hits="0" branch="False" />
                <line number="22" hits="0" branch="False" />
                <line number="23" hits="0" branch="False" />
                <line number="25" hits="0" branch="False" />
                <line number="28" hits="0" branch="False" />
              </lines>
            </method>
          </methods>
          <lines>
            <line number="3" hits="0" branch="True" condition-coverage="0% (0/2)">
              <conditions>
                <condition number="25" type="jump" coverage="0%" />
              </conditions>
            </line>
            <line number="4" hits="0" branch="False" />
            <line number="6" hits="0" branch="False" />
            <line number="8" hits="0" branch="False" />
            <line number="17" hits="0" branch="True" condition-coverage="0% (0/2)">
              <conditions>
                <condition number="359" type="jump" coverage="0%" />
              </conditions>
            </line>
            <line number="18" hits="0" branch="False" />
            <line number="20" hits="0" branch="False" />
            <line number="21" hits="0" branch="False" />
            <line number="22" hits="0" branch="False" />
            <line number="23" hits="0" branch="False" />
            <line number="25" hits="0" branch="False" />
            <line number="28" hits="0" branch="False" />
          </lines>
        </class>
        <class name="VetAppointment.UI.Pages.PetOwnersOverview" filename="Desktop\VetAppointment\VetAppointment.UI\Pages\PetOwnersOverview.razor.cs" line-rate="1" branch-rate="1" complexity="2">
          <methods>
            <method name="get_PetOwnerDataService" signature="()" line-rate="1" branch-rate="1" complexity="1">
              <lines>
                <line number="11" hits="2" branch="False" />
              </lines>
            </method>
            <method name="get_PetOwners" signature="()" line-rate="1" branch-rate="1" complexity="1">
              <lines>
                <line number="13" hits="6" branch="False" />
              </lines>
            </method>
          </methods>
          <lines>
            <line number="11" hits="2" branch="False" />
            <line number="13" hits="6" branch="False" />
          </lines>
        </class>
        <class name="VetAppointment.UI.Pages.PetOwnersOverview/&lt;&gt;c" filename="Desktop\VetAppointment\VetAppointment.UI\Pages\PetOwnersOverview.razor.cs" line-rate="1" branch-rate="1" complexity="1">
          <methods>
            <method name="&lt;OnInitializedAsync&gt;b__8_0" signature="(VetAppointment.Shared.Domain.PetOwner)" line-rate="1" branch-rate="1" complexity="1">
              <lines>
                <line number="18" hits="4" branch="False" />
              </lines>
            </method>
          </methods>
          <lines>
            <line number="18" hits="4" branch="False" />
          </lines>
        </class>
        <class name="VetAppointment.UI.Pages.PetOwnersOverview/&lt;OnInitializedAsync&gt;d__8" filename="Desktop\VetAppointment\VetAppointment.UI\Pages\PetOwnersOverview.razor.cs" line-rate="1" branch-rate="1" complexity="1">
          <methods>
            <method name="MoveNext" signature="()" line-rate="1" branch-rate="1" complexity="1">
              <lines>
                <line number="15" hits="1" branch="False" />
                <line number="16" hits="1" branch="False" />
                <line number="19" hits="1" branch="False" />
              </lines>
            </method>
          </methods>
          <lines>
            <line number="15" hits="1" branch="False" />
            <line number="16" hits="1" branch="False" />
            <line number="19" hits="1" branch="False" />
          </lines>
        </class>
        <class name="VetAppointment.UI.Pages.PetOwnersOverview" filename="Desktop\VetAppointment\VetAppointment.UI\Pages\PetOwnersOverview.razor" line-rate="0.875" branch-rate="0.75" complexity="4">
          <methods>
            <method name="BuildRenderTree" signature="(Microsoft.AspNetCore.Components.Rendering.RenderTreeBuilder)" line-rate="0.875" branch-rate="0.75" complexity="4">
              <lines>
                <line number="3" hits="1" branch="True" condition-coverage="50% (1/2)">
                  <conditions>
                    <condition number="25" type="jump" coverage="50%" />
                  </conditions>
                </line>
                <line number="4" hits="0" branch="False" />
                <line number="6" hits="0" branch="False" />
                <line number="8" hits="1" branch="False" />
                <line number="24" hits="5" branch="True" condition-coverage="100% (2/2)">
                  <conditions>
                    <condition number="549" type="jump" coverage="100%" />
                  </conditions>
                </line>
                <line number="25" hits="1" branch="False" />
                <line number="27" hits="1" branch="False" />
                <line number="28" hits="1" branch="False" />
                <line number="29" hits="1" branch="False" />
                <line number="30" hits="1" branch="False" />
                <line number="31" hits="1" branch="False" />
                <line number="32" hits="1" branch="False" />
                <line number="33" hits="1" branch="False" />
                <line number="34" hits="1" branch="False" />
                <line number="36" hits="1" branch="False" />
                <line number="39" hits="1" branch="False" />
              </lines>
            </method>
          </methods>
          <lines>
            <line number="3" hits="1" branch="True" condition-coverage="50% (1/2)">
              <conditions>
                <condition number="25" type="jump" coverage="50%" />
              </conditions>
            </line>
            <line number="4" hits="0" branch="False" />
            <line number="6" hits="0" branch="False" />
            <line number="8" hits="1" branch="False" />
            <line number="24" hits="5" branch="True" condition-coverage="100% (2/2)">
              <conditions>
                <condition number="549" type="jump" coverage="100%" />
              </conditions>
            </line>
            <line number="25" hits="1" branch="False" />
            <line number="27" hits="1" branch="False" />
            <line number="28" hits="1" branch="False" />
            <line number="29" hits="1" branch="False" />
            <line number="30" hits="1" branch="False" />
            <line number="31" hits="1" branch="False" />
            <line number="32" hits="1" branch="False" />
            <line number="33" hits="1" branch="False" />
            <line number="34" hits="1" branch="False" />
            <line number="36" hits="1" branch="False" />
            <line number="39" hits="1" branch="False" />
          </lines>
        </class>
        <class name="VetAppointment.UI.Pages.PetsOverview" filename="Desktop\VetAppointment\VetAppointment.UI\Pages\PetsOverview.razor.cs" line-rate="0" branch-rate="1" complexity="2">
          <methods>
            <method name="get_PetDataService" signature="()" line-rate="0" branch-rate="1" complexity="1">
              <lines>
                <line number="11" hits="0" branch="False" />
              </lines>
            </method>
            <method name="get_Pets" signature="()" line-rate="0" branch-rate="1" complexity="1">
              <lines>
                <line number="13" hits="0" branch="False" />
              </lines>
            </method>
          </methods>
          <lines>
            <line number="11" hits="0" branch="False" />
            <line number="13" hits="0" branch="False" />
          </lines>
        </class>
        <class name="VetAppointment.UI.Pages.PetsOverview/&lt;OnInitializedAsync&gt;d__8" filename="Desktop\VetAppointment\VetAppointment.UI\Pages\PetsOverview.razor.cs" line-rate="0" branch-rate="1" complexity="1">
          <methods>
            <method name="MoveNext" signature="()" line-rate="0" branch-rate="1" complexity="1">
              <lines>
                <line number="15" hits="0" branch="False" />
                <line number="16" hits="0" branch="False" />
                <line number="17" hits="0" branch="False" />
              </lines>
            </method>
          </methods>
          <lines>
            <line number="15" hits="0" branch="False" />
            <line number="16" hits="0" branch="False" />
            <line number="17" hits="0" branch="False" />
          </lines>
        </class>
        <class name="VetAppointment.UI.Pages.PetsOverview" filename="Desktop\VetAppointment\VetAppointment.UI\Pages\PetsOverview.razor" line-rate="0" branch-rate="0" complexity="4">
          <methods>
            <method name="BuildRenderTree" signature="(Microsoft.AspNetCore.Components.Rendering.RenderTreeBuilder)" line-rate="0" branch-rate="0" complexity="4">
              <lines>
                <line number="3" hits="0" branch="True" condition-coverage="0% (0/2)">
                  <conditions>
                    <condition number="25" type="jump" coverage="0%" />
                  </conditions>
                </line>
                <line number="4" hits="0" branch="False" />
                <line number="6" hits="0" branch="False" />
                <line number="8" hits="0" branch="False" />
                <line number="20" hits="0" branch="True" condition-coverage="0% (0/2)">
                  <conditions>
                    <condition number="399" type="jump" coverage="0%" />
                  </conditions>
                </line>
                <line number="21" hits="0" branch="False" />
                <line number="23" hits="0" branch="False" />
                <line number="24" hits="0" branch="False" />
                <line number="25" hits="0" branch="False" />
                <line number="26" hits="0" branch="False" />
                <line number="27" hits="0" branch="False" />
                <line number="29" hits="0" branch="False" />
                <line number="32" hits="0" branch="False" />
              </lines>
            </method>
          </methods>
          <lines>
            <line number="3" hits="0" branch="True" condition-coverage="0% (0/2)">
              <conditions>
                <condition number="25" type="jump" coverage="0%" />
              </conditions>
            </line>
            <line number="4" hits="0" branch="False" />
            <line number="6" hits="0" branch="False" />
            <line number="8" hits="0" branch="False" />
            <line number="20" hits="0" branch="True" condition-coverage="0% (0/2)">
              <conditions>
                <condition number="399" type="jump" coverage="0%" />
              </conditions>
            </line>
            <line number="21" hits="0" branch="False" />
            <line number="23" hits="0" branch="False" />
            <line number="24" hits="0" branch="False" />
            <line number="25" hits="0" branch="False" />
            <line number="26" hits="0" branch="False" />
            <line number="27" hits="0" branch="False" />
            <line number="29" hits="0" branch="False" />
            <line number="32" hits="0" branch="False" />
          </lines>
        </class>
        <class name="VetAppointment.UI.Pages.PrescribedDrugsOverview" filename="Desktop\VetAppointment\VetAppointment.UI\Pages\PrescribedDrugsOverview.razor.cs" line-rate="0" branch-rate="1" complexity="2">
          <methods>
            <method name="get_PrescribedDrugDataService" signature="()" line-rate="0" branch-rate="1" complexity="1">
              <lines>
                <line number="11" hits="0" branch="False" />
              </lines>
            </method>
            <method name="get_PrescribedDrugs" signature="()" line-rate="0" branch-rate="1" complexity="1">
              <lines>
                <line number="13" hits="0" branch="False" />
              </lines>
            </method>
          </methods>
          <lines>
            <line number="11" hits="0" branch="False" />
            <line number="13" hits="0" branch="False" />
          </lines>
        </class>
        <class name="VetAppointment.UI.Pages.PrescribedDrugsOverview/&lt;OnInitializedAsync&gt;d__8" filename="Desktop\VetAppointment\VetAppointment.UI\Pages\PrescribedDrugsOverview.razor.cs" line-rate="0" branch-rate="1" complexity="1">
          <methods>
            <method name="MoveNext" signature="()" line-rate="0" branch-rate="1" complexity="1">
              <lines>
                <line number="15" hits="0" branch="False" />
                <line number="16" hits="0" branch="False" />
                <line number="17" hits="0" branch="False" />
              </lines>
            </method>
          </methods>
          <lines>
            <line number="15" hits="0" branch="False" />
            <line number="16" hits="0" branch="False" />
            <line number="17" hits="0" branch="False" />
          </lines>
        </class>
        <class name="VetAppointment.UI.Pages.PrescribedDrugsOverview" filename="Desktop\VetAppointment\VetAppointment.UI\Pages\PrescribedDrugsOverview.razor" line-rate="0" branch-rate="0" complexity="4">
          <methods>
            <method name="BuildRenderTree" signature="(Microsoft.AspNetCore.Components.Rendering.RenderTreeBuilder)" line-rate="0" branch-rate="0" complexity="4">
              <lines>
                <line number="3" hits="0" branch="True" condition-coverage="0% (0/2)">
                  <conditions>
                    <condition number="25" type="jump" coverage="0%" />
                  </conditions>
                </line>
                <line number="4" hits="0" branch="False" />
                <line number="6" hits="0" branch="False" />
                <line number="8" hits="0" branch="False" />
                <line number="17" hits="0" branch="True" condition-coverage="0% (0/2)">
                  <conditions>
                    <condition number="364" type="jump" coverage="0%" />
                  </conditions>
                </line>
                <line number="18" hits="0" branch="False" />
                <line number="20" hits="0" branch="False" />
                <line number="21" hits="0" branch="False" />
                <line number="22" hits="0" branch="False" />
                <line number="23" hits="0" branch="False" />
                <line number="25" hits="0" branch="False" />
                <line number="28" hits="0" branch="False" />
              </lines>
            </method>
          </methods>
          <lines>
            <line number="3" hits="0" branch="True" condition-coverage="0% (0/2)">
              <conditions>
                <condition number="25" type="jump" coverage="0%" />
              </conditions>
            </line>
            <line number="4" hits="0" branch="False" />
            <line number="6" hits="0" branch="False" />
            <line number="8" hits="0" branch="False" />
            <line number="17" hits="0" branch="True" condition-coverage="0% (0/2)">
              <conditions>
                <condition number="364" type="jump" coverage="0%" />
              </conditions>
            </line>
            <line number="18" hits="0" branch="False" />
            <line number="20" hits="0" branch="False" />
            <line number="21" hits="0" branch="False" />
            <line number="22" hits="0" branch="False" />
            <line number="23" hits="0" branch="False" />
            <line number="25" hits="0" branch="False" />
            <line number="28" hits="0" branch="False" />
          </lines>
        </class>
        <class name="VetAppointment.UI.Pages.TreatmentsOverview" filename="Desktop\VetAppointment\VetAppointment.UI\Pages\TreatmentsOverview.razor.cs" line-rate="0" branch-rate="1" complexity="2">
          <methods>
            <method name="get_TreatmentDataService" signature="()" line-rate="0" branch-rate="1" complexity="1">
              <lines>
                <line number="11" hits="0" branch="False" />
              </lines>
            </method>
            <method name="get_Treatments" signature="()" line-rate="0" branch-rate="1" complexity="1">
              <lines>
                <line number="13" hits="0" branch="False" />
              </lines>
            </method>
          </methods>
          <lines>
            <line number="11" hits="0" branch="False" />
            <line number="13" hits="0" branch="False" />
          </lines>
        </class>
        <class name="VetAppointment.UI.Pages.TreatmentsOverview/&lt;OnInitializedAsync&gt;d__8" filename="Desktop\VetAppointment\VetAppointment.UI\Pages\TreatmentsOverview.razor.cs" line-rate="0" branch-rate="1" complexity="1">
          <methods>
            <method name="MoveNext" signature="()" line-rate="0" branch-rate="1" complexity="1">
              <lines>
                <line number="15" hits="0" branch="False" />
                <line number="16" hits="0" branch="False" />
                <line number="17" hits="0" branch="False" />
              </lines>
            </method>
          </methods>
          <lines>
            <line number="15" hits="0" branch="False" />
            <line number="16" hits="0" branch="False" />
            <line number="17" hits="0" branch="False" />
          </lines>
        </class>
        <class name="VetAppointment.UI.Pages.TreatmentsOverview" filename="Desktop\VetAppointment\VetAppointment.UI\Pages\TreatmentsOverview.razor" line-rate="0" branch-rate="0" complexity="4">
          <methods>
            <method name="BuildRenderTree" signature="(Microsoft.AspNetCore.Components.Rendering.RenderTreeBuilder)" line-rate="0" branch-rate="0" complexity="4">
              <lines>
                <line number="3" hits="0" branch="True" condition-coverage="0% (0/2)">
                  <conditions>
                    <condition number="25" type="jump" coverage="0%" />
                  </conditions>
                </line>
                <line number="4" hits="0" branch="False" />
                <line number="6" hits="0" branch="False" />
                <line number="8" hits="0" branch="False" />
                <line number="15" hits="0" branch="True" condition-coverage="0% (0/2)">
                  <conditions>
                    <condition number="246" type="jump" coverage="0%" />
                  </conditions>
                </line>
                <line number="16" hits="0" branch="False" />
                <line number="18" hits="0" branch="False" />
                <line number="19" hits="0" branch="False" />
                <line number="21" hits="0" branch="False" />
                <line number="24" hits="0" branch="False" />
              </lines>
            </method>
          </methods>
          <lines>
            <line number="3" hits="0" branch="True" condition-coverage="0% (0/2)">
              <conditions>
                <condition number="25" type="jump" coverage="0%" />
              </conditions>
            </line>
            <line number="4" hits="0" branch="False" />
            <line number="6" hits="0" branch="False" />
            <line number="8" hits="0" branch="False" />
            <line number="15" hits="0" branch="True" condition-coverage="0% (0/2)">
              <conditions>
                <condition number="246" type="jump" coverage="0%" />
              </conditions>
            </line>
            <line number="16" hits="0" branch="False" />
            <line number="18" hits="0" branch="False" />
            <line number="19" hits="0" branch="False" />
            <line number="21" hits="0" branch="False" />
            <line number="24" hits="0" branch="False" />
          </lines>
        </class>
        <class name="VetAppointment.UI.Pages.VetPages.VetEditPage" filename="Desktop\VetAppointment\VetAppointment.UI\Pages\VetPages\VetEditPage.razor.cs" line-rate="0" branch-rate="1" complexity="8">
          <methods>
            <method name="get_VetDataService" signature="()" line-rate="0" branch-rate="1" complexity="1">
              <lines>
                <line number="13" hits="0" branch="False" />
              </lines>
            </method>
            <method name="get_VetClinicDataService" signature="()" line-rate="0" branch-rate="1" complexity="1">
              <lines>
                <line number="15" hits="0" branch="False" />
              </lines>
            </method>
            <method name="get_JSRuntime" signature="()" line-rate="0" branch-rate="1" complexity="1">
              <lines>
                <line number="17" hits="0" branch="False" />
              </lines>
            </method>
            <method name="get_VetId" signature="()" line-rate="0" branch-rate="1" complexity="1">
              <lines>
                <line number="19" hits="0" branch="False" />
              </lines>
            </method>
            <method name="get_ClinicId" signature="()" line-rate="0" branch-rate="1" complexity="1">
              <lines>
                <line number="21" hits="0" branch="False" />
              </lines>
            </method>
            <method name="get_VetToUpdate" signature="()" line-rate="0" branch-rate="1" complexity="1">
              <lines>
                <line number="22" hits="0" branch="False" />
              </lines>
            </method>
            <method name="get_Specialisations" signature="()" line-rate="0" branch-rate="1" complexity="1">
              <lines>
                <line number="23" hits="0" branch="False" />
              </lines>
            </method>
            <method name=".ctor" signature="()" line-rate="0" branch-rate="1" complexity="1">
              <lines>
                <line number="24" hits="0" branch="False" />
              </lines>
            </method>
          </methods>
          <lines>
            <line number="13" hits="0" branch="False" />
            <line number="15" hits="0" branch="False" />
            <line number="17" hits="0" branch="False" />
            <line number="19" hits="0" branch="False" />
            <line number="21" hits="0" branch="False" />
            <line number="22" hits="0" branch="False" />
            <line number="23" hits="0" branch="False" />
            <line number="24" hits="0" branch="False" />
          </lines>
        </class>
        <class name="VetAppointment.UI.Pages.VetPages.VetEditPage/&lt;OnInitializedAsync&gt;d__28" filename="Desktop\VetAppointment\VetAppointment.UI\Pages\VetPages\VetEditPage.razor.cs" line-rate="0" branch-rate="1" complexity="1">
          <methods>
            <method name="MoveNext" signature="()" line-rate="0" branch-rate="1" complexity="1">
              <lines>
                <line number="27" hits="0" branch="False" />
                <line number="28" hits="0" branch="False" />
                <line number="29" hits="0" branch="False" />
                <line number="30" hits="0" branch="False" />
                <line number="31" hits="0" branch="False" />
                <line number="32" hits="0" branch="False" />
                <line number="33" hits="0" branch="False" />
                <line number="34" hits="0" branch="False" />
                <line number="35" hits="0" branch="False" />
                <line number="36" hits="0" branch="False" />
                <line number="37" hits="0" branch="False" />
                <line number="38" hits="0" branch="False" />
                <line number="39" hits="0" branch="False" />
                <line number="40" hits="0" branch="False" />
                <line number="41" hits="0" branch="False" />
              </lines>
            </method>
          </methods>
          <lines>
            <line number="27" hits="0" branch="False" />
            <line number="28" hits="0" branch="False" />
            <line number="29" hits="0" branch="False" />
            <line number="30" hits="0" branch="False" />
            <line number="31" hits="0" branch="False" />
            <line number="32" hits="0" branch="False" />
            <line number="33" hits="0" branch="False" />
            <line number="34" hits="0" branch="False" />
            <line number="35" hits="0" branch="False" />
            <line number="36" hits="0" branch="False" />
            <line number="37" hits="0" branch="False" />
            <line number="38" hits="0" branch="False" />
            <line number="39" hits="0" branch="False" />
            <line number="40" hits="0" branch="False" />
            <line number="41" hits="0" branch="False" />
          </lines>
        </class>
        <class name="VetAppointment.UI.Pages.VetPages.VetEditPage/&lt;UpdateVetFromClinic&gt;d__29" filename="Desktop\VetAppointment\VetAppointment.UI\Pages\VetPages\VetEditPage.razor.cs" line-rate="0" branch-rate="1" complexity="1">
          <methods>
            <method name="MoveNext" signature="()" line-rate="0" branch-rate="1" complexity="1">
              <lines>
                <line number="44" hits="0" branch="False" />
                <line number="45" hits="0" branch="False" />
                <line number="46" hits="0" branch="False" />
                <line number="47" hits="0" branch="False" />
              </lines>
            </method>
          </methods>
          <lines>
            <line number="44" hits="0" branch="False" />
            <line number="45" hits="0" branch="False" />
            <line number="46" hits="0" branch="False" />
            <line number="47" hits="0" branch="False" />
          </lines>
        </class>
        <class name="VetAppointment.UI.Pages.VetPages.VetEditPage" filename="Desktop\VetAppointment\VetAppointment.UI\Pages\VetPages\VetEditPage.razor" line-rate="0" branch-rate="1" complexity="4">
          <methods>
            <method name="BuildRenderTree" signature="(Microsoft.AspNetCore.Components.Rendering.RenderTreeBuilder)" line-rate="0" branch-rate="1" complexity="1">
              <lines>
                <line number="21" hits="0" branch="False" />
                <line number="22" hits="0" branch="False" />
                <line number="23" hits="0" branch="False" />
                <line number="24" hits="0" branch="False" />
                <line number="25" hits="0" branch="False" />
                <line number="26" hits="0" branch="False" />
                <line number="27" hits="0" branch="False" />
                <line number="28" hits="0" branch="False" />
              </lines>
            </method>
            <method name="&lt;BuildRenderTree&gt;b__30_10" signature="()" line-rate="0" branch-rate="1" complexity="1">
              <lines>
                <line number="52" hits="0" branch="False" />
              </lines>
            </method>
            <method name="&lt;BuildRenderTree&gt;b__30_11" signature="()" line-rate="0" branch-rate="1" complexity="1">
              <lines>
                <line number="54" hits="0" branch="False" />
              </lines>
            </method>
            <method name="&lt;BuildRenderTree&gt;b__30_12" signature="()" line-rate="0" branch-rate="1" complexity="1">
              <lines>
                <line number="56" hits="0" branch="False" />
              </lines>
            </method>
          </methods>
          <lines>
            <line number="21" hits="0" branch="False" />
            <line number="22" hits="0" branch="False" />
            <line number="23" hits="0" branch="False" />
            <line number="24" hits="0" branch="False" />
            <line number="25" hits="0" branch="False" />
            <line number="26" hits="0" branch="False" />
            <line number="27" hits="0" branch="False" />
            <line number="28" hits="0" branch="False" />
            <line number="52" hits="0" branch="False" />
            <line number="54" hits="0" branch="False" />
            <line number="56" hits="0" branch="False" />
          </lines>
        </class>
        <class name="VetAppointment.UI.Pages.VetPages.VetsOverview" filename="Desktop\VetAppointment\VetAppointment.UI\Pages\VetPages\VetsOverview.razor.cs" line-rate="0" branch-rate="1" complexity="2">
          <methods>
            <method name="get_VetDataService" signature="()" line-rate="0" branch-rate="1" complexity="1">
              <lines>
                <line number="11" hits="0" branch="False" />
              </lines>
            </method>
            <method name="get_Vets" signature="()" line-rate="0" branch-rate="1" complexity="1">
              <lines>
                <line number="13" hits="0" branch="False" />
              </lines>
            </method>
          </methods>
          <lines>
            <line number="11" hits="0" branch="False" />
            <line number="13" hits="0" branch="False" />
          </lines>
        </class>
        <class name="VetAppointment.UI.Pages.VetPages.VetsOverview/&lt;OnInitializedAsync&gt;d__8" filename="Desktop\VetAppointment\VetAppointment.UI\Pages\VetPages\VetsOverview.razor.cs" line-rate="0" branch-rate="1" complexity="1">
          <methods>
            <method name="MoveNext" signature="()" line-rate="0" branch-rate="1" complexity="1">
              <lines>
                <line number="15" hits="0" branch="False" />
                <line number="16" hits="0" branch="False" />
                <line number="17" hits="0" branch="False" />
              </lines>
            </method>
          </methods>
          <lines>
            <line number="15" hits="0" branch="False" />
            <line number="16" hits="0" branch="False" />
            <line number="17" hits="0" branch="False" />
          </lines>
        </class>
        <class name="VetAppointment.UI.Pages.VetPages.VetsOverview" filename="Desktop\VetAppointment\VetAppointment.UI\Pages\VetPages\VetsOverview.razor" line-rate="0" branch-rate="0" complexity="4">
          <methods>
            <method name="BuildRenderTree" signature="(Microsoft.AspNetCore.Components.Rendering.RenderTreeBuilder)" line-rate="0" branch-rate="0" complexity="4">
              <lines>
                <line number="3" hits="0" branch="True" condition-coverage="0% (0/2)">
                  <conditions>
                    <condition number="25" type="jump" coverage="0%" />
                  </conditions>
                </line>
                <line number="4" hits="0" branch="False" />
                <line number="6" hits="0" branch="False" />
                <line number="8" hits="0" branch="False" />
                <line number="23" hits="0" branch="True" condition-coverage="0% (0/2)">
                  <conditions>
                    <condition number="549" type="jump" coverage="0%" />
                  </conditions>
                </line>
                <line number="24" hits="0" branch="False" />
                <line number="26" hits="0" branch="False" />
                <line number="27" hits="0" branch="False" />
                <line number="28" hits="0" branch="False" />
                <line number="29" hits="0" branch="False" />
                <line number="30" hits="0" branch="False" />
                <line number="31" hits="0" branch="False" />
                <line number="32" hits="0" branch="False" />
                <line number="33" hits="0" branch="False" />
                <line number="35" hits="0" branch="False" />
                <line number="38" hits="0" branch="False" />
              </lines>
            </method>
          </methods>
          <lines>
            <line number="3" hits="0" branch="True" condition-coverage="0% (0/2)">
              <conditions>
                <condition number="25" type="jump" coverage="0%" />
              </conditions>
            </line>
            <line number="4" hits="0" branch="False" />
            <line number="6" hits="0" branch="False" />
            <line number="8" hits="0" branch="False" />
            <line number="23" hits="0" branch="True" condition-coverage="0% (0/2)">
              <conditions>
                <condition number="549" type="jump" coverage="0%" />
              </conditions>
            </line>
            <line number="24" hits="0" branch="False" />
            <line number="26" hits="0" branch="False" />
            <line number="27" hits="0" branch="False" />
            <line number="28" hits="0" branch="False" />
            <line number="29" hits="0" branch="False" />
            <line number="30" hits="0" branch="False" />
            <line number="31" hits="0" branch="False" />
            <line number="32" hits="0" branch="False" />
            <line number="33" hits="0" branch="False" />
            <line number="35" hits="0" branch="False" />
            <line number="38" hits="0" branch="False" />
          </lines>
        </class>
        <class name="VetAppointment.UI.Pages.Validators.ClinicModelValidator" filename="Desktop\VetAppointment\VetAppointment.UI\Pages\Validators\ClinicModelValidator.cs" line-rate="0" branch-rate="1" complexity="1">
          <methods>
            <method name=".ctor" signature="()" line-rate="0" branch-rate="1" complexity="1">
              <lines>
                <line number="8" hits="0" branch="False" />
                <line number="9" hits="0" branch="False" />
                <line number="10" hits="0" branch="False" />
                <line number="11" hits="0" branch="False" />
                <line number="12" hits="0" branch="False" />
                <line number="13" hits="0" branch="False" />
                <line number="14" hits="0" branch="False" />
                <line number="15" hits="0" branch="False" />
                <line number="16" hits="0" branch="False" />
              </lines>
            </method>
          </methods>
          <lines>
            <line number="8" hits="0" branch="False" />
            <line number="9" hits="0" branch="False" />
            <line number="10" hits="0" branch="False" />
            <line number="11" hits="0" branch="False" />
            <line number="12" hits="0" branch="False" />
            <line number="13" hits="0" branch="False" />
            <line number="14" hits="0" branch="False" />
            <line number="15" hits="0" branch="False" />
            <line number="16" hits="0" branch="False" />
          </lines>
        </class>
        <class name="VetAppointment.UI.Pages.Validators.PetModelValidator" filename="Desktop\VetAppointment\VetAppointment.UI\Pages\Validators\PetModelValidator.cs" line-rate="0" branch-rate="1" complexity="1">
          <methods>
            <method name=".ctor" signature="()" line-rate="0" branch-rate="1" complexity="1">
              <lines>
                <line number="8" hits="0" branch="False" />
                <line number="9" hits="0" branch="False" />
                <line number="10" hits="0" branch="False" />
                <line number="11" hits="0" branch="False" />
              </lines>
            </method>
          </methods>
          <lines>
            <line number="8" hits="0" branch="False" />
            <line number="9" hits="0" branch="False" />
            <line number="10" hits="0" branch="False" />
            <line number="11" hits="0" branch="False" />
          </lines>
        </class>
        <class name="VetAppointment.UI.Pages.Validators.PetValidator" filename="Desktop\VetAppointment\VetAppointment.UI\Pages\Validators\PetValidator.cs" line-rate="0" branch-rate="1" complexity="1">
          <methods>
            <method name=".ctor" signature="()" line-rate="0" branch-rate="1" complexity="1">
              <lines>
                <line number="8" hits="0" branch="False" />
                <line number="9" hits="0" branch="False" />
                <line number="10" hits="0" branch="False" />
                <line number="11" hits="0" branch="False" />
                <line number="12" hits="0" branch="False" />
                <line number="13" hits="0" branch="False" />
                <line number="14" hits="0" branch="False" />
              </lines>
            </method>
          </methods>
          <lines>
            <line number="8" hits="0" branch="False" />
            <line number="9" hits="0" branch="False" />
            <line number="10" hits="0" branch="False" />
            <line number="11" hits="0" branch="False" />
            <line number="12" hits="0" branch="False" />
            <line number="13" hits="0" branch="False" />
            <line number="14" hits="0" branch="False" />
          </lines>
        </class>
        <class name="VetAppointment.UI.Pages.Validators.VetClinicValidator" filename="Desktop\VetAppointment\VetAppointment.UI\Pages\Validators\VetClinicValidator.cs" line-rate="1" branch-rate="1" complexity="1">
          <methods>
            <method name=".ctor" signature="()" line-rate="1" branch-rate="1" complexity="1">
              <lines>
                <line number="8" hits="1" branch="False" />
                <line number="9" hits="1" branch="False" />
                <line number="10" hits="1" branch="False" />
                <line number="11" hits="1" branch="False" />
                <line number="12" hits="1" branch="False" />
                <line number="13" hits="1" branch="False" />
                <line number="14" hits="1" branch="False" />
                <line number="15" hits="1" branch="False" />
                <line number="16" hits="1" branch="False" />
              </lines>
            </method>
          </methods>
          <lines>
            <line number="8" hits="1" branch="False" />
            <line number="9" hits="1" branch="False" />
            <line number="10" hits="1" branch="False" />
            <line number="11" hits="1" branch="False" />
            <line number="12" hits="1" branch="False" />
            <line number="13" hits="1" branch="False" />
            <line number="14" hits="1" branch="False" />
            <line number="15" hits="1" branch="False" />
            <line number="16" hits="1" branch="False" />
          </lines>
        </class>
        <class name="VetAppointment.UI.Pages.Validators.VetModelValidator" filename="Desktop\VetAppointment\VetAppointment.UI\Pages\Validators\VetModelValidator.cs" line-rate="0" branch-rate="1" complexity="1">
          <methods>
            <method name=".ctor" signature="()" line-rate="0" branch-rate="1" complexity="1">
              <lines>
                <line number="8" hits="0" branch="False" />
                <line number="9" hits="0" branch="False" />
                <line number="10" hits="0" branch="False" />
                <line number="11" hits="0" branch="False" />
                <line number="12" hits="0" branch="False" />
                <line number="13" hits="0" branch="False" />
                <line number="14" hits="0" branch="False" />
                <line number="15" hits="0" branch="False" />
                <line number="16" hits="0" branch="False" />
                <line number="17" hits="0" branch="False" />
                <line number="18" hits="0" branch="False" />
              </lines>
            </method>
          </methods>
          <lines>
            <line number="8" hits="0" branch="False" />
            <line number="9" hits="0" branch="False" />
            <line number="10" hits="0" branch="False" />
            <line number="11" hits="0" branch="False" />
            <line number="12" hits="0" branch="False" />
            <line number="13" hits="0" branch="False" />
            <line number="14" hits="0" branch="False" />
            <line number="15" hits="0" branch="False" />
            <line number="16" hits="0" branch="False" />
            <line number="17" hits="0" branch="False" />
            <line number="18" hits="0" branch="False" />
          </lines>
        </class>
        <class name="VetAppointment.UI.Pages.Services.AppointmentDataService" filename="Desktop\VetAppointment\VetAppointment.UI\Pages\Services\AppointmentDataService.cs" line-rate="0" branch-rate="1" complexity="1">
          <methods>
            <method name=".ctor" signature="(System.Net.Http.HttpClient)" line-rate="0" branch-rate="1" complexity="1">
              <lines>
                <line number="14" hits="0" branch="False" />
                <line number="15" hits="0" branch="False" />
                <line number="16" hits="0" branch="False" />
                <line number="17" hits="0" branch="False" />
              </lines>
            </method>
          </methods>
          <lines>
            <line number="14" hits="0" branch="False" />
            <line number="15" hits="0" branch="False" />
            <line number="16" hits="0" branch="False" />
            <line number="17" hits="0" branch="False" />
          </lines>
        </class>
        <class name="VetAppointment.UI.Pages.Services.AppointmentDataService/&lt;AddAppointment&gt;d__5" filename="Desktop\VetAppointment\VetAppointment.UI\Pages\Services\AppointmentDataService.cs" line-rate="0" branch-rate="1" complexity="1">
          <methods>
            <method name="MoveNext" signature="()" line-rate="0" branch-rate="1" complexity="1">
              <lines>
                <line number="26" hits="0" branch="False" />
                <line number="27" hits="0" branch="False" />
                <line number="28" hits="0" branch="False" />
                <line number="29" hits="0" branch="False" />
                <line number="30" hits="0" branch="False" />
                <line number="31" hits="0" branch="False" />
                <line number="32" hits="0" branch="False" />
                <line number="33" hits="0" branch="False" />
              </lines>
            </method>
          </methods>
          <lines>
            <line number="26" hits="0" branch="False" />
            <line number="27" hits="0" branch="False" />
            <line number="28" hits="0" branch="False" />
            <line number="29" hits="0" branch="False" />
            <line number="30" hits="0" branch="False" />
            <line number="31" hits="0" branch="False" />
            <line number="32" hits="0" branch="False" />
            <line number="33" hits="0" branch="False" />
          </lines>
        </class>
        <class name="VetAppointment.UI.Pages.Services.AppointmentDataService/&lt;GetAllAppointments&gt;d__4" filename="Desktop\VetAppointment\VetAppointment.UI\Pages\Services\AppointmentDataService.cs" line-rate="0" branch-rate="1" complexity="1">
          <methods>
            <method name="MoveNext" signature="()" line-rate="0" branch-rate="1" complexity="1">
              <lines>
                <line number="19" hits="0" branch="False" />
                <line number="20" hits="0" branch="False" />
                <line number="21" hits="0" branch="False" />
                <line number="22" hits="0" branch="False" />
                <line number="23" hits="0" branch="False" />
              </lines>
            </method>
          </methods>
          <lines>
            <line number="19" hits="0" branch="False" />
            <line number="20" hits="0" branch="False" />
            <line number="21" hits="0" branch="False" />
            <line number="22" hits="0" branch="False" />
            <line number="23" hits="0" branch="False" />
          </lines>
        </class>
        <class name="VetAppointment.UI.Pages.Services.DrugDataService" filename="Desktop\VetAppointment\VetAppointment.UI\Pages\Services\DrugDataService.cs" line-rate="0" branch-rate="1" complexity="1">
          <methods>
            <method name=".ctor" signature="(System.Net.Http.HttpClient)" line-rate="0" branch-rate="1" complexity="1">
              <lines>
                <line number="13" hits="0" branch="False" />
                <line number="14" hits="0" branch="False" />
                <line number="15" hits="0" branch="False" />
                <line number="16" hits="0" branch="False" />
              </lines>
            </method>
          </methods>
          <lines>
            <line number="13" hits="0" branch="False" />
            <line number="14" hits="0" branch="False" />
            <line number="15" hits="0" branch="False" />
            <line number="16" hits="0" branch="False" />
          </lines>
        </class>
        <class name="VetAppointment.UI.Pages.Services.DrugDataService/&lt;GetAllDrugs&gt;d__4" filename="Desktop\VetAppointment\VetAppointment.UI\Pages\Services\DrugDataService.cs" line-rate="0" branch-rate="1" complexity="1">
          <methods>
            <method name="MoveNext" signature="()" line-rate="0" branch-rate="1" complexity="1">
              <lines>
                <line number="18" hits="0" branch="False" />
                <line number="19" hits="0" branch="False" />
                <line number="20" hits="0" branch="False" />
                <line number="21" hits="0" branch="False" />
                <line number="22" hits="0" branch="False" />
              </lines>
            </method>
          </methods>
          <lines>
            <line number="18" hits="0" branch="False" />
            <line number="19" hits="0" branch="False" />
            <line number="20" hits="0" branch="False" />
            <line number="21" hits="0" branch="False" />
            <line number="22" hits="0" branch="False" />
          </lines>
        </class>
        <class name="VetAppointment.UI.Pages.Services.PetDataService" filename="Desktop\VetAppointment\VetAppointment.UI\Pages\Services\PetDataService.cs" line-rate="0" branch-rate="1" complexity="1">
          <methods>
            <method name=".ctor" signature="(System.Net.Http.HttpClient)" line-rate="0" branch-rate="1" complexity="1">
              <lines>
                <line number="13" hits="0" branch="False" />
                <line number="14" hits="0" branch="False" />
                <line number="15" hits="0" branch="False" />
                <line number="16" hits="0" branch="False" />
              </lines>
            </method>
          </methods>
          <lines>
            <line number="13" hits="0" branch="False" />
            <line number="14" hits="0" branch="False" />
            <line number="15" hits="0" branch="False" />
            <line number="16" hits="0" branch="False" />
          </lines>
        </class>
        <class name="VetAppointment.UI.Pages.Services.PetDataService/&lt;GetAllPets&gt;d__4" filename="Desktop\VetAppointment\VetAppointment.UI\Pages\Services\PetDataService.cs" line-rate="0" branch-rate="1" complexity="1">
          <methods>
            <method name="MoveNext" signature="()" line-rate="0" branch-rate="1" complexity="1">
              <lines>
                <line number="18" hits="0" branch="False" />
                <line number="19" hits="0" branch="False" />
                <line number="20" hits="0" branch="False" />
                <line number="21" hits="0" branch="False" />
                <line number="22" hits="0" branch="False" />
              </lines>
            </method>
          </methods>
          <lines>
            <line number="18" hits="0" branch="False" />
            <line number="19" hits="0" branch="False" />
            <line number="20" hits="0" branch="False" />
            <line number="21" hits="0" branch="False" />
            <line number="22" hits="0" branch="False" />
          </lines>
        </class>
        <class name="VetAppointment.UI.Pages.Services.PetOwnerDataService" filename="Desktop\VetAppointment\VetAppointment.UI\Pages\Services\PetOwnerDataService.cs" line-rate="0" branch-rate="1" complexity="1">
          <methods>
            <method name=".ctor" signature="(System.Net.Http.HttpClient)" line-rate="0" branch-rate="1" complexity="1">
              <lines>
                <line number="15" hits="0" branch="False" />
                <line number="16" hits="0" branch="False" />
                <line number="17" hits="0" branch="False" />
                <line number="18" hits="0" branch="False" />
              </lines>
            </method>
          </methods>
          <lines>
            <line number="15" hits="0" branch="False" />
            <line number="16" hits="0" branch="False" />
            <line number="17" hits="0" branch="False" />
            <line number="18" hits="0" branch="False" />
          </lines>
        </class>
        <class name="VetAppointment.UI.Pages.Services.PetOwnerDataService/&lt;AddPetOwner&gt;d__5" filename="Desktop\VetAppointment\VetAppointment.UI\Pages\Services\PetOwnerDataService.cs" line-rate="0" branch-rate="1" complexity="1">
          <methods>
            <method name="MoveNext" signature="()" line-rate="0" branch-rate="1" complexity="1">
              <lines>
                <line number="26" hits="0" branch="False" />
                <line number="27" hits="0" branch="False" />
                <line number="28" hits="0" branch="False" />
                <line number="29" hits="0" branch="False" />
                <line number="30" hits="0" branch="False" />
                <line number="31" hits="0" branch="False" />
                <line number="32" hits="0" branch="False" />
                <line number="33" hits="0" branch="False" />
              </lines>
            </method>
          </methods>
          <lines>
            <line number="26" hits="0" branch="False" />
            <line number="27" hits="0" branch="False" />
            <line number="28" hits="0" branch="False" />
            <line number="29" hits="0" branch="False" />
            <line number="30" hits="0" branch="False" />
            <line number="31" hits="0" branch="False" />
            <line number="32" hits="0" branch="False" />
            <line number="33" hits="0" branch="False" />
          </lines>
        </class>
[...]
            <line number="43" hits="1" branch="False" />
            <line number="44" hits="1" branch="False" />
            <line number="45" hits="1" branch="False" />
            <line number="46" hits="1" branch="False" />
            <line number="47" hits="1" branch="False" />
            <line number="48" hits="1" branch="False" />
            <line number="49" hits="1" branch="False" />
            <line number="50" hits="1" branch="False" />
            <line number="51" hits="1" branch="False" />
            <line number="52" hits="1" branch="False" />
            <line number="53" hits="1" branch="False" />
            <line number="57" hits="1" branch="False" />
            <line number="58" hits="1" branch="False" />
            <line number="59" hits="1" branch="False" />
            <line number="60" hits="1" branch="False" />
            <line number="62" hits="1" branch="False" />
            <line number="63" hits="1" branch="False" />
            <line number="65" hits="1" branch="False" />
            <line number="67" hits="1" branch="False" />
            <line number="68" hits="1" branch="False" />
            <line number="69" hits="1" branch="False" />
            <line number="70" hits="1" branch="False" />
            <line number="74" hits="1" branch="False" />
            <line number="75" hits="1" branch="False" />
            <line number="76" hits="1" branch="False" />
            <line number="77" hits="1" branch="False" />
            <line number="79" hits="1" branch="False" />
            <line number="80" hits="1" branch="False" />
            <line number="81" hits="1" branch="False" />
            <line number="83" hits="1" branch="False" />
            <line number="84" hits="1" branch="False" />
            <line number="85" hits="1" branch="False" />
            <line number="86" hits="1" branch="False" />
            <line number="87" hits="1" branch="False" />
            <line number="91" hits="1" branch="False" />
            <line number="92" hits="1" branch="False" />
            <line number="93" hits="1" branch="False" />
            <line number="94" hits="1" branch="False" />
            <line number="96" hits="1" branch="False" />
            <line number="97" hits="1" branch="False" />
            <line number="98" hits="1" branch="False" />
            <line number="100" hits="1" branch="False" />
            <line number="101" hits="1" branch="False" />
            <line number="102" hits="1" branch="False" />
            <line number="103" hits="1" branch="False" />
            <line number="104" hits="1" branch="False" />
            <line number="108" hits="1" branch="False" />
            <line number="109" hits="1" branch="False" />
            <line number="110" hits="1" branch="False" />
            <line number="111" hits="1" branch="False" />
            <line number="113" hits="1" branch="False" />
            <line number="114" hits="1" branch="False" />
            <line number="115" hits="1" branch="False" />
            <line number="118" hits="1" branch="False" />
            <line number="119" hits="1" branch="False" />
            <line number="120" hits="1" branch="False" />
            <line number="121" hits="1" branch="False" />
            <line number="122" hits="1" branch="False" />
            <line number="123" hits="0" branch="False" />
            <line number="126" hits="5" branch="False" />
            <line number="127" hits="5" branch="False" />
            <line number="128" hits="5" branch="False" />
            <line number="129" hits="5" branch="False" />
            <line number="130" hits="5" branch="False" />
            <line number="131" hits="5" branch="False" />
            <line number="132" hits="5" branch="False" />
            <line number="133" hits="5" branch="False" />
            <line number="134" hits="5" branch="False" />
            <line number="135" hits="5" branch="False" />
            <line number="136" hits="5" branch="False" />
            <line number="137" hits="5" branch="False" />
            <line number="138" hits="5" branch="False" />
            <line number="139" hits="5" branch="False" />
            <line number="142" hits="1" branch="False" />
            <line number="143" hits="1" branch="False" />
            <line number="144" hits="1" branch="False" />
            <line number="145" hits="1" branch="False" />
            <line number="146" hits="1" branch="False" />
            <line number="147" hits="1" branch="False" />
            <line number="148" hits="1" branch="False" />
            <line number="149" hits="1" branch="False" />
            <line number="150" hits="1" branch="False" />
            <line number="151" hits="1" branch="False" />
            <line number="152" hits="1" branch="False" />
          </lines>
        </class>
        <class name="VetAppointment.UI.Test.ClinicVetsTests" filename="Desktop\VetAppointment\VetAppointment.UI.Test\ClinicVetsTests.cs" line-rate="0.6709999999999999" branch-rate="1" complexity="5">
          <methods>
            <method name="When_RenderComponentClinicVets_Then_ShouldRetrieveAllVets" signature="()" line-rate="0.3636" branch-rate="1" complexity="1">
              <lines>
                <line number="16" hits="1" branch="False" />
                <line number="17" hits="1" branch="False" />
                <line number="18" hits="1" branch="False" />
                <line number="19" hits="1" branch="False" />
                <line number="21" hits="1" branch="False" />
                <line number="22" hits="1" branch="False" />
                <line number="23" hits="1" branch="False" />
                <line number="25" hits="2" branch="False" />
                <line number="26" hits="0" branch="False" />
                <line number="27" hits="0" branch="False" />
                <line number="28" hits="0" branch="False" />
                <line number="29" hits="0" branch="False" />
                <line number="30" hits="0" branch="False" />
                <line number="31" hits="0" branch="False" />
                <line number="32" hits="0" branch="False" />
                <line number="33" hits="0" branch="False" />
                <line number="34" hits="0" branch="False" />
                <line number="35" hits="0" branch="False" />
                <line number="36" hits="0" branch="False" />
                <line number="37" hits="0" branch="False" />
                <line number="38" hits="0" branch="False" />
                <line number="39" hits="0" branch="False" />
              </lines>
            </method>
            <method name="When_PressEditButton_Then_ShouldNavigateToEditPage" signature="()" line-rate="0.75" branch-rate="1" complexity="1">
              <lines>
                <line number="43" hits="1" branch="False" />
                <line number="44" hits="1" branch="False" />
                <line number="45" hits="1" branch="False" />
                <line number="46" hits="1" branch="False" />
                <line number="48" hits="1" branch="False" />
                <line number="49" hits="1" branch="False" />
                <line number="50" hits="1" branch="False" />
                <line number="52" hits="1" branch="False" />
                <line number="54" hits="2" branch="False" />
                <line number="55" hits="0" branch="False" />
                <line number="56" hits="0" branch="False" />
                <line number="57" hits="0" branch="False" />
              </lines>
            </method>
            <method name="When_PressDeleteButtonWithConfirmation_Then_ShouldDeleteVet" signature="()" line-rate="0.6923" branch-rate="1" complexity="1">
              <lines>
                <line number="61" hits="1" branch="False" />
                <line number="62" hits="1" branch="False" />
                <line number="63" hits="1" branch="False" />
                <line number="64" hits="1" branch="False" />
                <line number="66" hits="1" branch="False" />
                <line number="67" hits="1" branch="False" />
                <line number="68" hits="1" branch="False" />
                <line number="69" hits="1" branch="False" />
                <line number="71" hits="2" branch="False" />
                <line number="72" hits="0" branch="False" />
                <line number="73" hits="0" branch="False" />
                <line number="74" hits="0" branch="False" />
                <line number="75" hits="0" branch="False" />
              </lines>
            </method>
            <method name="When_PressDeleteButtonWithCancel_Then_ShouldNotDeleteVet" signature="()" line-rate="0.6923" branch-rate="1" complexity="1">
              <lines>
                <line number="79" hits="1" branch="False" />
                <line number="80" hits="1" branch="False" />
                <line number="81" hits="1" branch="False" />
                <line number="82" hits="1" branch="False" />
                <line number="84" hits="1" branch="False" />
                <line number="85" hits="1" branch="False" />
                <line number="86" hits="1" branch="False" />
                <line number="87" hits="1" branch="False" />
                <line number="89" hits="2" branch="False" />
                <line number="90" hits="0" branch="False" />
                <line number="91" hits="0" branch="False" />
                <line number="92" hits="0" branch="False" />
                <line number="93" hits="0" branch="False" />
              </lines>
            </method>
            <method name="VetsForTest" signature="()" line-rate="1" branch-rate="1" complexity="1">
              <lines>
                <line number="96" hits="4" branch="False" />
                <line number="97" hits="4" branch="False" />
                <line number="98" hits="4" branch="False" />
                <line number="99" hits="4" branch="False" />
                <line number="100" hits="4" branch="False" />
                <line number="101" hits="4" branch="False" />
                <line number="102" hits="4" branch="False" />
                <line number="103" hits="4" branch="False" />
                <line number="104" hits="4" branch="False" />
                <line number="105" hits="4" branch="False" />
                <line number="106" hits="4" branch="False" />
                <line number="107" hits="4" branch="False" />
                <line number="108" hits="4" branch="False" />
                <line number="109" hits="4" branch="False" />
                <line number="110" hits="4" branch="False" />
                <line number="111" hits="4" branch="False" />
              </lines>
            </method>
          </methods>
          <lines>
            <line number="16" hits="1" branch="False" />
            <line number="17" hits="1" branch="False" />
            <line number="18" hits="1" branch="False" />
            <line number="19" hits="1" branch="False" />
            <line number="21" hits="1" branch="False" />
            <line number="22" hits="1" branch="False" />
            <line number="23" hits="1" branch="False" />
            <line number="25" hits="2" branch="False" />
            <line number="26" hits="0" branch="False" />
            <line number="27" hits="0" branch="False" />
            <line number="28" hits="0" branch="False" />
            <line number="29" hits="0" branch="False" />
            <line number="30" hits="0" branch="False" />
            <line number="31" hits="0" branch="False" />
            <line number="32" hits="0" branch="False" />
            <line number="33" hits="0" branch="False" />
            <line number="34" hits="0" branch="False" />
            <line number="35" hits="0" branch="False" />
            <line number="36" hits="0" branch="False" />
            <line number="37" hits="0" branch="False" />
            <line number="38" hits="0" branch="False" />
            <line number="39" hits="0" branch="False" />
            <line number="43" hits="1" branch="False" />
            <line number="44" hits="1" branch="False" />
            <line number="45" hits="1" branch="False" />
            <line number="46" hits="1" branch="False" />
            <line number="48" hits="1" branch="False" />
            <line number="49" hits="1" branch="False" />
            <line number="50" hits="1" branch="False" />
            <line number="52" hits="1" branch="False" />
            <line number="54" hits="2" branch="False" />
            <line number="55" hits="0" branch="False" />
            <line number="56" hits="0" branch="False" />
            <line number="57" hits="0" branch="False" />
            <line number="61" hits="1" branch="False" />
            <line number="62" hits="1" branch="False" />
            <line number="63" hits="1" branch="False" />
            <line number="64" hits="1" branch="False" />
            <line number="66" hits="1" branch="False" />
            <line number="67" hits="1" branch="False" />
            <line number="68" hits="1" branch="False" />
            <line number="69" hits="1" branch="False" />
            <line number="71" hits="2" branch="False" />
            <line number="72" hits="0" branch="False" />
            <line number="73" hits="0" branch="False" />
            <line number="74" hits="0" branch="False" />
            <line number="75" hits="0" branch="False" />
            <line number="79" hits="1" branch="False" />
            <line number="80" hits="1" branch="False" />
            <line number="81" hits="1" branch="False" />
            <line number="82" hits="1" branch="False" />
            <line number="84" hits="1" branch="False" />
            <line number="85" hits="1" branch="False" />
            <line number="86" hits="1" branch="False" />
            <line number="87" hits="1" branch="False" />
            <line number="89" hits="2" branch="False" />
            <line number="90" hits="0" branch="False" />
            <line number="91" hits="0" branch="False" />
            <line number="92" hits="0" branch="False" />
            <line number="93" hits="0" branch="False" />
            <line number="96" hits="4" branch="False" />
            <line number="97" hits="4" branch="False" />
            <line number="98" hits="4" branch="False" />
            <line number="99" hits="4" branch="False" />
            <line number="100" hits="4" branch="False" />
            <line number="101" hits="4" branch="False" />
            <line number="102" hits="4" branch="False" />
            <line number="103" hits="4" branch="False" />
            <line number="104" hits="4" branch="False" />
            <line number="105" hits="4" branch="False" />
            <line number="106" hits="4" branch="False" />
            <line number="107" hits="4" branch="False" />
            <line number="108" hits="4" branch="False" />
            <line number="109" hits="4" branch="False" />
            <line number="110" hits="4" branch="False" />
            <line number="111" hits="4" branch="False" />
          </lines>
        </class>
        <class name="VetAppointment.UI.Test.PetOwnersOverviewTests" filename="Desktop\VetAppointment\VetAppointment.UI.Test\PetOwnersOverviewTests.cs" line-rate="0.7646999999999999" branch-rate="1" complexity="2">
          <methods>
            <method name="When_RenderComponentPetOwnersOverview_Then_ShouldRetrieveAllPetOwners" signature="()" line-rate="0.5555" branch-rate="1" complexity="1">
              <lines>
                <line number="15" hits="1" branch="False" />
                <line number="16" hits="1" branch="False" />
                <line number="17" hits="1" branch="False" />
                <line number="18" hits="1" branch="False" />
                <line number="20" hits="1" branch="False" />
                <line number="21" hits="1" branch="False" />
                <line number="23" hits="1" branch="False" />
                <line number="25" hits="1" branch="False" />
                <line number="26" hits="1" branch="False" />
                <line number="27" hits="1" branch="False" />
                <line number="28" hits="0" branch="False" />
                <line number="29" hits="0" branch="False" />
                <line number="30" hits="0" branch="False" />
                <line number="31" hits="0" branch="False" />
                <line number="32" hits="0" branch="False" />
                <line number="33" hits="0" branch="False" />
                <line number="34" hits="0" branch="False" />
                <line number="35" hits="0" branch="False" />
              </lines>
            </method>
            <method name="PetOwnersForTest" signature="()" line-rate="1" branch-rate="1" complexity="1">
              <lines>
                <line number="38" hits="1" branch="False" />
                <line number="39" hits="1" branch="False" />
                <line number="40" hits="1" branch="False" />
                <line number="41" hits="1" branch="False" />
                <line number="42" hits="1" branch="False" />
                <line number="43" hits="1" branch="False" />
                <line number="44" hits="1" branch="False" />
                <line number="45" hits="1" branch="False" />
                <line number="46" hits="1" branch="False" />
                <line number="47" hits="1" branch="False" />
                <line number="48" hits="1" branch="False" />
                <line number="49" hits="1" branch="False" />
                <line number="50" hits="1" branch="False" />
                <line number="51" hits="1" branch="False" />
                <line number="52" hits="1" branch="False" />
                <line number="53" hits="1" branch="False" />
              </lines>
            </method>
          </methods>
          <lines>
            <line number="15" hits="1" branch="False" />
            <line number="16" hits="1" branch="False" />
            <line number="17" hits="1" branch="False" />
            <line number="18" hits="1" branch="False" />
            <line number="20" hits="1" branch="False" />
            <line number="21" hits="1" branch="False" />
            <line number="23" hits="1" branch="False" />
            <line number="25" hits="1" branch="False" />
            <line number="26" hits="1" branch="False" />
            <line number="27" hits="1" branch="False" />
            <line number="28" hits="0" branch="False" />
            <line number="29" hits="0" branch="False" />
            <line number="30" hits="0" branch="False" />
            <line number="31" hits="0" branch="False" />
            <line number="32" hits="0" branch="False" />
            <line number="33" hits="0" branch="False" />
            <line number="34" hits="0" branch="False" />
            <line number="35" hits="0" branch="False" />
            <line number="38" hits="1" branch="False" />
            <line number="39" hits="1" branch="False" />
            <line number="40" hits="1" branch="False" />
            <line number="41" hits="1" branch="False" />
            <line number="42" hits="1" branch="False" />
            <line number="43" hits="1" branch="False" />
            <line number="44" hits="1" branch="False" />
            <line number="45" hits="1" branch="False" />
            <line number="46" hits="1" branch="False" />
            <line number="47" hits="1" branch="False" />
            <line number="48" hits="1" branch="False" />
            <line number="49" hits="1" branch="False" />
            <line number="50" hits="1" branch="False" />
            <line number="51" hits="1" branch="False" />
            <line number="52" hits="1" branch="False" />
            <line number="53" hits="1" branch="False" />
          </lines>
        </class>
      </classes>
    </package>
  </packages>
</coverage>