TpTrace Verbose: 0 : 23708, 1, 2022/12/11, 21:47:36.913, 1168639799433, vstest.console.dll, Version: 17.4.0-release-20221019-01 Current process architecture: X64
TpTrace Verbose: 0 : 23708, 1, 2022/12/11, 21:47:36.916, 1168639826046, vstest.console.dll, Runtime location: C:\Program Files\dotnet\shared\Microsoft.NETCore.App\7.0.0
TpTrace Verbose: 0 : 23708, 1, 2022/12/11, 21:47:36.920, 1168639873791, vstest.console.dll, ArtifactProcessingPostProcessModeProcessorExecutor.Initialize: ArtifactProcessingMode.Collect
TpTrace Verbose: 0 : 23708, 1, 2022/12/11, 21:47:36.921, 1168639875518, vstest.console.dll, TestSessionCorrelationIdProcessorModeProcessorExecutor.Initialize: TestSessionCorrelationId '22144_088adcb2-9764-4784-ae38-0b1a76ad595a'
TpTrace Information: 0 : 23708, 1, 2022/12/11, 21:47:36.932, 1168639988218, vstest.console.dll, FilePatternParser: The given file D:\Documents\GitHub\VetAppointment_.NET\VetAppointment - APIs + Tests\VetAppointment - Working\VetAppointment.Integration.Test\bin\Debug\net7.0\fine-code-coverage\build-output\VetAppointment.Integration.Test.dll is a full path.
TpTrace Verbose: 0 : 23708, 1, 2022/12/11, 21:47:36.939, 1168640056545, vstest.console.dll, TestPluginCache.DiscoverTestExtensions: finding test extensions in assemblies ends with: RuntimeProvider.dll TPluginInfo: Microsoft.VisualStudio.TestPlatform.Common.ExtensionFramework.Utilities.TestRuntimePluginInformation TExtension: Microsoft.VisualStudio.TestPlatform.ObjectModel.Host.ITestRuntimeProvider
TpTrace Verbose: 0 : 23708, 1, 2022/12/11, 21:47:36.939, 1168640059019, vstest.console.dll, TestPluginCache.GetExtensionPaths: Filtered extension paths: 
TpTrace Verbose: 0 : 23708, 1, 2022/12/11, 21:47:36.939, 1168640059992, vstest.console.dll, TestPluginCache.GetExtensionPaths: Added default extension paths: C:\Program Files\dotnet\sdk\7.0.100\Extensions\Microsoft.Diagnostics.NETCore.Client.dll
C:\Program Files\dotnet\sdk\7.0.100\Extensions\Microsoft.TestPlatform.Extensions.BlameDataCollector.dll
C:\Program Files\dotnet\sdk\7.0.100\Extensions\Microsoft.TestPlatform.Extensions.EventLogCollector.dll
C:\Program Files\dotnet\sdk\7.0.100\Extensions\Microsoft.TestPlatform.TestHostRuntimeProvider.dll
C:\Program Files\dotnet\sdk\7.0.100\Extensions\Microsoft.VisualStudio.TestPlatform.Extensions.Html.TestLogger.dll
C:\Program Files\dotnet\sdk\7.0.100\Extensions\Microsoft.VisualStudio.TestPlatform.Extensions.Trx.TestLogger.dll
TpTrace Verbose: 0 : 23708, 1, 2022/12/11, 21:47:36.939, 1168640060428, vstest.console.dll, TestPluginCache.GetExtensionPaths: Added unfilterableExtensionPaths: 
TpTrace Information: 0 : 23708, 1, 2022/12/11, 21:47:36.940, 1168640068678, vstest.console.dll, AssemblyResolver.ctor: Creating AssemblyResolver with searchDirectories C:\Program Files\dotnet\sdk\7.0.100\Extensions,C:\Program Files\dotnet\sdk\7.0.100
TpTrace Verbose: 0 : 23708, 1, 2022/12/11, 21:47:36.942, 1168640087378, vstest.console.dll, TestPluginCache.DiscoverTestExtensions: Discovering the extensions using extension path.
TpTrace Verbose: 0 : 23708, 1, 2022/12/11, 21:47:36.942, 1168640089354, vstest.console.dll, TestPluginCache.GetExtensionPaths: Filtered extension paths: 
TpTrace Verbose: 0 : 23708, 1, 2022/12/11, 21:47:36.942, 1168640089971, vstest.console.dll, TestPluginCache.GetExtensionPaths: Added default extension paths: C:\Program Files\dotnet\sdk\7.0.100\Extensions\Microsoft.Diagnostics.NETCore.Client.dll
C:\Program Files\dotnet\sdk\7.0.100\Extensions\Microsoft.TestPlatform.Extensions.BlameDataCollector.dll
C:\Program Files\dotnet\sdk\7.0.100\Extensions\Microsoft.TestPlatform.Extensions.EventLogCollector.dll
C:\Program Files\dotnet\sdk\7.0.100\Extensions\Microsoft.TestPlatform.TestHostRuntimeProvider.dll
C:\Program Files\dotnet\sdk\7.0.100\Extensions\Microsoft.VisualStudio.TestPlatform.Extensions.Html.TestLogger.dll
C:\Program Files\dotnet\sdk\7.0.100\Extensions\Microsoft.VisualStudio.TestPlatform.Extensions.Trx.TestLogger.dll
TpTrace Verbose: 0 : 23708, 1, 2022/12/11, 21:47:36.942, 1168640090331, vstest.console.dll, TestPluginCache.GetExtensionPaths: Added unfilterableExtensionPaths: 
TpTrace Verbose: 0 : 23708, 1, 2022/12/11, 21:47:36.942, 1168640092090, vstest.console.dll, TestPluginCache.DiscoverTestExtensions: Discovering the extensions using allExtensionPaths: C:\Program Files\dotnet\sdk\7.0.100\Extensions\Microsoft.Diagnostics.NETCore.Client.dll
C:\Program Files\dotnet\sdk\7.0.100\Extensions\Microsoft.TestPlatform.Extensions.BlameDataCollector.dll
C:\Program Files\dotnet\sdk\7.0.100\Extensions\Microsoft.TestPlatform.Extensions.EventLogCollector.dll
C:\Program Files\dotnet\sdk\7.0.100\Extensions\Microsoft.TestPlatform.TestHostRuntimeProvider.dll
C:\Program Files\dotnet\sdk\7.0.100\Extensions\Microsoft.VisualStudio.TestPlatform.Extensions.Html.TestLogger.dll
C:\Program Files\dotnet\sdk\7.0.100\Extensions\Microsoft.VisualStudio.TestPlatform.Extensions.Trx.TestLogger.dll
TpTrace Information: 0 : 23708, 1, 2022/12/11, 21:47:36.942, 1168640093352, vstest.console.dll, AssemblyResolver.AddSearchDirectories: Adding more searchDirectories C:\Program Files\dotnet\sdk\7.0.100\Extensions,C:\Program Files\dotnet\sdk\7.0.100
TpTrace Information: 0 : 23708, 1, 2022/12/11, 21:47:36.942, 1168640094030, vstest.console.dll, AssemblyResolver.AddSearchDirectories: Adding more searchDirectories C:\Program Files\dotnet\sdk\7.0.100\Extensions,C:\Program Files\dotnet\sdk\7.0.100
TpTrace Information: 0 : 23708, 1, 2022/12/11, 21:47:36.942, 1168640094402, vstest.console.dll, AssemblyResolver.AddSearchDirectories: Adding more searchDirectories C:\Program Files\dotnet\sdk\7.0.100\Extensions,C:\Program Files\dotnet\sdk\7.0.100
TpTrace Information: 0 : 23708, 1, 2022/12/11, 21:47:36.942, 1168640094732, vstest.console.dll, AssemblyResolver.AddSearchDirectories: Adding more searchDirectories C:\Program Files\dotnet\sdk\7.0.100\Extensions,C:\Program Files\dotnet\sdk\7.0.100
TpTrace Information: 0 : 23708, 1, 2022/12/11, 21:47:36.942, 1168640095111, vstest.console.dll, AssemblyResolver.AddSearchDirectories: Adding more searchDirectories C:\Program Files\dotnet\sdk\7.0.100\Extensions,C:\Program Files\dotnet\sdk\7.0.100
TpTrace Information: 0 : 23708, 1, 2022/12/11, 21:47:36.943, 1168640095446, vstest.console.dll, AssemblyResolver.AddSearchDirectories: Adding more searchDirectories C:\Program Files\dotnet\sdk\7.0.100\Extensions,C:\Program Files\dotnet\sdk\7.0.100
TpTrace Information: 0 : 23708, 1, 2022/12/11, 21:47:36.943, 1168640100946, vstest.console.dll, AssemblyResolver.OnResolve: Microsoft.Diagnostics.NETCore.Client: Resolving assembly.
TpTrace Information: 0 : 23708, 1, 2022/12/11, 21:47:36.943, 1168640101913, vstest.console.dll, AssemblyResolver.OnResolve: Microsoft.Diagnostics.NETCore.Client: Searching in: 'C:\Program Files\dotnet\sdk\7.0.100\Extensions'.
TpTrace Information: 0 : 23708, 1, 2022/12/11, 21:47:36.953, 1168640200610, vstest.console.dll, AssemblyResolver.OnResolve: Microsoft.Diagnostics.NETCore.Client: Loading assembly 'C:\Program Files\dotnet\sdk\7.0.100\Extensions\Microsoft.Diagnostics.NETCore.Client.dll'.
TpTrace Information: 0 : 23708, 1, 2022/12/11, 21:47:36.954, 1168640206691, vstest.console.dll, AssemblyResolver.OnResolve: Resolved assembly: Microsoft.Diagnostics.NETCore.Client, from path: C:\Program Files\dotnet\sdk\7.0.100\Extensions\Microsoft.Diagnostics.NETCore.Client.dll
TpTrace Verbose: 0 : 23708, 1, 2022/12/11, 21:47:36.955, 1168640220756, vstest.console.dll, MetadataReaderExtensionsHelper: Discovering extensions inside assembly 'Microsoft.Diagnostics.NETCore.Client, Version=0.2.6.42401, Culture=neutral, PublicKeyToken=31bf3856ad364e35' file path 'C:\Program Files\dotnet\sdk\7.0.100\Extensions\Microsoft.Diagnostics.NETCore.Client.dll'
TpTrace Information: 0 : 23708, 1, 2022/12/11, 21:47:36.959, 1168640261747, vstest.console.dll, AssemblyResolver.OnResolve: Microsoft.Bcl.AsyncInterfaces: Resolving assembly.
TpTrace Information: 0 : 23708, 1, 2022/12/11, 21:47:36.959, 1168640262690, vstest.console.dll, AssemblyResolver.OnResolve: Microsoft.Bcl.AsyncInterfaces: Searching in: 'C:\Program Files\dotnet\sdk\7.0.100\Extensions'.
TpTrace Information: 0 : 23708, 1, 2022/12/11, 21:47:36.959, 1168640263525, vstest.console.dll, AssemblyResolver.OnResolve: Microsoft.Bcl.AsyncInterfaces: Assembly path does not exist: 'C:\Program Files\dotnet\sdk\7.0.100\Extensions\Microsoft.Bcl.AsyncInterfaces.dll', returning.
TpTrace Information: 0 : 23708, 1, 2022/12/11, 21:47:36.959, 1168640264622, vstest.console.dll, AssemblyResolver.OnResolve: Microsoft.Bcl.AsyncInterfaces: Assembly path does not exist: 'C:\Program Files\dotnet\sdk\7.0.100\Extensions\Microsoft.Bcl.AsyncInterfaces.exe', returning.
TpTrace Information: 0 : 23708, 1, 2022/12/11, 21:47:36.959, 1168640265097, vstest.console.dll, AssemblyResolver.OnResolve: Microsoft.Bcl.AsyncInterfaces: Searching in: 'C:\Program Files\dotnet\sdk\7.0.100'.
TpTrace Information: 0 : 23708, 1, 2022/12/11, 21:47:36.960, 1168640265703, vstest.console.dll, AssemblyResolver.OnResolve: Microsoft.Bcl.AsyncInterfaces: Assembly path does not exist: 'C:\Program Files\dotnet\sdk\7.0.100\Microsoft.Bcl.AsyncInterfaces.dll', returning.
TpTrace Information: 0 : 23708, 1, 2022/12/11, 21:47:36.960, 1168640266307, vstest.console.dll, AssemblyResolver.OnResolve: Microsoft.Bcl.AsyncInterfaces: Assembly path does not exist: 'C:\Program Files\dotnet\sdk\7.0.100\Microsoft.Bcl.AsyncInterfaces.exe', returning.
TpTrace Information: 0 : 23708, 1, 2022/12/11, 21:47:36.960, 1168640266640, vstest.console.dll, AssemblyResolver.OnResolve: Microsoft.Bcl.AsyncInterfaces: Failed to load assembly.
TpTrace Verbose: 0 : 23708, 1, 2022/12/11, 21:47:36.960, 1168640267028, vstest.console.dll, CurrentDomainAssemblyResolve: Resolving assembly 'Microsoft.Bcl.AsyncInterfaces'.
TpTrace Information: 0 : 23708, 1, 2022/12/11, 21:47:36.960, 1168640267766, vstest.console.dll, AssemblyResolver.OnResolve: Microsoft.Bcl.AsyncInterfaces: Resolving assembly.
TpTrace Information: 0 : 23708, 1, 2022/12/11, 21:47:36.960, 1168640268193, vstest.console.dll, AssemblyResolver.OnResolve: Microsoft.Bcl.AsyncInterfaces: Resolved from cache.
TpTrace Verbose: 0 : 23708, 1, 2022/12/11, 21:47:36.960, 1168640268523, vstest.console.dll, CurrentDomainAssemblyResolve: Resolving assembly 'Microsoft.Bcl.AsyncInterfaces'.
TpTrace Verbose: 0 : 23708, 1, 2022/12/11, 21:47:36.960, 1168640268899, vstest.console.dll, CurrentDomainAssemblyResolve: Failed to resolve assembly 'Microsoft.Bcl.AsyncInterfaces'.
TpTrace Verbose: 0 : 23708, 1, 2022/12/11, 21:47:36.961, 1168640275546, vstest.console.dll, CurrentDomainAssemblyResolve: Failed to resolve assembly 'Microsoft.Bcl.AsyncInterfaces'.
TpTrace Warning: 0 : 23708, 1, 2022/12/11, 21:47:36.968, 1168640346418, vstest.console.dll, TestPluginDiscoverer: Failed to get types from assembly 'Microsoft.Diagnostics.NETCore.Client, Version=0.2.6.42401, Culture=neutral, PublicKeyToken=31bf3856ad364e35'. Error: System.Reflection.ReflectionTypeLoadException: Unable to load one or more of the requested types.
Could not load file or assembly 'Microsoft.Bcl.AsyncInterfaces, Version=1.0.0.0, Culture=neutral, PublicKeyToken=cc7b13ffcd2ddd51'. The system cannot find the file specified.
   at System.Reflection.RuntimeModule.GetTypes(RuntimeModule module)
   at System.Reflection.Assembly.GetTypes()
   at Microsoft.VisualStudio.TestPlatform.Common.ExtensionFramework.TestPluginDiscoverer.GetTestExtensionsFromAssembly[TPluginInfo,TExtension](Assembly assembly, Dictionary`2 pluginInfos, String filePath)
System.IO.FileNotFoundException: Could not load file or assembly 'Microsoft.Bcl.AsyncInterfaces, Version=1.0.0.0, Culture=neutral, PublicKeyToken=cc7b13ffcd2ddd51'. The system cannot find the file specified.
File name: 'Microsoft.Bcl.AsyncInterfaces, Version=1.0.0.0, Culture=neutral, PublicKeyToken=cc7b13ffcd2ddd51'
 ---> System.IO.FileNotFoundException: Could not load file or assembly 'Microsoft.Bcl.AsyncInterfaces, Culture=neutral, PublicKeyToken=null'. The system cannot find the file specified.
File name: 'Microsoft.Bcl.AsyncInterfaces, Culture=neutral, PublicKeyToken=null'
   at System.Reflection.RuntimeAssembly.InternalLoad(AssemblyName assemblyName, StackCrawlMark& stackMark, AssemblyLoadContext assemblyLoadContext, RuntimeAssembly requestingAssembly, Boolean throwOnFileNotFound)
   at System.Reflection.Assembly.Load(AssemblyName assemblyRef)
   at Microsoft.VisualStudio.TestPlatform.Common.ExtensionFramework.TestPluginCache.CurrentDomainAssemblyResolve(Object sender, AssemblyResolveEventArgs args)
   at System.Runtime.Loader.AssemblyLoadContext.GetFirstResolvedAssemblyFromResolvingEvent(AssemblyName assemblyName)
   at System.Runtime.Loader.AssemblyLoadContext.ResolveUsingEvent(AssemblyName assemblyName)
   at System.Runtime.Loader.AssemblyLoadContext.ResolveUsingResolvingEvent(IntPtr gchManagedAssemblyLoadContext, AssemblyName assemblyName)
TpTrace Warning: 0 : 23708, 1, 2022/12/11, 21:47:36.968, 1168640350659, vstest.console.dll, LoaderExceptions: System.IO.FileNotFoundException: Could not load file or assembly 'Microsoft.Bcl.AsyncInterfaces, Version=1.0.0.0, Culture=neutral, PublicKeyToken=cc7b13ffcd2ddd51'. The system cannot find the file specified.
File name: 'Microsoft.Bcl.AsyncInterfaces, Version=1.0.0.0, Culture=neutral, PublicKeyToken=cc7b13ffcd2ddd51'
 ---> System.IO.FileNotFoundException: Could not load file or assembly 'Microsoft.Bcl.AsyncInterfaces, Culture=neutral, PublicKeyToken=null'. The system cannot find the file specified.
File name: 'Microsoft.Bcl.AsyncInterfaces, Culture=neutral, PublicKeyToken=null'
   at System.Reflection.RuntimeAssembly.InternalLoad(AssemblyName assemblyName, StackCrawlMark& stackMark, AssemblyLoadContext assemblyLoadContext, RuntimeAssembly requestingAssembly, Boolean throwOnFileNotFound)
   at System.Reflection.Assembly.Load(AssemblyName assemblyRef)
   at Microsoft.VisualStudio.TestPlatform.Common.ExtensionFramework.TestPluginCache.CurrentDomainAssemblyResolve(Object sender, AssemblyResolveEventArgs args)
   at System.Runtime.Loader.AssemblyLoadContext.GetFirstResolvedAssemblyFromResolvingEvent(AssemblyName assemblyName)
   at System.Runtime.Loader.AssemblyLoadContext.ResolveUsingEvent(AssemblyName assemblyName)
   at System.Runtime.Loader.AssemblyLoadContext.ResolveUsingResolvingEvent(IntPtr gchManagedAssemblyLoadContext, AssemblyName assemblyName)
TpTrace Information: 0 : 23708, 1, 2022/12/11, 21:47:36.968, 1168640352673, vstest.console.dll, AssemblyResolver.OnResolve: Microsoft.TestPlatform.Extensions.BlameDataCollector: Resolving assembly.
TpTrace Information: 0 : 23708, 1, 2022/12/11, 21:47:36.968, 1168640353164, vstest.console.dll, AssemblyResolver.OnResolve: Microsoft.TestPlatform.Extensions.BlameDataCollector: Searching in: 'C:\Program Files\dotnet\sdk\7.0.100\Extensions'.
TpTrace Information: 0 : 23708, 1, 2022/12/11, 21:47:36.969, 1168640359438, vstest.console.dll, AssemblyResolver.OnResolve: Microsoft.TestPlatform.Extensions.BlameDataCollector: Loading assembly 'C:\Program Files\dotnet\sdk\7.0.100\Extensions\Microsoft.TestPlatform.Extensions.BlameDataCollector.dll'.
TpTrace Information: 0 : 23708, 1, 2022/12/11, 21:47:36.970, 1168640366305, vstest.console.dll, AssemblyResolver.OnResolve: Resolved assembly: Microsoft.TestPlatform.Extensions.BlameDataCollector, from path: C:\Program Files\dotnet\sdk\7.0.100\Extensions\Microsoft.TestPlatform.Extensions.BlameDataCollector.dll
TpTrace Verbose: 0 : 23708, 1, 2022/12/11, 21:47:36.970, 1168640367278, vstest.console.dll, MetadataReaderExtensionsHelper: Discovering extensions inside assembly 'Microsoft.TestPlatform.Extensions.BlameDataCollector, Version=15.0.0.0, Culture=neutral, PublicKeyToken=b03f5f7f11d50a3a' file path 'C:\Program Files\dotnet\sdk\7.0.100\Extensions\Microsoft.TestPlatform.Extensions.BlameDataCollector.dll'
TpTrace Information: 0 : 23708, 1, 2022/12/11, 21:47:36.972, 1168640386194, vstest.console.dll, AssemblyResolver.OnResolve: Microsoft.TestPlatform.Extensions.EventLogCollector: Resolving assembly.
TpTrace Information: 0 : 23708, 1, 2022/12/11, 21:47:36.972, 1168640387024, vstest.console.dll, AssemblyResolver.OnResolve: Microsoft.TestPlatform.Extensions.EventLogCollector: Searching in: 'C:\Program Files\dotnet\sdk\7.0.100\Extensions'.
TpTrace Information: 0 : 23708, 1, 2022/12/11, 21:47:36.972, 1168640389803, vstest.console.dll, AssemblyResolver.OnResolve: Microsoft.TestPlatform.Extensions.EventLogCollector: Loading assembly 'C:\Program Files\dotnet\sdk\7.0.100\Extensions\Microsoft.TestPlatform.Extensions.EventLogCollector.dll'.
TpTrace Information: 0 : 23708, 1, 2022/12/11, 21:47:36.972, 1168640393419, vstest.console.dll, AssemblyResolver.OnResolve: Resolved assembly: Microsoft.TestPlatform.Extensions.EventLogCollector, from path: C:\Program Files\dotnet\sdk\7.0.100\Extensions\Microsoft.TestPlatform.Extensions.EventLogCollector.dll
TpTrace Verbose: 0 : 23708, 1, 2022/12/11, 21:47:36.972, 1168640394113, vstest.console.dll, MetadataReaderExtensionsHelper: Discovering extensions inside assembly 'Microsoft.TestPlatform.Extensions.EventLogCollector, Version=15.0.0.0, Culture=neutral, PublicKeyToken=b03f5f7f11d50a3a' file path 'C:\Program Files\dotnet\sdk\7.0.100\Extensions\Microsoft.TestPlatform.Extensions.EventLogCollector.dll'
TpTrace Information: 0 : 23708, 1, 2022/12/11, 21:47:36.974, 1168640410925, vstest.console.dll, AssemblyResolver.OnResolve: Microsoft.TestPlatform.TestHostRuntimeProvider: Resolving assembly.
TpTrace Information: 0 : 23708, 1, 2022/12/11, 21:47:36.974, 1168640411631, vstest.console.dll, AssemblyResolver.OnResolve: Microsoft.TestPlatform.TestHostRuntimeProvider: Searching in: 'C:\Program Files\dotnet\sdk\7.0.100\Extensions'.
TpTrace Information: 0 : 23708, 1, 2022/12/11, 21:47:36.975, 1168640417074, vstest.console.dll, AssemblyResolver.OnResolve: Microsoft.TestPlatform.TestHostRuntimeProvider: Loading assembly 'C:\Program Files\dotnet\sdk\7.0.100\Extensions\Microsoft.TestPlatform.TestHostRuntimeProvider.dll'.
TpTrace Information: 0 : 23708, 1, 2022/12/11, 21:47:36.975, 1168640424426, vstest.console.dll, AssemblyResolver.OnResolve: Resolved assembly: Microsoft.TestPlatform.TestHostRuntimeProvider, from path: C:\Program Files\dotnet\sdk\7.0.100\Extensions\Microsoft.TestPlatform.TestHostRuntimeProvider.dll
TpTrace Verbose: 0 : 23708, 1, 2022/12/11, 21:47:36.976, 1168640425489, vstest.console.dll, MetadataReaderExtensionsHelper: Discovering extensions inside assembly 'Microsoft.TestPlatform.TestHostRuntimeProvider, Version=15.0.0.0, Culture=neutral, PublicKeyToken=b03f5f7f11d50a3a' file path 'C:\Program Files\dotnet\sdk\7.0.100\Extensions\Microsoft.TestPlatform.TestHostRuntimeProvider.dll'
TpTrace Information: 0 : 23708, 1, 2022/12/11, 21:47:36.978, 1168640447203, vstest.console.dll, GetTestExtensionFromType: Register extension with identifier data 'HostProvider://DefaultTestHost' and type 'Microsoft.VisualStudio.TestPlatform.CrossPlatEngine.Hosting.DefaultTestHostManager, Microsoft.TestPlatform.TestHostRuntimeProvider, Version=15.0.0.0, Culture=neutral, PublicKeyToken=b03f5f7f11d50a3a' inside file 'C:\Program Files\dotnet\sdk\7.0.100\Extensions\Microsoft.TestPlatform.TestHostRuntimeProvider.dll'
TpTrace Information: 0 : 23708, 1, 2022/12/11, 21:47:36.978, 1168640449914, vstest.console.dll, GetTestExtensionFromType: Register extension with identifier data 'HostProvider://DotnetTestHost' and type 'Microsoft.VisualStudio.TestPlatform.CrossPlatEngine.Hosting.DotnetTestHostManager, Microsoft.TestPlatform.TestHostRuntimeProvider, Version=15.0.0.0, Culture=neutral, PublicKeyToken=b03f5f7f11d50a3a' inside file 'C:\Program Files\dotnet\sdk\7.0.100\Extensions\Microsoft.TestPlatform.TestHostRuntimeProvider.dll'
TpTrace Information: 0 : 23708, 1, 2022/12/11, 21:47:36.978, 1168640450800, vstest.console.dll, AssemblyResolver.OnResolve: Microsoft.VisualStudio.TestPlatform.Extensions.Html.TestLogger: Resolving assembly.
TpTrace Information: 0 : 23708, 1, 2022/12/11, 21:47:36.978, 1168640451247, vstest.console.dll, AssemblyResolver.OnResolve: Microsoft.VisualStudio.TestPlatform.Extensions.Html.TestLogger: Searching in: 'C:\Program Files\dotnet\sdk\7.0.100\Extensions'.
TpTrace Information: 0 : 23708, 1, 2022/12/11, 21:47:36.979, 1168640456745, vstest.console.dll, AssemblyResolver.OnResolve: Microsoft.VisualStudio.TestPlatform.Extensions.Html.TestLogger: Loading assembly 'C:\Program Files\dotnet\sdk\7.0.100\Extensions\Microsoft.VisualStudio.TestPlatform.Extensions.Html.TestLogger.dll'.
TpTrace Information: 0 : 23708, 1, 2022/12/11, 21:47:36.979, 1168640462844, vstest.console.dll, AssemblyResolver.OnResolve: Resolved assembly: Microsoft.VisualStudio.TestPlatform.Extensions.Html.TestLogger, from path: C:\Program Files\dotnet\sdk\7.0.100\Extensions\Microsoft.VisualStudio.TestPlatform.Extensions.Html.TestLogger.dll
TpTrace Verbose: 0 : 23708, 1, 2022/12/11, 21:47:36.979, 1168640463758, vstest.console.dll, MetadataReaderExtensionsHelper: Discovering extensions inside assembly 'Microsoft.VisualStudio.TestPlatform.Extensions.Html.TestLogger, Version=15.0.0.0, Culture=neutral, PublicKeyToken=b03f5f7f11d50a3a' file path 'C:\Program Files\dotnet\sdk\7.0.100\Extensions\Microsoft.VisualStudio.TestPlatform.Extensions.Html.TestLogger.dll'
TpTrace Information: 0 : 23708, 1, 2022/12/11, 21:47:36.980, 1168640475032, vstest.console.dll, AssemblyResolver.OnResolve: Microsoft.VisualStudio.TestPlatform.Extensions.Trx.TestLogger: Resolving assembly.
TpTrace Information: 0 : 23708, 1, 2022/12/11, 21:47:36.981, 1168640475887, vstest.console.dll, AssemblyResolver.OnResolve: Microsoft.VisualStudio.TestPlatform.Extensions.Trx.TestLogger: Searching in: 'C:\Program Files\dotnet\sdk\7.0.100\Extensions'.
TpTrace Information: 0 : 23708, 1, 2022/12/11, 21:47:36.981, 1168640482134, vstest.console.dll, AssemblyResolver.OnResolve: Microsoft.VisualStudio.TestPlatform.Extensions.Trx.TestLogger: Loading assembly 'C:\Program Files\dotnet\sdk\7.0.100\Extensions\Microsoft.VisualStudio.TestPlatform.Extensions.Trx.TestLogger.dll'.
TpTrace Information: 0 : 23708, 1, 2022/12/11, 21:47:36.982, 1168640490058, vstest.console.dll, AssemblyResolver.OnResolve: Resolved assembly: Microsoft.VisualStudio.TestPlatform.Extensions.Trx.TestLogger, from path: C:\Program Files\dotnet\sdk\7.0.100\Extensions\Microsoft.VisualStudio.TestPlatform.Extensions.Trx.TestLogger.dll
TpTrace Verbose: 0 : 23708, 1, 2022/12/11, 21:47:36.982, 1168640491181, vstest.console.dll, MetadataReaderExtensionsHelper: Discovering extensions inside assembly 'Microsoft.VisualStudio.TestPlatform.Extensions.Trx.TestLogger, Version=15.0.0.0, Culture=neutral, PublicKeyToken=b03f5f7f11d50a3a' file path 'C:\Program Files\dotnet\sdk\7.0.100\Extensions\Microsoft.VisualStudio.TestPlatform.Extensions.Trx.TestLogger.dll'
TpTrace Verbose: 0 : 23708, 1, 2022/12/11, 21:47:36.984, 1168640505260, vstest.console.dll, TestPluginCache: Discovered the extensions using extension path ''.
TpTrace Verbose: 0 : 23708, 1, 2022/12/11, 21:47:36.984, 1168640506200, vstest.console.dll, TestPluginCache: Discoverers are ''.
TpTrace Verbose: 0 : 23708, 1, 2022/12/11, 21:47:36.984, 1168640506550, vstest.console.dll, TestPluginCache: Executors are ''.
TpTrace Verbose: 0 : 23708, 1, 2022/12/11, 21:47:36.984, 1168640506832, vstest.console.dll, TestPluginCache: Executors2 are ''.
TpTrace Verbose: 0 : 23708, 1, 2022/12/11, 21:47:36.984, 1168640507103, vstest.console.dll, TestPluginCache: Setting providers are ''.
TpTrace Verbose: 0 : 23708, 1, 2022/12/11, 21:47:36.984, 1168640507372, vstest.console.dll, TestPluginCache: Loggers are ''.
TpTrace Verbose: 0 : 23708, 1, 2022/12/11, 21:47:36.984, 1168640508659, vstest.console.dll, TestPluginCache: TestHosts are 'HostProvider://DefaultTestHost,HostProvider://DotnetTestHost'.
TpTrace Verbose: 0 : 23708, 1, 2022/12/11, 21:47:36.984, 1168640509089, vstest.console.dll, TestPluginCache: DataCollectors are ''.
TpTrace Information: 0 : 23708, 1, 2022/12/11, 21:47:36.994, 1168640608539, vstest.console.dll, RunTestsArgumentProcessor:Execute: Test run is starting.
TpTrace Verbose: 0 : 23708, 1, 2022/12/11, 21:47:36.994, 1168640609514, vstest.console.dll, RunTestsArgumentProcessor:Execute: Queuing Test run.
TpTrace Information: 0 : 23708, 1, 2022/12/11, 21:47:36.994, 1168640612210, vstest.console.dll, TestRequestManager.RunTests: run tests started.
TpTrace Information: 0 : 23708, 1, 2022/12/11, 21:47:36.996, 1168640627384, vstest.console.dll, AssemblyMetadataProvider.GetFrameworkName: Determined framework:'.NETCoreApp,Version=v7.0' for source: 'D:\Documents\GitHub\VetAppointment_.NET\VetAppointment - APIs + Tests\VetAppointment - Working\VetAppointment.Integration.Test\bin\Debug\net7.0\fine-code-coverage\build-output\VetAppointment.Integration.Test.dll'
TpTrace Information: 0 : 23708, 1, 2022/12/11, 21:47:36.996, 1168640630803, vstest.console.dll, Determined framework for all sources: .NETCoreApp,Version=v7.0
TpTrace Verbose: 0 : 23708, 1, 2022/12/11, 21:47:36.997, 1168640639880, vstest.console.dll, TestRequestManager.UpdateRunSettingsIfRequired: Default architecture: X64 IsDefaultTargetArchitecture: True, Current process architecture: X64 OperatingSystem: Windows.
TpTrace Information: 0 : 23708, 1, 2022/12/11, 21:47:36.999, 1168640660907, vstest.console.dll, AssemblyMetadataProvider.GetArchitecture: Determined architecture:AnyCPU info for assembly: D:\Documents\GitHub\VetAppointment_.NET\VetAppointment - APIs + Tests\VetAppointment - Working\VetAppointment.Integration.Test\bin\Debug\net7.0\fine-code-coverage\build-output\VetAppointment.Integration.Test.dll
TpTrace Information: 0 : 23708, 1, 2022/12/11, 21:47:36.999, 1168640661700, vstest.console.dll, Determined platform for source 'D:\Documents\GitHub\VetAppointment_.NET\VetAppointment - APIs + Tests\VetAppointment - Working\VetAppointment.Integration.Test\bin\Debug\net7.0\fine-code-coverage\build-output\VetAppointment.Integration.Test.dll' was AnyCPU and it will use the default plaform X64.
TpTrace Information: 0 : 23708, 1, 2022/12/11, 21:47:36.999, 1168640662065, vstest.console.dll, None of the sources provided any runnable platform, using the default platform: X64
TpTrace Information: 0 : 23708, 1, 2022/12/11, 21:47:36.999, 1168640663140, vstest.console.dll, Platform was updated to 'X64'.
TpTrace Information: 0 : 23708, 1, 2022/12/11, 21:47:37.003, 1168640702060, vstest.console.dll, InferRunSettingsHelper.IsTestSettingsEnabled: Unable to navigate to RunSettings/MSTest. Current node: RunSettings
TpTrace Information: 0 : 23708, 1, 2022/12/11, 21:47:37.004, 1168640709429, vstest.console.dll, AssemblyResolver.OnResolve: Microsoft.VisualStudio.TestPlatform.Fakes: Resolving assembly.
TpTrace Information: 0 : 23708, 1, 2022/12/11, 21:47:37.004, 1168640710192, vstest.console.dll, AssemblyResolver.OnResolve: Microsoft.VisualStudio.TestPlatform.Fakes: Searching in: 'C:\Program Files\dotnet\sdk\7.0.100\Extensions'.
TpTrace Information: 0 : 23708, 1, 2022/12/11, 21:47:37.004, 1168640711204, vstest.console.dll, AssemblyResolver.OnResolve: Microsoft.VisualStudio.TestPlatform.Fakes: Assembly path does not exist: 'C:\Program Files\dotnet\sdk\7.0.100\Extensions\Microsoft.VisualStudio.TestPlatform.Fakes.dll', returning.
TpTrace Information: 0 : 23708, 1, 2022/12/11, 21:47:37.004, 1168640712743, vstest.console.dll, AssemblyResolver.OnResolve: Microsoft.VisualStudio.TestPlatform.Fakes: Assembly path does not exist: 'C:\Program Files\dotnet\sdk\7.0.100\Extensions\Microsoft.VisualStudio.TestPlatform.Fakes.exe', returning.
TpTrace Information: 0 : 23708, 1, 2022/12/11, 21:47:37.004, 1168640714374, vstest.console.dll, AssemblyResolver.OnResolve: Microsoft.VisualStudio.TestPlatform.Fakes: Searching in: 'C:\Program Files\dotnet\sdk\7.0.100'.
TpTrace Information: 0 : 23708, 1, 2022/12/11, 21:47:37.005, 1168640715438, vstest.console.dll, AssemblyResolver.OnResolve: Microsoft.VisualStudio.TestPlatform.Fakes: Assembly path does not exist: 'C:\Program Files\dotnet\sdk\7.0.100\Microsoft.VisualStudio.TestPlatform.Fakes.dll', returning.
TpTrace Information: 0 : 23708, 1, 2022/12/11, 21:47:37.005, 1168640716289, vstest.console.dll, AssemblyResolver.OnResolve: Microsoft.VisualStudio.TestPlatform.Fakes: Assembly path does not exist: 'C:\Program Files\dotnet\sdk\7.0.100\Microsoft.VisualStudio.TestPlatform.Fakes.exe', returning.
TpTrace Information: 0 : 23708, 1, 2022/12/11, 21:47:37.005, 1168640716756, vstest.console.dll, AssemblyResolver.OnResolve: Microsoft.VisualStudio.TestPlatform.Fakes: Failed to load assembly.
TpTrace Information: 0 : 23708, 1, 2022/12/11, 21:47:37.005, 1168640720432, vstest.console.dll, Failed to load assembly Microsoft.VisualStudio.TestPlatform.Fakes, Version=17.0.0.0, Culture=neutral. Reason:System.IO.FileNotFoundException: Could not load file or assembly 'Microsoft.VisualStudio.TestPlatform.Fakes, Version=17.0.0.0, Culture=neutral, PublicKeyToken=null'. The system cannot find the file specified.
File name: 'Microsoft.VisualStudio.TestPlatform.Fakes, Version=17.0.0.0, Culture=neutral, PublicKeyToken=null'
   at System.Reflection.RuntimeAssembly.InternalLoad(AssemblyName assemblyName, StackCrawlMark& stackMark, AssemblyLoadContext assemblyLoadContext, RuntimeAssembly requestingAssembly, Boolean throwOnFileNotFound)
   at System.Reflection.Assembly.Load(AssemblyName assemblyRef)
   at Microsoft.VisualStudio.TestPlatform.Common.Utilities.FakesUtilities.LoadTestPlatformAssembly()
TpTrace Verbose: 0 : 23708, 1, 2022/12/11, 21:47:37.009, 1168640763299, vstest.console.dll, TestPluginCache.DiscoverTestExtensions: finding test extensions in assemblies ends with: TestLogger.dll TPluginInfo: Microsoft.VisualStudio.TestPlatform.Common.ExtensionFramework.Utilities.TestLoggerPluginInformation TExtension: Microsoft.VisualStudio.TestPlatform.ObjectModel.Client.ITestLogger
TpTrace Verbose: 0 : 23708, 1, 2022/12/11, 21:47:37.009, 1168640764442, vstest.console.dll, TestPluginCache.GetExtensionPaths: Filtered extension paths: 
TpTrace Verbose: 0 : 23708, 1, 2022/12/11, 21:47:37.009, 1168640764900, vstest.console.dll, TestPluginCache.GetExtensionPaths: Added default extension paths: C:\Program Files\dotnet\sdk\7.0.100\Extensions\Microsoft.Diagnostics.NETCore.Client.dll
C:\Program Files\dotnet\sdk\7.0.100\Extensions\Microsoft.TestPlatform.Extensions.BlameDataCollector.dll
C:\Program Files\dotnet\sdk\7.0.100\Extensions\Microsoft.TestPlatform.Extensions.EventLogCollector.dll
C:\Program Files\dotnet\sdk\7.0.100\Extensions\Microsoft.TestPlatform.TestHostRuntimeProvider.dll
C:\Program Files\dotnet\sdk\7.0.100\Extensions\Microsoft.VisualStudio.TestPlatform.Extensions.Html.TestLogger.dll
C:\Program Files\dotnet\sdk\7.0.100\Extensions\Microsoft.VisualStudio.TestPlatform.Extensions.Trx.TestLogger.dll
TpTrace Verbose: 0 : 23708, 1, 2022/12/11, 21:47:37.010, 1168640765341, vstest.console.dll, TestPluginCache.GetExtensionPaths: Added unfilterableExtensionPaths: 
TpTrace Information: 0 : 23708, 1, 2022/12/11, 21:47:37.010, 1168640766791, vstest.console.dll, AssemblyResolver.AddSearchDirectories: Adding more searchDirectories C:\Program Files\dotnet\sdk\7.0.100\Extensions,C:\Program Files\dotnet\sdk\7.0.100
TpTrace Verbose: 0 : 23708, 1, 2022/12/11, 21:47:37.010, 1168640767357, vstest.console.dll, TestPluginCache.DiscoverTestExtensions: Discovering the extensions using extension path.
TpTrace Verbose: 0 : 23708, 1, 2022/12/11, 21:47:37.010, 1168640767753, vstest.console.dll, TestPluginCache.GetExtensionPaths: Filtered extension paths: 
TpTrace Verbose: 0 : 23708, 1, 2022/12/11, 21:47:37.010, 1168640768074, vstest.console.dll, TestPluginCache.GetExtensionPaths: Added default extension paths: C:\Program Files\dotnet\sdk\7.0.100\Extensions\Microsoft.Diagnostics.NETCore.Client.dll
C:\Program Files\dotnet\sdk\7.0.100\Extensions\Microsoft.TestPlatform.Extensions.BlameDataCollector.dll
C:\Program Files\dotnet\sdk\7.0.100\Extensions\Microsoft.TestPlatform.Extensions.EventLogCollector.dll
C:\Program Files\dotnet\sdk\7.0.100\Extensions\Microsoft.TestPlatform.TestHostRuntimeProvider.dll
C:\Program Files\dotnet\sdk\7.0.100\Extensions\Microsoft.VisualStudio.TestPlatform.Extensions.Html.TestLogger.dll
C:\Program Files\dotnet\sdk\7.0.100\Extensions\Microsoft.VisualStudio.TestPlatform.Extensions.Trx.TestLogger.dll
TpTrace Verbose: 0 : 23708, 1, 2022/12/11, 21:47:37.010, 1168640768449, vstest.console.dll, TestPluginCache.GetExtensionPaths: Added unfilterableExtensionPaths: 
TpTrace Verbose: 0 : 23708, 1, 2022/12/11, 21:47:37.010, 1168640768775, vstest.console.dll, TestPluginCache.DiscoverTestExtensions: Discovering the extensions using allExtensionPaths: C:\Program Files\dotnet\sdk\7.0.100\Extensions\Microsoft.Diagnostics.NETCore.Client.dll
C:\Program Files\dotnet\sdk\7.0.100\Extensions\Microsoft.TestPlatform.Extensions.BlameDataCollector.dll
C:\Program Files\dotnet\sdk\7.0.100\Extensions\Microsoft.TestPlatform.Extensions.EventLogCollector.dll
C:\Program Files\dotnet\sdk\7.0.100\Extensions\Microsoft.TestPlatform.TestHostRuntimeProvider.dll
C:\Program Files\dotnet\sdk\7.0.100\Extensions\Microsoft.VisualStudio.TestPlatform.Extensions.Html.TestLogger.dll
C:\Program Files\dotnet\sdk\7.0.100\Extensions\Microsoft.VisualStudio.TestPlatform.Extensions.Trx.TestLogger.dll
TpTrace Information: 0 : 23708, 1, 2022/12/11, 21:47:37.010, 1168640769813, vstest.console.dll, AssemblyResolver.AddSearchDirectories: Adding more searchDirectories C:\Program Files\dotnet\sdk\7.0.100\Extensions,C:\Program Files\dotnet\sdk\7.0.100
TpTrace Information: 0 : 23708, 1, 2022/12/11, 21:47:37.010, 1168640770273, vstest.console.dll, AssemblyResolver.AddSearchDirectories: Adding more searchDirectories C:\Program Files\dotnet\sdk\7.0.100\Extensions,C:\Program Files\dotnet\sdk\7.0.100
TpTrace Information: 0 : 23708, 1, 2022/12/11, 21:47:37.010, 1168640770620, vstest.console.dll, AssemblyResolver.AddSearchDirectories: Adding more searchDirectories C:\Program Files\dotnet\sdk\7.0.100\Extensions,C:\Program Files\dotnet\sdk\7.0.100
TpTrace Information: 0 : 23708, 1, 2022/12/11, 21:47:37.010, 1168640771003, vstest.console.dll, AssemblyResolver.AddSearchDirectories: Adding more searchDirectories C:\Program Files\dotnet\sdk\7.0.100\Extensions,C:\Program Files\dotnet\sdk\7.0.100
TpTrace Information: 0 : 23708, 1, 2022/12/11, 21:47:37.010, 1168640771362, vstest.console.dll, AssemblyResolver.AddSearchDirectories: Adding more searchDirectories C:\Program Files\dotnet\sdk\7.0.100\Extensions,C:\Program Files\dotnet\sdk\7.0.100
TpTrace Information: 0 : 23708, 1, 2022/12/11, 21:47:37.010, 1168640771688, vstest.console.dll, AssemblyResolver.AddSearchDirectories: Adding more searchDirectories C:\Program Files\dotnet\sdk\7.0.100\Extensions,C:\Program Files\dotnet\sdk\7.0.100
TpTrace Verbose: 0 : 23708, 1, 2022/12/11, 21:47:37.010, 1168640772848, vstest.console.dll, MetadataReaderExtensionsHelper: Discovering extensions inside assembly 'Microsoft.Diagnostics.NETCore.Client, Version=0.2.6.42401, Culture=neutral, PublicKeyToken=31bf3856ad364e35' file path 'C:\Program Files\dotnet\sdk\7.0.100\Extensions\Microsoft.Diagnostics.NETCore.Client.dll'
TpTrace Information: 0 : 23708, 1, 2022/12/11, 21:47:37.011, 1168640779554, vstest.console.dll, AssemblyResolver.OnResolve: Microsoft.Bcl.AsyncInterfaces: Resolving assembly.
TpTrace Information: 0 : 23708, 1, 2022/12/11, 21:47:37.011, 1168640780211, vstest.console.dll, AssemblyResolver.OnResolve: Microsoft.Bcl.AsyncInterfaces: Resolved from cache.
TpTrace Verbose: 0 : 23708, 1, 2022/12/11, 21:47:37.011, 1168640780565, vstest.console.dll, CurrentDomainAssemblyResolve: Resolving assembly 'Microsoft.Bcl.AsyncInterfaces'.
TpTrace Information: 0 : 23708, 1, 2022/12/11, 21:47:37.011, 1168640781112, vstest.console.dll, AssemblyResolver.OnResolve: Microsoft.Bcl.AsyncInterfaces: Resolving assembly.
TpTrace Information: 0 : 23708, 1, 2022/12/11, 21:47:37.011, 1168640781535, vstest.console.dll, AssemblyResolver.OnResolve: Microsoft.Bcl.AsyncInterfaces: Resolved from cache.
TpTrace Verbose: 0 : 23708, 1, 2022/12/11, 21:47:37.011, 1168640783010, vstest.console.dll, CurrentDomainAssemblyResolve: Resolving assembly 'Microsoft.Bcl.AsyncInterfaces'.
TpTrace Verbose: 0 : 23708, 1, 2022/12/11, 21:47:37.011, 1168640783617, vstest.console.dll, CurrentDomainAssemblyResolve: Failed to resolve assembly 'Microsoft.Bcl.AsyncInterfaces'.
TpTrace Verbose: 0 : 23708, 1, 2022/12/11, 21:47:37.012, 1168640785274, vstest.console.dll, CurrentDomainAssemblyResolve: Failed to resolve assembly 'Microsoft.Bcl.AsyncInterfaces'.
TpTrace Warning: 0 : 23708, 1, 2022/12/11, 21:47:37.012, 1168640793530, vstest.console.dll, TestPluginDiscoverer: Failed to get types from assembly 'Microsoft.Diagnostics.NETCore.Client, Version=0.2.6.42401, Culture=neutral, PublicKeyToken=31bf3856ad364e35'. Error: System.Reflection.ReflectionTypeLoadException: Unable to load one or more of the requested types.
Could not load file or assembly 'Microsoft.Bcl.AsyncInterfaces, Version=1.0.0.0, Culture=neutral, PublicKeyToken=cc7b13ffcd2ddd51'. The system cannot find the file specified.
   at System.Reflection.RuntimeModule.GetTypes(RuntimeModule module)
   at System.Reflection.Assembly.GetTypes()
   at Microsoft.VisualStudio.TestPlatform.Common.ExtensionFramework.TestPluginDiscoverer.GetTestExtensionsFromAssembly[TPluginInfo,TExtension](Assembly assembly, Dictionary`2 pluginInfos, String filePath)
System.IO.FileNotFoundException: Could not load file or assembly 'Microsoft.Bcl.AsyncInterfaces, Version=1.0.0.0, Culture=neutral, PublicKeyToken=cc7b13ffcd2ddd51'. The system cannot find the file specified.
File name: 'Microsoft.Bcl.AsyncInterfaces, Version=1.0.0.0, Culture=neutral, PublicKeyToken=cc7b13ffcd2ddd51'
 ---> System.IO.FileNotFoundException: Could not load file or assembly 'Microsoft.Bcl.AsyncInterfaces, Culture=neutral, PublicKeyToken=null'. The system cannot find the file specified.
File name: 'Microsoft.Bcl.AsyncInterfaces, Culture=neutral, PublicKeyToken=null'
   at System.Reflection.RuntimeAssembly.InternalLoad(AssemblyName assemblyName, StackCrawlMark& stackMark, AssemblyLoadContext assemblyLoadContext, RuntimeAssembly requestingAssembly, Boolean throwOnFileNotFound)
   at System.Reflection.Assembly.Load(AssemblyName assemblyRef)
   at Microsoft.VisualStudio.TestPlatform.Common.ExtensionFramework.TestPluginCache.CurrentDomainAssemblyResolve(Object sender, AssemblyResolveEventArgs args)
   at System.Runtime.Loader.AssemblyLoadContext.GetFirstResolvedAssemblyFromResolvingEvent(AssemblyName assemblyName)
   at System.Runtime.Loader.AssemblyLoadContext.ResolveUsingEvent(AssemblyName assemblyName)
   at System.Runtime.Loader.AssemblyLoadContext.ResolveUsingResolvingEvent(IntPtr gchManagedAssemblyLoadContext, AssemblyName assemblyName)
TpTrace Warning: 0 : 23708, 1, 2022/12/11, 21:47:37.013, 1168640795862, vstest.console.dll, LoaderExceptions: System.IO.FileNotFoundException: Could not load file or assembly 'Microsoft.Bcl.AsyncInterfaces, Version=1.0.0.0, Culture=neutral, PublicKeyToken=cc7b13ffcd2ddd51'. The system cannot find the file specified.
File name: 'Microsoft.Bcl.AsyncInterfaces, Version=1.0.0.0, Culture=neutral, PublicKeyToken=cc7b13ffcd2ddd51'
 ---> System.IO.FileNotFoundException: Could not load file or assembly 'Microsoft.Bcl.AsyncInterfaces, Culture=neutral, PublicKeyToken=null'. The system cannot find the file specified.
File name: 'Microsoft.Bcl.AsyncInterfaces, Culture=neutral, PublicKeyToken=null'
   at System.Reflection.RuntimeAssembly.InternalLoad(AssemblyName assemblyName, StackCrawlMark& stackMark, AssemblyLoadContext assemblyLoadContext, RuntimeAssembly requestingAssembly, Boolean throwOnFileNotFound)
   at System.Reflection.Assembly.Load(AssemblyName assemblyRef)
   at Microsoft.VisualStudio.TestPlatform.Common.ExtensionFramework.TestPluginCache.CurrentDomainAssemblyResolve(Object sender, AssemblyResolveEventArgs args)
   at System.Runtime.Loader.AssemblyLoadContext.GetFirstResolvedAssemblyFromResolvingEvent(AssemblyName assemblyName)
   at System.Runtime.Loader.AssemblyLoadContext.ResolveUsingEvent(AssemblyName assemblyName)
   at System.Runtime.Loader.AssemblyLoadContext.ResolveUsingResolvingEvent(IntPtr gchManagedAssemblyLoadContext, AssemblyName assemblyName)
TpTrace Verbose: 0 : 23708, 1, 2022/12/11, 21:47:37.013, 1168640797224, vstest.console.dll, MetadataReaderExtensionsHelper: Discovering extensions inside assembly 'Microsoft.TestPlatform.Extensions.BlameDataCollector, Version=15.0.0.0, Culture=neutral, PublicKeyToken=b03f5f7f11d50a3a' file path 'C:\Program Files\dotnet\sdk\7.0.100\Extensions\Microsoft.TestPlatform.Extensions.BlameDataCollector.dll'
TpTrace Information: 0 : 23708, 1, 2022/12/11, 21:47:37.014, 1168640813013, vstest.console.dll, GetTestExtensionFromType: Register extension with identifier data 'logger://Microsoft/TestPlatform/Extensions/Blame/v1' and type 'Microsoft.TestPlatform.Extensions.BlameDataCollector.BlameLogger, Microsoft.TestPlatform.Extensions.BlameDataCollector, Version=15.0.0.0, Culture=neutral, PublicKeyToken=b03f5f7f11d50a3a' inside file 'C:\Program Files\dotnet\sdk\7.0.100\Extensions\Microsoft.TestPlatform.Extensions.BlameDataCollector.dll'
TpTrace Verbose: 0 : 23708, 1, 2022/12/11, 21:47:37.014, 1168640814296, vstest.console.dll, MetadataReaderExtensionsHelper: Discovering extensions inside assembly 'Microsoft.TestPlatform.Extensions.EventLogCollector, Version=15.0.0.0, Culture=neutral, PublicKeyToken=b03f5f7f11d50a3a' file path 'C:\Program Files\dotnet\sdk\7.0.100\Extensions\Microsoft.TestPlatform.Extensions.EventLogCollector.dll'
TpTrace Verbose: 0 : 23708, 1, 2022/12/11, 21:47:37.015, 1168640817551, vstest.console.dll, MetadataReaderExtensionsHelper: Discovering extensions inside assembly 'Microsoft.TestPlatform.TestHostRuntimeProvider, Version=15.0.0.0, Culture=neutral, PublicKeyToken=b03f5f7f11d50a3a' file path 'C:\Program Files\dotnet\sdk\7.0.100\Extensions\Microsoft.TestPlatform.TestHostRuntimeProvider.dll'
TpTrace Verbose: 0 : 23708, 1, 2022/12/11, 21:47:37.016, 1168640825880, vstest.console.dll, MetadataReaderExtensionsHelper: Discovering extensions inside assembly 'Microsoft.VisualStudio.TestPlatform.Extensions.Html.TestLogger, Version=15.0.0.0, Culture=neutral, PublicKeyToken=b03f5f7f11d50a3a' file path 'C:\Program Files\dotnet\sdk\7.0.100\Extensions\Microsoft.VisualStudio.TestPlatform.Extensions.Html.TestLogger.dll'
TpTrace Information: 0 : 23708, 1, 2022/12/11, 21:47:37.017, 1168640838879, vstest.console.dll, GetTestExtensionFromType: Register extension with identifier data 'logger://Microsoft/TestPlatform/HtmlLogger/v1' and type 'Microsoft.VisualStudio.TestPlatform.Extensions.HtmlLogger.HtmlLogger, Microsoft.VisualStudio.TestPlatform.Extensions.Html.TestLogger, Version=15.0.0.0, Culture=neutral, PublicKeyToken=b03f5f7f11d50a3a' inside file 'C:\Program Files\dotnet\sdk\7.0.100\Extensions\Microsoft.VisualStudio.TestPlatform.Extensions.Html.TestLogger.dll'
TpTrace Verbose: 0 : 23708, 1, 2022/12/11, 21:47:37.017, 1168640840118, vstest.console.dll, MetadataReaderExtensionsHelper: Discovering extensions inside assembly 'Microsoft.VisualStudio.TestPlatform.Extensions.Trx.TestLogger, Version=15.0.0.0, Culture=neutral, PublicKeyToken=b03f5f7f11d50a3a' file path 'C:\Program Files\dotnet\sdk\7.0.100\Extensions\Microsoft.VisualStudio.TestPlatform.Extensions.Trx.TestLogger.dll'
TpTrace Information: 0 : 23708, 1, 2022/12/11, 21:47:37.018, 1168640851591, vstest.console.dll, GetTestExtensionFromType: Register extension with identifier data 'logger://Microsoft/TestPlatform/TrxLogger/v1' and type 'Microsoft.VisualStudio.TestPlatform.Extensions.TrxLogger.TrxLogger, Microsoft.VisualStudio.TestPlatform.Extensions.Trx.TestLogger, Version=15.0.0.0, Culture=neutral, PublicKeyToken=b03f5f7f11d50a3a' inside file 'C:\Program Files\dotnet\sdk\7.0.100\Extensions\Microsoft.VisualStudio.TestPlatform.Extensions.Trx.TestLogger.dll'
TpTrace Verbose: 0 : 23708, 1, 2022/12/11, 21:47:37.018, 1168640853255, vstest.console.dll, TestPluginCache: Discovered the extensions using extension path ''.
TpTrace Verbose: 0 : 23708, 1, 2022/12/11, 21:47:37.018, 1168640853725, vstest.console.dll, TestPluginCache: Discoverers are ''.
TpTrace Verbose: 0 : 23708, 1, 2022/12/11, 21:47:37.018, 1168640854021, vstest.console.dll, TestPluginCache: Executors are ''.
TpTrace Verbose: 0 : 23708, 1, 2022/12/11, 21:47:37.018, 1168640854297, vstest.console.dll, TestPluginCache: Executors2 are ''.
TpTrace Verbose: 0 : 23708, 1, 2022/12/11, 21:47:37.018, 1168640854566, vstest.console.dll, TestPluginCache: Setting providers are ''.
TpTrace Verbose: 0 : 23708, 1, 2022/12/11, 21:47:37.019, 1168640855357, vstest.console.dll, TestPluginCache: Loggers are 'logger://Microsoft/TestPlatform/Extensions/Blame/v1,logger://Microsoft/TestPlatform/HtmlLogger/v1,logger://Microsoft/TestPlatform/TrxLogger/v1'.
TpTrace Verbose: 0 : 23708, 1, 2022/12/11, 21:47:37.019, 1168640856003, vstest.console.dll, TestPluginCache: TestHosts are 'HostProvider://DefaultTestHost,HostProvider://DotnetTestHost'.
TpTrace Verbose: 0 : 23708, 1, 2022/12/11, 21:47:37.019, 1168640856384, vstest.console.dll, TestPluginCache: DataCollectors are ''.
TpTrace Information: 0 : 23708, 1, 2022/12/11, 21:47:37.020, 1168640866827, vstest.console.dll, TestPluginManager.CreateTestExtension: Attempting to load test extension: Microsoft.TestPlatform.Extensions.BlameDataCollector.BlameLogger
TpTrace Verbose: 0 : 23708, 1, 2022/12/11, 21:47:37.029, 1168640959407, vstest.console.dll, TestEngine: Initializing Parallel Execution as MaxCpuCount is set to: 1
TpTrace Information: 0 : 23708, 1, 2022/12/11, 21:47:37.031, 1168640979927, vstest.console.dll, TestPluginManager.CreateTestExtension: Attempting to load test extension: Microsoft.VisualStudio.TestPlatform.CrossPlatEngine.Hosting.DefaultTestHostManager
TpTrace Information: 0 : 23708, 1, 2022/12/11, 21:47:37.032, 1168640988480, vstest.console.dll, TestPluginManager.CreateTestExtension: Attempting to load test extension: Microsoft.VisualStudio.TestPlatform.CrossPlatEngine.Hosting.DotnetTestHostManager
TpTrace Information: 0 : 23708, 1, 2022/12/11, 21:47:37.033, 1168640996391, vstest.console.dll, InferRunSettingsHelper.IsTestSettingsEnabled: Unable to navigate to RunSettings/MSTest. Current node: RunSettings
TpTrace Verbose: 0 : 23708, 1, 2022/12/11, 21:47:37.038, 1168641046355, vstest.console.dll, TestEngine.GetExecutionManager: Chosen execution manager 'Microsoft.VisualStudio.TestPlatform.CrossPlatEngine.Client.Parallel.ParallelProxyExecutionManager, Microsoft.TestPlatform.CrossPlatEngine, Version=15.0.0.0, Culture=neutral, PublicKeyToken=b03f5f7f11d50a3a' ParallelLevel '1'.
TpTrace Verbose: 0 : 23708, 1, 2022/12/11, 21:47:37.038, 1168641048323, vstest.console.dll, TestRunRequest.ExecuteAsync: Creating test run request.
TpTrace Verbose: 0 : 23708, 1, 2022/12/11, 21:47:37.038, 1168641050786, vstest.console.dll, TestRunRequest.ExecuteAsync: Starting.
TpTrace Information: 0 : 23708, 1, 2022/12/11, 21:47:37.039, 1168641056642, vstest.console.dll, TestRunRequest.ExecuteAsync: Starting run with settings:TestRunCriteria:
   KeepAlive=False,FrequencyOfRunStatsChangeEvent=10,RunStatsChangeEventTimeout=00:00:01.5000000,TestCaseFilter=,TestExecutorLauncher=
   Settingsxml=<RunSettings>
  <RunConfiguration>
    <ResultsDirectory>D:\Documents\GitHub\VetAppointment_.NET\VetAppointment - APIs + Tests\VetAppointment - Working\VetAppointment.Integration.Test\bin\Debug\net7.0\fine-code-coverage\coverage-tool-output</ResultsDirectory>
    <TargetPlatform>X64</TargetPlatform>
    <TargetFrameworkVersion>.NETCoreApp,Version=v7.0</TargetFrameworkVersion>
    <DesignMode>False</DesignMode>
    <CollectSourceInformation>False</CollectSourceInformation>
  </RunConfiguration>
  <LoggerRunSettings>
    <Loggers>
      <Logger friendlyName="blame" enabled="True" />
      <Logger friendlyName="Console" uri="logger://microsoft/TestPlatform/ConsoleLogger/v1" assemblyQualifiedName="Microsoft.VisualStudio.TestPlatform.CommandLine.Internal.ConsoleLogger, vstest.console, Version=15.0.0.0, Culture=neutral, PublicKeyToken=b03f5f7f11d50a3a" codeBase="C:\Program Files\dotnet\sdk\7.0.100\vstest.console.dll" enabled="True" />
    </Loggers>
  </LoggerRunSettings>
  <DataCollectionRunSettings>
    <DataCollectors>
      <DataCollector friendlyName="blame" enabled="True">
        <Configuration>
          <ResultsDirectory>D:\Documents\GitHub\VetAppointment_.NET\VetAppointment - APIs + Tests\VetAppointment - Working\VetAppointment.Integration.Test\bin\Debug\net7.0\fine-code-coverage\coverage-tool-output</ResultsDirectory>
        </Configuration>
      </DataCollector>
    </DataCollectors>
  </DataCollectionRunSettings>
</RunSettings>

TpTrace Verbose: 0 : 23708, 1, 2022/12/11, 21:47:37.039, 1168641058011, vstest.console.dll, TestRunRequest.ExecuteAsync: Wait for the first run request is over.
TpTrace Verbose: 0 : 23708, 4, 2022/12/11, 21:47:37.039, 1168641064686, vstest.console.dll, MulticastDelegateUtilities.SafeInvoke: InternalTestLoggerEvents.SendTestRunStart: Invoking callback 1/1 for Microsoft.VisualStudio.TestPlatform.CommandLine.Internal.ConsoleLogger., took 0 ms.
TpTrace Verbose: 0 : 23708, 1, 2022/12/11, 21:47:37.040, 1168641066558, vstest.console.dll, MulticastDelegateUtilities.SafeInvoke: TestRun.TestRunStart: Invoking callbacks was skipped because there are no subscribers.
TpTrace Verbose: 0 : 23708, 1, 2022/12/11, 21:47:37.041, 1168641080706, vstest.console.dll, ParallelProxyExecutionManager: Start execution. Total sources: 1
TpTrace Verbose: 0 : 23708, 1, 2022/12/11, 21:47:37.044, 1168641107557, vstest.console.dll, TestRequestSender is acting as server.
TpTrace Verbose: 0 : 23708, 1, 2022/12/11, 21:47:37.045, 1168641123610, vstest.console.dll, DataCollectionRequestSender.InitializeCommunication : Initialize communication. 
TpTrace Information: 0 : 23708, 1, 2022/12/11, 21:47:37.050, 1168641173620, vstest.console.dll, Listening on Endpoint : 127.0.0.1:59113
TpTrace Verbose: 0 : 23708, 1, 2022/12/11, 21:47:37.058, 1168641251860, vstest.console.dll, DotnetDataCollectionLauncher: Adding  --runtimeconfig "C:\Program Files\dotnet\sdk\7.0.100\datacollector.runtimeconfig.json" in args
TpTrace Verbose: 0 : 23708, 1, 2022/12/11, 21:47:37.058, 1168641254349, vstest.console.dll, DotnetDataCollectionLauncher: Adding  --depsfile "C:\Program Files\dotnet\sdk\7.0.100\datacollector.deps.json" in args
TpTrace Verbose: 0 : 23708, 1, 2022/12/11, 21:47:37.059, 1168641257413, vstest.console.dll, DotnetDataCollectionLauncher: Full path of dotnet.exe is C:\Program Files\dotnet\dotnet.exe
TpTrace Information: 0 : 23708, 1, 2022/12/11, 21:47:37.076, 1168641428444, vstest.console.dll, ProxyDataCollectionManager.Initialize: Launched datacollector processId: 27240 port: 59113
TpTrace Information: 0 : 23708, 1, 2022/12/11, 21:47:37.076, 1168641429965, vstest.console.dll, ProxyDataCollectionManager.Initialize: waiting for connection with timeout: 90 seconds
TpTrace Verbose: 0 : 23708, 1, 2022/12/11, 21:47:37.076, 1168641430837, vstest.console.dll, DataCollectionRequestSender.WaitForRequestHandlerConnection : Waiting for connection with timeout: 90000
TpTrace Verbose: 0 : 23708, 1, 2022/12/11, 21:47:37.253, 1168643204614, vstest.console.dll, SocketCommunicationManager.WaitForClientConnection took: 177 ms, with 90000 ms timeout, and finished with True.
TpTrace Information: 0 : 23708, 7, 2022/12/11, 21:47:37.253, 1168643204710, vstest.console.dll, Using the buffer size of 16384 bytes
TpTrace Verbose: 0 : 23708, 1, 2022/12/11, 21:47:37.254, 1168643206276, vstest.console.dll, ProxyDataCollectionManager.InvokeDataCollectionServiceAction: Starting.
TpTrace Information: 0 : 23708, 1, 2022/12/11, 21:47:37.254, 1168643207905, vstest.console.dll, ProxyDataCollectionManager.BeforeTestRunStart: Get environment variable and port for datacollector processId: 27240 port: 59113
TpTrace Information: 0 : 23708, 7, 2022/12/11, 21:47:37.254, 1168643207045, vstest.console.dll, Accepted Client request and set the flag
TpTrace Verbose: 0 : 23708, 1, 2022/12/11, 21:47:37.254, 1168643209181, vstest.console.dll, DataCollectionRequestSender.SendBeforeTestRunStartAndGetResult: Send BeforeTestRunStart message with settingsXml <RunSettings><RunConfiguration><ResultsDirectory>D:\Documents\GitHub\VetAppointment_.NET\VetAppointment - APIs + Tests\VetAppointment - Working\VetAppointment.Integration.Test\bin\Debug\net7.0\fine-code-coverage\coverage-tool-output</ResultsDirectory><TargetPlatform>X64</TargetPlatform><TargetFrameworkVersion>.NETCoreApp,Version=v7.0</TargetFrameworkVersion><DesignMode>False</DesignMode><CollectSourceInformation>False</CollectSourceInformation><TestAdaptersPaths>C:\Program Files\dotnet\sdk\7.0.100\Extensions</TestAdaptersPaths></RunConfiguration><LoggerRunSettings><Loggers><Logger friendlyName="blame" enabled="True" /><Logger friendlyName="Console" uri="logger://microsoft/TestPlatform/ConsoleLogger/v1" assemblyQualifiedName="Microsoft.VisualStudio.TestPlatform.CommandLine.Internal.ConsoleLogger, vstest.console, Version=15.0.0.0, Culture=neutral, PublicKeyToken=b03f5f7f11d50a3a" codeBase="C:\Program Files\dotnet\sdk\7.0.100\vstest.console.dll" enabled="True" /></Loggers></LoggerRunSettings><DataCollectionRunSettings><DataCollectors><DataCollector friendlyName="blame" enabled="True"><Configuration><ResultsDirectory>D:\Documents\GitHub\VetAppointment_.NET\VetAppointment - APIs + Tests\VetAppointment - Working\VetAppointment.Integration.Test\bin\Debug\net7.0\fine-code-coverage\coverage-tool-output</ResultsDirectory></Configuration></DataCollector></DataCollectors></DataCollectionRunSettings></RunSettings> and sources System.Collections.Generic.List`1[System.String]: 
TpTrace Verbose: 0 : 23708, 1, 2022/12/11, 21:47:37.396, 1168644630182, vstest.console.dll, DataCollectionRequestSender.SendBeforeTestRunStartAndGetResult: Received message: (DataCollection.SendMessage) -> {"MessageType":"DataCollection.SendMessage","Payload":{"FriendlyName":null,"Uri":null,"TestCaseId":"00000000-0000-0000-0000-000000000000","Message":"Logging DataCollector Diagnostics in file: D:\\Documents\\GitHub\\VetAppointment_.NET\\VetAppointment - APIs + Tests\\VetAppointment - Working\\VetAppointment.Integration.Test\\bin\\Debug\\net7.0\\fine-code-coverage\\coverage-tool-output\\diagnostics.datacollector.22-12-11_21-47-37_05833_1.log","Level":0}}
TpTrace Verbose: 0 : 23708, 1, 2022/12/11, 21:47:37.500, 1168645670181, vstest.console.dll, DataCollectionRequestSender.SendBeforeTestRunStartAndGetResult: Received message: (DataCollection.BeforeTestRunStartResult) -> {"MessageType":"DataCollection.BeforeTestRunStartResult","Payload":{"EnvironmentVariables":{},"DataCollectionEventsPort":59115}}
TpTrace Information: 0 : 23708, 1, 2022/12/11, 21:47:37.505, 1168645722993, vstest.console.dll, ProxyDataCollectionManager.BeforeTestRunStart: SendBeforeTestRunStartAndGetResult successful, env variable from datacollector:   and testhost port: 59115
TpTrace Information: 0 : 23708, 1, 2022/12/11, 21:47:37.505, 1168645724095, vstest.console.dll, ProxyDataCollectionManager.InvokeDataCollectionServiceAction: Completed.
TpTrace Verbose: 0 : 23708, 7, 2022/12/11, 21:47:37.506, 1168645725449, vstest.console.dll, ParallelProxyExecutionManager: Execution started. Started clients: 1
TpTrace Verbose: 0 : 23708, 1, 2022/12/11, 21:47:37.506, 1168645725632, vstest.console.dll, ProxyParallelExecutionManager: No sources available for execution.
TpTrace Information: 0 : 23708, 1, 2022/12/11, 21:47:37.506, 1168645727423, vstest.console.dll, TestRunRequest.ExecuteAsync: Started.
TpTrace Verbose: 0 : 23708, 1, 2022/12/11, 21:47:37.506, 1168645728304, vstest.console.dll, TestRunRequest.WaitForCompletion: Waiting with timeout -1.
TpTrace Verbose: 0 : 23708, 7, 2022/12/11, 21:47:37.506, 1168645728762, vstest.console.dll, TestRunRequest:SendTestRunMessage: Starting.
TpTrace Verbose: 0 : 23708, 7, 2022/12/11, 21:47:37.506, 1168645730282, vstest.console.dll, MulticastDelegateUtilities.SafeInvoke: TestRun.LogMessages: Invoking callback 1/1 for Microsoft.VisualStudio.TestPlatform.CommandLine.TestRunResultAggregator., took 0 ms.
TpTrace Information: 0 : 23708, 7, 2022/12/11, 21:47:37.506, 1168645730718, vstest.console.dll, TestRunRequest:SendTestRunMessage: Completed.
TpTrace Verbose: 0 : 23708, 4, 2022/12/11, 21:47:37.506, 1168645732069, vstest.console.dll, MulticastDelegateUtilities.SafeInvoke: InternalTestLoggerEvents.SendTestRunMessage: Invoking callback 1/1 for Microsoft.VisualStudio.TestPlatform.CommandLine.Internal.ConsoleLogger., took 0 ms.
TpTrace Verbose: 0 : 23708, 7, 2022/12/11, 21:47:37.506, 1168645732347, vstest.console.dll, ProxyExecutionManager: Test host is always Lazy initialize.
TpTrace Verbose: 0 : 23708, 7, 2022/12/11, 21:47:37.507, 1168645735806, vstest.console.dll, TestRequestSender.InitializeCommunication: initialize communication. 
TpTrace Information: 0 : 23708, 7, 2022/12/11, 21:47:37.507, 1168645741061, vstest.console.dll, SocketServer.Start: Listening on endpoint : 127.0.0.1:59116
TpTrace Verbose: 0 : 23708, 7, 2022/12/11, 21:47:37.508, 1168645750165, vstest.console.dll, DotnetTestHostmanager.GetTestHostProcessStartInfo: Platform environment 'X64' target architecture 'X64' framework '.NETCoreApp,Version=v7.0' OS 'Windows'
TpTrace Verbose: 0 : 23708, 7, 2022/12/11, 21:47:37.508, 1168645752063, vstest.console.dll, DotnetTestHostmanager: Adding  --runtimeconfig "D:\Documents\GitHub\VetAppointment_.NET\VetAppointment - APIs + Tests\VetAppointment - Working\VetAppointment.Integration.Test\bin\Debug\net7.0\fine-code-coverage\build-output\VetAppointment.Integration.Test.runtimeconfig.json" in args
TpTrace Verbose: 0 : 23708, 7, 2022/12/11, 21:47:37.508, 1168645752706, vstest.console.dll, DotnetTestHostmanager: Adding  --depsfile "D:\Documents\GitHub\VetAppointment_.NET\VetAppointment - APIs + Tests\VetAppointment - Working\VetAppointment.Integration.Test\bin\Debug\net7.0\fine-code-coverage\build-output\VetAppointment.Integration.Test.deps.json" in args
TpTrace Verbose: 0 : 23708, 7, 2022/12/11, 21:47:37.508, 1168645754233, vstest.console.dll, DotnetTestHostmanager.IsWinOnArm: Current PROCESSOR_ARCHITECTURE from environment variable 'AMD64'
TpTrace Verbose: 0 : 23708, 7, 2022/12/11, 21:47:37.508, 1168645754851, vstest.console.dll, DotnetTestHostmanager.IsWinOnArm: Is Windows on ARM 'False'
TpTrace Verbose: 0 : 23708, 7, 2022/12/11, 21:47:37.509, 1168645755380, vstest.console.dll, DotnetTestHostManager: testhost.exe found at path: D:\Documents\GitHub\VetAppointment_.NET\VetAppointment - APIs + Tests\VetAppointment - Working\VetAppointment.Integration.Test\bin\Debug\net7.0\fine-code-coverage\build-output\testhost.exe
TpTrace Verbose: 0 : 23708, 7, 2022/12/11, 21:47:37.509, 1168645755801, vstest.console.dll, DotnetTestHostmanager: Full path of host exe is D:\Documents\GitHub\VetAppointment_.NET\VetAppointment - APIs + Tests\VetAppointment - Working\VetAppointment.Integration.Test\bin\Debug\net7.0\fine-code-coverage\build-output\testhost.exe
TpTrace Verbose: 0 : 23708, 7, 2022/12/11, 21:47:37.509, 1168645756949, vstest.console.dll, DotnetTestHostmanager.LaunchTestHostAsync: Found 'VSTEST_WINAPPHOST_DOTNET_ROOT' in env variables, value 'C:\Program Files\dotnet', forwarding to 'DOTNET_ROOT'
TpTrace Verbose: 0 : 23708, 7, 2022/12/11, 21:47:37.509, 1168645758839, vstest.console.dll, DotnetTestHostManager: Starting process 'D:\Documents\GitHub\VetAppointment_.NET\VetAppointment - APIs + Tests\VetAppointment - Working\VetAppointment.Integration.Test\bin\Debug\net7.0\fine-code-coverage\build-output\testhost.exe' with command line ' --runtimeconfig "D:\Documents\GitHub\VetAppointment_.NET\VetAppointment - APIs + Tests\VetAppointment - Working\VetAppointment.Integration.Test\bin\Debug\net7.0\fine-code-coverage\build-output\VetAppointment.Integration.Test.runtimeconfig.json" --depsfile "D:\Documents\GitHub\VetAppointment_.NET\VetAppointment - APIs + Tests\VetAppointment - Working\VetAppointment.Integration.Test\bin\Debug\net7.0\fine-code-coverage\build-output\VetAppointment.Integration.Test.deps.json" --port 59116 --endpoint 127.0.0.1:059116 --role client --parentprocessid 23708 --diag "D:\Documents\GitHub\VetAppointment_.NET\VetAppointment - APIs + Tests\VetAppointment - Working\VetAppointment.Integration.Test\bin\Debug\net7.0\fine-code-coverage\coverage-tool-output\diagnostics.host.22-12-11_21-47-37_50806_7.log" --tracelevel 4 --datacollectionport 59115 --telemetryoptedin false'
TpTrace Verbose: 0 : 23708, 7, 2022/12/11, 21:47:37.517, 1168645842014, vstest.console.dll, MulticastDelegateUtilities.SafeInvoke: HostProviderEvents.OnHostLaunched: Invoking callback 1/2 for Microsoft.VisualStudio.TestPlatform.CrossPlatEngine.Client.ProxyExecutionManagerWithDataCollection., took 1 ms.
TpTrace Verbose: 0 : 23708, 7, 2022/12/11, 21:47:37.519, 1168645861776, vstest.console.dll, Test Runtime launched
TpTrace Verbose: 0 : 23708, 7, 2022/12/11, 21:47:37.519, 1168645863696, vstest.console.dll, MulticastDelegateUtilities.SafeInvoke: HostProviderEvents.OnHostLaunched: Invoking callback 2/2 for Microsoft.VisualStudio.TestPlatform.CrossPlatEngine.Client.ProxyOperationManager., took 0 ms.
TpTrace Verbose: 0 : 23708, 7, 2022/12/11, 21:47:37.520, 1168645865781, vstest.console.dll, TestRequestSender.WaitForRequestHandlerConnection: waiting for connection with timeout: 90000.
TpTrace Verbose: 0 : 23708, 7, 2022/12/11, 21:47:37.713, 1168647802462, vstest.console.dll, TestRequestSender.WaitForRequestHandlerConnection: waiting took 193 ms, with timeout 90000 ms, and result 0, which is success.
TpTrace Verbose: 0 : 23708, 10, 2022/12/11, 21:47:37.713, 1168647802463, vstest.console.dll, MulticastDelegateUtilities.SafeInvoke: SocketServer: ClientConnected: Invoking callback 1/1 for Microsoft.VisualStudio.TestPlatform.CommunicationUtilities.TestRequestSender., took 0 ms.
TpTrace Verbose: 0 : 23708, 10, 2022/12/11, 21:47:37.713, 1168647804199, vstest.console.dll, SocketServer.OnClientConnected: Client connected for endPoint: 127.0.0.1:59116, starting MessageLoopAsync:
TpTrace Verbose: 0 : 23708, 10, 2022/12/11, 21:47:37.714, 1168647808247, vstest.console.dll, TcpClientExtensions.MessageLoopAsync: Polling on remoteEndPoint: 127.0.0.1:59117 localEndPoint: 127.0.0.1:59116
TpTrace Verbose: 0 : 23708, 7, 2022/12/11, 21:47:37.714, 1168647811648, vstest.console.dll, TestRequestSender.CheckVersionWithTestHost: Sending check version message: {"MessageType":"ProtocolVersion","Payload":7}
TpTrace Verbose: 0 : 23708, 10, 2022/12/11, 21:47:37.851, 1168649176705, vstest.console.dll, TcpClientExtensions.MessageLoopAsync: NotifyDataAvailable remoteEndPoint: 127.0.0.1:59117 localEndPoint: 127.0.0.1:59116
TpTrace Verbose: 0 : 23708, 10, 2022/12/11, 21:47:37.851, 1168649179658, vstest.console.dll, TestRequestSender.CheckVersionWithTestHost: onMessageReceived received message: (ProtocolVersion) -> {"MessageType":"ProtocolVersion","Payload":7}
TpTrace Verbose: 0 : 23708, 10, 2022/12/11, 21:47:37.852, 1168649186007, vstest.console.dll, MulticastDelegateUtilities.SafeInvoke: LengthPrefixCommunicationChannel: MessageReceived: Invoking callback 1/1 for Microsoft.VisualStudio.TestPlatform.CommunicationUtilities.TestRequestSender+<>c__DisplayClass26_0., took 0 ms.
TpTrace Verbose: 0 : 23708, 7, 2022/12/11, 21:47:37.852, 1168649186805, vstest.console.dll, TestPluginCache.GetExtensionPaths: Filtered extension paths: 
TpTrace Verbose: 0 : 23708, 10, 2022/12/11, 21:47:37.852, 1168649186958, vstest.console.dll, TcpClientExtensions.MessageLoopAsync: Polling on remoteEndPoint: 127.0.0.1:59117 localEndPoint: 127.0.0.1:59116
TpTrace Verbose: 0 : 23708, 7, 2022/12/11, 21:47:37.852, 1168649187687, vstest.console.dll, TestPluginCache.GetExtensionPaths: Added default extension paths: C:\Program Files\dotnet\sdk\7.0.100\Extensions\Microsoft.Diagnostics.NETCore.Client.dll
C:\Program Files\dotnet\sdk\7.0.100\Extensions\Microsoft.TestPlatform.Extensions.BlameDataCollector.dll
C:\Program Files\dotnet\sdk\7.0.100\Extensions\Microsoft.TestPlatform.Extensions.EventLogCollector.dll
C:\Program Files\dotnet\sdk\7.0.100\Extensions\Microsoft.TestPlatform.TestHostRuntimeProvider.dll
C:\Program Files\dotnet\sdk\7.0.100\Extensions\Microsoft.VisualStudio.TestPlatform.Extensions.Html.TestLogger.dll
C:\Program Files\dotnet\sdk\7.0.100\Extensions\Microsoft.VisualStudio.TestPlatform.Extensions.Trx.TestLogger.dll
TpTrace Verbose: 0 : 23708, 7, 2022/12/11, 21:47:37.852, 1168649188913, vstest.console.dll, TestPluginCache.GetExtensionPaths: Added unfilterableExtensionPaths: 
TpTrace Verbose: 0 : 23708, 7, 2022/12/11, 21:47:37.855, 1168649221001, vstest.console.dll, TestRequestSender.InitializeExecution: Sending initialize execution with message: {"Version":7,"MessageType":"TestExecution.Initialize","Payload":["D:\\Documents\\GitHub\\VetAppointment_.NET\\VetAppointment - APIs + Tests\\VetAppointment - Working\\VetAppointment.Integration.Test\\bin\\Debug\\net7.0\\fine-code-coverage\\build-output\\xunit.runner.visualstudio.dotnetcore.testadapter.dll"]}
TpTrace Warning: 0 : 23708, 7, 2022/12/11, 21:47:37.856, 1168649226077, vstest.console.dll, InferRunSettingsHelper.MakeRunsettingsCompatible: Removing the following settings: TargetPlatform from RunSettings file. To use those settings please move to latest version of Microsoft.NET.Test.Sdk
TpTrace Verbose: 0 : 23708, 10, 2022/12/11, 21:47:37.859, 1168649257266, vstest.console.dll, TcpClientExtensions.MessageLoopAsync: NotifyDataAvailable remoteEndPoint: 127.0.0.1:59117 localEndPoint: 127.0.0.1:59116
TpTrace Verbose: 0 : 23708, 10, 2022/12/11, 21:47:37.859, 1168649261406, vstest.console.dll, TestRequestSender.OnExecutionMessageReceived: Received message: {"Version":7,"MessageType":"TestSession.Message","Payload":{"MessageLevel":0,"Message":"Logging TestHost Diagnostics in file: D:\\Documents\\GitHub\\VetAppointment_.NET\\VetAppointment - APIs + Tests\\VetAppointment - Working\\VetAppointment.Integration.Test\\bin\\Debug\\net7.0\\fine-code-coverage\\coverage-tool-output\\diagnostics.host.22-12-11_21-47-37_50806_7.log"}}
TpTrace Verbose: 0 : 23708, 10, 2022/12/11, 21:47:37.862, 1168649288857, vstest.console.dll, TestRunRequest:SendTestRunMessage: Starting.
TpTrace Verbose: 0 : 23708, 10, 2022/12/11, 21:47:37.862, 1168649290798, vstest.console.dll, MulticastDelegateUtilities.SafeInvoke: TestRun.LogMessages: Invoking callback 1/1 for Microsoft.VisualStudio.TestPlatform.CommandLine.TestRunResultAggregator., took 0 ms.
TpTrace Verbose: 0 : 23708, 4, 2022/12/11, 21:47:37.862, 1168649291071, vstest.console.dll, MulticastDelegateUtilities.SafeInvoke: InternalTestLoggerEvents.SendTestRunMessage: Invoking callback 1/1 for Microsoft.VisualStudio.TestPlatform.CommandLine.Internal.ConsoleLogger., took 0 ms.
TpTrace Information: 0 : 23708, 10, 2022/12/11, 21:47:37.862, 1168649292175, vstest.console.dll, TestRunRequest:SendTestRunMessage: Completed.
TpTrace Verbose: 0 : 23708, 10, 2022/12/11, 21:47:37.862, 1168649294384, vstest.console.dll, MulticastDelegateUtilities.SafeInvoke: LengthPrefixCommunicationChannel: MessageReceived: Invoking callback 1/1 for Microsoft.VisualStudio.TestPlatform.CommunicationUtilities.TestRequestSender+<>c__DisplayClass31_0., took 3 ms.
TpTrace Verbose: 0 : 23708, 10, 2022/12/11, 21:47:37.862, 1168649294936, vstest.console.dll, TcpClientExtensions.MessageLoopAsync: Polling on remoteEndPoint: 127.0.0.1:59117 localEndPoint: 127.0.0.1:59116
TpTrace Verbose: 0 : 23708, 7, 2022/12/11, 21:47:37.865, 1168649319787, vstest.console.dll, TestRequestSender.StartTestRun: Sending test run with message: {"Version":7,"MessageType":"TestExecution.StartWithSources","Payload":{"AdapterSourceMap":{"_none_":["D:\\Documents\\GitHub\\VetAppointment_.NET\\VetAppointment - APIs + Tests\\VetAppointment - Working\\VetAppointment.Integration.Test\\bin\\Debug\\net7.0\\fine-code-coverage\\build-output\\VetAppointment.Integration.Test.dll"]},"RunSettings":"<RunSettings>\r\n  <RunConfiguration>\r\n    <ResultsDirectory>D:\\Documents\\GitHub\\VetAppointment_.NET\\VetAppointment - APIs + Tests\\VetAppointment - Working\\VetAppointment.Integration.Test\\bin\\Debug\\net7.0\\fine-code-coverage\\coverage-tool-output</ResultsDirectory>\r\n    <TargetFrameworkVersion>.NETCoreApp,Version=v7.0</TargetFrameworkVersion>\r\n    <DesignMode>False</DesignMode>\r\n    <CollectSourceInformation>False</CollectSourceInformation>\r\n  </RunConfiguration>\r\n  <LoggerRunSettings>\r\n    <Loggers>\r\n      <Logger friendlyName=\"blame\" enabled=\"True\" />\r\n      <Logger friendlyName=\"Console\" uri=\"logger://microsoft/TestPlatform/ConsoleLogger/v1\" assemblyQualifiedName=\"Microsoft.VisualStudio.TestPlatform.CommandLine.Internal.ConsoleLogger, vstest.console, Version=15.0.0.0, Culture=neutral, PublicKeyToken=b03f5f7f11d50a3a\" codeBase=\"C:\\Program Files\\dotnet\\sdk\\7.0.100\\vstest.console.dll\" enabled=\"True\" />\r\n    </Loggers>\r\n  </LoggerRunSettings>\r\n  <DataCollectionRunSettings>\r\n    <DataCollectors>\r\n      <DataCollector friendlyName=\"blame\" enabled=\"True\">\r\n        <Configuration>\r\n          <ResultsDirectory>D:\\Documents\\GitHub\\VetAppointment_.NET\\VetAppointment - APIs + Tests\\VetAppointment - Working\\VetAppointment.Integration.Test\\bin\\Debug\\net7.0\\fine-code-coverage\\coverage-tool-output</ResultsDirectory>\r\n        </Configuration>\r\n      </DataCollector>\r\n    </DataCollectors>\r\n  </DataCollectionRunSettings>\r\n</RunSettings>","TestExecutionContext":{"FrequencyOfRunStatsChangeEvent":10,"RunStatsChangeEventTimeout":"00:00:01.5000000","InIsolation":false,"KeepAlive":false,"AreTestCaseLevelEventsRequired":false,"IsDebug":false,"TestCaseFilter":null,"FilterOptions":null},"Package":null}}
TpTrace Verbose: 0 : 23708, 10, 2022/12/11, 21:47:38.026, 1168650926291, vstest.console.dll, TcpClientExtensions.MessageLoopAsync: NotifyDataAvailable remoteEndPoint: 127.0.0.1:59117 localEndPoint: 127.0.0.1:59116
TpTrace Verbose: 0 : 23708, 10, 2022/12/11, 21:47:38.026, 1168650927875, vstest.console.dll, TestRequestSender.OnExecutionMessageReceived: Received message: {"Version":7,"MessageType":"TestSession.Message","Payload":{"MessageLevel":0,"Message":"[xUnit.net 00:00:00.00] xUnit.net VSTest Adapter v2.4.5+1caef2f33e (64-bit .NET 7.0.0)"}}
TpTrace Verbose: 0 : 23708, 10, 2022/12/11, 21:47:38.026, 1168650930496, vstest.console.dll, TestRunRequest:SendTestRunMessage: Starting.
TpTrace Verbose: 0 : 23708, 10, 2022/12/11, 21:47:38.026, 1168650931326, vstest.console.dll, MulticastDelegateUtilities.SafeInvoke: TestRun.LogMessages: Invoking callback 1/1 for Microsoft.VisualStudio.TestPlatform.CommandLine.TestRunResultAggregator., took 0 ms.
TpTrace Verbose: 0 : 23708, 4, 2022/12/11, 21:47:38.026, 1168650931640, vstest.console.dll, MulticastDelegateUtilities.SafeInvoke: InternalTestLoggerEvents.SendTestRunMessage: Invoking callback 1/1 for Microsoft.VisualStudio.TestPlatform.CommandLine.Internal.ConsoleLogger., took 0 ms.
TpTrace Information: 0 : 23708, 10, 2022/12/11, 21:47:38.026, 1168650931823, vstest.console.dll, TestRunRequest:SendTestRunMessage: Completed.
TpTrace Verbose: 0 : 23708, 10, 2022/12/11, 21:47:38.026, 1168650932925, vstest.console.dll, MulticastDelegateUtilities.SafeInvoke: LengthPrefixCommunicationChannel: MessageReceived: Invoking callback 1/1 for Microsoft.VisualStudio.TestPlatform.CommunicationUtilities.TestRequestSender+<>c__DisplayClass31_0., took 0 ms.
TpTrace Verbose: 0 : 23708, 10, 2022/12/11, 21:47:38.026, 1168650933334, vstest.console.dll, TcpClientExtensions.MessageLoopAsync: Polling on remoteEndPoint: 127.0.0.1:59117 localEndPoint: 127.0.0.1:59116
TpTrace Verbose: 0 : 23708, 10, 2022/12/11, 21:47:39.037, 1168661042863, vstest.console.dll, TcpClientExtensions.MessageLoopAsync: Polling on remoteEndPoint: 127.0.0.1:59117 localEndPoint: 127.0.0.1:59116
TpTrace Verbose: 0 : 23708, 10, 2022/12/11, 21:47:39.046, 1168661130974, vstest.console.dll, TcpClientExtensions.MessageLoopAsync: NotifyDataAvailable remoteEndPoint: 127.0.0.1:59117 localEndPoint: 127.0.0.1:59116
TpTrace Verbose: 0 : 23708, 10, 2022/12/11, 21:47:39.046, 1168661132516, vstest.console.dll, TestRequestSender.OnExecutionMessageReceived: Received message: {"Version":7,"MessageType":"TestSession.Message","Payload":{"MessageLevel":0,"Message":"[xUnit.net 00:00:01.02]   Discovering: VetAppointment.Integration.Test"}}
TpTrace Verbose: 0 : 23708, 10, 2022/12/11, 21:47:39.046, 1168661133921, vstest.console.dll, TestRunRequest:SendTestRunMessage: Starting.
TpTrace Verbose: 0 : 23708, 10, 2022/12/11, 21:47:39.046, 1168661134736, vstest.console.dll, MulticastDelegateUtilities.SafeInvoke: TestRun.LogMessages: Invoking callback 1/1 for Microsoft.VisualStudio.TestPlatform.CommandLine.TestRunResultAggregator., took 0 ms.
TpTrace Information: 0 : 23708, 10, 2022/12/11, 21:47:39.046, 1168661135095, vstest.console.dll, TestRunRequest:SendTestRunMessage: Completed.
TpTrace Verbose: 0 : 23708, 4, 2022/12/11, 21:47:39.046, 1168661135035, vstest.console.dll, MulticastDelegateUtilities.SafeInvoke: InternalTestLoggerEvents.SendTestRunMessage: Invoking callback 1/1 for Microsoft.VisualStudio.TestPlatform.CommandLine.Internal.ConsoleLogger., took 0 ms.
TpTrace Verbose: 0 : 23708, 10, 2022/12/11, 21:47:39.047, 1168661135480, vstest.console.dll, MulticastDelegateUtilities.SafeInvoke: LengthPrefixCommunicationChannel: MessageReceived: Invoking callback 1/1 for Microsoft.VisualStudio.TestPlatform.CommunicationUtilities.TestRequestSender+<>c__DisplayClass31_0., took 0 ms.
TpTrace Verbose: 0 : 23708, 10, 2022/12/11, 21:47:39.047, 1168661136489, vstest.console.dll, TcpClientExtensions.MessageLoopAsync: Polling on remoteEndPoint: 127.0.0.1:59117 localEndPoint: 127.0.0.1:59116
TpTrace Verbose: 0 : 23708, 10, 2022/12/11, 21:47:39.083, 1168661501036, vstest.console.dll, TcpClientExtensions.MessageLoopAsync: NotifyDataAvailable remoteEndPoint: 127.0.0.1:59117 localEndPoint: 127.0.0.1:59116
TpTrace Verbose: 0 : 23708, 10, 2022/12/11, 21:47:39.083, 1168661502414, vstest.console.dll, TestRequestSender.OnExecutionMessageReceived: Received message: {"Version":7,"MessageType":"TestSession.Message","Payload":{"MessageLevel":0,"Message":"[xUnit.net 00:00:01.06]   Discovered:  VetAppointment.Integration.Test"}}
TpTrace Verbose: 0 : 23708, 10, 2022/12/11, 21:47:39.083, 1168661503549, vstest.console.dll, TestRunRequest:SendTestRunMessage: Starting.
TpTrace Verbose: 0 : 23708, 10, 2022/12/11, 21:47:39.083, 1168661504169, vstest.console.dll, MulticastDelegateUtilities.SafeInvoke: TestRun.LogMessages: Invoking callback 1/1 for Microsoft.VisualStudio.TestPlatform.CommandLine.TestRunResultAggregator., took 0 ms.
TpTrace Information: 0 : 23708, 10, 2022/12/11, 21:47:39.083, 1168661504507, vstest.console.dll, TestRunRequest:SendTestRunMessage: Completed.
TpTrace Verbose: 0 : 23708, 4, 2022/12/11, 21:47:39.083, 1168661504478, vstest.console.dll, MulticastDelegateUtilities.SafeInvoke: InternalTestLoggerEvents.SendTestRunMessage: Invoking callback 1/1 for Microsoft.VisualStudio.TestPlatform.CommandLine.Internal.ConsoleLogger., took 0 ms.
TpTrace Verbose: 0 : 23708, 10, 2022/12/11, 21:47:39.083, 1168661504888, vstest.console.dll, MulticastDelegateUtilities.SafeInvoke: LengthPrefixCommunicationChannel: MessageReceived: Invoking callback 1/1 for Microsoft.VisualStudio.TestPlatform.CommunicationUtilities.TestRequestSender+<>c__DisplayClass31_0., took 0 ms.
TpTrace Verbose: 0 : 23708, 10, 2022/12/11, 21:47:39.084, 1168661506031, vstest.console.dll, TcpClientExtensions.MessageLoopAsync: Polling on remoteEndPoint: 127.0.0.1:59117 localEndPoint: 127.0.0.1:59116
TpTrace Verbose: 0 : 23708, 10, 2022/12/11, 21:47:39.087, 1168661543641, vstest.console.dll, TcpClientExtensions.MessageLoopAsync: NotifyDataAvailable remoteEndPoint: 127.0.0.1:59117 localEndPoint: 127.0.0.1:59116
TpTrace Verbose: 0 : 23708, 10, 2022/12/11, 21:47:39.087, 1168661544975, vstest.console.dll, TestRequestSender.OnExecutionMessageReceived: Received message: {"Version":7,"MessageType":"TestSession.Message","Payload":{"MessageLevel":0,"Message":"[xUnit.net 00:00:01.06]   Starting:    VetAppointment.Integration.Test"}}
TpTrace Verbose: 0 : 23708, 10, 2022/12/11, 21:47:39.088, 1168661546089, vstest.console.dll, TestRunRequest:SendTestRunMessage: Starting.
TpTrace Verbose: 0 : 23708, 10, 2022/12/11, 21:47:39.088, 1168661546693, vstest.console.dll, MulticastDelegateUtilities.SafeInvoke: TestRun.LogMessages: Invoking callback 1/1 for Microsoft.VisualStudio.TestPlatform.CommandLine.TestRunResultAggregator., took 0 ms.
TpTrace Information: 0 : 23708, 10, 2022/12/11, 21:47:39.088, 1168661547029, vstest.console.dll, TestRunRequest:SendTestRunMessage: Completed.
TpTrace Verbose: 0 : 23708, 4, 2022/12/11, 21:47:39.088, 1168661547032, vstest.console.dll, MulticastDelegateUtilities.SafeInvoke: InternalTestLoggerEvents.SendTestRunMessage: Invoking callback 1/1 for Microsoft.VisualStudio.TestPlatform.CommandLine.Internal.ConsoleLogger., took 0 ms.
TpTrace Verbose: 0 : 23708, 10, 2022/12/11, 21:47:39.088, 1168661547381, vstest.console.dll, MulticastDelegateUtilities.SafeInvoke: LengthPrefixCommunicationChannel: MessageReceived: Invoking callback 1/1 for Microsoft.VisualStudio.TestPlatform.CommunicationUtilities.TestRequestSender+<>c__DisplayClass31_0., took 0 ms.
TpTrace Verbose: 0 : 23708, 10, 2022/12/11, 21:47:39.088, 1168661548599, vstest.console.dll, TcpClientExtensions.MessageLoopAsync: Polling on remoteEndPoint: 127.0.0.1:59117 localEndPoint: 127.0.0.1:59116
TpTrace Verbose: 0 : 23708, 10, 2022/12/11, 21:47:39.528, 1168665948797, vstest.console.dll, TcpClientExtensions.MessageLoopAsync: NotifyDataAvailable remoteEndPoint: 127.0.0.1:59117 localEndPoint: 127.0.0.1:59116
TpTrace Verbose: 0 : 23708, 10, 2022/12/11, 21:47:39.528, 1168665950659, vstest.console.dll, TestRequestSender.OnExecutionMessageReceived: Received message: {"Version":7,"MessageType":"TestExecution.StatsChange","Payload":{"NewTestResults":[],"TestRunStatistics":{"ExecutedTests":0,"Stats":{}},"ActiveTests":[{"Id":"39c9ebeb-2442-1f67-3a45-dc3a4afe11b9","FullyQualifiedName":"VetAppointment.Integration.Test.DrugTests.When_CreateDrugWithValidData_Then_ShouldAddToDataBase","DisplayName":"VetAppointment.Integration.Test.DrugTests.When_CreateDrugWithValidData_Then_ShouldAddToDataBase","ExecutorUri":"executor://xunit/VsTestRunner2/netcoreapp","Source":"D:\\Documents\\GitHub\\VetAppointment_.NET\\VetAppointment - APIs + Tests\\VetAppointment - Working\\VetAppointment.Integration.Test\\bin\\Debug\\net7.0\\fine-code-coverage\\build-output\\VetAppointment.Integration.Test.dll","CodeFilePath":null,"LineNumber":0,"Properties":[]},{"Id":"08b8d152-1022-9ce2-a2d9-8ed2bb51d612","FullyQualifiedName":"VetAppointment.Integration.Tests.PetOwnersControllerTests.When_RegisterEmptyListOfPetsToOwner_Then_ShouldReturnBadRequestAsync","DisplayName":"VetAppointment.Integration.Tests.PetOwnersControllerTests.When_RegisterEmptyListOfPetsToOwner_Then_ShouldReturnBadRequestAsync","ExecutorUri":"executor://xunit/VsTestRunner2/netcoreapp","Source":"D:\\Documents\\GitHub\\VetAppointment_.NET\\VetAppointment - APIs + Tests\\VetAppointment - Working\\VetAppointment.Integration.Test\\bin\\Debug\\net7.0\\fine-code-coverage\\build-output\\VetAppointment.Integration.Test.dll","CodeFilePath":null,"LineNumber":0,"Properties":[]},{"Id":"92bf079c-ff73-a737-c847-c45225f254e3","FullyQualifiedName":"VetAppointment.Integration.Tests.VetClinicsControllerTests.When_RegisterVetToClinic_Then_ShouldSaveVetInClinicAsync","DisplayName":"VetAppointment.Integration.Tests.VetClinicsControllerTests.When_RegisterVetToClinic_Then_ShouldSaveVetInClinicAsync","ExecutorUri":"executor://xunit/VsTestRunner2/netcoreapp","Source":"D:\\Documents\\GitHub\\VetAppointment_.NET\\VetAppointment - APIs + Tests\\VetAppointment - Working\\VetAppointment.Integration.Test\\bin\\Debug\\net7.0\\fine-code-coverage\\build-output\\VetAppointment.Integration.Test.dll","CodeFilePath":null,"LineNumber":0,"Properties":[]}]}}
TpTrace Verbose: 0 : 23708, 10, 2022/12/11, 21:47:39.544, 1168666110058, vstest.console.dll, TestRunRequest:SendTestRunStatsChange: Starting.
TpTrace Verbose: 0 : 23708, 10, 2022/12/11, 21:47:39.544, 1168666112133, vstest.console.dll, InProgress is VetAppointment.Integration.Test.DrugTests.When_CreateDrugWithValidData_Then_ShouldAddToDataBase
TpTrace Verbose: 0 : 23708, 10, 2022/12/11, 21:47:39.544, 1168666112604, vstest.console.dll, InProgress is VetAppointment.Integration.Tests.PetOwnersControllerTests.When_RegisterEmptyListOfPetsToOwner_Then_ShouldReturnBadRequestAsync
TpTrace Verbose: 0 : 23708, 10, 2022/12/11, 21:47:39.544, 1168666112871, vstest.console.dll, InProgress is VetAppointment.Integration.Tests.VetClinicsControllerTests.When_RegisterVetToClinic_Then_ShouldSaveVetInClinicAsync
TpTrace Verbose: 0 : 23708, 10, 2022/12/11, 21:47:39.544, 1168666114052, vstest.console.dll, MulticastDelegateUtilities.SafeInvoke: TestRun.RunStatsChanged: Invoking callbacks was skipped because there are no subscribers.
TpTrace Information: 0 : 23708, 10, 2022/12/11, 21:47:39.544, 1168666114421, vstest.console.dll, TestRunRequest:SendTestRunStatsChange: Completed.
TpTrace Verbose: 0 : 23708, 10, 2022/12/11, 21:47:39.544, 1168666114752, vstest.console.dll, MulticastDelegateUtilities.SafeInvoke: LengthPrefixCommunicationChannel: MessageReceived: Invoking callback 1/1 for Microsoft.VisualStudio.TestPlatform.CommunicationUtilities.TestRequestSender+<>c__DisplayClass31_0., took 16 ms.
TpTrace Verbose: 0 : 23708, 10, 2022/12/11, 21:47:39.544, 1168666115084, vstest.console.dll, TcpClientExtensions.MessageLoopAsync: Polling on remoteEndPoint: 127.0.0.1:59117 localEndPoint: 127.0.0.1:59116
TpTrace Verbose: 0 : 23708, 10, 2022/12/11, 21:47:40.550, 1168676170634, vstest.console.dll, TcpClientExtensions.MessageLoopAsync: Polling on remoteEndPoint: 127.0.0.1:59117 localEndPoint: 127.0.0.1:59116
TpTrace Verbose: 0 : 23708, 10, 2022/12/11, 21:47:41.496, 1168685633855, vstest.console.dll, TcpClientExtensions.MessageLoopAsync: NotifyDataAvailable remoteEndPoint: 127.0.0.1:59117 localEndPoint: 127.0.0.1:59116
TpTrace Verbose: 0 : 23708, 10, 2022/12/11, 21:47:41.497, 1168685635670, vstest.console.dll, TestRequestSender.OnExecutionMessageReceived: Received message: {"Version":7,"MessageType":"TestExecution.StatsChange","Payload":{"NewTestResults":[{"TestCase":{"Id":"39c9ebeb-2442-1f67-3a45-dc3a4afe11b9","FullyQualifiedName":"VetAppointment.Integration.Test.DrugTests.When_CreateDrugWithValidData_Then_ShouldAddToDataBase","DisplayName":"VetAppointment.Integration.Test.DrugTests.When_CreateDrugWithValidData_Then_ShouldAddToDataBase","ExecutorUri":"executor://xunit/VsTestRunner2/netcoreapp","Source":"D:\\Documents\\GitHub\\VetAppointment_.NET\\VetAppointment - APIs + Tests\\VetAppointment - Working\\VetAppointment.Integration.Test\\bin\\Debug\\net7.0\\fine-code-coverage\\build-output\\VetAppointment.Integration.Test.dll","CodeFilePath":null,"LineNumber":0,"Properties":[]},"Attachments":[],"Outcome":1,"ErrorMessage":null,"ErrorStackTrace":null,"DisplayName":"VetAppointment.Integration.Test.DrugTests.When_CreateDrugWithValidData_Then_ShouldAddToDataBase","Messages":[],"ComputerName":"IOLAPTOP","Duration":"00:00:02.2054592","StartTime":"2022-12-11T19:47:41.3670317+00:00","EndTime":"2022-12-11T19:47:41.3671766+00:00","Properties":[]},{"TestCase":{"Id":"08b8d152-1022-9ce2-a2d9-8ed2bb51d612","FullyQualifiedName":"VetAppointment.Integration.Tests.PetOwnersControllerTests.When_RegisterEmptyListOfPetsToOwner_Then_ShouldReturnBadRequestAsync","DisplayName":"VetAppointment.Integration.Tests.PetOwnersControllerTests.When_RegisterEmptyListOfPetsToOwner_Then_ShouldReturnBadRequestAsync","ExecutorUri":"executor://xunit/VsTestRunner2/netcoreapp","Source":"D:\\Documents\\GitHub\\VetAppointment_.NET\\VetAppointment - APIs + Tests\\VetAppointment - Working\\VetAppointment.Integration.Test\\bin\\Debug\\net7.0\\fine-code-coverage\\build-output\\VetAppointment.Integration.Test.dll","CodeFilePath":null,"LineNumber":0,"Properties":[]},"Attachments":[],"Outcome":1,"ErrorMessage":null,"ErrorStackTrace":null,"DisplayName":"VetAppointment.Integration.Tests.PetOwnersControllerTests.When_RegisterEmptyListOfPetsToOwner_Then_ShouldReturnBadRequestAsync","Messages":[],"ComputerName":"IOLAPTOP","Duration":"00:00:02.3286101","StartTime":"2022-12-11T19:47:41.4835521+00:00","EndTime":"2022-12-11T19:47:41.4835525+00:00","Properties":[]}],"TestRunStatistics":{"ExecutedTests":2,"Stats":{"Passed":2}},"ActiveTests":[{"Id":"f0410b2c-8ec7-b902-41a5-83b6e82e3ea4","FullyQualifiedName":"VetAppointment.Integration.Tests.PetOwnersControllerTests.When_RegisterPetsToOwner_Then_ShouldSavePetsToOwnerAsync","DisplayName":"VetAppointment.Integration.Tests.PetOwnersControllerTests.When_RegisterPetsToOwner_Then_ShouldSavePetsToOwnerAsync","ExecutorUri":"executor://xunit/VsTestRunner2/netcoreapp","Source":"D:\\Documents\\GitHub\\VetAppointment_.NET\\VetAppointment - APIs + Tests\\VetAppointment - Working\\VetAppointment.Integration.Test\\bin\\Debug\\net7.0\\fine-code-coverage\\build-output\\VetAppointment.Integration.Test.dll","CodeFilePath":null,"LineNumber":0,"Properties":[]}]}}
TpTrace Verbose: 0 : 23708, 10, 2022/12/11, 21:47:41.504, 1168685711204, vstest.console.dll, TestRunRequest:SendTestRunStatsChange: Starting.
TpTrace Verbose: 0 : 23708, 10, 2022/12/11, 21:47:41.504, 1168685712088, vstest.console.dll, InProgress is VetAppointment.Integration.Tests.PetOwnersControllerTests.When_RegisterPetsToOwner_Then_ShouldSavePetsToOwnerAsync
TpTrace Verbose: 0 : 23708, 10, 2022/12/11, 21:47:41.504, 1168685714699, vstest.console.dll, MulticastDelegateUtilities.SafeInvoke: TestRun.RunStatsChanged: Invoking callbacks was skipped because there are no subscribers.
TpTrace Information: 0 : 23708, 10, 2022/12/11, 21:47:41.504, 1168685715155, vstest.console.dll, TestRunRequest:SendTestRunStatsChange: Completed.
TpTrace Verbose: 0 : 23708, 10, 2022/12/11, 21:47:41.505, 1168685715493, vstest.console.dll, MulticastDelegateUtilities.SafeInvoke: LengthPrefixCommunicationChannel: MessageReceived: Invoking callback 1/1 for Microsoft.VisualStudio.TestPlatform.CommunicationUtilities.TestRequestSender+<>c__DisplayClass31_0., took 8 ms.
TpTrace Verbose: 0 : 23708, 10, 2022/12/11, 21:47:41.505, 1168685715839, vstest.console.dll, TcpClientExtensions.MessageLoopAsync: Polling on remoteEndPoint: 127.0.0.1:59117 localEndPoint: 127.0.0.1:59116
TpTrace Verbose: 0 : 23708, 4, 2022/12/11, 21:47:41.508, 1168685752081, vstest.console.dll, MulticastDelegateUtilities.SafeInvoke: InternalTestLoggerEvents.SendTestResult: Invoking callback 1/1 for Microsoft.VisualStudio.TestPlatform.CommandLine.Internal.ConsoleLogger., took 3 ms.
TpTrace Verbose: 0 : 23708, 4, 2022/12/11, 21:47:41.508, 1168685754758, vstest.console.dll, MulticastDelegateUtilities.SafeInvoke: InternalTestLoggerEvents.SendTestResult: Invoking callback 1/1 for Microsoft.VisualStudio.TestPlatform.CommandLine.Internal.ConsoleLogger., took 0 ms.
TpTrace Verbose: 0 : 23708, 10, 2022/12/11, 21:47:42.139, 1168692059014, vstest.console.dll, TcpClientExtensions.MessageLoopAsync: NotifyDataAvailable remoteEndPoint: 127.0.0.1:59117 localEndPoint: 127.0.0.1:59116
TpTrace Verbose: 0 : 23708, 10, 2022/12/11, 21:47:42.139, 1168692060360, vstest.console.dll, TestRequestSender.OnExecutionMessageReceived: Received message: {"Version":7,"MessageType":"TestSession.Message","Payload":{"MessageLevel":0,"Message":"[xUnit.net 00:00:04.11]   Finished:    VetAppointment.Integration.Test"}}
TpTrace Verbose: 0 : 23708, 10, 2022/12/11, 21:47:42.139, 1168692061382, vstest.console.dll, TestRunRequest:SendTestRunMessage: Starting.
TpTrace Verbose: 0 : 23708, 10, 2022/12/11, 21:47:42.139, 1168692061975, vstest.console.dll, MulticastDelegateUtilities.SafeInvoke: TestRun.LogMessages: Invoking callback 1/1 for Microsoft.VisualStudio.TestPlatform.CommandLine.TestRunResultAggregator., took 0 ms.
TpTrace Verbose: 0 : 23708, 4, 2022/12/11, 21:47:42.139, 1168692062230, vstest.console.dll, MulticastDelegateUtilities.SafeInvoke: InternalTestLoggerEvents.SendTestRunMessage: Invoking callback 1/1 for Microsoft.VisualStudio.TestPlatform.CommandLine.Internal.ConsoleLogger., took 0 ms.
TpTrace Information: 0 : 23708, 10, 2022/12/11, 21:47:42.139, 1168692062284, vstest.console.dll, TestRunRequest:SendTestRunMessage: Completed.
TpTrace Verbose: 0 : 23708, 10, 2022/12/11, 21:47:42.139, 1168692063263, vstest.console.dll, MulticastDelegateUtilities.SafeInvoke: LengthPrefixCommunicationChannel: MessageReceived: Invoking callback 1/1 for Microsoft.VisualStudio.TestPlatform.CommunicationUtilities.TestRequestSender+<>c__DisplayClass31_0., took 0 ms.
TpTrace Verbose: 0 : 23708, 10, 2022/12/11, 21:47:42.139, 1168692063576, vstest.console.dll, TcpClientExtensions.MessageLoopAsync: Polling on remoteEndPoint: 127.0.0.1:59117 localEndPoint: 127.0.0.1:59116
TpTrace Verbose: 0 : 23708, 10, 2022/12/11, 21:47:42.159, 1168692264583, vstest.console.dll, TcpClientExtensions.MessageLoopAsync: NotifyDataAvailable remoteEndPoint: 127.0.0.1:59117 localEndPoint: 127.0.0.1:59116
TpTrace Verbose: 0 : 23708, 10, 2022/12/11, 21:47:42.160, 1168692267003, vstest.console.dll, TestRequestSender.OnExecutionMessageReceived: Received message: {"Version":7,"MessageType":"TestExecution.Completed","Payload":{"TestRunCompleteArgs":{"TestRunStatistics":{"ExecutedTests":10,"Stats":{"Passed":10}},"IsCanceled":false,"IsAborted":false,"Error":null,"AttachmentSets":[],"InvokedDataCollectors":[],"ElapsedTimeInRunningTests":"00:00:04.1231952","Metrics":{},"DiscoveredExtensions":{"TestDiscoverers":["Xunit.Runner.VisualStudio.VsTestRunner, xunit.runner.visualstudio.dotnetcore.testadapter, Version=2.4.0.0, Culture=neutral, PublicKeyToken=8d05b1bb7a6fdb6c"],"TestExecutors":["executor://xunit/VsTestRunner2/netcoreapp"],"TestExecutors2":[],"TestSettingsProviders":[]}},"LastRunTests":{"NewTestResults":[{"TestCase":{"Id":"92bf079c-ff73-a737-c847-c45225f254e3","FullyQualifiedName":"VetAppointment.Integration.Tests.VetClinicsControllerTests.When_RegisterVetToClinic_Then_ShouldSaveVetInClinicAsync","DisplayName":"VetAppointment.Integration.Tests.VetClinicsControllerTests.When_RegisterVetToClinic_Then_ShouldSaveVetInClinicAsync","ExecutorUri":"executor://xunit/VsTestRunner2/netcoreapp","Source":"D:\\Documents\\GitHub\\VetAppointment_.NET\\VetAppointment - APIs + Tests\\VetAppointment - Working\\VetAppointment.Integration.Test\\bin\\Debug\\net7.0\\fine-code-coverage\\build-output\\VetAppointment.Integration.Test.dll","CodeFilePath":null,"LineNumber":0,"Properties":[]},"Attachments":[],"Outcome":1,"ErrorMessage":null,"ErrorStackTrace":null,"DisplayName":"VetAppointment.Integration.Tests.VetClinicsControllerTests.When_RegisterVetToClinic_Then_ShouldSaveVetInClinicAsync","Messages":[],"ComputerName":"IOLAPTOP","Duration":"00:00:02.3970156","StartTime":"2022-12-11T19:47:41.5517338+00:00","EndTime":"2022-12-11T19:47:41.5517339+00:00","Properties":[]},{"TestCase":{"Id":"e984eb38-11c6-5734-52aa-714b1640b380","FullyQualifiedName":"VetAppointment.Integration.Tests.VetClinicsControllerTests.When_CreateClinic_Then_ShouldReturnClinicInTheGetRequestAsync","DisplayName":"VetAppointment.Integration.Tests.VetClinicsControllerTests.When_CreateClinic_Then_ShouldReturnClinicInTheGetRequestAsync","ExecutorUri":"executor://xunit/VsTestRunner2/netcoreapp","Source":"D:\\Documents\\GitHub\\VetAppointment_.NET\\VetAppointment - APIs + Tests\\VetAppointment - Working\\VetAppointment.Integration.Test\\bin\\Debug\\net7.0\\fine-code-coverage\\build-output\\VetAppointment.Integration.Test.dll","CodeFilePath":null,"LineNumber":0,"Properties":[]},"Attachments":[],"Outcome":1,"ErrorMessage":null,"ErrorStackTrace":null,"DisplayName":"VetAppointment.Integration.Tests.VetClinicsControllerTests.When_CreateClinic_Then_ShouldReturnClinicInTheGetRequestAsync","Messages":[],"ComputerName":"IOLAPTOP","Duration":"00:00:00.0836721","StartTime":"2022-12-11T19:47:41.6354977+00:00","EndTime":"2022-12-11T19:47:41.6354979+00:00","Properties":[]},{"TestCase":{"Id":"f0410b2c-8ec7-b902-41a5-83b6e82e3ea4","FullyQualifiedName":"VetAppointment.Integration.Tests.PetOwnersControllerTests.When_RegisterPetsToOwner_Then_ShouldSavePetsToOwnerAsync","DisplayName":"VetAppointment.Integration.Tests.PetOwnersControllerTests.When_RegisterPetsToOwner_Then_ShouldSavePetsToOwnerAsync","ExecutorUri":"executor://xunit/VsTestRunner2/netcoreapp","Source":"D:\\Documents\\GitHub\\VetAppointment_.NET\\VetAppointment - APIs + Tests\\VetAppointment - Working\\VetAppointment.Integration.Test\\bin\\Debug\\net7.0\\fine-code-coverage\\build-output\\VetAppointment.Integration.Test.dll","CodeFilePath":null,"LineNumber":0,"Properties":[]},"Attachments":[],"Outcome":1,"ErrorMessage":null,"ErrorStackTrace":null,"DisplayName":"VetAppointment.Integration.Tests.PetOwnersControllerTests.When_RegisterPetsToOwner_Then_ShouldSavePetsToOwnerAsync","Messages":[],"ComputerName":"IOLAPTOP","Duration":"00:00:00.2427362","StartTime":"2022-12-11T19:47:41.7264696+00:00","EndTime":"2022-12-11T19:47:41.7264697+00:00","Properties":[]},{"TestCase":{"Id":"4bbe5bf7-b762-2436-f0d6-a13e409189da","FullyQualifiedName":"VetAppointment.Integration.Tests.VetClinicsControllerTests.When_UpdateVet_Then_ShouldUpdateVetInClinic","DisplayName":"VetAppointment.Integration.Tests.VetClinicsControllerTests.When_UpdateVet_Then_ShouldUpdateVetInClinic","ExecutorUri":"executor://xunit/VsTestRunner2/netcoreapp","Source":"D:\\Documents\\GitHub\\VetAppointment_.NET\\VetAppointment - APIs + Tests\\VetAppointment - Working\\VetAppointment.Integration.Test\\bin\\Debug\\net7.0\\fine-code-coverage\\build-output\\VetAppointment.Integration.Test.dll","CodeFilePath":null,"LineNumber":0,"Properties":[]},"Attachments":[],"Outcome":1,"ErrorMessage":null,"ErrorStackTrace":null,"DisplayName":"VetAppointment.Integration.Tests.VetClinicsControllerTests.When_UpdateVet_Then_ShouldUpdateVetInClinic","Messages":[],"ComputerName":"IOLAPTOP","Duration":"00:00:00.0988900","StartTime":"2022-12-11T19:47:41.7345169+00:00","EndTime":"2022-12-11T19:47:41.7345171+00:00","Properties":[]},{"TestCase":{"Id":"45aa85eb-6c29-4251-fe14-174758b30a7b","FullyQualifiedName":"VetAppointment.Integration.Tests.VetClinicsControllerTests.When_DeleteClinic_Then_ShouldDeleteClinic","DisplayName":"VetAppointment.Integration.Tests.VetClinicsControllerTests.When_DeleteClinic_Then_ShouldDeleteClinic","ExecutorUri":"executor://xunit/VsTestRunner2/netcoreapp","Source":"D:\\Documents\\GitHub\\VetAppointment_.NET\\VetAppointment - APIs + Tests\\VetAppointment - Working\\VetAppointment.Integration.Test\\bin\\Debug\\net7.0\\fine-code-coverage\\build-output\\VetAppointment.Integration.Test.dll","CodeFilePath":null,"LineNumber":0,"Properties":[]},"Attachments":[],"Outcome":1,"ErrorMessage":null,"ErrorStackTrace":null,"DisplayName":"VetAppointment.Integration.Tests.VetClinicsControllerTests.When_DeleteClinic_Then_ShouldDeleteClinic","Messages":[],"ComputerName":"IOLAPTOP","Duration":"00:00:00.1214854","StartTime":"2022-12-11T19:47:41.8562245+00:00","EndTime":"2022-12-11T19:47:41.8562247+00:00","Properties":[]},{"TestCase":{"Id":"cc9286cb-4d8c-1268-4a97-dae4fc8f5e9c","FullyQualifiedName":"VetAppointment.Integration.Tests.VetClinicsControllerTests.When_RegisterEmptyListOfPetsToClinic_Then_ShouldReturnBadRequestAsync","DisplayName":"VetAppointment.Integration.Tests.VetClinicsControllerTests.When_RegisterEmptyListOfPetsToClinic_Then_ShouldReturnBadRequestAsync","ExecutorUri":"executor://xunit/VsTestRunner2/netcoreapp","Source":"D:\\Documents\\GitHub\\VetAppointment_.NET\\VetAppointment - APIs + Tests\\VetAppointment - Working\\VetAppointment.Integration.Test\\bin\\Debug\\net7.0\\fine-code-coverage\\build-output\\VetAppointment.Integration.Test.dll","CodeFilePath":null,"LineNumber":0,"Properties":[]},"Attachments":[],"Outcome":1,"ErrorMessage":null,"ErrorStackTrace":null,"DisplayName":"VetAppointment.Integration.Tests.VetClinicsControllerTests.When_RegisterEmptyListOfPetsToClinic_Then_ShouldReturnBadRequestAsync","Messages":[],"ComputerName":"IOLAPTOP","Duration":"00:00:00.0839992","StartTime":"2022-12-11T19:47:41.9406836+00:00","EndTime":"2022-12-11T19:47:41.9406838+00:00","Properties":[]},{"TestCase":{"Id":"61d0a139-e129-ee98-2917-b98112bcc029","FullyQualifiedName":"VetAppointment.Integration.Tests.VetClinicsControllerTests.When_DeleteVet_Then_ShouldDeleteVetFromClinic","DisplayName":"VetAppointment.Integration.Tests.VetClinicsControllerTests.When_DeleteVet_Then_ShouldDeleteVetFromClinic","ExecutorUri":"executor://xunit/VsTestRunner2/netcoreapp","Source":"D:\\Documents\\GitHub\\VetAppointment_.NET\\VetAppointment - APIs + Tests\\VetAppointment - Working\\VetAppointment.Integration.Test\\bin\\Debug\\net7.0\\fine-code-coverage\\build-output\\VetAppointment.Integration.Test.dll","CodeFilePath":null,"LineNumber":0,"Properties":[]},"Attachments":[],"Outcome":1,"ErrorMessage":null,"ErrorStackTrace":null,"DisplayName":"VetAppointment.Integration.Tests.VetClinicsControllerTests.When_DeleteVet_Then_ShouldDeleteVetFromClinic","Messages":[],"ComputerName":"IOLAPTOP","Duration":"00:00:00.1143567","StartTime":"2022-12-11T19:47:42.0549376+00:00","EndTime":"2022-12-11T19:47:42.0549383+00:00","Properties":[]},{"TestCase":{"Id":"b52b9102-8849-988e-4f3f-6ab21a88e59b","FullyQualifiedName":"VetAppointment.Integration.Tests.VetClinicsControllerTests.When_RegisterPetsFamilyToClinic_Then_ShouldSavePetsInClinicAsync","DisplayName":"VetAppointment.Integration.Tests.VetClinicsControllerTests.When_RegisterPetsFamilyToClinic_Then_ShouldSavePetsInClinicAsync","ExecutorUri":"executor://xunit/VsTestRunner2/netcoreapp","Source":"D:\\Documents\\GitHub\\VetAppointment_.NET\\VetAppointment - APIs + Tests\\VetAppointment - Working\\VetAppointment.Integration.Test\\bin\\Debug\\net7.0\\fine-code-coverage\\build-output\\VetAppointment.Integration.Test.dll","CodeFilePath":null,"LineNumber":0,"Properties":[]},"Attachments":[],"Outcome":1,"ErrorMessage":null,"ErrorStackTrace":null,"DisplayName":"VetAppointment.Integration.Tests.VetClinicsControllerTests.When_RegisterPetsFamilyToClinic_Then_ShouldSavePetsInClinicAsync","Messages":[],"ComputerName":"IOLAPTOP","Duration":"00:00:00.0774199","StartTime":"2022-12-11T19:47:42.1325161+00:00","EndTime":"2022-12-11T19:47:42.1325163+00:00","Properties":[]}],"TestRunStatistics":{"ExecutedTests":10,"Stats":{"Passed":10}},"ActiveTests":[]},"RunAttachments":[],"ExecutorUris":["executor://xunit/VsTestRunner2/netcoreapp"]}}
TpTrace Verbose: 0 : 23708, 10, 2022/12/11, 21:47:42.160, 1168692268545, vstest.console.dll, TestRequestSender.EndSession: Sending end session.
TpTrace Verbose: 0 : 23708, 10, 2022/12/11, 21:47:42.160, 1168692270041, vstest.console.dll, ProxyOperationManager.Close: waiting for test host to exit for 100 ms
TpTrace Warning: 0 : 23708, 11, 2022/12/11, 21:47:42.247, 1168693141663, vstest.console.dll, TestHostManagerCallbacks.ErrorReceivedCallback Test host standard error line: 
TpTrace Warning: 0 : 23708, 10, 2022/12/11, 21:47:42.273, 1168693401171, vstest.console.dll, ProxyOperationManager: Timed out waiting for test host to exit. Will terminate process.
TpTrace Information: 0 : 23708, 10, 2022/12/11, 21:47:42.273, 1168693403657, vstest.console.dll, SocketServer.Stop: Stop server endPoint: 127.0.0.1:59116
TpTrace Information: 0 : 23708, 10, 2022/12/11, 21:47:42.273, 1168693404090, vstest.console.dll, SocketServer.Stop: Cancellation requested. Stopping message loop.
TpTrace Information: 0 : 23708, 10, 2022/12/11, 21:47:42.273, 1168693405118, vstest.console.dll, Closing the connection
TpTrace Verbose: 0 : 23708, 10, 2022/12/11, 21:47:42.287, 1168693535231, vstest.console.dll, TestHostProvider.ExitCallBack: Host exited starting callback.
TpTrace Information: 0 : 23708, 10, 2022/12/11, 21:47:42.287, 1168693536416, vstest.console.dll, TestHostManagerCallbacks.ExitCallBack: Testhost processId: 25580 exited with exitcode: 0 error: ''
TpTrace Verbose: 0 : 23708, 10, 2022/12/11, 21:47:42.287, 1168693536833, vstest.console.dll, DotnetTestHostManager.OnHostExited: invoking OnHostExited callback
TpTrace Verbose: 0 : 23708, 10, 2022/12/11, 21:47:42.287, 1168693537307, vstest.console.dll, CrossPlatEngine.TestHostManagerHostExited: calling on client process exit callback.
TpTrace Information: 0 : 23708, 10, 2022/12/11, 21:47:42.287, 1168693537748, vstest.console.dll, TestRequestSender.OnClientProcessExit: Test host process exited. Standard error: 
TpTrace Information: 0 : 23708, 10, 2022/12/11, 21:47:42.287, 1168693538662, vstest.console.dll, SocketServer.Stop: Stop server endPoint: 127.0.0.1:59116
TpTrace Information: 0 : 23708, 10, 2022/12/11, 21:47:42.287, 1168693538994, vstest.console.dll, SocketServer.Stop: Cancellation requested. Stopping message loop.
TpTrace Verbose: 0 : 23708, 10, 2022/12/11, 21:47:42.287, 1168693539309, vstest.console.dll, MulticastDelegateUtilities.SafeInvoke: HostProviderEvents.OnHostExited: Invoking callback 1/1 for Microsoft.VisualStudio.TestPlatform.CrossPlatEngine.Client.ProxyOperationManager., took 0 ms.
TpTrace Verbose: 0 : 23708, 10, 2022/12/11, 21:47:42.287, 1168693544528, vstest.console.dll, ProxyDataCollectionManager.InvokeDataCollectionServiceAction: Starting.
TpTrace Information: 0 : 23708, 10, 2022/12/11, 21:47:42.288, 1168693545288, vstest.console.dll, ProxyDataCollectionManager.AfterTestRunEnd: Get attachment set and invoked data collectors processId: 27240 port: 59113
TpTrace Verbose: 0 : 23708, 10, 2022/12/11, 21:47:42.288, 1168693545842, vstest.console.dll, DataCollectionRequestSender.SendAfterTestRunStartAndGetResult: Send AfterTestRunEnd message with isCancelled: False
TpTrace Verbose: 0 : 23708, 10, 2022/12/11, 21:47:42.296, 1168693627581, vstest.console.dll, DataCollectionRequestSender.SendAfterTestRunStartAndGetResult: Received message: (DataCollection.AfterTestRunEndResult) -> {"MessageType":"DataCollection.AfterTestRunEndResult","Payload":{"AttachmentSets":[],"InvokedDataCollectors":[{"Uri":"datacollector://Microsoft/TestPlatform/Extensions/Blame/v1","FriendlyName":"Blame","AssemblyQualifiedName":"Microsoft.TestPlatform.Extensions.BlameDataCollector.BlameCollector, Microsoft.TestPlatform.Extensions.BlameDataCollector, Version=15.0.0.0, Culture=neutral, PublicKeyToken=b03f5f7f11d50a3a","FilePath":"C:\\Program Files\\dotnet\\sdk\\7.0.100\\Extensions\\Microsoft.TestPlatform.Extensions.BlameDataCollector.dll","HasAttachmentProcessor":false}],"Metrics":{}}}
TpTrace Information: 0 : 23708, 10, 2022/12/11, 21:47:42.302, 1168693687793, vstest.console.dll, ProxyDataCollectionManager.InvokeDataCollectionServiceAction: Completed.
TpTrace Warning: 0 : 23708, 8, 2022/12/11, 21:47:42.309, 1168693760960, vstest.console.dll, DataCollectionLauncher.ErrorReceivedCallback datacollector standard error line: 
TpTrace Information: 0 : 23708, 8, 2022/12/11, 21:47:42.323, 1168693896288, vstest.console.dll, DataCollectionLauncher.ExitCallBack: Data collector exited with exitcode: 0 error: ''
TpTrace Verbose: 0 : 23708, 10, 2022/12/11, 21:47:42.351, 1168694182433, vstest.console.dll, TestRunRequest:SendTestRunStatsChange: Starting.
TpTrace Verbose: 0 : 23708, 10, 2022/12/11, 21:47:42.351, 1168694184829, vstest.console.dll, MulticastDelegateUtilities.SafeInvoke: TestRun.RunStatsChanged: Invoking callbacks was skipped because there are no subscribers.
TpTrace Information: 0 : 23708, 10, 2022/12/11, 21:47:42.352, 1168694185421, vstest.console.dll, TestRunRequest:SendTestRunStatsChange: Completed.
TpTrace Verbose: 0 : 23708, 4, 2022/12/11, 21:47:42.352, 1168694186055, vstest.console.dll, MulticastDelegateUtilities.SafeInvoke: InternalTestLoggerEvents.SendTestResult: Invoking callback 1/1 for Microsoft.VisualStudio.TestPlatform.CommandLine.Internal.ConsoleLogger., took 0 ms.
TpTrace Verbose: 0 : 23708, 4, 2022/12/11, 21:47:42.352, 1168694186918, vstest.console.dll, MulticastDelegateUtilities.SafeInvoke: InternalTestLoggerEvents.SendTestResult: Invoking callback 1/1 for Microsoft.VisualStudio.TestPlatform.CommandLine.Internal.ConsoleLogger., took 0 ms.
TpTrace Verbose: 0 : 23708, 4, 2022/12/11, 21:47:42.352, 1168694187397, vstest.console.dll, MulticastDelegateUtilities.SafeInvoke: InternalTestLoggerEvents.SendTestResult: Invoking callback 1/1 for Microsoft.VisualStudio.TestPlatform.CommandLine.Internal.ConsoleLogger., took 0 ms.
TpTrace Verbose: 0 : 23708, 4, 2022/12/11, 21:47:42.352, 1168694187911, vstest.console.dll, MulticastDelegateUtilities.SafeInvoke: InternalTestLoggerEvents.SendTestResult: Invoking callback 1/1 for Microsoft.VisualStudio.TestPlatform.CommandLine.Internal.ConsoleLogger., took 0 ms.
TpTrace Verbose: 0 : 23708, 4, 2022/12/11, 21:47:42.352, 1168694188370, vstest.console.dll, MulticastDelegateUtilities.SafeInvoke: InternalTestLoggerEvents.SendTestResult: Invoking callback 1/1 for Microsoft.VisualStudio.TestPlatform.CommandLine.Internal.ConsoleLogger., took 0 ms.
TpTrace Verbose: 0 : 23708, 4, 2022/12/11, 21:47:42.352, 1168694188862, vstest.console.dll, MulticastDelegateUtilities.SafeInvoke: InternalTestLoggerEvents.SendTestResult: Invoking callback 1/1 for Microsoft.VisualStudio.TestPlatform.CommandLine.Internal.ConsoleLogger., took 0 ms.
TpTrace Verbose: 0 : 23708, 4, 2022/12/11, 21:47:42.352, 1168694189337, vstest.console.dll, MulticastDelegateUtilities.SafeInvoke: InternalTestLoggerEvents.SendTestResult: Invoking callback 1/1 for Microsoft.VisualStudio.TestPlatform.CommandLine.Internal.ConsoleLogger., took 0 ms.
TpTrace Verbose: 0 : 23708, 4, 2022/12/11, 21:47:42.352, 1168694189774, vstest.console.dll, MulticastDelegateUtilities.SafeInvoke: InternalTestLoggerEvents.SendTestResult: Invoking callback 1/1 for Microsoft.VisualStudio.TestPlatform.CommandLine.Internal.ConsoleLogger., took 0 ms.
TpTrace Verbose: 0 : 23708, 10, 2022/12/11, 21:47:42.352, 1168694190382, vstest.console.dll, ParallelProxyExecutionManager: HandlePartialRunComplete: Total completed clients = 1, Run complete = True, Run canceled: False.
TpTrace Verbose: 0 : 23708, 4, 2022/12/11, 21:47:42.364, 1168694306179, vstest.console.dll, MulticastDelegateUtilities.SafeInvoke: InternalTestLoggerEvents.SendTestRunComplete: Invoking callback 1/2 for Microsoft.TestPlatform.Extensions.BlameDataCollector.BlameLogger., took 0 ms.
TpTrace Verbose: 0 : 23708, 4, 2022/12/11, 21:47:42.371, 1168694380381, vstest.console.dll, MulticastDelegateUtilities.SafeInvoke: InternalTestLoggerEvents.SendTestRunComplete: Invoking callback 2/2 for Microsoft.VisualStudio.TestPlatform.CommandLine.Internal.ConsoleLogger., took 7 ms.
TpTrace Verbose: 0 : 23708, 10, 2022/12/11, 21:47:42.371, 1168694384964, vstest.console.dll, TestRunRequest:TestRunComplete: Starting. IsAborted:False IsCanceled:False.
TpTrace Verbose: 0 : 23708, 10, 2022/12/11, 21:47:42.373, 1168694400158, vstest.console.dll, TestLoggerManager.HandleTestRunComplete: Ignoring as the object is disposed.
TpTrace Verbose: 0 : 23708, 10, 2022/12/11, 21:47:42.373, 1168694404038, vstest.console.dll, MulticastDelegateUtilities.SafeInvoke: TestRun.TestRunComplete: Invoking callback 1/2 for Microsoft.VisualStudio.TestPlatform.CommandLine.TestRunResultAggregator., took 0 ms.
TpTrace Verbose: 0 : 23708, 10, 2022/12/11, 21:47:42.374, 1168694405850, vstest.console.dll, MulticastDelegateUtilities.SafeInvoke: TestRun.TestRunComplete: Invoking callback 2/2 for Microsoft.VisualStudio.TestPlatform.CommandLine.Processors.RunTestsArgumentExecutor+TestRunRequestEventsRegistrar., took 0 ms.
TpTrace Information: 0 : 23708, 10, 2022/12/11, 21:47:42.374, 1168694406971, vstest.console.dll, TestRunRequest:TestRunComplete: Completed.
TpTrace Verbose: 0 : 23708, 10, 2022/12/11, 21:47:42.374, 1168694407454, vstest.console.dll, TestRequestSender.SetOperationComplete: Setting operation complete.
TpTrace Verbose: 0 : 23708, 1, 2022/12/11, 21:47:42.374, 1168694407497, vstest.console.dll, TestRunRequest.Dispose: Starting.
TpTrace Information: 0 : 23708, 10, 2022/12/11, 21:47:42.374, 1168694407808, vstest.console.dll, SocketServer.Stop: Stop server endPoint: 127.0.0.1:59116
TpTrace Information: 0 : 23708, 1, 2022/12/11, 21:47:42.374, 1168694408486, vstest.console.dll, TestRunRequest.Dispose: Completed.
TpTrace Information: 0 : 23708, 10, 2022/12/11, 21:47:42.374, 1168694408826, vstest.console.dll, SocketServer.Stop: Cancellation requested. Stopping message loop.
TpTrace Information: 0 : 23708, 1, 2022/12/11, 21:47:42.374, 1168694409447, vstest.console.dll, TestRequestManager.RunTests: run tests completed.
TpTrace Verbose: 0 : 23708, 10, 2022/12/11, 21:47:42.374, 1168694409842, vstest.console.dll, MulticastDelegateUtilities.SafeInvoke: LengthPrefixCommunicationChannel: MessageReceived: Invoking callback 1/1 for Microsoft.VisualStudio.TestPlatform.CommunicationUtilities.TestRequestSender+<>c__DisplayClass31_0., took 214 ms.
TpTrace Information: 0 : 23708, 10, 2022/12/11, 21:47:42.374, 1168694410793, vstest.console.dll, SocketServer.PrivateStop: Stopping server endPoint: 127.0.0.1:59116 error: 
TpTrace Information: 0 : 23708, 1, 2022/12/11, 21:47:42.374, 1168694411147, vstest.console.dll, RunTestsArgumentProcessor:Execute: Test run is completed.
TpTrace Verbose: 0 : 23708, 1, 2022/12/11, 21:47:42.374, 1168694414471, vstest.console.dll, Executor.Execute: Exiting with exit code of 0
TpTrace Verbose: 0 : 23708, 10, 2022/12/11, 21:47:42.375, 1168694418043, vstest.console.dll, LengthPrefixCommunicationChannel.Dispose: Dispose reader and writer.
TpTrace Information: 0 : 23708, 10, 2022/12/11, 21:47:42.375, 1168694418934, vstest.console.dll, SocketServer.Stop: Raise disconnected event endPoint: 127.0.0.1:59116 error: 
